\BOOKMARK [1][-]{section.1}{\376\377\000I\000n\000t\000r\000o\000d\000u\000c\000t\000i\000o\000n}{}% 1
\BOOKMARK [2][-]{subsection.1.1}{\376\377\000F\000o\000r\000m\000u\000l\000a\000\040\000S\000h\000e\000e\000t\000s\000\040\000a\000s\000\040\000O\000p\000e\000r\000a\000t\000o\000r\000\040\000A\000t\000l\000a\000s\000e\000s}{section.1}% 2
\BOOKMARK [2][-]{subsection.1.2}{\376\377\000T\000h\000e\000\040\000H\000i\000d\000d\000e\000n\000\040\000A\000s\000s\000u\000m\000p\000t\000i\000o\000n\000:\000\040\000L\000o\000c\000a\000l\000i\000t\000y}{section.1}% 3
\BOOKMARK [2][-]{subsection.1.3}{\376\377\000T\000h\000e\000\040\000R\000e\000s\000o\000l\000u\000t\000i\000o\000n\000:\000\040\000K\000e\000r\000n\000e\000l\000\040\000O\000p\000e\000r\000a\000t\000o\000r\000s\000\040\000o\000n\000\040\000T\000r\000a\000j\000e\000c\000t\000o\000r\000i\000e\000s}{section.1}% 4
\BOOKMARK [2][-]{subsection.1.4}{\376\377\000T\000h\000e\000\040\000C\000o\000r\000e\000\040\000T\000h\000e\000s\000i\000s}{section.1}% 5
\BOOKMARK [2][-]{subsection.1.5}{\376\377\000O\000r\000g\000a\000n\000i\000z\000a\000t\000i\000o\000n}{section.1}% 6
\BOOKMARK [1][-]{section.2}{\376\377\000M\000a\000t\000h\000e\000m\000a\000t\000i\000c\000a\000l\000\040\000P\000r\000e\000l\000i\000m\000i\000n\000a\000r\000i\000e\000s}{}% 7
\BOOKMARK [2][-]{subsection.2.1}{\376\377\000P\000a\000t\000h\000\040\000S\000p\000a\000c\000e}{section.2}% 8
\BOOKMARK [2][-]{subsection.2.2}{\376\377\000K\000e\000r\000n\000e\000l\000s}{section.2}% 9
\BOOKMARK [2][-]{subsection.2.3}{\376\377\000K\000e\000r\000n\000e\000l\000\040\000C\000o\000n\000v\000o\000l\000u\000t\000i\000o\000n}{section.2}% 10
\BOOKMARK [2][-]{subsection.2.4}{\376\377\000T\000h\000e\000\040\000T\000r\000a\000j\000e\000c\000t\000o\000r\000y\000\040\000O\000p\000e\000r\000a\000t\000o\000r}{section.2}% 11
\BOOKMARK [2][-]{subsection.2.5}{\376\377\000V\000o\000l\000t\000e\000r\000r\000a\000\040\000E\000q\000u\000a\000t\000i\000o\000n\000s\000\040\000a\000n\000d\000\040\000t\000h\000e\000\040\000R\000e\000s\000o\000l\000v\000e\000n\000t}{section.2}% 12
\BOOKMARK [1][-]{section.3}{\376\377\000V\000a\000r\000i\000a\000t\000i\000o\000n\000a\000l\000\040\000O\000r\000i\000g\000i\000n\000\040\000o\000f\000\040\000K\000e\000r\000n\000e\000l\000\040\000O\000p\000e\000r\000a\000t\000o\000r\000s}{}% 13
\BOOKMARK [2][-]{subsection.3.1}{\376\377\000F\000r\000o\000m\000\040\000L\000o\000c\000a\000l\000\040\000A\000c\000t\000i\000o\000n\000\040\000t\000o\000\040\000P\000a\000t\000h\000\040\000F\000u\000n\000c\000t\000i\000o\000n\000a\000l\000s}{section.3}% 14
\BOOKMARK [2][-]{subsection.3.2}{\376\377\000F\000i\000r\000s\000t\000\040\000V\000a\000r\000i\000a\000t\000i\000o\000n}{section.3}% 15
\BOOKMARK [2][-]{subsection.3.3}{\376\377\000E\000u\000l\000e\000r\040\023\000L\000a\000g\000r\000a\000n\000g\000e\000\040\000E\000q\000u\000a\000t\000i\000o\000n\000\040\000o\000n\000\040\000P\000a\000t\000h\000\040\000S\000p\000a\000c\000e}{section.3}% 16
\BOOKMARK [2][-]{subsection.3.4}{\376\377\000C\000a\000u\000s\000a\000l\000\040\000R\000e\000d\000u\000c\000t\000i\000o\000n\000\040\000t\000o\000\040\000t\000h\000e\000\040\000T\000r\000a\000j\000e\000c\000t\000o\000r\000y\000\040\000O\000p\000e\000r\000a\000t\000o\000r}{section.3}% 17
\BOOKMARK [2][-]{subsection.3.5}{\376\377\000C\000o\000n\000s\000e\000q\000u\000e\000n\000c\000e\000s}{section.3}% 18
\BOOKMARK [1][-]{section.4}{\376\377\000K\000e\000r\000n\000e\000l\000\040\000O\000p\000e\000r\000a\000t\000o\000r\000s\000\040\000a\000n\000d\000\040\000t\000h\000e\000\040\000S\000e\000m\000i\000g\000r\000o\000u\000p\000\040\000S\000t\000r\000u\000c\000t\000u\000r\000e}{}% 19
\BOOKMARK [2][-]{subsection.4.1}{\376\377\000T\000h\000e\000\040\000M\000o\000n\000o\000i\000d\000\040\000o\000f\000\040\000K\000e\000r\000n\000e\000l\000s}{section.4}% 20
\BOOKMARK [2][-]{subsection.4.2}{\376\377\000F\000r\000a\000c\000t\000i\000o\000n\000a\000l\000\040\000K\000e\000r\000n\000e\000l\000s}{section.4}% 21
\BOOKMARK [2][-]{subsection.4.3}{\376\377\000T\000h\000e\000\040\000S\000e\000m\000i\000g\000r\000o\000u\000p\000\040\000L\000a\000w}{section.4}% 22
\BOOKMARK [2][-]{subsection.4.4}{\376\377\000T\000h\000e\000\040\000G\000e\000n\000e\000r\000a\000t\000o\000r}{section.4}% 23
\BOOKMARK [1][-]{section.5}{\376\377\000F\000r\000a\000c\000t\000i\000o\000n\000a\000l\000\040\000C\000a\000l\000c\000u\000l\000u\000s\000\040\000a\000s\000\040\000O\000p\000e\000r\000a\000t\000o\000r\000\040\000I\000n\000t\000e\000r\000p\000o\000l\000a\000t\000i\000o\000n}{}% 24
\BOOKMARK [2][-]{subsection.5.1}{\376\377\000I\000n\000t\000e\000g\000r\000a\000t\000i\000o\000n\000\040\000a\000n\000d\000\040\000D\000i\000f\000f\000e\000r\000e\000n\000t\000i\000a\000t\000i\000o\000n\000\040\000a\000s\000\040\000K\000e\000r\000n\000e\000l\000\040\000O\000p\000e\000r\000a\000t\000o\000r\000s}{section.5}% 25
\BOOKMARK [3][-]{subsubsection.5.1.1}{\376\377\000I\000n\000t\000e\000g\000r\000a\000t\000i\000o\000n}{subsection.5.1}% 26
\BOOKMARK [3][-]{subsubsection.5.1.2}{\376\377\000D\000i\000f\000f\000e\000r\000e\000n\000t\000i\000a\000t\000i\000o\000n}{subsection.5.1}% 27
\BOOKMARK [2][-]{subsection.5.2}{\376\377\000F\000r\000a\000c\000t\000i\000o\000n\000a\000l\000\040\000O\000p\000e\000r\000a\000t\000o\000r\000s\000\040\000a\000s\000\040\000K\000e\000r\000n\000e\000l\000\040\000O\000p\000e\000r\000a\000t\000o\000r\000s}{section.5}% 28
\BOOKMARK [2][-]{subsection.5.3}{\376\377\000T\000h\000e\000\040\000O\000p\000e\000r\000a\000t\000o\000r\000\040\000I\000n\000t\000e\000r\000p\000o\000l\000a\000t\000i\000o\000n\000\040\000T\000a\000b\000l\000e}{section.5}% 29
\BOOKMARK [2][-]{subsection.5.4}{\376\377\000T\000h\000e\000\040\000L\000o\000s\000s\000\040\000o\000f\000\040\000M\000a\000r\000k\000o\000v\000\040\000S\000t\000r\000u\000c\000t\000u\000r\000e}{section.5}% 30
\BOOKMARK [2][-]{subsection.5.5}{\376\377\000F\000r\000a\000c\000t\000i\000o\000n\000a\000l\000\040\000D\000i\000f\000f\000u\000s\000i\000o\000n\000\040\000a\000s\000\040\000a\000\040\000W\000o\000r\000k\000e\000d\000\040\000E\000x\000a\000m\000p\000l\000e}{section.5}% 31
\BOOKMARK [3][-]{subsubsection.5.5.1}{\376\377\000C\000l\000a\000s\000s\000i\000c\000a\000l\000\040\000d\000i\000f\000f\000u\000s\000i\000o\000n}{subsection.5.5}% 32
\BOOKMARK [3][-]{subsubsection.5.5.2}{\376\377\000F\000r\000a\000c\000t\000i\000o\000n\000a\000l\000\040\000d\000i\000f\000f\000u\000s\000i\000o\000n}{subsection.5.5}% 33
\BOOKMARK [3][-]{subsubsection.5.5.3}{\376\377\000A\000n\000o\000m\000a\000l\000o\000u\000s\000\040\000s\000c\000a\000l\000i\000n\000g}{subsection.5.5}% 34
\BOOKMARK [1][-]{section.6}{\376\377\000T\000h\000e\000\040\000C\000a\000t\000e\000g\000o\000r\000y\000\040\000o\000f\000\040\000K\000e\000r\000n\000e\000l\000\040\000O\000p\000e\000r\000a\000t\000o\000r\000s}{}% 35
\BOOKMARK [2][-]{subsection.6.1}{\376\377\000W\000h\000y\000\040\000C\000a\000t\000e\000g\000o\000r\000i\000c\000a\000l\000\040\000L\000a\000n\000g\000u\000a\000g\000e}{section.6}% 36
\BOOKMARK [2][-]{subsection.6.2}{\376\377\000T\000h\000e\000\040\000C\000a\000t\000e\000g\000o\000r\000y\000\040\000K\000O\000p}{section.6}% 37
\BOOKMARK [2][-]{subsection.6.3}{\376\377\000T\000h\000e\000\040\000S\000e\000m\000i\000g\000r\000o\000u\000p\000\040\000a\000s\000\040\000a\000\040\000F\000u\000n\000c\000t\000o\000r}{section.6}% 38
\BOOKMARK [2][-]{subsection.6.4}{\376\377\000N\000a\000t\000u\000r\000a\000l\000\040\000T\000r\000a\000n\000s\000f\000o\000r\000m\000a\000t\000i\000o\000n\000s\000\040\000a\000s\000\040\000K\000e\000r\000n\000e\000l\000\040\000C\000h\000a\000n\000g\000e\000s}{section.6}% 39
\BOOKMARK [2][-]{subsection.6.5}{\376\377\000T\000h\000e\000\040\000L\000i\000n\000e\000a\000r\000\040\000S\000u\000b\000c\000a\000t\000e\000g\000o\000r\000y\000\040\000K\000e\000r}{section.6}% 40
\BOOKMARK [2][-]{subsection.6.6}{\376\377\000L\000i\000m\000i\000t\000s\000\040\000a\000s\000\040\000G\000l\000o\000b\000a\000l\000\040\000C\000o\000n\000s\000i\000s\000t\000e\000n\000c\000y}{section.6}% 41
\BOOKMARK [1][-]{section.7}{\376\377\000R\000S\000V\000P\000\040\000F\000i\000e\000l\000d\000\040\000T\000h\000e\000o\000r\000y}{}% 42
\BOOKMARK [2][-]{subsection.7.1}{\376\377\000T\000h\000e\000\040\000S\000t\000a\000n\000d\000a\000r\000d\000\040\000R\000S\000V\000P\000\040\000S\000y\000s\000t\000e\000m}{section.7}% 43
\BOOKMARK [2][-]{subsection.7.2}{\376\377\000K\000e\000r\000n\000e\000l\000-\000W\000e\000i\000g\000h\000t\000e\000d\000\040\000R\000S\000V\000P}{section.7}% 44
\BOOKMARK [2][-]{subsection.7.3}{\376\377\000P\000h\000y\000s\000i\000c\000a\000l\000\040\000I\000n\000t\000e\000r\000p\000r\000e\000t\000a\000t\000i\000o\000n}{section.7}% 45
\BOOKMARK [2][-]{subsection.7.4}{\376\377\000W\000e\000l\000l\000-\000P\000o\000s\000e\000d\000n\000e\000s\000s}{section.7}% 46
\BOOKMARK [2][-]{subsection.7.5}{\376\377\000E\000n\000t\000r\000o\000p\000y\000\040\000G\000r\000o\000w\000t\000h\000\040\000B\000o\000u\000n\000d}{section.7}% 47
\BOOKMARK [2][-]{subsection.7.6}{\376\377\000T\000h\000e\000\040\000R\000S\000V\000P\000\040\000S\000c\000a\000l\000a\000r\000\040\000F\000i\000e\000l\000d\000\040\000a\000s\000\040\000a\000\040\000F\000i\000x\000e\000d\000\040\000P\000o\000i\000n\000t}{section.7}% 48
\BOOKMARK [2][-]{subsection.7.7}{\376\377\000S\000t\000r\000u\000c\000t\000u\000r\000a\000l\000\040\000R\000o\000l\000e\000\040\000o\000f\000\040\000t\000h\000e\000\040\000T\000h\000r\000e\000e\000\040\000F\000i\000e\000l\000d\000s}{section.7}% 49
\BOOKMARK [1][-]{section.8}{\376\377\000Y\000a\000r\000n\000c\000r\000a\000w\000l\000e\000r\000\040\000a\000n\000d\000\040\000t\000h\000e\000\040\000S\000h\000e\000a\000f\000-\000V\000a\000r\000i\000a\000t\000i\000o\000n\000a\000l\000\040\000E\000q\000u\000i\000v\000a\000l\000e\000n\000c\000e}{}% 50
\BOOKMARK [2][-]{subsection.8.1}{\376\377\000T\000h\000e\000\040\000R\000e\000c\000o\000n\000s\000t\000r\000u\000c\000t\000i\000o\000n\000\040\000P\000r\000o\000b\000l\000e\000m}{section.8}% 51
\BOOKMARK [2][-]{subsection.8.2}{\376\377\000S\000h\000e\000a\000v\000e\000s\000\040\000o\000f\000\040\000T\000r\000a\000j\000e\000c\000t\000o\000r\000i\000e\000s}{section.8}% 52
\BOOKMARK [2][-]{subsection.8.3}{\376\377\000T\000h\000e\000\040\000I\000d\000e\000n\000t\000i\000f\000i\000a\000b\000i\000l\000i\000t\000y\000\040\000T\000h\000e\000o\000r\000e\000m}{section.8}% 53
\BOOKMARK [2][-]{subsection.8.4}{\376\377\000T\000h\000e\000\040\000C\000o\000n\000s\000i\000s\000t\000e\000n\000c\000y\000\040\000F\000u\000n\000c\000t\000i\000o\000n\000a\000l}{section.8}% 54
\BOOKMARK [2][-]{subsection.8.5}{\376\377\000T\000h\000e\000\040\000Y\000a\000r\000n\000c\000r\000a\000w\000l\000e\000r\000\040\000R\000e\000c\000o\000n\000s\000t\000r\000u\000c\000t\000i\000o\000n\000\040\000K\000e\000r\000n\000e\000l}{section.8}% 55
\BOOKMARK [1][-]{section.9}{\376\377\000S\000p\000h\000e\000r\000e\000p\000o\000p\000:\000\040\000T\000h\000e\000\040\000I\000r\000r\000e\000v\000e\000r\000s\000i\000b\000l\000e\000\040\000E\000v\000e\000n\000t\000\040\000C\000a\000l\000c\000u\000l\000u\000s}{}% 56
\BOOKMARK [2][-]{subsection.9.1}{\376\377\000E\000v\000e\000n\000t\000s\000\040\000a\000s\000\040\000T\000r\000a\000j\000e\000c\000t\000o\000r\000y\000\040\000O\000p\000e\000r\000a\000t\000o\000r\000s}{section.9}% 57
\BOOKMARK [2][-]{subsection.9.2}{\376\377\000S\000y\000m\000m\000e\000t\000r\000i\000c\000\040\000M\000o\000n\000o\000i\000d\000a\000l\000\040\000S\000t\000r\000u\000c\000t\000u\000r\000e}{section.9}% 58
\BOOKMARK [2][-]{subsection.9.3}{\376\377\000T\000r\000a\000c\000e\000\040\000a\000n\000d\000\040\000I\000r\000r\000e\000v\000e\000r\000s\000i\000b\000i\000l\000i\000t\000y}{section.9}% 59
\BOOKMARK [2][-]{subsection.9.4}{\376\377\000D\000i\000s\000c\000r\000e\000t\000e\000\040\000E\000v\000e\000n\000t\000\040\000S\000e\000q\000u\000e\000n\000c\000e\000s\000\040\000a\000n\000d\000\040\000T\000o\000t\000a\000l\000\040\000K\000e\000r\000n\000e\000l\000\040\000A\000c\000c\000u\000m\000u\000l\000a\000t\000i\000o\000n}{section.9}% 60
\BOOKMARK [1][-]{section.10}{\376\377\000K\000E\000S\000:\000\040\000K\000i\000n\000e\000t\000i\000c\000-\000E\000v\000e\000n\000t\000\040\000S\000y\000n\000t\000h\000e\000s\000i\000s}{}% 61
\BOOKMARK [2][-]{subsection.10.1}{\376\377\000E\000v\000e\000n\000t\000s\000\040\000f\000r\000o\000m\000\040\000T\000r\000a\000j\000e\000c\000t\000o\000r\000i\000e\000s}{section.10}% 62
\BOOKMARK [2][-]{subsection.10.2}{\376\377\000T\000h\000r\000e\000s\000h\000o\000l\000d\000\040\000C\000r\000o\000s\000s\000i\000n\000g\000s\000\040\000a\000s\000\040\000E\000v\000e\000n\000t\000s}{section.10}% 63
\BOOKMARK [2][-]{subsection.10.3}{\376\377\000K\000e\000r\000n\000e\000l\000\040\000C\000o\000m\000p\000o\000s\000i\000t\000i\000o\000n\000\040\000L\000a\000w}{section.10}% 64
\BOOKMARK [2][-]{subsection.10.4}{\376\377\000N\000o\000n\000l\000i\000n\000e\000a\000r\000\040\000S\000y\000n\000t\000h\000e\000s\000i\000s}{section.10}% 65
\BOOKMARK [1][-]{section.11}{\376\377\000T\000A\000R\000T\000A\000N\000:\000\040\000R\000e\000c\000u\000r\000s\000i\000v\000e\000\040\000T\000i\000l\000i\000n\000g\000,\000\040\000I\000s\000i\000n\000g\000\040\000S\000y\000n\000c\000h\000r\000o\000n\000i\000z\000a\000t\000i\000o\000n\000,\000\040\000a\000n\000d\000Q\000u\000a\000n\000t\000u\000m\000\040\000D\000y\000n\000a\000m\000i\000c\000s}{}% 66
\BOOKMARK [2][-]{subsection.11.1}{\376\377\000O\000v\000e\000r\000v\000i\000e\000w}{section.11}% 67
\BOOKMARK [2][-]{subsection.11.2}{\376\377\000L\000o\000c\000a\000l\000\040\000C\000o\000n\000f\000i\000g\000u\000r\000a\000t\000i\000o\000n\000\040\000T\000i\000l\000e\000s}{section.11}% 68
\BOOKMARK [2][-]{subsection.11.3}{\376\377\000P\000h\000a\000s\000e\000-\000L\000i\000f\000t\000e\000d\000\040\000T\000A\000R\000T\000A\000N\000\040\000V\000a\000r\000i\000a\000b\000l\000e\000s}{section.11}% 69
\BOOKMARK [2][-]{subsection.11.4}{\376\377\000I\000s\000i\000n\000g\000\040\000S\000y\000n\000c\000h\000r\000o\000n\000i\000z\000a\000t\000i\000o\000n}{section.11}% 70
\BOOKMARK [2][-]{subsection.11.5}{\376\377\000S\000y\000n\000c\000h\000r\000o\000n\000i\000z\000e\000d\000\040\000U\000n\000i\000s\000t\000o\000c\000h\000a\000s\000t\000i\000c\000\040\000L\000a\000w}{section.11}% 71
\BOOKMARK [2][-]{subsection.11.6}{\376\377\000C\000o\000n\000s\000t\000r\000a\000i\000n\000t\000\040\000C\000l\000o\000s\000u\000r\000e\000\040\000i\000n\000\040\000t\000h\000e\000\040\000T\000A\000R\000T\000A\000N\000\040\000L\000a\000y\000e\000r}{section.11}% 72
\BOOKMARK [1][-]{section.12}{\376\377\000R\000e\000l\000a\000t\000i\000v\000i\000t\000y\000\040\000f\000r\000o\000m\000\040\000a\000\040\000P\000y\000t\000h\000a\000g\000o\000r\000e\000a\000n\000\040\000I\000n\000v\000a\000r\000i\000a\000n\000t}{}% 73
\BOOKMARK [2][-]{subsection.12.1}{\376\377\000T\000h\000e\000\040\000E\000u\000c\000l\000i\000d\000e\000a\000n\000\040\000P\000r\000o\000t\000o\000t\000y\000p\000e}{section.12}% 74
\BOOKMARK [2][-]{subsection.12.2}{\376\377\000T\000h\000e\000\040\000S\000p\000a\000c\000e\000t\000i\000m\000e\000\040\000Q\000u\000a\000d\000r\000a\000t\000i\000c\000\040\000F\000o\000r\000m}{section.12}% 75
\BOOKMARK [2][-]{subsection.12.3}{\376\377\000I\000n\000v\000a\000r\000i\000a\000n\000t\000-\000P\000r\000e\000s\000e\000r\000v\000i\000n\000g\000\040\000T\000r\000a\000n\000s\000f\000o\000r\000m\000a\000t\000i\000o\000n\000s}{section.12}% 76
\BOOKMARK [2][-]{subsection.12.4}{\376\377\000L\000e\000n\000g\000t\000h\000\040\000C\000o\000n\000t\000r\000a\000c\000t\000i\000o\000n\000\040\000a\000s\000\040\000P\000r\000o\000j\000e\000c\000t\000i\000o\000n}{section.12}% 77
\BOOKMARK [2][-]{subsection.12.5}{\376\377\000C\000o\000n\000n\000e\000c\000t\000i\000o\000n\000\040\000t\000o\000\040\000t\000h\000e\000\040\000O\000p\000e\000r\000a\000t\000o\000r\000\040\000F\000r\000a\000m\000e\000w\000o\000r\000k}{section.12}% 78
\BOOKMARK [1][-]{section.13}{\376\377\000L\000o\000r\000e\000n\000t\000z\000\040\000S\000y\000m\000m\000e\000t\000r\000y\000\040\000o\000n\000\040\000T\000r\000a\000j\000e\000c\000t\000o\000r\000y\000\040\000S\000p\000a\000c\000e}{}% 79
\BOOKMARK [2][-]{subsection.13.1}{\376\377\000T\000r\000a\000j\000e\000c\000t\000o\000r\000i\000e\000s\000\040\000i\000n\000\040\000S\000p\000a\000c\000e\000t\000i\000m\000e}{section.13}% 80
\BOOKMARK [2][-]{subsection.13.2}{\376\377\000L\000o\000r\000e\000n\000t\000z\000\040\000C\000o\000m\000p\000a\000t\000i\000b\000i\000l\000i\000t\000y\000\040\000o\000f\000\040\000K\000e\000r\000n\000e\000l\000\040\000O\000p\000e\000r\000a\000t\000o\000r\000s}{section.13}% 81
\BOOKMARK [2][-]{subsection.13.3}{\376\377\000R\000e\000l\000a\000t\000i\000v\000i\000s\000t\000i\000c\000\040\000K\000e\000r\000n\000e\000l\000\040\000E\000v\000o\000l\000u\000t\000i\000o\000n}{section.13}% 82
\BOOKMARK [2][-]{subsection.13.4}{\376\377\000L\000e\000n\000g\000t\000h\000\040\000C\000o\000n\000t\000r\000a\000c\000t\000i\000o\000n\000\040\000a\000s\000\040\000T\000r\000a\000j\000e\000c\000t\000o\000r\000y\000\040\000P\000r\000o\000j\000e\000c\000t\000i\000o\000n}{section.13}% 83
\BOOKMARK [2][-]{subsection.13.5}{\376\377\000I\000n\000t\000e\000r\000p\000r\000e\000t\000a\000t\000i\000o\000n}{section.13}% 84
\BOOKMARK [1][-]{section.14}{\376\377\000C\000o\000n\000s\000t\000r\000a\000i\000n\000t\000\040\000C\000l\000o\000s\000u\000r\000e\000\040\000a\000n\000d\000\040\000t\000h\000e\000\040\000T\000r\000a\000j\000e\000c\000t\000o\000r\000y\000-\000F\000i\000r\000s\000t\000\040\000T\000h\000e\000o\000r\000y}{}% 85
\BOOKMARK [2][-]{subsection.14.1}{\376\377\000T\000r\000a\000j\000e\000c\000t\000o\000r\000i\000e\000s\000\040\000a\000s\000\040\000P\000r\000i\000m\000a\000r\000y\000\040\000O\000b\000j\000e\000c\000t\000s}{section.14}% 86
\BOOKMARK [2][-]{subsection.14.2}{\376\377\000C\000o\000n\000s\000t\000r\000a\000i\000n\000t\000\040\000O\000p\000e\000r\000a\000t\000o\000r\000s}{section.14}% 87
\BOOKMARK [2][-]{subsection.14.3}{\376\377\000T\000h\000e\000\040\000C\000o\000n\000s\000t\000r\000a\000i\000n\000t\000\040\000C\000l\000o\000s\000u\000r\000e\000\040\000T\000h\000e\000o\000r\000e\000m}{section.14}% 88
\BOOKMARK [2][-]{subsection.14.4}{\376\377\000I\000d\000e\000m\000p\000o\000t\000e\000n\000c\000e\000\040\000a\000s\000\040\000C\000o\000m\000p\000l\000e\000t\000i\000o\000n}{section.14}% 89
\BOOKMARK [2][-]{subsection.14.5}{\376\377\000Y\000a\000r\000n\000c\000r\000a\000w\000l\000e\000r\000\040\000a\000s\000\040\000C\000o\000n\000s\000t\000r\000a\000i\000n\000t\000\040\000C\000l\000o\000s\000u\000r\000e}{section.14}% 90
\BOOKMARK [1][-]{section.15}{\376\377\000S\000p\000e\000c\000t\000r\000a\000l\000\040\000T\000h\000e\000o\000r\000y\000\040\000o\000f\000\040\000K\000e\000r\000n\000e\000l\000\040\000O\000p\000e\000r\000a\000t\000o\000r\000s}{}% 91
\BOOKMARK [2][-]{subsection.15.1}{\376\377\000O\000p\000e\000r\000a\000t\000o\000r\000-\000T\000h\000e\000o\000r\000e\000t\000i\000c\000\040\000S\000e\000t\000t\000i\000n\000g}{section.15}% 92
\BOOKMARK [2][-]{subsection.15.2}{\376\377\000C\000o\000m\000p\000a\000c\000t\000n\000e\000s\000s\000\040\000a\000n\000d\000\040\000S\000m\000o\000o\000t\000h\000i\000n\000g}{section.15}% 93
\BOOKMARK [2][-]{subsection.15.3}{\376\377\000S\000p\000e\000c\000t\000r\000a\000l\000\040\000S\000t\000r\000u\000c\000t\000u\000r\000e\000\040\000a\000n\000d\000\040\000M\000e\000m\000o\000r\000y\000\040\000D\000e\000c\000a\000y}{section.15}% 94
\BOOKMARK [2][-]{subsection.15.4}{\376\377\000I\000r\000r\000e\000v\000e\000r\000s\000i\000b\000i\000l\000i\000t\000y\000\040\000f\000r\000o\000m\000\040\000S\000p\000e\000c\000t\000r\000a\000l\000\040\000D\000e\000c\000a\000y}{section.15}% 95
\BOOKMARK [2][-]{subsection.15.5}{\376\377\000F\000r\000a\000c\000t\000i\000o\000n\000a\000l\000\040\000K\000e\000r\000n\000e\000l\000s\000\040\000a\000n\000d\000\040\000P\000o\000w\000e\000r\000-\000L\000a\000w\000\040\000S\000p\000e\000c\000t\000r\000a}{section.15}% 96
\BOOKMARK [2][-]{subsection.15.6}{\376\377\000S\000t\000a\000b\000i\000l\000i\000t\000y\000\040\000o\000f\000\040\000F\000i\000x\000e\000d\000\040\000P\000o\000i\000n\000t\000s}{section.15}% 97
\BOOKMARK [2][-]{subsection.15.7}{\376\377\000R\000e\000s\000o\000l\000v\000e\000n\000t\000\040\000a\000n\000d\000\040\000M\000e\000m\000o\000r\000y\000\040\000P\000r\000o\000p\000a\000g\000a\000t\000i\000o\000n}{section.15}% 98
\BOOKMARK [1][-]{section.16}{\376\377\000S\000p\000e\000c\000t\000r\000a\000l\040\023\000V\000a\000r\000i\000a\000t\000i\000o\000n\000a\000l\000\040\000E\000q\000u\000i\000v\000a\000l\000e\000n\000c\000e}{}% 99
\BOOKMARK [2][-]{subsection.16.1}{\376\377\000O\000v\000e\000r\000v\000i\000e\000w}{section.16}% 100
\BOOKMARK [2][-]{subsection.16.2}{\376\377\000T\000h\000e\000\040\000M\000i\000s\000m\000a\000t\000c\000h\000\040\000F\000u\000n\000c\000t\000i\000o\000n\000a\000l}{section.16}% 101
\BOOKMARK [2][-]{subsection.16.3}{\376\377\000S\000p\000e\000c\000t\000r\000a\000l\000\040\000C\000h\000a\000r\000a\000c\000t\000e\000r\000i\000z\000a\000t\000i\000o\000n\000\040\000o\000f\000\040\000M\000i\000n\000i\000m\000i\000z\000e\000r\000s}{section.16}% 102
\BOOKMARK [2][-]{subsection.16.4}{\376\377\000G\000r\000a\000d\000i\000e\000n\000t\000\040\000F\000l\000o\000w\000\040\000C\000o\000n\000v\000e\000r\000g\000e\000n\000c\000e}{section.16}% 103
\BOOKMARK [2][-]{subsection.16.5}{\376\377\000T\000h\000e\000\040\000E\000q\000u\000i\000v\000a\000l\000e\000n\000c\000e\000\040\000T\000h\000e\000o\000r\000e\000m}{section.16}% 104
\BOOKMARK [1][-]{section.17}{\376\377\000U\000n\000i\000f\000i\000e\000d\000\040\000W\000o\000r\000k\000e\000d\000\040\000E\000x\000a\000m\000p\000l\000e\000:\000\040\000F\000r\000a\000c\000t\000i\000o\000n\000a\000l\000\040\000D\000i\000f\000f\000u\000s\000i\000o\000n}{}% 105
\BOOKMARK [2][-]{subsection.17.1}{\376\377\000O\000v\000e\000r\000v\000i\000e\000w}{section.17}% 106
\BOOKMARK [2][-]{subsection.17.2}{\376\377\000C\000l\000a\000s\000s\000i\000c\000a\000l\000\040\000v\000s\000.\000\040\000F\000r\000a\000c\000t\000i\000o\000n\000a\000l\000\040\000F\000o\000r\000m\000u\000l\000a\000t\000i\000o\000n}{section.17}% 107
\BOOKMARK [2][-]{subsection.17.3}{\376\377\000K\000e\000r\000n\000e\000l\000\040\000O\000p\000e\000r\000a\000t\000o\000r\000\040\000F\000o\000r\000m\000\040\000a\000n\000d\000\040\000F\000i\000x\000e\000d\000\040\000P\000o\000i\000n\000t}{section.17}% 108
\BOOKMARK [2][-]{subsection.17.4}{\376\377\000S\000p\000e\000c\000t\000r\000a\000l\000\040\000R\000e\000p\000r\000e\000s\000e\000n\000t\000a\000t\000i\000o\000n}{section.17}% 109
\BOOKMARK [2][-]{subsection.17.5}{\376\377\000V\000a\000r\000i\000a\000t\000i\000o\000n\000a\000l\000\040\000F\000o\000r\000m\000u\000l\000a\000t\000i\000o\000n}{section.17}% 110
\BOOKMARK [2][-]{subsection.17.6}{\376\377\000R\000S\000V\000P\000\040\000I\000n\000t\000e\000r\000p\000r\000e\000t\000a\000t\000i\000o\000n}{section.17}% 111
\BOOKMARK [2][-]{subsection.17.7}{\376\377\000K\000E\000S\000\040\000I\000n\000t\000e\000r\000p\000r\000e\000t\000a\000t\000i\000o\000n}{section.17}% 112
\BOOKMARK [2][-]{subsection.17.8}{\376\377\000Y\000a\000r\000n\000c\000r\000a\000w\000l\000e\000r\000\040\000I\000n\000t\000e\000r\000p\000r\000e\000t\000a\000t\000i\000o\000n}{section.17}% 113
\BOOKMARK [2][-]{subsection.17.9}{\376\377\000S\000p\000e\000c\000t\000r\000a\000l\040\023\000V\000a\000r\000i\000a\000t\000i\000o\000n\000a\000l\040\023\000C\000l\000o\000s\000u\000r\000e\000\040\000S\000u\000m\000m\000a\000r\000y}{section.17}% 114
\BOOKMARK [1][-]{section.18}{\376\377\000T\000h\000e\000\040\000U\000n\000i\000f\000i\000e\000d\000\040\000M\000e\000m\000o\000r\000y\000\040\000T\000h\000e\000o\000r\000e\000m}{}% 115
\BOOKMARK [2][-]{subsection.18.1}{\376\377\000S\000t\000a\000t\000e\000m\000e\000n\000t}{section.18}% 116
\BOOKMARK [2][-]{subsection.18.2}{\376\377\000T\000h\000e\000\040\000E\000i\000g\000h\000t\000-\000P\000o\000i\000n\000t\000\040\000T\000r\000a\000n\000s\000l\000a\000t\000i\000o\000n}{section.18}% 117
\BOOKMARK [2][-]{subsection.18.3}{\376\377\000T\000h\000e\000\040\000S\000e\000l\000f\000-\000M\000o\000d\000u\000l\000a\000t\000i\000n\000g\000\040\000K\000e\000r\000n\000e\000l\000:\000\040\000A\000\040\000F\000u\000t\000u\000r\000e\000\040\000D\000i\000r\000e\000c\000t\000i\000o\000n}{section.18}% 118
\BOOKMARK [1][-]{section.19}{\376\377\000D\000i\000s\000c\000u\000s\000s\000i\000o\000n}{}% 119
\BOOKMARK [2][-]{subsection.19.1}{\376\377\000M\000e\000m\000o\000r\000y\000\040\000a\000s\000\040\000t\000h\000e\000\040\000D\000e\000f\000a\000u\000l\000t}{section.19}% 120
\BOOKMARK [2][-]{subsection.19.2}{\376\377\000T\000h\000e\000\040\000F\000o\000r\000m\000u\000l\000a\000\040\000S\000h\000e\000e\000t\000,\000\040\000R\000e\000v\000i\000s\000i\000t\000e\000d}{section.19}% 121
\BOOKMARK [2][-]{subsection.19.3}{\376\377\000I\000r\000r\000e\000v\000e\000r\000s\000i\000b\000i\000l\000i\000t\000y\000\040\000f\000r\000o\000m\000\040\000A\000l\000g\000e\000b\000r\000a\000,\000\040\000N\000o\000t\000\040\000f\000r\000o\000m\000\040\000S\000t\000a\000t\000i\000s\000t\000i\000c\000s}{section.19}% 122
\BOOKMARK [2][-]{subsection.19.4}{\376\377\000Q\000u\000a\000n\000t\000u\000m\000\040\000M\000e\000c\000h\000a\000n\000i\000c\000s\000\040\000a\000s\000\040\000S\000y\000n\000c\000h\000r\000o\000n\000i\000z\000e\000d\000\040\000T\000r\000a\000j\000e\000c\000t\000o\000r\000y\000\040\000D\000y\000n\000a\000m\000i\000c\000s}{section.19}% 123
\BOOKMARK [2][-]{subsection.19.5}{\376\377\000R\000e\000l\000a\000t\000i\000v\000i\000t\000y\000\040\000a\000s\000\040\000S\000y\000m\000m\000e\000t\000r\000y\000\040\000C\000o\000n\000s\000t\000r\000a\000i\000n\000t\000\040\000o\000n\000\040\000K\000e\000r\000n\000e\000l\000s}{section.19}% 124
\BOOKMARK [2][-]{subsection.19.6}{\376\377\000O\000p\000e\000n\000\040\000P\000r\000o\000b\000l\000e\000m\000s}{section.19}% 125
\BOOKMARK [1][-]{section.20}{\376\377\000C\000o\000n\000c\000l\000u\000s\000i\000o\000n}{}% 126
