\BOOKMARK [1][-]{section.1}{\376\377\000I\000n\000t\000r\000o\000d\000u\000c\000t\000i\000o\000n\000:\000\040\000T\000h\000e\000\040\000I\000l\000l\000u\000s\000i\000o\000n\000\040\000o\000f\000\040\000D\000i\000s\000c\000i\000p\000l\000i\000n\000a\000r\000y\000\040\000B\000o\000u\000n\000d\000a\000r\000i\000e\000s}{}% 1
\BOOKMARK [2][-]{subsection.1.1}{\376\377\000F\000r\000o\000m\000\040\000O\000b\000j\000e\000c\000t\000s\000\040\000t\000o\000\040\000F\000i\000e\000l\000d\000s}{section.1}% 2
\BOOKMARK [2][-]{subsection.1.2}{\376\377\000T\000h\000r\000e\000e\000\040\000I\000n\000t\000e\000r\000a\000c\000t\000i\000n\000g\000\040\000C\000o\000m\000p\000o\000n\000e\000n\000t\000s}{section.1}% 3
\BOOKMARK [2][-]{subsection.1.3}{\376\377\000F\000r\000o\000m\000\040\000S\000t\000r\000u\000c\000t\000u\000r\000e\000\040\000t\000o\000\040\000F\000u\000n\000c\000t\000i\000o\000n}{section.1}% 4
\BOOKMARK [2][-]{subsection.1.4}{\376\377\000S\000c\000o\000p\000e\000\040\000a\000n\000d\000\040\000S\000t\000r\000u\000c\000t\000u\000r\000e\000\040\000o\000f\000\040\000t\000h\000e\000\040\000W\000o\000r\000k}{section.1}% 5
\BOOKMARK [2][-]{subsection.1.5}{\376\377\000U\000n\000i\000f\000i\000e\000d\000\040\000T\000h\000e\000s\000i\000s\000:\000\040\000C\000o\000n\000s\000t\000r\000a\000i\000n\000e\000d\000\040\000F\000i\000e\000l\000d\000\040\000D\000y\000n\000a\000m\000i\000c\000s\000\040\000a\000s\000\040\000a\000\040\000C\000r\000o\000s\000s\000-\000S\000c\000a\000l\000e\000\040\000T\000h\000e\000o\000r\000y}{section.1}% 6
\BOOKMARK [1][-]{section.2}{\376\377\000T\000h\000e\000\040\000M\000e\000s\000o\000s\000c\000a\000l\000e\000\040\000P\000r\000o\000b\000l\000e\000m}{}% 7
\BOOKMARK [2][-]{subsection.2.1}{\376\377\000D\000e\000f\000i\000n\000i\000t\000i\000o\000n\000\040\000o\000f\000\040\000t\000h\000e\000\040\000M\000e\000s\000o\000s\000c\000a\000l\000e\000\040\000R\000e\000g\000i\000m\000e}{section.2}% 8
\BOOKMARK [2][-]{subsection.2.2}{\376\377\000F\000a\000i\000l\000u\000r\000e\000\040\000o\000f\000\040\000P\000u\000r\000e\000l\000y\000\040\000M\000i\000c\000r\000o\000s\000c\000o\000p\000i\000c\000\040\000D\000e\000s\000c\000r\000i\000p\000t\000i\000o\000n\000s}{section.2}% 9
\BOOKMARK [2][-]{subsection.2.3}{\376\377\000L\000i\000m\000i\000t\000a\000t\000i\000o\000n\000s\000\040\000o\000f\000\040\000C\000o\000n\000t\000i\000n\000u\000u\000m\000\040\000A\000p\000p\000r\000o\000x\000i\000m\000a\000t\000i\000o\000n\000s}{section.2}% 10
\BOOKMARK [2][-]{subsection.2.4}{\376\377\000E\000m\000e\000r\000g\000e\000n\000t\000\040\000L\000e\000n\000g\000t\000h\000\040\000S\000c\000a\000l\000e\000s\000\040\000a\000n\000d\000\040\000P\000a\000t\000t\000e\000r\000n\000\040\000F\000o\000r\000m\000a\000t\000i\000o\000n}{section.2}% 11
\BOOKMARK [2][-]{subsection.2.5}{\376\377\000M\000u\000l\000t\000i\000p\000l\000i\000c\000i\000t\000y\000\040\000o\000f\000\040\000M\000o\000r\000p\000h\000o\000l\000o\000g\000i\000e\000s}{section.2}% 12
\BOOKMARK [2][-]{subsection.2.6}{\376\377\000I\000m\000p\000l\000i\000c\000a\000t\000i\000o\000n\000s\000\040\000f\000o\000r\000\040\000M\000o\000d\000e\000l\000i\000n\000g}{section.2}% 13
\BOOKMARK [1][-]{section.3}{\376\377\000S\000e\000l\000f\000-\000A\000s\000s\000e\000m\000b\000l\000y\000\040\000a\000s\000\040\000C\000o\000n\000s\000t\000r\000a\000i\000n\000e\000d\000\040\000C\000o\000n\000f\000i\000g\000u\000r\000a\000t\000i\000o\000n}{}% 14
\BOOKMARK [2][-]{subsection.3.1}{\376\377\000C\000o\000n\000f\000i\000g\000u\000r\000a\000t\000i\000o\000n\000\040\000S\000p\000a\000c\000e\000\040\000a\000n\000d\000\040\000A\000d\000m\000i\000s\000s\000i\000b\000i\000l\000i\000t\000y}{section.3}% 15
\BOOKMARK [2][-]{subsection.3.2}{\376\377\000V\000a\000r\000i\000a\000t\000i\000o\000n\000a\000l\000\040\000S\000t\000r\000u\000c\000t\000u\000r\000e\000\040\000a\000n\000d\000\040\000E\000n\000e\000r\000g\000y\000\040\000L\000a\000n\000d\000s\000c\000a\000p\000e\000s}{section.3}% 16
\BOOKMARK [2][-]{subsection.3.3}{\376\377\000C\000o\000m\000p\000e\000t\000i\000n\000g\000\040\000C\000o\000n\000s\000t\000r\000a\000i\000n\000t\000s}{section.3}% 17
\BOOKMARK [2][-]{subsection.3.4}{\376\377\000U\000n\000i\000v\000e\000r\000s\000a\000l\000i\000t\000y\000\040\000o\000f\000\040\000M\000o\000r\000p\000h\000o\000l\000o\000g\000i\000c\000a\000l\000\040\000C\000l\000a\000s\000s\000e\000s}{section.3}% 18
\BOOKMARK [2][-]{subsection.3.5}{\376\377\000T\000h\000e\000\040\000R\000o\000l\000e\000\040\000o\000f\000\040\000C\000o\000n\000f\000i\000g\000u\000r\000a\000t\000i\000o\000n\000a\000l\000\040\000A\000c\000c\000e\000s\000s\000i\000b\000i\000l\000i\000t\000y\000\040\000i\000n\000\040\000S\000e\000l\000e\000c\000t\000i\000o\000n}{section.3}% 19
\BOOKMARK [2][-]{subsection.3.6}{\376\377\000A\000g\000g\000r\000e\000g\000a\000t\000i\000o\000n\000\040\000a\000s\000\040\000C\000o\000n\000s\000t\000r\000a\000i\000n\000t\000\040\000A\000m\000p\000l\000i\000f\000i\000c\000a\000t\000i\000o\000n}{section.3}% 20
\BOOKMARK [1][-]{section.4}{\376\377\000S\000t\000r\000u\000c\000t\000u\000r\000e\000\040\000a\000s\000\040\000a\000\040\000F\000i\000e\000l\000d\000:\000\040\000C\000o\000r\000r\000e\000l\000a\000t\000i\000o\000n\000,\000\040\000M\000o\000r\000p\000h\000o\000l\000o\000g\000y\000,\000\040\000a\000n\000d\000\040\000S\000t\000a\000b\000i\000l\000i\000t\000y}{}% 21
\BOOKMARK [2][-]{subsection.4.1}{\376\377\000F\000r\000o\000m\000\040\000D\000i\000s\000c\000r\000e\000t\000e\000\040\000A\000g\000g\000r\000e\000g\000a\000t\000e\000s\000\040\000t\000o\000\040\000C\000o\000r\000r\000e\000l\000a\000t\000i\000o\000n\000\040\000F\000i\000e\000l\000d\000s}{section.4}% 22
\BOOKMARK [2][-]{subsection.4.2}{\376\377\000E\000f\000f\000e\000c\000t\000i\000v\000e\000\040\000F\000i\000e\000l\000d\000\040\000D\000e\000s\000c\000r\000i\000p\000t\000i\000o\000n}{section.4}% 23
\BOOKMARK [2][-]{subsection.4.3}{\376\377\000M\000o\000r\000p\000h\000o\000l\000o\000g\000y\000\040\000a\000s\000\040\000a\000\040\000S\000o\000l\000u\000t\000i\000o\000n\000\040\000M\000a\000n\000i\000f\000o\000l\000d}{section.4}% 24
\BOOKMARK [2][-]{subsection.4.4}{\376\377\000S\000t\000a\000b\000i\000l\000i\000t\000y\000\040\000a\000n\000d\000\040\000P\000e\000r\000t\000u\000r\000b\000a\000t\000i\000o\000n}{section.4}% 25
\BOOKMARK [2][-]{subsection.4.5}{\376\377\000A\000n\000i\000s\000o\000t\000r\000o\000p\000y\000\040\000a\000n\000d\000\040\000B\000r\000o\000k\000e\000n\000\040\000S\000y\000m\000m\000e\000t\000r\000y}{section.4}% 26
\BOOKMARK [2][-]{subsection.4.6}{\376\377\000H\000i\000e\000r\000a\000r\000c\000h\000i\000c\000a\000l\000\040\000S\000t\000r\000u\000c\000t\000u\000r\000e}{section.4}% 27
\BOOKMARK [1][-]{section.5}{\376\377\000T\000r\000a\000n\000s\000p\000o\000r\000t\000\040\000E\000m\000e\000r\000g\000e\000s\000\040\000f\000r\000o\000m\000\040\000S\000t\000r\000u\000c\000t\000u\000r\000e}{}% 28
\BOOKMARK [2][-]{subsection.5.1}{\376\377\000T\000r\000a\000n\000s\000p\000o\000r\000t\000\040\000a\000s\000\040\000C\000o\000n\000s\000t\000r\000a\000i\000n\000e\000d\000\040\000F\000l\000u\000x}{section.5}% 29
\BOOKMARK [2][-]{subsection.5.2}{\376\377\000M\000o\000b\000i\000l\000i\000t\000y\000\040\000a\000s\000\040\000a\000\040\000S\000t\000r\000u\000c\000t\000u\000r\000a\000l\000\040\000F\000u\000n\000c\000t\000i\000o\000n\000a\000l}{section.5}% 30
\BOOKMARK [2][-]{subsection.5.3}{\376\377\000E\000m\000e\000r\000g\000e\000n\000c\000e\000\040\000o\000f\000\040\000T\000r\000a\000n\000s\000p\000o\000r\000t\000\040\000N\000e\000t\000w\000o\000r\000k\000s}{section.5}% 31
\BOOKMARK [2][-]{subsection.5.4}{\376\377\000B\000i\000d\000i\000r\000e\000c\000t\000i\000o\000n\000a\000l\000\040\000C\000o\000u\000p\000l\000i\000n\000g}{section.5}% 32
\BOOKMARK [2][-]{subsection.5.5}{\376\377\000A\000n\000i\000s\000o\000t\000r\000o\000p\000i\000c\000\040\000T\000r\000a\000n\000s\000p\000o\000r\000t}{section.5}% 33
\BOOKMARK [2][-]{subsection.5.6}{\376\377\000T\000r\000a\000n\000s\000p\000o\000r\000t\000\040\000a\000n\000d\000\040\000D\000i\000s\000s\000i\000p\000a\000t\000i\000o\000n}{section.5}% 34
\BOOKMARK [2][-]{subsection.5.7}{\376\377\000E\000x\000a\000m\000p\000l\000e\000s\000\040\000A\000c\000r\000o\000s\000s\000\040\000D\000o\000m\000a\000i\000n\000s}{section.5}% 35
\BOOKMARK [1][-]{section.6}{\376\377\000I\000n\000t\000e\000r\000f\000a\000c\000e\000s\000\040\000a\000s\000\040\000A\000c\000t\000i\000v\000e\000\040\000B\000o\000u\000n\000d\000a\000r\000i\000e\000s}{}% 36
\BOOKMARK [2][-]{subsection.6.1}{\376\377\000I\000n\000t\000e\000r\000f\000a\000c\000e\000s\000\040\000a\000s\000\040\000C\000o\000n\000s\000t\000r\000a\000i\000n\000t\000\040\000S\000u\000r\000f\000a\000c\000e\000s}{section.6}% 37
\BOOKMARK [2][-]{subsection.6.2}{\376\377\000I\000n\000t\000e\000r\000f\000a\000c\000e\000\040\000M\000o\000t\000i\000o\000n}{section.6}% 38
\BOOKMARK [2][-]{subsection.6.3}{\376\377\000I\000n\000t\000e\000r\000f\000a\000c\000e\000s\000\040\000a\000s\000\040\000T\000r\000a\000n\000s\000p\000o\000r\000t\000\040\000R\000e\000g\000u\000l\000a\000t\000o\000r\000s}{section.6}% 39
\BOOKMARK [2][-]{subsection.6.4}{\376\377\000I\000n\000t\000e\000r\000f\000a\000c\000e\000s\000\040\000a\000n\000d\000\040\000C\000o\000n\000f\000i\000g\000u\000r\000a\000t\000i\000o\000n\000a\000l\000\040\000A\000c\000c\000e\000s\000s\000i\000b\000i\000l\000i\000t\000y}{section.6}% 40
\BOOKMARK [2][-]{subsection.6.5}{\376\377\000E\000x\000a\000m\000p\000l\000e\000s\000\040\000A\000c\000r\000o\000s\000s\000\040\000D\000o\000m\000a\000i\000n\000s}{section.6}% 41
\BOOKMARK [1][-]{section.7}{\376\377\000T\000r\000a\000j\000e\000c\000t\000o\000r\000y\000-\000A\000w\000a\000r\000e\000\040\000M\000e\000s\000o\000s\000c\000a\000l\000e\000\040\000R\000e\000p\000r\000e\000s\000e\000n\000t\000a\000t\000i\000o\000n}{}% 42
\BOOKMARK [2][-]{subsection.7.1}{\376\377\000T\000r\000a\000j\000e\000c\000t\000o\000r\000y\000\040\000P\000a\000t\000c\000h\000e\000s}{section.7}% 43
\BOOKMARK [2][-]{subsection.7.2}{\376\377\000O\000v\000e\000r\000l\000a\000p\000\040\000C\000o\000n\000s\000i\000s\000t\000e\000n\000c\000y}{section.7}% 44
\BOOKMARK [2][-]{subsection.7.3}{\376\377\000N\000o\000n\000-\000M\000a\000r\000k\000o\000v\000i\000a\000n\000\040\000M\000e\000m\000o\000r\000y\000\040\000A\000c\000r\000o\000s\000s\000\040\000S\000c\000a\000l\000e\000s}{section.7}% 45
\BOOKMARK [2][-]{subsection.7.4}{\376\377\000W\000i\000l\000s\000o\000n\000'\000s\000\040\000F\000a\000\347\000a\000d\000e\000s\000\040\000a\000n\000d\000\040\000t\000h\000e\000\040\000O\000r\000i\000g\000i\000n\000\040\000o\000f\000\040\000t\000h\000e\000\040\000P\000a\000t\000c\000h\000\040\000S\000t\000r\000u\000c\000t\000u\000r\000e}{section.7}% 46
\BOOKMARK [2][-]{subsection.7.5}{\376\377\000R\000e\000c\000o\000n\000s\000t\000r\000u\000c\000t\000i\000o\000n\000\040\000P\000r\000e\000s\000s\000u\000r\000e}{section.7}% 47
\BOOKMARK [2][-]{subsection.7.6}{\376\377\000T\000A\000R\000T\000A\000N\000\040\000a\000s\000\040\000a\000\040\000M\000e\000s\000o\000s\000c\000a\000l\000e\000\040\000M\000e\000m\000o\000r\000y\000\040\000P\000r\000i\000n\000c\000i\000p\000l\000e}{section.7}% 48
\BOOKMARK [2][-]{subsection.7.7}{\376\377\000T\000h\000e\000\040\000A\000d\000m\000i\000s\000s\000i\000b\000i\000l\000i\000t\000y\000\040\000L\000o\000g\000:\000\040\000F\000r\000o\000m\000\040\000D\000i\000s\000c\000r\000e\000t\000e\000\040\000E\000v\000e\000n\000t\000s\000\040\000t\000o\000\040\000C\000o\000n\000t\000i\000n\000u\000o\000u\000s\000\040\000F\000i\000e\000l\000d\000s}{section.7}% 49
\BOOKMARK [2][-]{subsection.7.8}{\376\377\000T\000h\000e\000\040\000A\000d\000m\000i\000s\000s\000i\000b\000i\000l\000i\000t\000y\000\040\000L\000o\000g\000\040\000a\000s\000\040\000a\000n\000\040\000-\000C\000a\000t\000e\000g\000o\000r\000i\000c\000a\000l\000\040\000O\000b\000j\000e\000c\000t}{section.7}% 50
\BOOKMARK [2][-]{subsection.7.9}{\376\377\000V\000a\000r\000i\000a\000t\000i\000o\000n\000a\000l\000\040\000O\000r\000i\000g\000i\000n\000\040\000o\000f\000\040\000t\000h\000e\000\040\000E\000v\000e\000n\000t\000\040\000O\000p\000e\000r\000a\000t\000o\000r}{section.7}% 51
\BOOKMARK [2][-]{subsection.7.10}{\376\377\000E\000v\000e\000n\000t\000s\000\040\000a\000s\000\040\000T\000o\000k\000e\000n\000s\000\040\000i\000n\000\040\000E\000m\000b\000e\000d\000d\000i\000n\000g\000\040\000S\000p\000a\000c\000e}{section.7}% 52
\BOOKMARK [1][-]{section.8}{\376\377\000T\000o\000w\000a\000r\000d\000\040\000a\000\040\000U\000n\000i\000f\000i\000e\000d\000\040\000F\000r\000a\000m\000e\000w\000o\000r\000k\000:\000\040\000C\000o\000n\000s\000t\000r\000a\000i\000n\000e\000d\000\040\000F\000i\000e\000l\000d\000\040\000D\000y\000n\000a\000m\000i\000c\000s}{}% 53
\BOOKMARK [2][-]{subsection.8.1}{\376\377\000S\000t\000a\000t\000e\000\040\000S\000p\000a\000c\000e\000\040\000a\000n\000d\000\040\000C\000o\000n\000f\000i\000g\000u\000r\000a\000t\000i\000o\000n\000\040\000B\000u\000n\000d\000l\000e}{section.8}% 54
\BOOKMARK [2][-]{subsection.8.2}{\376\377\000F\000r\000e\000e\000-\000E\000n\000e\000r\000g\000y\000\040\000F\000u\000n\000c\000t\000i\000o\000n\000a\000l}{section.8}% 55
\BOOKMARK [2][-]{subsection.8.3}{\376\377\000D\000i\000s\000s\000i\000p\000a\000t\000i\000v\000e\000\040\000D\000y\000n\000a\000m\000i\000c\000s\000\040\000w\000i\000t\000h\000\040\000M\000e\000m\000o\000r\000y\000\040\000C\000o\000u\000p\000l\000i\000n\000g}{section.8}% 56
\BOOKMARK [2][-]{subsection.8.4}{\376\377\000G\000l\000u\000i\000n\000g\000\040\000C\000o\000n\000s\000t\000r\000a\000i\000n\000t\000s\000\040\000a\000s\000\040\000D\000y\000n\000a\000m\000i\000c\000a\000l\000\040\000C\000o\000n\000d\000i\000t\000i\000o\000n\000s}{section.8}% 57
\BOOKMARK [2][-]{subsection.8.5}{\376\377\000E\000q\000u\000i\000l\000i\000b\000r\000i\000u\000m\000\040\000a\000n\000d\000\040\000M\000e\000t\000a\000s\000t\000a\000b\000l\000e\000\040\000S\000t\000a\000t\000e\000s}{section.8}% 58
\BOOKMARK [2][-]{subsection.8.6}{\376\377\000V\000a\000r\000i\000a\000t\000i\000o\000n\000a\000l\000\040\000C\000h\000a\000r\000a\000c\000t\000e\000r\000i\000z\000a\000t\000i\000o\000n\000\040\000o\000f\000\040\000S\000t\000a\000b\000l\000e\000\040\000M\000o\000r\000p\000h\000o\000l\000o\000g\000i\000e\000s}{section.8}% 59
\BOOKMARK [2][-]{subsection.8.7}{\376\377\000F\000u\000n\000c\000t\000i\000o\000n\000a\000l\000\040\000R\000e\000g\000i\000m\000e}{section.8}% 60
\BOOKMARK [2][-]{subsection.8.8}{\376\377\000D\000i\000m\000e\000n\000s\000i\000o\000n\000a\000l\000\040\000R\000e\000d\000u\000c\000t\000i\000o\000n\000\040\000a\000n\000d\000\040\000O\000b\000s\000e\000r\000v\000a\000b\000l\000e\000s}{section.8}% 61
\BOOKMARK [1][-]{section.9}{\376\377\000W\000e\000l\000l\000-\000P\000o\000s\000e\000d\000n\000e\000s\000s\000,\000\040\000S\000t\000a\000b\000i\000l\000i\000t\000y\000,\000\040\000a\000n\000d\000\040\000R\000e\000g\000u\000l\000a\000r\000i\000t\000y}{}% 62
\BOOKMARK [2][-]{subsection.9.1}{\376\377\000F\000u\000n\000c\000t\000i\000o\000n\000a\000l\000\040\000S\000e\000t\000t\000i\000n\000g\000\040\000a\000n\000d\000\040\000A\000d\000m\000i\000s\000s\000i\000b\000l\000e\000\040\000S\000t\000a\000t\000e\000\040\000S\000p\000a\000c\000e}{section.9}% 63
\BOOKMARK [2][-]{subsection.9.2}{\376\377\000A\000s\000s\000u\000m\000p\000t\000i\000o\000n\000s\000\040\000o\000n\000\040\000C\000o\000e\000f\000f\000i\000c\000i\000e\000n\000t\000s}{section.9}% 64
\BOOKMARK [2][-]{subsection.9.3}{\376\377\000E\000n\000e\000r\000g\000y\000\040\000D\000i\000s\000s\000i\000p\000a\000t\000i\000o\000n\000\040\000a\000n\000d\000\040\000L\000y\000a\000p\000u\000n\000o\000v\000\040\000S\000t\000r\000u\000c\000t\000u\000r\000e}{section.9}% 65
\BOOKMARK [2][-]{subsection.9.4}{\376\377\000E\000x\000i\000s\000t\000e\000n\000c\000e\000\040\000o\000f\000\040\000W\000e\000a\000k\000\040\000S\000o\000l\000u\000t\000i\000o\000n\000s}{section.9}% 66
\BOOKMARK [2][-]{subsection.9.5}{\376\377\000S\000t\000a\000b\000i\000l\000i\000t\000y\000\040\000o\000f\000\040\000F\000u\000n\000c\000t\000i\000o\000n\000a\000l\000\040\000R\000e\000g\000i\000m\000e\000s}{section.9}% 67
\BOOKMARK [2][-]{subsection.9.6}{\376\377\000D\000i\000s\000c\000r\000e\000t\000e\000-\000t\000o\000-\000C\000o\000n\000t\000i\000n\000u\000u\000m\000\040\000C\000o\000n\000v\000e\000r\000g\000e\000n\000c\000e}{section.9}% 68
\BOOKMARK [1][-]{section.10}{\376\377\000E\000q\000u\000i\000v\000a\000l\000e\000n\000c\000e\000\040\000T\000h\000e\000o\000r\000e\000m\000:\000\040\000A\000c\000c\000e\000s\000s\000i\000b\000i\000l\000i\000t\000y\000,\000\040\000C\000o\000h\000o\000m\000o\000l\000o\000g\000y\000,\000\040\000a\000n\000d\000\040\000H\000o\000m\000o\000t\000o\000p\000y}{}% 69
\BOOKMARK [2][-]{subsection.10.1}{\376\377\000D\000e\000f\000i\000n\000i\000t\000i\000o\000n\000s}{section.10}% 70
\BOOKMARK [2][-]{subsection.10.2}{\376\377\000E\000q\000u\000i\000v\000a\000l\000e\000n\000c\000e\000\040\000T\000h\000e\000o\000r\000e\000m}{section.10}% 71
\BOOKMARK [1][-]{section.11}{\376\377\000S\000t\000r\000e\000s\000s\040\023\000E\000n\000e\000r\000g\000y\000\040\000T\000e\000n\000s\000o\000r\000\040\000a\000n\000d\000\040\000G\000e\000n\000e\000r\000a\000l\000\040\000R\000e\000l\000a\000t\000i\000v\000i\000s\000t\000i\000c\000\040\000C\000o\000u\000p\000l\000i\000n\000g}{}% 72
\BOOKMARK [2][-]{subsection.11.1}{\376\377\000L\000a\000g\000r\000a\000n\000g\000i\000a\000n\000\040\000F\000o\000r\000m\000u\000l\000a\000t\000i\000o\000n}{section.11}% 73
\BOOKMARK [2][-]{subsection.11.2}{\376\377\000S\000t\000r\000e\000s\000s\040\023\000E\000n\000e\000r\000g\000y\000\040\000T\000e\000n\000s\000o\000r}{section.11}% 74
\BOOKMARK [2][-]{subsection.11.3}{\376\377\000E\000i\000n\000s\000t\000e\000i\000n\000\040\000F\000i\000e\000l\000d\000\040\000E\000q\000u\000a\000t\000i\000o\000n\000s}{section.11}% 75
\BOOKMARK [2][-]{subsection.11.4}{\376\377\000G\000e\000o\000d\000e\000s\000i\000c\000s\000\040\000a\000n\000d\000\040\000C\000u\000r\000v\000a\000t\000u\000r\000e\000\040\000f\000r\000o\000m\000\040\000C\000o\000n\000s\000t\000r\000a\000i\000n\000t}{section.11}% 76
\BOOKMARK [1][-]{section.12}{\376\377\000N\000u\000m\000e\000r\000i\000c\000a\000l\000\040\000D\000i\000s\000c\000r\000e\000t\000i\000z\000a\000t\000i\000o\000n\000\040\000a\000n\000d\000\040\000S\000i\000m\000u\000l\000a\000t\000i\000o\000n\000\040\000S\000c\000h\000e\000m\000e}{}% 77
\BOOKMARK [2][-]{subsection.12.1}{\376\377\000S\000p\000a\000t\000i\000a\000l\000\040\000D\000i\000s\000c\000r\000e\000t\000i\000z\000a\000t\000i\000o\000n}{section.12}% 78
\BOOKMARK [2][-]{subsection.12.2}{\376\377\000S\000e\000m\000i\000-\000I\000m\000p\000l\000i\000c\000i\000t\000\040\000T\000i\000m\000e\000\040\000I\000n\000t\000e\000g\000r\000a\000t\000i\000o\000n}{section.12}% 79
\BOOKMARK [2][-]{subsection.12.3}{\376\377\000S\000t\000a\000b\000i\000l\000i\000t\000y\000\040\000C\000o\000n\000d\000i\000t\000i\000o\000n}{section.12}% 80
\BOOKMARK [2][-]{subsection.12.4}{\376\377\000D\000i\000s\000c\000r\000e\000t\000e\000\040\000E\000n\000e\000r\000g\000y\000\040\000C\000o\000n\000s\000i\000s\000t\000e\000n\000c\000y}{section.12}% 81
\BOOKMARK [2][-]{subsection.12.5}{\376\377\000M\000e\000m\000o\000r\000y\000\040\000I\000m\000p\000l\000e\000m\000e\000n\000t\000a\000t\000i\000o\000n}{section.12}% 82
\BOOKMARK [1][-]{section.13}{\376\377\000A\000\040\000H\000o\000m\000o\000t\000o\000p\000y\000-\000T\000h\000e\000o\000r\000e\000t\000i\000c\000\040\000I\000n\000t\000e\000r\000p\000r\000e\000t\000a\000t\000i\000o\000n\000\040\000o\000f\000\040\000M\000e\000s\000o\000s\000c\000a\000l\000e\000\040\000D\000y\000n\000a\000m\000i\000c\000s}{}% 83
\BOOKMARK [2][-]{subsection.13.1}{\376\377\000T\000r\000a\000j\000e\000c\000t\000o\000r\000i\000e\000s\000\040\000a\000s\000\040\000P\000a\000t\000h\000s\000\040\000i\000n\000\040\000C\000o\000n\000f\000i\000g\000u\000r\000a\000t\000i\000o\000n\000\040\000S\000p\000a\000c\000e}{section.13}% 84
\BOOKMARK [2][-]{subsection.13.2}{\376\377\000C\000o\000n\000f\000i\000g\000u\000r\000a\000t\000i\000o\000n\000a\000l\000\040\000A\000c\000c\000e\000s\000s\000i\000b\000i\000l\000i\000t\000y\000\040\000a\000s\000\040\000H\000o\000m\000o\000t\000o\000p\000y\000\040\000V\000o\000l\000u\000m\000e}{section.13}% 85
\BOOKMARK [2][-]{subsection.13.3}{\376\377\000C\000o\000n\000s\000t\000r\000a\000i\000n\000t\000-\000I\000n\000d\000u\000c\000e\000d\000\040\000H\000o\000m\000o\000t\000o\000p\000y\000\040\000R\000e\000d\000u\000c\000t\000i\000o\000n}{section.13}% 86
\BOOKMARK [2][-]{subsection.13.4}{\376\377\000I\000n\000t\000e\000r\000f\000a\000c\000e\000s\000\040\000a\000s\000\040\000H\000o\000m\000o\000t\000o\000p\000y\000\040\000B\000o\000u\000n\000d\000a\000r\000i\000e\000s}{section.13}% 87
\BOOKMARK [2][-]{subsection.13.5}{\376\377\000T\000r\000a\000j\000e\000c\000t\000o\000r\000y\000\040\000C\000l\000a\000s\000s\000e\000s\000\040\000a\000n\000d\000\040\000F\000u\000n\000c\000t\000i\000o\000n\000a\000l\000\040\000S\000t\000a\000b\000i\000l\000i\000t\000y}{section.13}% 88
\BOOKMARK [1][-]{section.14}{\376\377\000G\000e\000o\000m\000e\000t\000r\000i\000c\000\040\000U\000n\000i\000f\000i\000c\000a\000t\000i\000o\000n\000\040\000A\000c\000r\000o\000s\000s\000\040\000D\000o\000m\000a\000i\000n\000s}{}% 89
\BOOKMARK [2][-]{subsection.14.1}{\376\377\000H\000i\000g\000h\000-\000D\000i\000m\000e\000n\000s\000i\000o\000n\000a\000l\000\040\000G\000e\000o\000m\000e\000t\000r\000y\000\040\000a\000n\000d\000\040\000C\000o\000n\000s\000t\000r\000a\000i\000n\000t}{section.14}% 90
\BOOKMARK [2][-]{subsection.14.2}{\376\377\000L\000o\000c\000a\000l\000\040\000C\000h\000a\000r\000t\000s\000\040\000a\000n\000d\000\040\000G\000l\000o\000b\000a\000l\000\040\000R\000e\000c\000o\000n\000s\000t\000r\000u\000c\000t\000i\000o\000n}{section.14}% 91
\BOOKMARK [2][-]{subsection.14.3}{\376\377\000D\000y\000n\000a\000m\000i\000c\000\040\000G\000e\000o\000m\000e\000t\000r\000y\000\040\000i\000n\000\040\000S\000e\000l\000f\000-\000A\000t\000t\000e\000n\000t\000i\000o\000n}{section.14}% 92
\BOOKMARK [2][-]{subsection.14.4}{\376\377\000Q\000u\000a\000n\000t\000u\000m\000\040\000S\000y\000s\000t\000e\000m\000s\000\040\000a\000n\000d\000\040\000P\000o\000s\000s\000i\000b\000i\000l\000i\000t\000y\000\040\000S\000p\000a\000c\000e}{section.14}% 93
\BOOKMARK [2][-]{subsection.14.5}{\376\377\000U\000n\000i\000f\000i\000e\000d\000\040\000I\000n\000t\000e\000r\000p\000r\000e\000t\000a\000t\000i\000o\000n}{section.14}% 94
\BOOKMARK [1][-]{section.15}{\376\377\000A\000c\000c\000e\000s\000s\000i\000b\000i\000l\000i\000t\000y\000,\000\040\000N\000o\000v\000e\000l\000t\000y\000,\000\040\000a\000n\000d\000\040\000S\000t\000r\000u\000c\000t\000u\000r\000e\000d\000\040\000D\000i\000s\000c\000o\000v\000e\000r\000y}{}% 95
\BOOKMARK [2][-]{subsection.15.1}{\376\377\000N\000o\000v\000e\000l\000t\000y\000\040\000a\000s\000\040\000A\000c\000c\000e\000s\000s\000i\000b\000i\000l\000i\000t\000y\000\040\000G\000r\000a\000d\000i\000e\000n\000t}{section.15}% 96
\BOOKMARK [2][-]{subsection.15.2}{\376\377\000T\000h\000e\000\040\000L\000i\000m\000i\000t\000s\000\040\000o\000f\000\040\000F\000i\000x\000e\000d\000\040\000O\000b\000j\000e\000c\000t\000i\000v\000e\000\040\000F\000u\000n\000c\000t\000i\000o\000n\000s}{section.15}% 97
\BOOKMARK [2][-]{subsection.15.3}{\376\377\000C\000o\000m\000p\000r\000e\000s\000s\000i\000o\000n\000\040\000a\000s\000\040\000S\000t\000r\000u\000c\000t\000u\000r\000e\000d\000\040\000R\000e\000d\000u\000c\000t\000i\000o\000n}{section.15}% 98
\BOOKMARK [2][-]{subsection.15.4}{\376\377\000C\000o\000m\000p\000r\000e\000s\000s\000i\000o\000n\000\040\000a\000s\000\040\000H\000o\000m\000o\000t\000o\000p\000y\000\040\000C\000o\000l\000l\000a\000p\000s\000e}{section.15}% 99
\BOOKMARK [1][-]{section.16}{\376\377\000S\000h\000e\000a\000f\000-\000T\000h\000e\000o\000r\000e\000t\000i\000c\000\040\000E\000m\000e\000r\000g\000e\000n\000c\000e\000\040\000o\000f\000\040\000B\000u\000n\000d\000l\000e\000\040\000G\000e\000o\000m\000e\000t\000r\000y}{}% 100
\BOOKMARK [2][-]{subsection.16.1}{\376\377\000T\000h\000e\000\040\000C\000o\000n\000f\000i\000g\000u\000r\000a\000t\000i\000o\000n\000\040\000S\000h\000e\000a\000f}{section.16}% 101
\BOOKMARK [2][-]{subsection.16.2}{\376\377\000C\000o\000h\000o\000m\000o\000l\000o\000g\000i\000c\000a\000l\000\040\000O\000b\000s\000t\000r\000u\000c\000t\000i\000o\000n\000s}{section.16}% 102
\BOOKMARK [2][-]{subsection.16.3}{\376\377\000C\000o\000a\000r\000s\000e\000-\000G\000r\000a\000i\000n\000i\000n\000g\000\040\000a\000s\000\040\000a\000\040\000C\000o\000n\000t\000r\000a\000v\000a\000r\000i\000a\000n\000t\000\040\000F\000u\000n\000c\000t\000o\000r}{section.16}% 103
\BOOKMARK [2][-]{subsection.16.4}{\376\377\000D\000e\000r\000i\000v\000e\000d\000\040\000S\000t\000r\000u\000c\000t\000u\000r\000e\000\040\000a\000n\000d\000\040\000A\000c\000c\000e\000s\000s\000i\000b\000i\000l\000i\000t\000y\000\040\000C\000o\000l\000l\000a\000p\000s\000e}{section.16}% 104
\BOOKMARK [2][-]{subsection.16.5}{\376\377\000E\000m\000e\000r\000g\000e\000n\000c\000e\000\040\000o\000f\000\040\000B\000u\000n\000d\000l\000e\000\040\000G\000e\000o\000m\000e\000t\000r\000y}{section.16}% 105
\BOOKMARK [2][-]{subsection.16.6}{\376\377\000H\000i\000g\000h\000e\000r\000\040\000S\000h\000e\000a\000f\000\040\000S\000t\000r\000u\000c\000t\000u\000r\000e\000\040\000a\000n\000d\000\040\000T\000r\000a\000j\000e\000c\000t\000o\000r\000y\000\040\000M\000e\000m\000o\000r\000y}{section.16}% 106
\BOOKMARK [1][-]{section.17}{\376\377\000L\000o\000r\000e\000n\000t\000z\000\040\000T\000r\000a\000n\000s\000f\000o\000r\000m\000a\000t\000i\000o\000n\000s\000\040\000a\000s\000\040\000S\000h\000e\000a\000f\000\040\000A\000u\000t\000o\000m\000o\000r\000p\000h\000i\000s\000m\000s}{}% 107
\BOOKMARK [2][-]{subsection.17.1}{\376\377\000I\000n\000v\000a\000r\000i\000a\000n\000t\000\040\000S\000t\000r\000u\000c\000t\000u\000r\000e}{section.17}% 108
\BOOKMARK [2][-]{subsection.17.2}{\376\377\000O\000b\000s\000e\000r\000v\000e\000r\000s\000\040\000a\000s\000\040\000L\000o\000c\000a\000l\000\040\000S\000e\000c\000t\000i\000o\000n\000s}{section.17}% 109
\BOOKMARK [2][-]{subsection.17.3}{\376\377\000L\000o\000r\000e\000n\000t\000z\000\040\000T\000r\000a\000n\000s\000f\000o\000r\000m\000a\000t\000i\000o\000n\000s\000\040\000a\000s\000\040\000A\000u\000t\000o\000m\000o\000r\000p\000h\000i\000s\000m\000s}{section.17}% 110
\BOOKMARK [2][-]{subsection.17.4}{\376\377\000T\000i\000m\000e\000\040\000D\000i\000l\000a\000t\000i\000o\000n\000\040\000a\000s\000\040\000P\000r\000o\000j\000e\000c\000t\000i\000o\000n\000\040\000D\000i\000s\000t\000o\000r\000t\000i\000o\000n}{section.17}% 111
\BOOKMARK [2][-]{subsection.17.5}{\376\377\000N\000o\000\040\000S\000u\000p\000e\000r\000l\000u\000m\000i\000n\000a\000l\000\040\000C\000o\000n\000s\000e\000q\000u\000e\000n\000c\000e}{section.17}% 112
\BOOKMARK [1][-]{section.18}{\376\377\000L\000o\000r\000e\000n\000t\000z\000\040\000I\000n\000v\000a\000r\000i\000a\000n\000c\000e\000\040\000f\000r\000o\000m\000\040\000a\000n\000\040\000R\000S\000V\000P\000-\000S\000t\000y\000l\000e\000\040\000T\000r\000a\000j\000e\000c\000t\000o\000r\000y\000\040\000F\000u\000n\000c\000t\000i\000o\000n\000a\000l}{}% 113
\BOOKMARK [2][-]{subsection.18.1}{\376\377\000T\000r\000a\000j\000e\000c\000t\000o\000r\000y\000\040\000F\000u\000n\000c\000t\000i\000o\000n\000a\000l}{section.18}% 114
\BOOKMARK [2][-]{subsection.18.2}{\376\377\000A\000d\000m\000i\000s\000s\000i\000b\000i\000l\000i\000t\000y\000\040\000C\000o\000n\000s\000t\000r\000a\000i\000n\000t}{section.18}% 115
\BOOKMARK [2][-]{subsection.18.3}{\376\377\000L\000o\000r\000e\000n\000t\000z\000\040\000S\000y\000m\000m\000e\000t\000r\000y\000\040\000o\000f\000\040\000t\000h\000e\000\040\000A\000c\000t\000i\000o\000n}{section.18}% 116
\BOOKMARK [2][-]{subsection.18.4}{\376\377\000T\000i\000m\000e\000\040\000D\000i\000l\000a\000t\000i\000o\000n\000\040\000R\000e\000c\000o\000v\000e\000r\000e\000d}{section.18}% 117
\BOOKMARK [1][-]{section.19}{\376\377\000C\000a\000u\000s\000a\000l\000i\000t\000y\000\040\000a\000s\000\040\000a\000\040\000S\000h\000e\000a\000f\000-\000T\000h\000e\000o\000r\000e\000t\000i\000c\000\040\000A\000d\000m\000i\000s\000s\000i\000b\000i\000l\000i\000t\000y\000\040\000C\000o\000n\000s\000t\000r\000a\000i\000n\000t}{}% 118
\BOOKMARK [2][-]{subsection.19.1}{\376\377\000T\000h\000e\000\040\000A\000d\000m\000i\000s\000s\000i\000b\000l\000e\000\040\000S\000u\000b\000s\000h\000e\000a\000f}{section.19}% 119
\BOOKMARK [2][-]{subsection.19.2}{\376\377\000G\000l\000o\000b\000a\000l\000\040\000A\000d\000m\000i\000s\000s\000i\000b\000i\000l\000i\000t\000y\000\040\000a\000n\000d\000\040\000G\000l\000u\000i\000n\000g}{section.19}% 120
\BOOKMARK [2][-]{subsection.19.3}{\376\377\000E\000x\000c\000l\000u\000s\000i\000o\000n\000\040\000o\000f\000\040\000S\000u\000p\000e\000r\000l\000u\000m\000i\000n\000a\000l\000\040\000P\000a\000t\000c\000h\000i\000n\000g}{section.19}% 121
\BOOKMARK [1][-]{section.20}{\376\377\000P\000r\000o\000j\000e\000c\000t\000i\000o\000n\000\040\000G\000e\000o\000m\000e\000t\000r\000y\000\040\000a\000n\000d\000\040\000t\000h\000e\000\040\000I\000n\000t\000e\000r\000p\000r\000e\000t\000a\000t\000i\000o\000n\000\040\000o\000f\000\040\000T\000i\000m\000e\000\040\000D\000i\000l\000a\000t\000i\000o\000n}{}% 122
\BOOKMARK [2][-]{subsection.20.1}{\376\377\000T\000r\000a\000j\000e\000c\000t\000o\000r\000y\000\040\000V\000e\000r\000s\000u\000s\000\040\000R\000e\000p\000r\000e\000s\000e\000n\000t\000a\000t\000i\000o\000n}{section.20}% 123
\BOOKMARK [2][-]{subsection.20.2}{\376\377\000G\000e\000o\000m\000e\000t\000r\000i\000c\000\040\000O\000r\000i\000g\000i\000n\000\040\000o\000f\000\040\000T\000i\000m\000e\000\040\000D\000i\000l\000a\000t\000i\000o\000n}{section.20}% 124
\BOOKMARK [2][-]{subsection.20.3}{\376\377\000N\000o\000\040\000P\000h\000y\000s\000i\000c\000a\000l\000\040\000S\000l\000o\000w\000i\000n\000g\000\040\000o\000f\000\040\000T\000i\000m\000e}{section.20}% 125
\BOOKMARK [1][-]{section.21}{\376\377\000M\000e\000t\000r\000i\000c\000\040\000C\000u\000r\000v\000a\000t\000u\000r\000e\000\040\000f\000r\000o\000m\000\040\000S\000p\000a\000t\000i\000a\000l\000\040\000V\000a\000r\000i\000a\000t\000i\000o\000n\000\040\000o\000f\000\040\000C\000o\000n\000s\000t\000r\000a\000i\000n\000t}{}% 126
\BOOKMARK [2][-]{subsection.21.1}{\376\377\000F\000r\000o\000m\000\040\000F\000i\000x\000e\000d\000\040\000M\000e\000t\000r\000i\000c\000\040\000t\000o\000\040\000E\000f\000f\000e\000c\000t\000i\000v\000e\000\040\000M\000e\000t\000r\000i\000c}{section.21}% 127
\BOOKMARK [2][-]{subsection.21.2}{\376\377\000C\000o\000n\000s\000t\000r\000a\000i\000n\000t\000\040\000G\000r\000a\000d\000i\000e\000n\000t\000s\000\040\000a\000s\000\040\000C\000u\000r\000v\000a\000t\000u\000r\000e\000\040\000S\000o\000u\000r\000c\000e\000s}{section.21}% 128
\BOOKMARK [2][-]{subsection.21.3}{\376\377\000G\000e\000o\000d\000e\000s\000i\000c\000s\000\040\000a\000s\000\040\000C\000o\000n\000s\000t\000r\000a\000i\000n\000t\000-\000C\000o\000m\000p\000a\000t\000i\000b\000l\000e\000\040\000T\000r\000a\000j\000e\000c\000t\000o\000r\000i\000e\000s}{section.21}% 129
\BOOKMARK [2][-]{subsection.21.4}{\376\377\000R\000e\000l\000a\000t\000i\000o\000n\000\040\000t\000o\000\040\000t\000h\000e\000\040\000E\000i\000n\000s\000t\000e\000i\000n\000\040\000F\000i\000e\000l\000d\000\040\000E\000q\000u\000a\000t\000i\000o\000n\000s}{section.21}% 130
\BOOKMARK [2][-]{subsection.21.5}{\376\377\000W\000e\000a\000k\000-\000F\000i\000e\000l\000d\000\040\000L\000i\000m\000i\000t}{section.21}% 131
\BOOKMARK [2][-]{subsection.21.6}{\376\377\000N\000o\000\040\000V\000i\000o\000l\000a\000t\000i\000o\000n\000\040\000o\000f\000\040\000R\000e\000l\000a\000t\000i\000v\000i\000s\000t\000i\000c\000\040\000C\000a\000u\000s\000a\000l\000i\000t\000y}{section.21}% 132
\BOOKMARK [1][-]{section.22}{\376\377\000A\000\040\000C\000a\000u\000s\000a\000l\000\040\000E\000x\000a\000m\000p\000l\000e\000:\000\040\000C\000o\000l\000l\000a\000g\000e\000n\000\040\000P\000e\000p\000t\000i\000d\000e\000\040\000G\000e\000l\000a\000t\000i\000o\000n}{}% 133
\BOOKMARK [2][-]{subsection.22.1}{\376\377\000T\000r\000a\000j\000e\000c\000t\000o\000r\000y\000\040\000D\000e\000p\000e\000n\000d\000e\000n\000c\000e\000\040\000a\000n\000d\000\040\000T\000A\000R\000T\000A\000N}{section.22}% 134
\BOOKMARK [2][-]{subsection.22.2}{\376\377\000S\000t\000a\000t\000i\000s\000t\000i\000c\000a\000l\000\040\000M\000o\000d\000e\000l}{section.22}% 135
\BOOKMARK [2][-]{subsection.22.3}{\376\377\000T\000e\000s\000t\000i\000n\000g\000\040\000f\000o\000r\000\040\000A\000c\000c\000e\000s\000s\000i\000b\000i\000l\000i\000t\000y\000\040\000C\000o\000l\000l\000a\000p\000s\000e}{section.22}% 136
\BOOKMARK [1][-]{section.23}{\376\377\000I\000m\000p\000l\000i\000c\000a\000t\000i\000o\000n\000s\000\040\000f\000o\000r\000\040\000E\000x\000p\000e\000r\000i\000m\000e\000n\000t\000\040\000a\000n\000d\000\040\000D\000e\000s\000i\000g\000n}{}% 137
\BOOKMARK [1][-]{section.24}{\376\377\000M\000o\000d\000u\000l\000a\000r\000\040\000E\000x\000t\000e\000r\000n\000a\000l\000i\000z\000a\000t\000i\000o\000n\000,\000\040\000R\000e\000s\000i\000d\000u\000e\000\040\000R\000e\000u\000s\000e\000,\000\040\000a\000n\000d\000\040\000S\000t\000a\000t\000e\000-\000S\000p\000a\000c\000e\000\040\000E\000x\000p\000a\000n\000s\000i\000o\000n}{}% 138
\BOOKMARK [2][-]{subsection.24.1}{\376\377\000M\000o\000d\000u\000l\000a\000r\000i\000z\000a\000t\000i\000o\000n\000\040\000a\000s\000\040\000C\000o\000n\000s\000t\000r\000a\000i\000n\000t\000\040\000R\000e\000d\000i\000s\000t\000r\000i\000b\000u\000t\000i\000o\000n}{section.24}% 139
\BOOKMARK [2][-]{subsection.24.2}{\376\377\000R\000e\000s\000i\000d\000u\000e\000\040\000a\000s\000\040\000L\000a\000t\000e\000n\000t\000\040\000A\000d\000m\000i\000s\000s\000i\000b\000l\000e\000\040\000S\000t\000r\000u\000c\000t\000u\000r\000e}{section.24}% 140
\BOOKMARK [2][-]{subsection.24.3}{\376\377\000O\000r\000t\000h\000o\000g\000r\000a\000d\000e\000\040\000T\000r\000a\000n\000s\000f\000o\000r\000m\000a\000t\000i\000o\000n\000s\000\040\000a\000n\000d\000\040\000L\000o\000w\000-\000I\000n\000t\000e\000r\000f\000e\000r\000e\000n\000c\000e\000\040\000D\000i\000r\000e\000c\000t\000i\000o\000n\000s}{section.24}% 141
\BOOKMARK [2][-]{subsection.24.4}{\376\377\000L\000o\000c\000a\000l\000\040\000C\000o\000n\000s\000t\000r\000a\000i\000n\000t\000\040\000R\000e\000d\000u\000c\000t\000i\000o\000n\000\040\000a\000n\000d\000\040\000G\000l\000o\000b\000a\000l\000\040\000S\000t\000a\000t\000e\000\040\000E\000x\000p\000a\000n\000s\000i\000o\000n}{section.24}% 142
\BOOKMARK [2][-]{subsection.24.5}{\376\377\000F\000a\000i\000l\000u\000r\000e\000\040\000M\000o\000d\000e\000s\000:\000\040\000N\000o\000n\000-\000A\000d\000m\000i\000s\000s\000i\000b\000l\000e\000\040\000E\000x\000t\000e\000r\000n\000a\000l\000i\000z\000a\000t\000i\000o\000n}{section.24}% 143
\BOOKMARK [1][-]{section.25}{\376\377\000R\000e\000c\000e\000n\000c\000y\000,\000\040\000L\000o\000c\000a\000l\000i\000t\000y\000,\000\040\000a\000n\000d\000\040\000t\000h\000e\000\040\000B\000i\000t\000t\000e\000r\000\040\000L\000e\000s\000s\000o\000n}{}% 144
\BOOKMARK [2][-]{subsection.25.1}{\376\377\000R\000e\000c\000e\000n\000c\000y\000\040\000a\000s\000\040\000L\000o\000c\000a\000l\000\040\000A\000d\000m\000i\000s\000s\000i\000b\000i\000l\000i\000t\000y\000\040\000P\000r\000o\000j\000e\000c\000t\000i\000o\000n}{section.25}% 145
\BOOKMARK [2][-]{subsection.25.2}{\376\377\000L\000o\000c\000a\000l\000i\000t\000y\000\040\000C\000o\000n\000s\000t\000r\000a\000i\000n\000t\000s\000\040\000a\000n\000d\000\040\000S\000c\000a\000l\000i\000n\000g\000\040\000B\000e\000h\000a\000v\000i\000o\000r}{section.25}% 146
\BOOKMARK [1][-]{section.26}{\376\377\000A\000\040\000M\000i\000n\000i\000m\000a\000l\000\040\000S\000y\000n\000c\000h\000r\000o\000n\000i\000z\000a\000t\000i\000o\000n\000\040\000M\000o\000d\000e\000l\000\040\000o\000f\000\040\000C\000o\000s\000m\000o\000l\000o\000g\000i\000c\000a\000l\000\040\000S\000t\000r\000u\000c\000t\000u\000r\000e}{}% 147
\BOOKMARK [2][-]{subsection.26.1}{\376\377\000D\000e\000f\000i\000n\000i\000t\000i\000o\000n\000\040\000o\000f\000\040\000t\000h\000e\000\040\000S\000y\000n\000c\000h\000r\000o\000n\000i\000z\000a\000t\000i\000o\000n\000\040\000F\000i\000e\000l\000d}{section.26}% 148
\BOOKMARK [2][-]{subsection.26.2}{\376\377\000P\000a\000r\000a\000m\000e\000t\000e\000r\000-\000F\000r\000e\000e\000\040\000E\000v\000o\000l\000u\000t\000i\000o\000n\000\040\000L\000a\000w}{section.26}% 149
\BOOKMARK [2][-]{subsection.26.3}{\376\377\000S\000c\000a\000l\000e\000-\000F\000r\000e\000e\000\040\000C\000o\000h\000e\000r\000e\000n\000c\000e\000\040\000a\000n\000d\000\040\000F\000l\000a\000t\000\040\000R\000o\000t\000a\000t\000i\000o\000n\000\040\000C\000u\000r\000v\000e\000s}{section.26}% 150
\BOOKMARK [2][-]{subsection.26.4}{\376\377\000B\000a\000r\000y\000o\000n\000i\000c\000\040\000T\000u\000l\000l\000y\040\023\000F\000i\000s\000h\000e\000r\000\040\000S\000c\000a\000l\000i\000n\000g}{section.26}% 151
\BOOKMARK [2][-]{subsection.26.5}{\376\377\000L\000e\000n\000s\000i\000n\000g\000\040\000P\000r\000e\000d\000i\000c\000t\000i\000o\000n}{section.26}% 152
\BOOKMARK [2][-]{subsection.26.6}{\376\377\000F\000a\000l\000s\000i\000f\000i\000c\000a\000t\000i\000o\000n\000\040\000C\000r\000i\000t\000e\000r\000i\000a}{section.26}% 153
\BOOKMARK [1][-]{section.27}{\376\377\000A\000\040\000S\000y\000n\000c\000h\000r\000o\000n\000i\000z\000a\000t\000i\000o\000n\000-\000B\000a\000s\000e\000d\000\040\000C\000o\000s\000m\000o\000l\000o\000g\000i\000c\000a\000l\000\040\000E\000x\000t\000e\000n\000s\000i\000o\000n}{}% 154
\BOOKMARK [2][-]{subsection.27.1}{\376\377\000U\000n\000d\000e\000r\000l\000y\000i\000n\000g\000\040\000S\000y\000n\000c\000h\000r\000o\000n\000i\000z\000a\000t\000i\000o\000n\000\040\000F\000i\000e\000l\000d}{section.27}% 155
\BOOKMARK [2][-]{subsection.27.2}{\376\377\000P\000r\000o\000j\000e\000c\000t\000i\000o\000n\000\040\000t\000o\000\040\000M\000e\000s\000o\000s\000c\000a\000l\000e\000\040\000F\000i\000e\000l\000d\000s}{section.27}% 156
\BOOKMARK [2][-]{subsection.27.3}{\376\377\000C\000o\000n\000t\000i\000n\000u\000u\000m\000\040\000L\000i\000m\000i\000t\000\040\000a\000n\000d\000\040\000E\000f\000f\000e\000c\000t\000i\000v\000e\000\040\000F\000i\000e\000l\000d\000\040\000T\000h\000e\000o\000r\000y}{section.27}% 157
\BOOKMARK [1][-]{section.28}{\376\377\000C\000o\000s\000m\000o\000l\000o\000g\000i\000c\000a\000l\000\040\000P\000r\000e\000d\000i\000c\000t\000i\000o\000n\000s\000\040\000f\000r\000o\000m\000\040\000S\000y\000n\000c\000h\000r\000o\000n\000i\000z\000a\000t\000i\000o\000n\000\040\000D\000y\000n\000a\000m\000i\000c\000s}{}% 158
\BOOKMARK [2][-]{subsection.28.1}{\376\377\000G\000a\000l\000a\000x\000y\000\040\000F\000o\000r\000m\000a\000t\000i\000o\000n\000\040\000a\000s\000\040\000D\000o\000m\000a\000i\000n\000\040\000C\000o\000a\000r\000s\000e\000n\000i\000n\000g}{section.28}% 159
\BOOKMARK [2][-]{subsection.28.2}{\376\377\000F\000i\000l\000a\000m\000e\000n\000t\000a\000r\000y\000\040\000S\000t\000r\000u\000c\000t\000u\000r\000e\000\040\000a\000s\000\040\000D\000o\000m\000a\000i\000n\000\040\000B\000o\000u\000n\000d\000a\000r\000i\000e\000s}{section.28}% 160
\BOOKMARK [2][-]{subsection.28.3}{\376\377\000R\000o\000t\000a\000t\000i\000o\000n\000\040\000C\000u\000r\000v\000e\000s\000\040\000f\000r\000o\000m\000\040\000C\000o\000h\000e\000r\000e\000n\000c\000e\000\040\000C\000o\000u\000p\000l\000i\000n\000g}{section.28}% 161
\BOOKMARK [2][-]{subsection.28.4}{\376\377\000E\000n\000v\000i\000r\000o\000n\000m\000e\000n\000t\000a\000l\000\040\000D\000e\000p\000e\000n\000d\000e\000n\000c\000e}{section.28}% 162
\BOOKMARK [2][-]{subsection.28.5}{\376\377\000M\000e\000m\000o\000r\000y\000\040\000E\000f\000f\000e\000c\000t\000s\000\040\000a\000n\000d\000\040\000D\000w\000a\000r\000f\000\040\000G\000a\000l\000a\000x\000y\000\040\000V\000a\000r\000i\000a\000b\000i\000l\000i\000t\000y}{section.28}% 163
\BOOKMARK [1][-]{section.29}{\376\377\000G\000r\000a\000v\000i\000t\000a\000t\000i\000o\000n\000a\000l\000\040\000L\000e\000n\000s\000i\000n\000g\000\040\000f\000r\000o\000m\000\040\000S\000y\000n\000c\000h\000r\000o\000n\000i\000z\000a\000t\000i\000o\000n\000-\000I\000n\000d\000u\000c\000e\000d\000\040\000E\000f\000f\000e\000c\000t\000i\000v\000e\000\040\000G\000e\000o\000m\000e\000t\000r\000y}{}% 164
\BOOKMARK [2][-]{subsection.29.1}{\376\377\000E\000f\000f\000e\000c\000t\000i\000v\000e\000\040\000M\000e\000t\000r\000i\000c\000\040\000f\000r\000o\000m\000\040\000C\000o\000h\000e\000r\000e\000n\000c\000e\000\040\000F\000i\000e\000l\000d\000s}{section.29}% 165
\BOOKMARK [2][-]{subsection.29.2}{\376\377\000N\000u\000l\000l\000\040\000G\000e\000o\000d\000e\000s\000i\000c\000s\000\040\000a\000n\000d\000\040\000L\000i\000g\000h\000t\000\040\000P\000r\000o\000p\000a\000g\000a\000t\000i\000o\000n}{section.29}% 166
\BOOKMARK [2][-]{subsection.29.3}{\376\377\000R\000e\000c\000o\000v\000e\000r\000y\000\040\000o\000f\000\040\000t\000h\000e\000\040\000S\000t\000a\000n\000d\000a\000r\000d\000\040\000W\000e\000a\000k\000\040\000L\000e\000n\000s\000i\000n\000g\000\040\000L\000i\000m\000i\000t}{section.29}% 167
\BOOKMARK [1][-]{section.30}{\376\377\000C\000l\000o\000s\000u\000r\000e\000\040\000R\000e\000l\000a\000t\000i\000o\000n\000\040\000a\000n\000d\000\040\000F\000o\000r\000w\000a\000r\000d\000\040\000O\000b\000s\000e\000r\000v\000a\000t\000i\000o\000n\000a\000l\000\040\000M\000o\000d\000e\000l}{}% 168
\BOOKMARK [2][-]{subsection.30.1}{\376\377\000F\000i\000e\000l\000d\000\040\000E\000q\000u\000a\000t\000i\000o\000n\000\040\000f\000o\000r\000\040}{section.30}% 169
\BOOKMARK [2][-]{subsection.30.2}{\376\377\000E\000f\000f\000e\000c\000t\000i\000v\000e\000\040\000G\000r\000a\000v\000i\000t\000a\000t\000i\000o\000n\000a\000l\000\040\000P\000o\000t\000e\000n\000t\000i\000a\000l}{section.30}% 170
\BOOKMARK [2][-]{subsection.30.3}{\376\377\000F\000o\000r\000w\000a\000r\000d\000\040\000P\000i\000p\000e\000l\000i\000n\000e}{section.30}% 171
\BOOKMARK [1][-]{section.31}{\376\377\000R\000o\000t\000a\000t\000i\000o\000n\000-\000C\000u\000r\000v\000e\000\040\000S\000c\000a\000l\000i\000n\000g\000\040\000f\000r\000o\000m\000\040\000S\000c\000a\000l\000e\000-\000F\000r\000e\000e\000\040\000S\000y\000n\000c\000h\000r\000o\000n\000i\000z\000a\000t\000i\000o\000n}{}% 172
\BOOKMARK [2][-]{subsection.31.1}{\376\377\000S\000c\000a\000l\000e\000-\000F\000r\000e\000e\000\040\000C\000o\000h\000e\000r\000e\000n\000c\000e\000\040\000P\000r\000o\000f\000i\000l\000e\000s}{section.31}% 173
\BOOKMARK [2][-]{subsection.31.2}{\376\377\000T\000h\000e\000\040\000S\000q\000u\000a\000r\000e\000-\000R\000o\000o\000t\000\040\000C\000o\000h\000e\000r\000e\000n\000c\000e\000\040\000R\000e\000s\000p\000o\000n\000s\000e}{section.31}% 174
\BOOKMARK [2][-]{subsection.31.3}{\376\377\000I\000n\000t\000e\000r\000p\000r\000e\000t\000a\000t\000i\000o\000n}{section.31}% 175
\BOOKMARK [1][-]{section.32}{\376\377\000R\000e\000l\000a\000t\000i\000o\000n\000\040\000t\000o\000\040\000N\000u\000m\000e\000r\000i\000c\000a\000l\000\040\000C\000o\000s\000m\000o\000l\000o\000g\000y\000\040\000a\000n\000d\000\040\000t\000h\000e\000\040\000I\000l\000l\000u\000s\000t\000r\000i\000s\000\040\000P\000i\000p\000e\000l\000i\000n\000e}{}% 176
\BOOKMARK [2][-]{subsection.32.1}{\376\377\000B\000e\000n\000c\000h\000m\000a\000r\000k\000\040\000C\000a\000s\000e\000\040\000S\000t\000u\000d\000y\000:\000\040\000R\000e\000c\000o\000n\000s\000t\000r\000u\000c\000t\000i\000n\000g\000\040\000a\000\040\000S\000i\000m\000u\000l\000a\000t\000e\000d\000\040\000H\000a\000l\000o\000\040\000W\000i\000t\000h\000o\000u\000t\000\040\000D\000a\000r\000k\000\040\000M\000a\000t\000t\000e\000r}{section.32}% 177
\BOOKMARK [1][-]{section.33}{\376\377\000C\000o\000m\000p\000a\000r\000a\000t\000i\000v\000e\000\040\000P\000r\000e\000d\000i\000c\000t\000i\000o\000n\000s\000\040\000A\000c\000r\000o\000s\000s\000\040\000C\000o\000s\000m\000o\000l\000o\000g\000i\000c\000a\000l\000\040\000F\000r\000a\000m\000e\000w\000o\000r\000k\000s}{}% 178
\BOOKMARK [2][-]{subsection.33.1}{\376\377\000R\000o\000t\000a\000t\000i\000o\000n\000\040\000C\000u\000r\000v\000e\000s}{section.33}% 179
\BOOKMARK [2][-]{subsection.33.2}{\376\377\000G\000r\000a\000v\000i\000t\000a\000t\000i\000o\000n\000a\000l\000\040\000L\000e\000n\000s\000i\000n\000g}{section.33}% 180
\BOOKMARK [2][-]{subsection.33.3}{\376\377\000S\000t\000r\000u\000c\000t\000u\000r\000e\000\040\000F\000o\000r\000m\000a\000t\000i\000o\000n}{section.33}% 181
\BOOKMARK [2][-]{subsection.33.4}{\376\377\000D\000y\000n\000a\000m\000i\000c\000a\000l\000\040\000M\000e\000m\000o\000r\000y}{section.33}% 182
\BOOKMARK [2][-]{subsection.33.5}{\376\377\000D\000i\000s\000c\000r\000i\000m\000i\000n\000a\000t\000i\000n\000g\000\040\000O\000b\000s\000e\000r\000v\000a\000b\000l\000e\000s}{section.33}% 183
\BOOKMARK [1][-]{section.34}{\376\377\000O\000b\000s\000e\000r\000v\000a\000t\000i\000o\000n\000a\000l\000\040\000S\000t\000r\000a\000t\000e\000g\000y\000\040\000f\000o\000r\000\040\000D\000e\000t\000e\000c\000t\000i\000n\000g\000\040\000F\000i\000e\000l\000d\000\040\000R\000e\000l\000a\000x\000a\000t\000i\000o\000n}{}% 184
\BOOKMARK [2][-]{subsection.34.1}{\376\377\000M\000e\000r\000g\000i\000n\000g\000\040\000G\000a\000l\000a\000x\000y\000\040\000C\000l\000u\000s\000t\000e\000r\000s}{section.34}% 185
\BOOKMARK [2][-]{subsection.34.2}{\376\377\000T\000i\000m\000e\000-\000R\000e\000s\000o\000l\000v\000e\000d\000\040\000S\000t\000r\000o\000n\000g\000\040\000L\000e\000n\000s\000i\000n\000g}{section.34}% 186
\BOOKMARK [2][-]{subsection.34.3}{\376\377\000G\000a\000l\000a\000x\000y\000\040\000R\000o\000t\000a\000t\000i\000o\000n\000\040\000D\000u\000r\000i\000n\000g\000\040\000T\000r\000a\000n\000s\000i\000e\000n\000t\000s}{section.34}% 187
\BOOKMARK [2][-]{subsection.34.4}{\376\377\000L\000a\000r\000g\000e\000-\000S\000c\000a\000l\000e\000\040\000S\000t\000r\000u\000c\000t\000u\000r\000e\000\040\000E\000v\000o\000l\000u\000t\000i\000o\000n}{section.34}% 188
\BOOKMARK [2][-]{subsection.34.5}{\376\377\000A\000\040\000N\000o\000-\000G\000o\000\040\000R\000e\000s\000u\000l\000t\000\040\000f\000o\000r\000\040\000I\000n\000s\000t\000a\000n\000t\000a\000n\000e\000o\000u\000s\000\040\000G\000r\000a\000v\000i\000t\000a\000t\000i\000o\000n\000a\000l\000\040\000R\000e\000s\000p\000o\000n\000s\000e}{section.34}% 189
\BOOKMARK [2][-]{subsection.34.6}{\376\377\000F\000a\000l\000s\000i\000f\000i\000c\000a\000t\000i\000o\000n\000\040\000P\000r\000o\000t\000o\000c\000o\000l}{section.34}% 190
\BOOKMARK [1][-]{section.35}{\376\377\000L\000i\000m\000i\000t\000a\000t\000i\000o\000n\000s\000\040\000a\000n\000d\000\040\000O\000p\000e\000n\000\040\000P\000r\000o\000b\000l\000e\000m\000s}{}% 191
\BOOKMARK [1][-]{section.36}{\376\377\000C\000o\000n\000c\000l\000u\000s\000i\000o\000n\000:\000\040\000F\000r\000o\000m\000\040\000S\000t\000r\000u\000c\000t\000u\000r\000e\000\040\000t\000o\000\040\000C\000o\000n\000s\000t\000r\000a\000i\000n\000e\000d\000\040\000T\000r\000a\000j\000e\000c\000t\000o\000r\000i\000e\000s}{}% 192
\BOOKMARK [1][-]{appendix.A}{\376\377\000A\000l\000g\000o\000r\000i\000t\000h\000m\000s\000\040\000f\000o\000r\000\040\000t\000h\000e\000\040\000A\000d\000m\000i\000s\000s\000i\000b\000i\000l\000i\000t\000y\000\040\000L\000o\000g\000\040\000S\000i\000m\000u\000l\000a\000t\000o\000r}{}% 193
\BOOKMARK [2][-]{subsection.A.1}{\376\377\000A\000l\000g\000o\000r\000i\000t\000h\000m\000\040\0001\000:\000\040\000R\000S\000V\000P\000\040\000F\000i\000e\000l\000d\000\040\000I\000n\000i\000t\000i\000a\000l\000i\000z\000a\000t\000i\000o\000n\000\040\000a\000n\000d\000\040\000E\000v\000e\000n\000t\000\040\000A\000p\000p\000l\000i\000c\000a\000t\000i\000o\000n}{appendix.A}% 194
\BOOKMARK [2][-]{subsection.A.2}{\376\377\000A\000l\000g\000o\000r\000i\000t\000h\000m\000\040\0002\000:\000\040\000R\000S\000V\000P\000\040\000R\000e\000l\000a\000x\000a\000t\000i\000o\000n\000\040\000S\000t\000e\000p}{appendix.A}% 195
\BOOKMARK [2][-]{subsection.A.3}{\376\377\000A\000l\000g\000o\000r\000i\000t\000h\000m\000\040\0003\000:\000\040\000G\000l\000u\000i\000n\000g\000\040\000O\000b\000s\000t\000r\000u\000c\000t\000i\000o\000n\000\040\000E\000s\000t\000i\000m\000a\000t\000i\000o\000n}{appendix.A}% 196
\BOOKMARK [2][-]{subsection.A.4}{\376\377\000V\000i\000s\000u\000a\000l\000i\000z\000a\000t\000i\000o\000n\000\040\000I\000n\000t\000e\000r\000p\000r\000e\000t\000a\000t\000i\000o\000n}{appendix.A}% 197
\BOOKMARK [1][-]{appendix.B}{\376\377\000A\000l\000g\000o\000r\000i\000t\000h\000m\000\040\000f\000o\000r\000\040\000t\000h\000e\000\040\000C\000o\000s\000m\000o\000l\000o\000g\000i\000c\000a\000l\000\040\000S\000y\000n\000c\000h\000r\000o\000n\000i\000z\000a\000t\000i\000o\000n\000\040\000F\000o\000r\000w\000a\000r\000d\000\040\000M\000o\000d\000e\000l}{}% 198
\BOOKMARK [2][-]{subsection.B.1}{\376\377\000A\000l\000g\000o\000r\000i\000t\000h\000m\000\040\0004\000:\000\040\000S\000y\000n\000c\000h\000r\000o\000n\000i\000z\000a\000t\000i\000o\000n\000\040\000F\000i\000e\000l\000d\000\040\000S\000o\000l\000v\000e\000r}{appendix.B}% 199
\BOOKMARK [2][-]{subsection.B.2}{\376\377\000A\000l\000g\000o\000r\000i\000t\000h\000m\000\040\0005\000:\000\040\000E\000f\000f\000e\000c\000t\000i\000v\000e\000\040\000P\000o\000t\000e\000n\000t\000i\000a\000l\000\040\000a\000n\000d\000\040\000O\000b\000s\000e\000r\000v\000a\000b\000l\000e\000\040\000C\000o\000n\000s\000t\000r\000u\000c\000t\000i\000o\000n}{appendix.B}% 200
\BOOKMARK [2][-]{subsection.B.3}{\376\377\000C\000a\000l\000i\000b\000r\000a\000t\000i\000o\000n\000\040\000a\000n\000d\000\040\000F\000a\000l\000s\000i\000f\000i\000c\000a\000t\000i\000o\000n\000\040\000C\000r\000i\000t\000e\000r\000i\000o\000n}{appendix.B}% 201
\BOOKMARK [1][-]{appendix.C}{\376\377\000B\000N\000F\000\040\000S\000p\000e\000c\000i\000f\000i\000c\000a\000t\000i\000o\000n\000\040\000f\000o\000r\000\040\000t\000h\000e\000\040\000S\000y\000n\000c\000h\000r\000o\000n\000i\000z\000a\000t\000i\000o\000n\000-\000F\000i\000e\000l\000d\000\040\000S\000i\000m\000u\000l\000a\000t\000o\000r}{}% 202
\BOOKMARK [2][-]{subsection.C.1}{\376\377\000G\000r\000a\000m\000m\000a\000r}{appendix.C}% 203
\BOOKMARK [2][-]{subsection.C.2}{\376\377\000O\000p\000e\000r\000a\000t\000i\000o\000n\000a\000l\000\040\000S\000e\000m\000a\000n\000t\000i\000c\000s}{appendix.C}% 204
\BOOKMARK [2][-]{subsection.C.3}{\376\377\000I\000n\000v\000a\000r\000i\000a\000n\000t\000\040\000P\000r\000o\000p\000e\000r\000t\000i\000e\000s}{appendix.C}% 205
\BOOKMARK [2][-]{subsection.C.4}{\376\377\000O\000b\000s\000e\000r\000v\000a\000b\000l\000e\000\040\000E\000x\000t\000r\000a\000c\000t\000i\000o\000n\000\040\000P\000i\000p\000e\000l\000i\000n\000e}{appendix.C}% 206
\BOOKMARK [2][-]{subsection.C.5}{\376\377\000C\000o\000m\000p\000u\000t\000a\000t\000i\000o\000n\000a\000l\000\040\000C\000o\000m\000p\000l\000e\000x\000i\000t\000y}{appendix.C}% 207
\BOOKMARK [1][-]{appendix.D}{\376\377\000R\000e\000f\000e\000r\000e\000n\000c\000e\000\040\000I\000m\000p\000l\000e\000m\000e\000n\000t\000a\000t\000i\000o\000n\000\040\000o\000f\000\040\000t\000h\000e\000\040\000S\000y\000n\000c\000h\000r\000o\000n\000i\000z\000a\000t\000i\000o\000n\000\040\000M\000o\000d\000e\000l}{}% 208
\BOOKMARK [2][-]{subsection.D.1}{\376\377\000D\000a\000t\000a\000\040\000L\000a\000y\000o\000u\000t}{appendix.D}% 209
\BOOKMARK [2][-]{subsection.D.2}{\376\377\000P\000a\000r\000a\000l\000l\000e\000l\000\040\000U\000p\000d\000a\000t\000e\000\040\000K\000e\000r\000n\000e\000l}{appendix.D}% 210
\BOOKMARK [2][-]{subsection.D.3}{\376\377\000P\000r\000o\000j\000e\000c\000t\000i\000o\000n\000\040\000K\000e\000r\000n\000e\000l\000s}{appendix.D}% 211
\BOOKMARK [1][-]{appendix.E}{\376\377\000C\000o\000n\000t\000i\000n\000u\000u\000m\000\040\000L\000i\000m\000i\000t\000\040\000o\000f\000\040\000t\000h\000e\000\040\000S\000y\000n\000c\000h\000r\000o\000n\000i\000z\000a\000t\000i\000o\000n\000\040\000D\000y\000n\000a\000m\000i\000c\000s}{}% 212
\BOOKMARK [2][-]{subsection.E.1}{\376\377\000C\000o\000a\000r\000s\000e\000-\000G\000r\000a\000i\000n\000i\000n\000g}{appendix.E}% 213
\BOOKMARK [2][-]{subsection.E.2}{\376\377\000E\000x\000p\000a\000n\000s\000i\000o\000n\000\040\000o\000f\000\040\000t\000h\000e\000\040\000U\000p\000d\000a\000t\000e\000\040\000R\000u\000l\000e}{appendix.E}% 214
\BOOKMARK [2][-]{subsection.E.3}{\376\377\000E\000m\000e\000r\000g\000e\000n\000c\000e\000\040\000o\000f\000\040\000E\000f\000f\000e\000c\000t\000i\000v\000e\000\040\000G\000r\000a\000v\000i\000t\000y}{appendix.E}% 215
