This is LuaHBTeX, Version 1.17.0 (TeX Live 2023/Debian)  (format=lualatex 2026.5.3)  3 MAY 2026 14:23
 restricted system commands enabled.
**mesoscale_matter.tex
(./mesoscale_matter.tex
LaTeX2e <2023-11-01> patch level 1
L3 programming layer <2024-01-22>
Lua module: luaotfload 2023-08-31 3.26 Lua based OpenType font support
Lua module: lualibs 2023-07-13 2.76 ConTeXt Lua standard libraries.
Lua module: lualibs-extended 2023-07-13 2.76 ConTeXt Lua libraries -- extended c
ollection.
luaotfload | conf : Root cache directory is "/home/flyxion/.texlive2023/texmf-va
r/luatex-cache/generic/names".
luaotfload | init : Loading fontloader "fontloader-2023-08-19.lua" from kpse-res
olved path "/usr/share/texlive/texmf-dist/tex/luatex/luaotfload/fontloader-2023-
08-19.lua".
Lua-only attribute luaotfload@noligature = 1
luaotfload | init : Context OpenType loader version 3.133
Inserting `luaotfload.node_processor' in `pre_linebreak_filter'.
Inserting `luaotfload.node_processor' in `hpack_filter'.
Inserting `luaotfload.glyph_stream' in `glyph_stream_provider'.
Inserting `luaotfload.define_font' in `define_font'.
Lua-only attribute luaotfload_color_attribute = 2
luaotfload | conf : Root cache directory is "/home/flyxion/.texlive2023/texmf-va
r/luatex-cache/generic/names".
Inserting `luaotfload.harf.strip_prefix' in `find_opentype_file'.
Inserting `luaotfload.harf.strip_prefix' in `find_truetype_file'.
Removing  `luaotfload.glyph_stream' from `glyph_stream_provider'.
Inserting `luaotfload.harf.glyphstream' in `glyph_stream_provider'.
Inserting `luaotfload.harf.finalize_vlist' in `post_linebreak_filter'.
Inserting `luaotfload.harf.finalize_hlist' in `hpack_filter'.
Inserting `luaotfload.cleanup_files' in `wrapup_run'.
Inserting `luaotfload.harf.finalize_unicode' in `finish_pdffile'.
Inserting `luaotfload.glyphinfo' in `glyph_info'.
Lua-only attribute luaotfload.letterspace_done = 3
Inserting `luaotfload.aux.set_sscale_dimens' in `luaotfload.patch_font'.
Inserting `luaotfload.aux.set_font_index' in `luaotfload.patch_font'.
Inserting `luaotfload.aux.patch_cambria_domh' in `luaotfload.patch_font'.
Inserting `luaotfload.aux.fixup_fontdata' in `luaotfload.patch_font_unsafe'.
Inserting `luaotfload.aux.set_capheight' in `luaotfload.patch_font'.
Inserting `luaotfload.aux.set_xheight' in `luaotfload.patch_font'.
Inserting `luaotfload.rewrite_fontname' in `luaotfload.patch_font'.
Inserting `tracingstacklevels' in `input_level_string'. (/usr/share/texlive/tex
mf-dist/tex/latex/base/article.cls
Document Class: article 2023/05/17 v1.4n Standard LaTeX document class
(/usr/share/texlive/texmf-dist/tex/latex/base/size11.clo
File: size11.clo 2023/05/17 v1.4n Standard LaTeX file (size option)
luaotfload | db : Font names database loaded from /home/flyxion/.texlive2023/tex
mf-var/luatex-cache/generic/names/luaotfload-names.luc.gz)
\c@part=\count185
\c@section=\count186
\c@subsection=\count187
\c@subsubsection=\count188
\c@paragraph=\count189
\c@subparagraph=\count190
\c@figure=\count191
\c@table=\count192
\abovecaptionskip=\skip48
\belowcaptionskip=\skip49
\bibindent=\dimen139
)
(/usr/share/texlive/texmf-dist/tex/latex/base/fontenc.sty
Package: fontenc 2021/04/29 v2.0v Standard LaTeX package
LaTeX Font Info:    Trying to load font information for T1+lmr on input line 11
2.

(/usr/share/texmf/tex/latex/lm/t1lmr.fd
File: t1lmr.fd 2015/05/01 v1.6.1 Font defs for Latin Modern
))
(/usr/share/texlive/texmf-dist/tex/latex/psnfss/mathpazo.sty
Package: mathpazo 2020/03/25 PSNFSS-v9.3 Palatino w/ Pazo Math (D.Puga, WaS) 
\symupright=\mathgroup4
)
(/usr/share/texlive/texmf-dist/tex/latex/microtype/microtype.sty
Package: microtype 2023/03/13 v3.1a Micro-typographical refinements (RS)

(/usr/share/texlive/texmf-dist/tex/latex/graphics/keyval.sty
Package: keyval 2022/05/29 v1.15 key=value parser (DPC)
\KV@toks@=\toks17
)
(/usr/share/texlive/texmf-dist/tex/latex/etoolbox/etoolbox.sty
Package: etoolbox 2020/10/05 v2.5k e-TeX tools for LaTeX (JAW)
\etb@tempcnta=\count193
)
\MT@toks=\toks18
\MT@tempbox=\box51
\MT@count=\count194
LaTeX Info: Redefining \noprotrusionifhmode on input line 1059.
LaTeX Info: Redefining \leftprotrusion on input line 1060.
\MT@prot@toks=\toks19
LaTeX Info: Redefining \rightprotrusion on input line 1078.
LaTeX Info: Redefining \textls on input line 1368.
\MT@outer@kern=\dimen140
LaTeX Info: Redefining \textmicrotypecontext on input line 1988.
\MT@listname@count=\count195

(/usr/share/texlive/texmf-dist/tex/latex/microtype/microtype-luatex.def
File: microtype-luatex.def 2023/03/13 v3.1a Definitions specific to luatex (RS)

Lua module: microtype 2023/03/13 3.1a microtype module.
Module microtype Info: overwriting function `keepligature' on input line 63
LaTeX Info: Redefining \lsstyle on input line 688.
LaTeX Info: Redefining \lslig on input line 688.
\MT@outer@space=\skip50
)
Package microtype Info: Loading configuration file microtype.cfg.

(/usr/share/texlive/texmf-dist/tex/latex/microtype/microtype.cfg
File: microtype.cfg 2023/03/13 v3.1a microtype main configuration file (RS)
))
(/usr/share/texlive/texmf-dist/tex/latex/pgf/frontendlayer/tikz.sty
(/usr/share/texlive/texmf-dist/tex/latex/pgf/basiclayer/pgf.sty
(/usr/share/texlive/texmf-dist/tex/latex/pgf/utilities/pgfrcs.sty
(/usr/share/texlive/texmf-dist/tex/generic/pgf/utilities/pgfutil-common.tex
\pgfutil@everybye=\toks20
\pgfutil@tempdima=\dimen141
\pgfutil@tempdimb=\dimen142
)
(/usr/share/texlive/texmf-dist/tex/generic/pgf/utilities/pgfutil-latex.def
\pgfutil@abb=\box52
)
(/usr/share/texlive/texmf-dist/tex/generic/pgf/utilities/pgfrcs.code.tex
(/usr/share/texlive/texmf-dist/tex/generic/pgf/pgf.revision.tex)
Package: pgfrcs 2023-01-15 v3.1.10 (3.1.10)
))
Package: pgf 2023-01-15 v3.1.10 (3.1.10)

(/usr/share/texlive/texmf-dist/tex/latex/pgf/basiclayer/pgfcore.sty
(/usr/share/texlive/texmf-dist/tex/latex/graphics/graphicx.sty
Package: graphicx 2021/09/16 v1.2d Enhanced LaTeX Graphics (DPC,SPQR)

(/usr/share/texlive/texmf-dist/tex/latex/graphics/graphics.sty
Package: graphics 2022/03/10 v1.4e Standard LaTeX Graphics (DPC,SPQR)

(/usr/share/texlive/texmf-dist/tex/latex/graphics/trig.sty
Package: trig 2021/08/11 v1.11 sin cos tan (DPC)
)
(/usr/share/texlive/texmf-dist/tex/latex/graphics-cfg/graphics.cfg
File: graphics.cfg 2016/06/04 v1.11 sample graphics configuration
)
Package graphics Info: Driver file: luatex.def on input line 107.

(/usr/share/texlive/texmf-dist/tex/latex/graphics-def/luatex.def
File: luatex.def 2022/09/22 v1.2d Graphics/color driver for luatex
))
\Gin@req@height=\dimen143
\Gin@req@width=\dimen144
)
(/usr/share/texlive/texmf-dist/tex/latex/pgf/systemlayer/pgfsys.sty
(/usr/share/texlive/texmf-dist/tex/generic/pgf/systemlayer/pgfsys.code.tex
Package: pgfsys 2023-01-15 v3.1.10 (3.1.10)

(/usr/share/texlive/texmf-dist/tex/generic/pgf/utilities/pgfkeys.code.tex
\pgfkeys@pathtoks=\toks21
\pgfkeys@temptoks=\toks22

(/usr/share/texlive/texmf-dist/tex/generic/pgf/utilities/pgfkeyslibraryfiltered
.code.tex
\pgfkeys@tmptoks=\toks23
))
\pgf@x=\dimen145
\pgf@y=\dimen146
\pgf@xa=\dimen147
\pgf@ya=\dimen148
\pgf@xb=\dimen149
\pgf@yb=\dimen150
\pgf@xc=\dimen151
\pgf@yc=\dimen152
\pgf@xd=\dimen153
\pgf@yd=\dimen154
\w@pgf@writea=\write3
\r@pgf@reada=\read2
\c@pgf@counta=\count196
\c@pgf@countb=\count197
\c@pgf@countc=\count198
\c@pgf@countd=\count199
\t@pgf@toka=\toks24
\t@pgf@tokb=\toks25
\t@pgf@tokc=\toks26
\pgf@sys@id@count=\count266
 (/usr/share/texlive/texmf-dist/tex/generic/pgf/systemlayer/pgf.cfg
File: pgf.cfg 2023-01-15 v3.1.10 (3.1.10)
)
Driver file for pgf: pgfsys-luatex.def
(/usr/share/texlive/texmf-dist/tex/generic/pgf/systemlayer/pgfsys-luatex.def
File: pgfsys-luatex.def 2023-01-15 v3.1.10 (3.1.10)

(/usr/share/texlive/texmf-dist/tex/generic/pgf/systemlayer/pgfsys-common-pdf.de
f
File: pgfsys-common-pdf.def 2023-01-15 v3.1.10 (3.1.10)
)))
(/usr/share/texlive/texmf-dist/tex/generic/pgf/systemlayer/pgfsyssoftpath.code.
tex
File: pgfsyssoftpath.code.tex 2023-01-15 v3.1.10 (3.1.10)
\pgfsyssoftpath@smallbuffer@items=\count267
\pgfsyssoftpath@bigbuffer@items=\count268
)
(/usr/share/texlive/texmf-dist/tex/generic/pgf/systemlayer/pgfsysprotocol.code.
tex
File: pgfsysprotocol.code.tex 2023-01-15 v3.1.10 (3.1.10)
)) (/usr/share/texlive/texmf-dist/tex/latex/xcolor/xcolor.sty
Package: xcolor 2023/11/15 v3.01 LaTeX color extensions (UK)

(/usr/share/texlive/texmf-dist/tex/latex/graphics-cfg/color.cfg
File: color.cfg 2016/01/02 v1.6 sample color configuration
)
Package xcolor Info: Driver file: luatex.def on input line 274.

(/usr/share/texlive/texmf-dist/tex/latex/graphics/mathcolor.ltx)
Package xcolor Info: Model `cmy' substituted by `cmy0' on input line 1350.
Package xcolor Info: Model `hsb' substituted by `rgb' on input line 1354.
Package xcolor Info: Model `RGB' extended on input line 1366.
Package xcolor Info: Model `HTML' substituted by `rgb' on input line 1368.
Package xcolor Info: Model `Hsb' substituted by `hsb' on input line 1369.
Package xcolor Info: Model `tHsb' substituted by `hsb' on input line 1370.
Package xcolor Info: Model `HSB' substituted by `hsb' on input line 1371.
Package xcolor Info: Model `Gray' substituted by `gray' on input line 1372.
Package xcolor Info: Model `wave' substituted by `hsb' on input line 1373.
)
(/usr/share/texlive/texmf-dist/tex/generic/pgf/basiclayer/pgfcore.code.tex
Package: pgfcore 2023-01-15 v3.1.10 (3.1.10)

(/usr/share/texlive/texmf-dist/tex/generic/pgf/math/pgfmath.code.tex
(/usr/share/texlive/texmf-dist/tex/generic/pgf/math/pgfmathutil.code.tex)
(/usr/share/texlive/texmf-dist/tex/generic/pgf/math/pgfmathparser.code.tex
\pgfmath@dimen=\dimen155
\pgfmath@count=\count269
\pgfmath@box=\box53
\pgfmath@toks=\toks27
\pgfmath@stack@operand=\toks28
\pgfmath@stack@operation=\toks29
)
(/usr/share/texlive/texmf-dist/tex/generic/pgf/math/pgfmathfunctions.code.tex)
(/usr/share/texlive/texmf-dist/tex/generic/pgf/math/pgfmathfunctions.basic.code
.tex)
(/usr/share/texlive/texmf-dist/tex/generic/pgf/math/pgfmathfunctions.trigonomet
ric.code.tex)
(/usr/share/texlive/texmf-dist/tex/generic/pgf/math/pgfmathfunctions.random.cod
e.tex)
(/usr/share/texlive/texmf-dist/tex/generic/pgf/math/pgfmathfunctions.comparison
.code.tex)
(/usr/share/texlive/texmf-dist/tex/generic/pgf/math/pgfmathfunctions.base.code.
tex)
(/usr/share/texlive/texmf-dist/tex/generic/pgf/math/pgfmathfunctions.round.code
.tex)
(/usr/share/texlive/texmf-dist/tex/generic/pgf/math/pgfmathfunctions.misc.code.
tex)
(/usr/share/texlive/texmf-dist/tex/generic/pgf/math/pgfmathfunctions.integerari
thmetics.code.tex)
(/usr/share/texlive/texmf-dist/tex/generic/pgf/math/pgfmathcalc.code.tex)
(/usr/share/texlive/texmf-dist/tex/generic/pgf/math/pgfmathfloat.code.tex
\c@pgfmathroundto@lastzeros=\count270
))
(/usr/share/texlive/texmf-dist/tex/generic/pgf/math/pgfint.code.tex)
(/usr/share/texlive/texmf-dist/tex/generic/pgf/basiclayer/pgfcorepoints.code.te
x
File: pgfcorepoints.code.tex 2023-01-15 v3.1.10 (3.1.10)
\pgf@picminx=\dimen156
\pgf@picmaxx=\dimen157
\pgf@picminy=\dimen158
\pgf@picmaxy=\dimen159
\pgf@pathminx=\dimen160
\pgf@pathmaxx=\dimen161
\pgf@pathminy=\dimen162
\pgf@pathmaxy=\dimen163
\pgf@xx=\dimen164
\pgf@xy=\dimen165
\pgf@yx=\dimen166
\pgf@yy=\dimen167
\pgf@zx=\dimen168
\pgf@zy=\dimen169
)
(/usr/share/texlive/texmf-dist/tex/generic/pgf/basiclayer/pgfcorepathconstruct.
code.tex
File: pgfcorepathconstruct.code.tex 2023-01-15 v3.1.10 (3.1.10)
\pgf@path@lastx=\dimen170
\pgf@path@lasty=\dimen171
)
(/usr/share/texlive/texmf-dist/tex/generic/pgf/basiclayer/pgfcorepathusage.code
.tex
File: pgfcorepathusage.code.tex 2023-01-15 v3.1.10 (3.1.10)
\pgf@shorten@end@additional=\dimen172
\pgf@shorten@start@additional=\dimen173
)
(/usr/share/texlive/texmf-dist/tex/generic/pgf/basiclayer/pgfcorescopes.code.te
x
File: pgfcorescopes.code.tex 2023-01-15 v3.1.10 (3.1.10)
\pgfpic=\box54
\pgf@hbox=\box55
\pgf@layerbox@main=\box56
\pgf@picture@serial@count=\count271
)
(/usr/share/texlive/texmf-dist/tex/generic/pgf/basiclayer/pgfcoregraphicstate.c
ode.tex
File: pgfcoregraphicstate.code.tex 2023-01-15 v3.1.10 (3.1.10)
\pgflinewidth=\dimen174
)
(/usr/share/texlive/texmf-dist/tex/generic/pgf/basiclayer/pgfcoretransformation
s.code.tex
File: pgfcoretransformations.code.tex 2023-01-15 v3.1.10 (3.1.10)
\pgf@pt@x=\dimen175
\pgf@pt@y=\dimen176
\pgf@pt@temp=\dimen177
)
(/usr/share/texlive/texmf-dist/tex/generic/pgf/basiclayer/pgfcorequick.code.tex
File: pgfcorequick.code.tex 2023-01-15 v3.1.10 (3.1.10)
)
(/usr/share/texlive/texmf-dist/tex/generic/pgf/basiclayer/pgfcoreobjects.code.t
ex
File: pgfcoreobjects.code.tex 2023-01-15 v3.1.10 (3.1.10)
)
(/usr/share/texlive/texmf-dist/tex/generic/pgf/basiclayer/pgfcorepathprocessing
.code.tex
File: pgfcorepathprocessing.code.tex 2023-01-15 v3.1.10 (3.1.10)
)
(/usr/share/texlive/texmf-dist/tex/generic/pgf/basiclayer/pgfcorearrows.code.te
x
File: pgfcorearrows.code.tex 2023-01-15 v3.1.10 (3.1.10)
\pgfarrowsep=\dimen178
)
(/usr/share/texlive/texmf-dist/tex/generic/pgf/basiclayer/pgfcoreshade.code.tex
File: pgfcoreshade.code.tex 2023-01-15 v3.1.10 (3.1.10)
\pgf@max=\dimen179
\pgf@sys@shading@range@num=\count272
\pgf@shadingcount=\count273
)
(/usr/share/texlive/texmf-dist/tex/generic/pgf/basiclayer/pgfcoreimage.code.tex
File: pgfcoreimage.code.tex 2023-01-15 v3.1.10 (3.1.10)
)
(/usr/share/texlive/texmf-dist/tex/generic/pgf/basiclayer/pgfcoreexternal.code.
tex
File: pgfcoreexternal.code.tex 2023-01-15 v3.1.10 (3.1.10)
\pgfexternal@startupbox=\box57
)
(/usr/share/texlive/texmf-dist/tex/generic/pgf/basiclayer/pgfcorelayers.code.te
x
File: pgfcorelayers.code.tex 2023-01-15 v3.1.10 (3.1.10)
)
(/usr/share/texlive/texmf-dist/tex/generic/pgf/basiclayer/pgfcoretransparency.c
ode.tex
File: pgfcoretransparency.code.tex 2023-01-15 v3.1.10 (3.1.10)
)
(/usr/share/texlive/texmf-dist/tex/generic/pgf/basiclayer/pgfcorepatterns.code.
tex
File: pgfcorepatterns.code.tex 2023-01-15 v3.1.10 (3.1.10)
)
(/usr/share/texlive/texmf-dist/tex/generic/pgf/basiclayer/pgfcorerdf.code.tex
File: pgfcorerdf.code.tex 2023-01-15 v3.1.10 (3.1.10)
)))
(/usr/share/texlive/texmf-dist/tex/generic/pgf/modules/pgfmoduleshapes.code.tex
File: pgfmoduleshapes.code.tex 2023-01-15 v3.1.10 (3.1.10)
\pgfnodeparttextbox=\box58
) (/usr/share/texlive/texmf-dist/tex/generic/pgf/modules/pgfmoduleplot.code.tex
File: pgfmoduleplot.code.tex 2023-01-15 v3.1.10 (3.1.10)
)
(/usr/share/texlive/texmf-dist/tex/latex/pgf/compatibility/pgfcomp-version-0-65
.sty
Package: pgfcomp-version-0-65 2023-01-15 v3.1.10 (3.1.10)
\pgf@nodesepstart=\dimen180
\pgf@nodesepend=\dimen181
)
(/usr/share/texlive/texmf-dist/tex/latex/pgf/compatibility/pgfcomp-version-1-18
.sty
Package: pgfcomp-version-1-18 2023-01-15 v3.1.10 (3.1.10)
)) (/usr/share/texlive/texmf-dist/tex/latex/pgf/utilities/pgffor.sty
(/usr/share/texlive/texmf-dist/tex/latex/pgf/utilities/pgfkeys.sty
(/usr/share/texlive/texmf-dist/tex/generic/pgf/utilities/pgfkeys.code.tex))
(/usr/share/texlive/texmf-dist/tex/latex/pgf/math/pgfmath.sty
(/usr/share/texlive/texmf-dist/tex/generic/pgf/math/pgfmath.code.tex))
(/usr/share/texlive/texmf-dist/tex/generic/pgf/utilities/pgffor.code.tex
Package: pgffor 2023-01-15 v3.1.10 (3.1.10)
\pgffor@iter=\dimen182
\pgffor@skip=\dimen183
\pgffor@stack=\toks30
\pgffor@toks=\toks31
))
(/usr/share/texlive/texmf-dist/tex/generic/pgf/frontendlayer/tikz/tikz.code.tex
Package: tikz 2023-01-15 v3.1.10 (3.1.10)

(/usr/share/texlive/texmf-dist/tex/generic/pgf/libraries/pgflibraryplothandlers
.code.tex
File: pgflibraryplothandlers.code.tex 2023-01-15 v3.1.10 (3.1.10)
\pgf@plot@mark@count=\count274
\pgfplotmarksize=\dimen184
)
\tikz@lastx=\dimen185
\tikz@lasty=\dimen186
\tikz@lastxsaved=\dimen187
\tikz@lastysaved=\dimen188
\tikz@lastmovetox=\dimen189
\tikz@lastmovetoy=\dimen190
\tikzleveldistance=\dimen191
\tikzsiblingdistance=\dimen192
\tikz@figbox=\box59
\tikz@figbox@bg=\box60
\tikz@tempbox=\box61
\tikz@tempbox@bg=\box62
\tikztreelevel=\count275
\tikznumberofchildren=\count276
\tikznumberofcurrentchild=\count277
\tikz@fig@count=\count278

(/usr/share/texlive/texmf-dist/tex/generic/pgf/modules/pgfmodulematrix.code.tex
File: pgfmodulematrix.code.tex 2023-01-15 v3.1.10 (3.1.10)
\pgfmatrixcurrentrow=\count279
\pgfmatrixcurrentcolumn=\count280
\pgf@matrix@numberofcolumns=\count281
)
\tikz@expandcount=\count282

(/usr/share/texlive/texmf-dist/tex/generic/pgf/frontendlayer/tikz/libraries/tik
zlibrarytopaths.code.tex
File: tikzlibrarytopaths.code.tex 2023-01-15 v3.1.10 (3.1.10)
)))
(/usr/share/texlive/texmf-dist/tex/latex/tikz-3dplot/tikz-3dplot.sty
(/usr/share/texlive/texmf-dist/tex/latex/base/ifthen.sty
Package: ifthen 2022/04/13 v1.1d Standard LaTeX ifthen package (DPC)
)
(/usr/share/texlive/texmf-dist/tex/generic/pgf/frontendlayer/tikz/libraries/tik
zlibrarycalc.code.tex
File: tikzlibrarycalc.code.tex 2023-01-15 v3.1.10 (3.1.10)
)
(/usr/share/texlive/texmf-dist/tex/generic/pgf/frontendlayer/tikz/libraries/tik
zlibrary3d.code.tex
File: tikzlibrary3d.code.tex 2023-01-15 v3.1.10 (3.1.10)
)
(/usr/share/texlive/texmf-dist/tex/generic/pgf/frontendlayer/tikz/libraries/tik
zlibraryarrows.code.tex
File: tikzlibraryarrows.code.tex 2023-01-15 v3.1.10 (3.1.10)

(/usr/share/texlive/texmf-dist/tex/generic/pgf/libraries/pgflibraryarrows.code.
tex
File: pgflibraryarrows.code.tex 2023-01-15 v3.1.10 (3.1.10)
\arrowsize=\dimen193
)))
(/usr/share/texlive/texmf-dist/tex/generic/pgf/libraries/pgflibraryarrows.meta.
code.tex
File: pgflibraryarrows.meta.code.tex 2023-01-15 v3.1.10 (3.1.10)
\pgfarrowinset=\dimen194
\pgfarrowlength=\dimen195
\pgfarrowwidth=\dimen196
\pgfarrowlinewidth=\dimen197
)
(/usr/share/texlive/texmf-dist/tex/generic/pgf/frontendlayer/tikz/libraries/tik
zlibrarydecorations.pathmorphing.code.tex
(/usr/share/texlive/texmf-dist/tex/generic/pgf/frontendlayer/tikz/libraries/tik
zlibrarydecorations.code.tex
(/usr/share/texlive/texmf-dist/tex/generic/pgf/modules/pgfmoduledecorations.cod
e.tex
\pgfdecoratedcompleteddistance=\dimen198
\pgfdecoratedremainingdistance=\dimen199
\pgfdecoratedinputsegmentcompleteddistance=\dimen256
\pgfdecoratedinputsegmentremainingdistance=\dimen257
\pgf@decorate@distancetomove=\dimen258
\pgf@decorate@repeatstate=\count283
\pgfdecorationsegmentamplitude=\dimen259
\pgfdecorationsegmentlength=\dimen260
)
\tikz@lib@dec@box=\box63
)
(/usr/share/texlive/texmf-dist/tex/generic/pgf/libraries/decorations/pgflibrary
decorations.pathmorphing.code.tex))
(/usr/share/texlive/texmf-dist/tex/generic/pgf/frontendlayer/tikz/libraries/tik
zlibrarydecorations.pathreplacing.code.tex
(/usr/share/texlive/texmf-dist/tex/generic/pgf/libraries/decorations/pgflibrary
decorations.pathreplacing.code.tex))
(/usr/share/texlive/texmf-dist/tex/generic/pgf/frontendlayer/tikz/libraries/tik
zlibrarypositioning.code.tex
File: tikzlibrarypositioning.code.tex 2023-01-15 v3.1.10 (3.1.10)
)
(/usr/share/texlive/texmf-dist/tex/generic/pgf/frontendlayer/tikz/libraries/tik
zlibraryfit.code.tex
File: tikzlibraryfit.code.tex 2023-01-15 v3.1.10 (3.1.10)
)
(/usr/share/texlive/texmf-dist/tex/generic/pgf/frontendlayer/tikz/libraries/tik
zlibrarybackgrounds.code.tex
File: tikzlibrarybackgrounds.code.tex 2023-01-15 v3.1.10 (3.1.10)
\pgf@layerbox@background=\box64
\pgf@layerboxsaved@background=\box65
)
(/usr/share/texlive/texmf-dist/tex/generic/pgf/frontendlayer/tikz/libraries/tik
zlibraryshapes.geometric.code.tex
File: tikzlibraryshapes.geometric.code.tex 2023-01-15 v3.1.10 (3.1.10)

(/usr/share/texlive/texmf-dist/tex/generic/pgf/libraries/shapes/pgflibraryshape
s.geometric.code.tex
File: pgflibraryshapes.geometric.code.tex 2023-01-15 v3.1.10 (3.1.10)
))
(/usr/share/texlive/texmf-dist/tex/latex/amsmath/amsmath.sty
Package: amsmath 2023/05/13 v2.17o AMS math features
\@mathmargin=\skip51

For additional information on amsmath, use the `?' option.
(/usr/share/texlive/texmf-dist/tex/latex/amsmath/amstext.sty
Package: amstext 2021/08/26 v2.01 AMS text

(/usr/share/texlive/texmf-dist/tex/latex/amsmath/amsgen.sty
File: amsgen.sty 1999/11/30 v2.0 generic functions
\@emptytoks=\toks32
\ex@=\dimen261
))
(/usr/share/texlive/texmf-dist/tex/latex/amsmath/amsbsy.sty
Package: amsbsy 1999/11/29 v1.2d Bold Symbols
\pmbraise@=\dimen262
)
(/usr/share/texlive/texmf-dist/tex/latex/amsmath/amsopn.sty
Package: amsopn 2022/04/08 v2.04 operator names
)
\inf@bad=\count284
LaTeX Info: Redefining \frac on input line 236.
\uproot@=\count285
\leftroot@=\count286
LaTeX Info: Redefining \overline on input line 399.
LaTeX Info: Redefining \colon on input line 410.
\classnum@=\count287
\DOTSCASE@=\count288
LaTeX Info: Redefining \ldots on input line 496.
LaTeX Info: Redefining \dots on input line 499.
LaTeX Info: Redefining \cdots on input line 620.
\Mathstrutbox@=\box66
\strutbox@=\box67
LaTeX Info: Redefining \big on input line 722.
LaTeX Info: Redefining \Big on input line 723.
LaTeX Info: Redefining \bigg on input line 724.
LaTeX Info: Redefining \Bigg on input line 725.
\big@size=\dimen263
LaTeX Font Info:    Redeclaring font encoding OML on input line 743.
LaTeX Font Info:    Redeclaring font encoding OMS on input line 744.
\macc@depth=\count289
LaTeX Info: Redefining \bmod on input line 905.
LaTeX Info: Redefining \pmod on input line 910.
LaTeX Info: Redefining \smash on input line 940.
LaTeX Info: Redefining \relbar on input line 970.
LaTeX Info: Redefining \Relbar on input line 971.
\c@MaxMatrixCols=\count290
\dotsspace@=\muskip16
\c@parentequation=\count291
\dspbrk@lvl=\count292
\tag@help=\toks33
\row@=\count293
\column@=\count294
\maxfields@=\count295
\andhelp@=\toks34
\eqnshift@=\dimen264
\alignsep@=\dimen265
\tagshift@=\dimen266
\tagwidth@=\dimen267
\totwidth@=\dimen268
\lineht@=\dimen269
\@envbody=\toks35
\multlinegap=\skip52
\multlinetaggap=\skip53
\mathdisplay@stack=\toks36
LaTeX Info: Redefining \[ on input line 2953.
LaTeX Info: Redefining \] on input line 2954.
)
(/usr/share/texlive/texmf-dist/tex/latex/amsfonts/amssymb.sty
Package: amssymb 2013/01/14 v3.01 AMS font symbols

(/usr/share/texlive/texmf-dist/tex/latex/amsfonts/amsfonts.sty
Package: amsfonts 2013/01/14 v3.01 Basic AMSFonts support
\symAMSa=\mathgroup5
\symAMSb=\mathgroup6
LaTeX Font Info:    Redeclaring math symbol \hbar on input line 98.
LaTeX Font Info:    Overwriting math alphabet `\mathfrak' in version `bold'
(Font)                  U/euf/m/n --> U/euf/b/n on input line 106.
))
(/usr/share/texlive/texmf-dist/tex/latex/amscls/amsthm.sty
Package: amsthm 2020/05/29 v2.20.6
\thm@style=\toks37
\thm@bodyfont=\toks38
\thm@headfont=\toks39
\thm@notefont=\toks40
\thm@headpunct=\toks41
\thm@preskip=\skip54
\thm@postskip=\skip55
\thm@headsep=\skip56
\dth@everypar=\toks42
)
(/usr/share/texlive/texmf-dist/tex/latex/mathtools/mathtools.sty
Package: mathtools 2022/06/29 v1.29 mathematical typesetting tools

(/usr/share/texlive/texmf-dist/tex/latex/tools/calc.sty
Package: calc 2023/07/08 v4.3 Infix arithmetic (KKT,FJ)
\calc@Acount=\count296
\calc@Bcount=\count297
\calc@Adimen=\dimen270
\calc@Bdimen=\dimen271
\calc@Askip=\skip57
\calc@Bskip=\skip58
LaTeX Info: Redefining \setlength on input line 80.
LaTeX Info: Redefining \addtolength on input line 81.
\calc@Ccount=\count298
\calc@Cskip=\skip59
)
(/usr/share/texlive/texmf-dist/tex/latex/mathtools/mhsetup.sty
Package: mhsetup 2021/03/18 v1.4 programming setup (MH)
)
\g_MT_multlinerow_int=\count299
\l_MT_multwidth_dim=\dimen272
\origjot=\skip60
\l_MT_shortvdotswithinadjustabove_dim=\dimen273
\l_MT_shortvdotswithinadjustbelow_dim=\dimen274
\l_MT_above_intertext_sep=\dimen275
\l_MT_below_intertext_sep=\dimen276
\l_MT_above_shortintertext_sep=\dimen277
\l_MT_below_shortintertext_sep=\dimen278
\xmathstrut@box=\box68
\xmathstrut@dim=\dimen279
)
(/usr/share/texlive/texmf-dist/tex/latex/stmaryrd/stmaryrd.sty
Package: stmaryrd 1994/03/03 St Mary's Road symbol package
\symstmry=\mathgroup7
LaTeX Font Info:    Overwriting symbol font `stmry' in version `bold'
(Font)                  U/stmry/m/n --> U/stmry/b/n on input line 89.
)
\c@definition=\count300

(/usr/share/texlive/texmf-dist/tex/latex/geometry/geometry.sty
Package: geometry 2020/01/02 v5.9 Page Geometry

(/usr/share/texlive/texmf-dist/tex/generic/iftex/ifvtex.sty
Package: ifvtex 2019/10/25 v1.7 ifvtex legacy package. Use iftex instead.

(/usr/share/texlive/texmf-dist/tex/generic/iftex/iftex.sty
Package: iftex 2022/02/03 v1.0f TeX engine tests
))
\Gm@cnth=\count301
\Gm@cntv=\count302
\c@Gm@tempcnt=\count303
\Gm@bindingoffset=\dimen280
\Gm@wd@mp=\dimen281
\Gm@odd@mp=\dimen282
\Gm@even@mp=\dimen283
\Gm@layoutwidth=\dimen284
\Gm@layoutheight=\dimen285
\Gm@layouthoffset=\dimen286
\Gm@layoutvoffset=\dimen287
\Gm@dimlist=\toks43
)
(/usr/share/texlive/texmf-dist/tex/latex/setspace/setspace.sty
Package: setspace 2022/12/04 v6.7b set line spacing
)
(/usr/share/texlive/texmf-dist/tex/latex/titlesec/titlesec.sty
Package: titlesec 2023/10/27 v2.16 Sectioning titles
\ttl@box=\box69
\beforetitleunit=\skip61
\aftertitleunit=\skip62
\ttl@plus=\dimen288
\ttl@minus=\dimen289
\ttl@toksa=\toks44
\titlewidth=\dimen290
\titlewidthlast=\dimen291
\titlewidthfirst=\dimen292
)
(/usr/share/texlive/texmf-dist/tex/latex/hyperref/hyperref.sty
Package: hyperref 2024-01-20 v7.01h Hypertext links for LaTeX

(/usr/share/texlive/texmf-dist/tex/latex/kvsetkeys/kvsetkeys.sty
Package: kvsetkeys 2022-10-05 v1.19 Key value parser (HO)
)
(/usr/share/texlive/texmf-dist/tex/generic/kvdefinekeys/kvdefinekeys.sty
Package: kvdefinekeys 2019-12-19 v1.6 Define keys (HO)
)
(/usr/share/texlive/texmf-dist/tex/generic/pdfescape/pdfescape.sty
Package: pdfescape 2019/12/09 v1.15 Implements pdfTeX's escape features (HO)

(/usr/share/texlive/texmf-dist/tex/generic/ltxcmds/ltxcmds.sty
Package: ltxcmds 2023-12-04 v1.26 LaTeX kernel commands for general use (HO)
)
(/usr/share/texlive/texmf-dist/tex/generic/pdftexcmds/pdftexcmds.sty
Package: pdftexcmds 2020-06-27 v0.33 Utility functions of pdfTeX for LuaTeX (HO
)

(/usr/share/texlive/texmf-dist/tex/generic/infwarerr/infwarerr.sty
Package: infwarerr 2019/12/03 v1.5 Providing info/warning/error messages (HO)
)
Package pdftexcmds Info: \pdf@primitive is available.
Package pdftexcmds Info: \pdf@ifprimitive is available.
Package pdftexcmds Info: \pdfdraftmode found.
\pdftexcmds@toks=\toks45
))
(/usr/share/texlive/texmf-dist/tex/latex/hycolor/hycolor.sty
Package: hycolor 2020-01-27 v1.10 Color options for hyperref/bookmark (HO)
)
(/usr/share/texlive/texmf-dist/tex/latex/auxhook/auxhook.sty
Package: auxhook 2019-12-17 v1.6 Hooks for auxiliary files (HO)
)
(/usr/share/texlive/texmf-dist/tex/latex/hyperref/nameref.sty
Package: nameref 2023-11-26 v2.56 Cross-referencing by name of section

(/usr/share/texlive/texmf-dist/tex/latex/refcount/refcount.sty
Package: refcount 2019/12/15 v3.6 Data extraction from label references (HO)
)
(/usr/share/texlive/texmf-dist/tex/generic/gettitlestring/gettitlestring.sty
Package: gettitlestring 2019/12/15 v1.6 Cleanup title references (HO)

(/usr/share/texlive/texmf-dist/tex/latex/kvoptions/kvoptions.sty
Package: kvoptions 2022-06-15 v3.15 Key value format for package options (HO)
))
\c@section@level=\count304
)
\@linkdim=\dimen293
\Hy@linkcounter=\count305
\Hy@pagecounter=\count306

(/usr/share/texlive/texmf-dist/tex/latex/hyperref/pd1enc.def
File: pd1enc.def 2024-01-20 v7.01h Hyperref: PDFDocEncoding definition (HO)
)
(/usr/share/texlive/texmf-dist/tex/generic/intcalc/intcalc.sty
Package: intcalc 2019/12/15 v1.3 Expandable calculations with integers (HO)
)
\Hy@SavedSpaceFactor=\count307

(/usr/share/texlive/texmf-dist/tex/latex/hyperref/puenc.def
File: puenc.def 2024-01-20 v7.01h Hyperref: PDF Unicode definition (HO)
)
Package hyperref Info: Hyper figures OFF on input line 4179.
Package hyperref Info: Link nesting OFF on input line 4184.
Package hyperref Info: Hyper index ON on input line 4187.
Package hyperref Info: Plain pages OFF on input line 4194.
Package hyperref Info: Backreferencing OFF on input line 4199.
Package hyperref Info: Implicit mode ON; LaTeX internals redefined.
Package hyperref Info: Bookmarks ON on input line 4446.
\c@Hy@tempcnt=\count308

(/usr/share/texlive/texmf-dist/tex/latex/url/url.sty
\Urlmuskip=\muskip17
Package: url 2013/09/16  ver 3.4  Verb mode for urls, etc.
)
LaTeX Info: Redefining \url on input line 4784.
\XeTeXLinkMargin=\dimen294

(/usr/share/texlive/texmf-dist/tex/generic/bitset/bitset.sty
Package: bitset 2019/12/09 v1.3 Handle bit-vector datatype (HO)

(/usr/share/texlive/texmf-dist/tex/generic/bigintcalc/bigintcalc.sty
Package: bigintcalc 2019/12/15 v1.5 Expandable calculations on big integers (HO
)
))
\Fld@menulength=\count309
\Field@Width=\dimen295
\Fld@charsize=\dimen296
Package hyperref Info: Hyper figures OFF on input line 6063.
Package hyperref Info: Link nesting OFF on input line 6068.
Package hyperref Info: Hyper index ON on input line 6071.
Package hyperref Info: backreferencing OFF on input line 6078.
Package hyperref Info: Link coloring OFF on input line 6083.
Package hyperref Info: Link coloring with OCG OFF on input line 6088.
Package hyperref Info: PDF/A mode OFF on input line 6093.

(/usr/share/texlive/texmf-dist/tex/latex/base/atbegshi-ltx.sty
Package: atbegshi-ltx 2021/01/10 v1.0c Emulation of the original atbegshi
package with kernel methods
)
\Hy@abspage=\count310
\c@Item=\count311
\c@Hfootnote=\count312
)
Package hyperref Info: Driver (autodetected): hluatex.

(/usr/share/texlive/texmf-dist/tex/latex/hyperref/hluatex.def
File: hluatex.def 2024-01-20 v7.01h Hyperref driver for luaTeX

(/usr/share/texlive/texmf-dist/tex/generic/stringenc/stringenc.sty
Package: stringenc 2019/11/29 v1.12 Convert strings between diff. encodings (HO
)
)
(/usr/share/texlive/texmf-dist/tex/latex/base/atveryend-ltx.sty
Package: atveryend-ltx 2020/08/19 v1.0a Emulation of the original atveryend pac
kage
with kernel methods
)
\Fld@listcount=\count313
\c@bookmark@seq@number=\count314

(/usr/share/texlive/texmf-dist/tex/latex/rerunfilecheck/rerunfilecheck.sty
Package: rerunfilecheck 2022-07-10 v1.10 Rerun checks for auxiliary files (HO)

(/usr/share/texlive/texmf-dist/tex/generic/uniquecounter/uniquecounter.sty
Package: uniquecounter 2019/12/15 v1.4 Provide unlimited unique counter (HO)
)
Package uniquecounter Info: New unique counter `rerunfilecheck' on input line 2
85.
)
\Hy@SectionHShift=\skip63
)
Package hyperref Info: Option `colorlinks' set `true' on input line 83.
LaTeX Font Info:    Trying to load font information for T1+ppl on input line 10
4.

(/usr/share/texlive/texmf-dist/tex/latex/psnfss/t1ppl.fd
File: t1ppl.fd 2001/06/04 font definitions for T1/ppl.
)
(/usr/share/texlive/texmf-dist/tex/latex/l3backend/l3backend-luatex.def
File: l3backend-luatex.def 2024-01-04 L3 backend support: PDF output (LuaTeX)
\l__color_backend_stack_int=\count315
Inserting `l3color' in `luaotfload.parse_color'.
\l__pdf_internal_box=\box70
)
(./mesoscale_matter.aux)
\openout1 = mesoscale_matter.aux

LaTeX Font Info:    Checking defaults for OML/cmm/m/it on input line 104.
LaTeX Font Info:    ... okay on input line 104.
LaTeX Font Info:    Checking defaults for OMS/cmsy/m/n on input line 104.
LaTeX Font Info:    ... okay on input line 104.
LaTeX Font Info:    Checking defaults for OT1/cmr/m/n on input line 104.
LaTeX Font Info:    ... okay on input line 104.
LaTeX Font Info:    Checking defaults for T1/cmr/m/n on input line 104.
LaTeX Font Info:    ... okay on input line 104.
LaTeX Font Info:    Checking defaults for TS1/cmr/m/n on input line 104.
LaTeX Font Info:    Trying to load font information for TS1+cmr on input line 1
04.

(/usr/share/texlive/texmf-dist/tex/latex/base/ts1cmr.fd
File: ts1cmr.fd 2023/04/13 v2.5m Standard LaTeX font definitions
)
LaTeX Font Info:    ... okay on input line 104.
LaTeX Font Info:    Checking defaults for TU/lmr/m/n on input line 104.
LaTeX Font Info:    ... okay on input line 104.
LaTeX Font Info:    Checking defaults for OMX/cmex/m/n on input line 104.
LaTeX Font Info:    ... okay on input line 104.
LaTeX Font Info:    Checking defaults for U/cmr/m/n on input line 104.
LaTeX Font Info:    ... okay on input line 104.
LaTeX Font Info:    Checking defaults for PD1/pdf/m/n on input line 104.
LaTeX Font Info:    ... okay on input line 104.
LaTeX Font Info:    Checking defaults for PU/pdf/m/n on input line 104.
LaTeX Font Info:    ... okay on input line 104.
LaTeX Info: Redefining \microtypecontext on input line 104.
Package microtype Info: Applying patch `item' on input line 104.
Package microtype Info: Applying patch `toc' on input line 104.
Package microtype Info: Applying patch `eqnum' on input line 104.
Package microtype Info: Applying patch `footnote' on input line 104.
Package microtype Info: Applying patch `verbatim' on input line 104.
Package microtype Info: Generating PDF output.
Package microtype Info: Character protrusion enabled (level 2).
Package microtype Info: Using default protrusion set `alltext'.
Package microtype Info: Automatic font expansion enabled (level 2),
(microtype)             stretch: 20, shrink: 20, step: 1, non-selected.
Package microtype Info: Using default expansion set `alltext-nott'.
LaTeX Info: Redefining \showhyphens on input line 104.
Package microtype Info: No adjustment of tracking.
Package microtype Info: No adjustment of spacing.
Package microtype Info: No adjustment of kerning.

(/usr/share/texlive/texmf-dist/tex/latex/microtype/mt-ppl.cfg
File: mt-ppl.cfg 2005/11/16 v1.6 microtype config. file: Palatino (RS)
)
(/usr/share/texlive/texmf-dist/tex/context/base/mkii/supp-pdf.mkii
[Loading MPS to PDF converter (version 2006.09.02).]
\scratchcounter=\count316
\scratchdimen=\dimen297
\scratchbox=\box71
\nofMPsegments=\count317
\nofMParguments=\count318
\everyMPshowfont=\toks46
\MPscratchCnt=\count319
\MPscratchDim=\dimen298
\MPnumerator=\count320
\makeMPintoPDFobject=\count321
\everyMPtoPDFconversion=\toks47
) (/usr/share/texlive/texmf-dist/tex/latex/epstopdf-pkg/epstopdf-base.sty
Package: epstopdf-base 2020-01-24 v2.11 Base part for package epstopdf
Package epstopdf-base Info: Redefining graphics rule for `.eps' on input line 4
85.

(/usr/share/texlive/texmf-dist/tex/latex/latexconfig/epstopdf-sys.cfg
File: epstopdf-sys.cfg 2010/07/13 v1.3 Configuration of (r)epstopdf for TeX Liv
e
))
*geometry* driver: auto-detecting
*geometry* detected driver: luatex
*geometry* verbose mode - [ preamble ] result:
* driver: luatex
* paper: a4paper
* layout: <same size as paper>
* layoutoffset:(h,v)=(0.0pt,0.0pt)
* modes: 
* h-part:(L,W,R)=(51.21504pt, 495.07779pt, 51.21504pt)
* v-part:(T,H,B)=(56.9055pt, 731.23584pt, 56.9055pt)
* \paperwidth=597.50787pt
* \paperheight=845.04684pt
* \textwidth=495.07779pt
* \textheight=731.23584pt
* \oddsidemargin=-21.05495pt
* \evensidemargin=-21.05495pt
* \topmargin=-52.36449pt
* \headheight=12.0pt
* \headsep=25.0pt
* \topskip=11.0pt
* \footskip=30.0pt
* \marginparwidth=4.0pt
* \marginparsep=10.0pt
* \columnsep=17.07182pt
* \skip\footins=10.0pt plus 4.0pt minus 2.0pt
* \hoffset=0.0pt
* \voffset=0.0pt
* \mag=1000
* \@twocolumntrue
* \@twosidefalse
* \@mparswitchfalse
* \@reversemarginfalse
* (1in=72.27pt=25.4mm, 1cm=28.453pt)

Package hyperref Info: Link coloring ON on input line 104.
(./mesoscale_matter.out) (./mesoscale_matter.out)
\@outlinefile=\write4

\openout4 = mesoscale_matter.out
LaTeX Font Info:    Trying to load font information for OT1+ppl on input line 1
48.

(/usr/share/texlive/texmf-dist/tex/latex/psnfss/ot1ppl.fd
File: ot1ppl.fd 2001/06/04 font definitions for OT1/ppl.
)
LaTeX Font Info:    Trying to load font information for OML+zplm on input line 
148.

(/usr/share/texlive/texmf-dist/tex/latex/psnfss/omlzplm.fd
File: omlzplm.fd 2002/09/08 Fontinst v1.914 font definitions for OML/zplm.
)
LaTeX Font Info:    Trying to load font information for OMS+zplm on input line 
148.

(/usr/share/texlive/texmf-dist/tex/latex/psnfss/omszplm.fd
File: omszplm.fd 2002/09/08 Fontinst v1.914 font definitions for OMS/zplm.
)
LaTeX Font Info:    Trying to load font information for OMX+zplm on input line 
148.

(/usr/share/texlive/texmf-dist/tex/latex/psnfss/omxzplm.fd
File: omxzplm.fd 2002/09/08 Fontinst v1.914 font definitions for OMX/zplm.
)
LaTeX Font Info:    Trying to load font information for OT1+zplm on input line 
148.

(/usr/share/texlive/texmf-dist/tex/latex/psnfss/ot1zplm.fd
File: ot1zplm.fd 2002/09/08 Fontinst v1.914 font definitions for OT1/zplm.
)
Package microtype Info: Loading generic protrusion settings for font family
(microtype)             `zplm' (encoding: OT1).
(microtype)             For optimal results, create family-specific settings.
(microtype)             See the microtype manual for details.
LaTeX Font Info:    Font shape `U/msa/m/n' will be
(Font)              scaled to size 12.50409pt on input line 148.

(/usr/share/texlive/texmf-dist/tex/latex/microtype/mt-msa.cfg
File: mt-msa.cfg 2006/02/04 v1.1 microtype config. file: AMS symbols (a) (RS)
)
LaTeX Font Info:    Font shape `U/msa/m/n' will be
(Font)              scaled to size 9.37807pt on input line 148.
LaTeX Font Info:    Font shape `U/msa/m/n' will be
(Font)              scaled to size 7.29405pt on input line 148.
LaTeX Font Info:    Font shape `U/msb/m/n' will be
(Font)              scaled to size 12.50409pt on input line 148.

(/usr/share/texlive/texmf-dist/tex/latex/microtype/mt-msb.cfg
File: mt-msb.cfg 2005/06/01 v1.0 microtype config. file: AMS symbols (b) (RS)
)
LaTeX Font Info:    Font shape `U/msb/m/n' will be
(Font)              scaled to size 9.37807pt on input line 148.
LaTeX Font Info:    Font shape `U/msb/m/n' will be
(Font)              scaled to size 7.29405pt on input line 148.
LaTeX Font Info:    Trying to load font information for U+stmry on input line 1
48.

(/usr/share/texlive/texmf-dist/tex/latex/stmaryrd/Ustmry.fd)
Underfull \vbox (badness 10000) has occurred while \output is active []


Underfull \vbox (badness 10000) has occurred while \output is active []

 [1{/var/lib/texmf/fonts/map/pdftex/updmap/pdftex.map}


]
Underfull \hbox (badness 2351) in paragraph at lines 178--184
\T1/ppl/m/n/10.95 cles, pro-tein com-plexes, poly-mer chains, or
 []

LaTeX Font Info:    Font shape `U/msa/m/n' will be
(Font)              scaled to size 11.40997pt on input line 189.
LaTeX Font Info:    Font shape `U/msa/m/n' will be
(Font)              scaled to size 8.33606pt on input line 189.
LaTeX Font Info:    Font shape `U/msa/m/n' will be
(Font)              scaled to size 6.25204pt on input line 189.
LaTeX Font Info:    Font shape `U/msb/m/n' will be
(Font)              scaled to size 11.40997pt on input line 189.
LaTeX Font Info:    Font shape `U/msb/m/n' will be
(Font)              scaled to size 8.33606pt on input line 189.
LaTeX Font Info:    Font shape `U/msb/m/n' will be
(Font)              scaled to size 6.25204pt on input line 189.
LaTeX Font Info:    Trying to load font information for U+fplmbb on input line 
189.
(/usr/share/texlive/texmf-dist/tex/latex/psnfss/ufplmbb.fd
File: ufplmbb.fd 2003/10/30 Fontinst v1.914 font definitions for U/fplmbb.
)
Underfull \hbox (badness 1515) in paragraph at lines 217--224
\T1/ppl/m/n/10.95 ble tra-jec-to-ries through con-fig-u-ra-tion space---
 []

LaTeX Font Info:    Font shape `U/msa/m/n' will be
(Font)              scaled to size 10.42007pt on input line 254.
LaTeX Font Info:    Font shape `U/msa/m/n' will be
(Font)              scaled to size 7.91925pt on input line 254.
LaTeX Font Info:    Font shape `U/msb/m/n' will be
(Font)              scaled to size 10.42007pt on input line 254.
LaTeX Font Info:    Font shape `U/msb/m/n' will be
(Font)              scaled to size 7.91925pt on input line 254.
[2]
Underfull \hbox (badness 6078) in paragraph at lines 297--300
\T1/ppl/m/n/10.95 The re-main-der of this work de-vel-ops the
 []


Underfull \vbox (badness 3449) has occurred while \output is active []

 [3]
Underfull \hbox (badness 1661) in paragraph at lines 422--430
\T1/ppl/m/n/10.95 of in-di-vid-ual par-ti-cles and their in-ter-ac-tions.
 []

[4]
Underfull \hbox (badness 4595) in paragraph at lines 460--466
\T1/ppl/m/n/10.95 Mesoscale sys-tems ad-mit a wide range of
 []


Underfull \hbox (badness 2556) in paragraph at lines 535--535
|[]\T1/ppl/b/n/10.95 Vari-a-tional Struc-ture and En-ergy Land-
 []

[5] [6]
Overfull \hbox (4.13069pt too wide) detected at line 667
[][][][]  \OT1/zplm/m/n/10.95 =  \OML/zplm/m/it/10.95 f[]\OT1/zplm/m/n/10.95 ()
  \OMS/zplm/m/n/10.95 ^^@  \OML/zplm/m/it/10.95  \OT1/zplm/m/n/10.95   +  []
  =  \OT1/ppl/m/n/10.95 0.
 []


Overfull \hbox (20.62274pt too wide) detected at line 734
\OMS/zplm/m/n/10.95 F[]\OT1/zplm/m/n/10.95 []  =  \OMS/zplm/m/n/10.95 F\OT1/zp
lm/m/n/10.95 []  +  [][] [][] \OML/zplm/m/it/10.95 K\OT1/zplm/m/n/10.95 (\OML/
zplm/m/it/10.95 x \OMS/zplm/m/n/10.95 ^^@ \OML/zplm/m/it/10.95 y\OT1/zplm/m/n/1
0.95 ) (\OML/zplm/m/it/10.95 x\OT1/zplm/m/n/10.95 )(\OML/zplm/m/it/10.95 y\OT
1/zplm/m/n/10.95 ) \OML/zplm/m/it/10.95 dx dy\OT1/ppl/m/n/10.95 ,
 []

[7]
Underfull \hbox (badness 1939) in paragraph at lines 786--789
[][]\T1/ppl/b/n/10.95 Def-i-ni-tion 5.4 \T1/ppl/m/n/10.95 (Trans-port Net-work)\T1/ppl/b/n/10.95 . []\T1/ppl/m/it/10.95 A trans-
 []


Underfull \hbox (badness 2680) in paragraph at lines 786--789
\T1/ppl/m/it/10.95 port net-work is the set $\OMS/zplm/m/n/10.95 N \OT1/zplm/m/
n/10.95 = \OMS/zplm/m/n/10.95 f\OML/zplm/m/it/10.95 x \OMS/zplm/m/n/10.95 2 \OT
1/zplm/m/n/10.95 
 :
 []


Underfull \hbox (badness 4328) in paragraph at lines 786--789
\OML/zplm/m/it/10.95 \OT1/zplm/m/n/10.95 ((\OML/zplm/m/it/10.95 x\OT1/zplm/m/
n/10.95 ))[]\OMS/zplm/m/n/10.95 g$\T1/ppl/m/it/10.95 , rep-re-sent-ing re-gions
 []


Underfull \hbox (badness 10000) in paragraph at lines 802--808
\T1/ppl/m/n/10.95 High trans-port ac-tiv-ity can in-duce lo-cal
 []


Underfull \hbox (badness 2368) in paragraph at lines 802--808
\T1/ppl/m/n/10.95 reorganization---alignment of poly-mer chains
 []

[8] [9]
Underfull \hbox (badness 1137) in paragraph at lines 1043--1050
[]\T1/ppl/m/n/10.95 Mesoscale sys-tems re-sist global uni-fied de-
 []

[10]
Underfull \hbox (badness 7613) in paragraph at lines 1074--1083
\T1/ppl/m/n/10.95 This construction---trajectory-aware re-cur-sive
 []


Underfull \hbox (badness 2495) in paragraph at lines 1084--1084
|[]\T1/ppl/b/n/10.95 The Ad-mis-si-bil-ity Log: From Dis-crete
 []


Package hyperref Warning: Token not allowed in a PDF string (Unicode):
(hyperref)                removing `math shift' on input line 1151.


Package hyperref Warning: Token not allowed in a PDF string (Unicode):
(hyperref)                removing `\infty' on input line 1151.


Package hyperref Warning: Token not allowed in a PDF string (Unicode):
(hyperref)                removing `math shift' on input line 1151.

[11]
Underfull \hbox (badness 1616) in paragraph at lines 1238--1254
\T1/ppl/m/n/10.95 The ad-mis-si-bil-ity log ad-mits a par-al-lel com-
 []


Underfull \hbox (badness 1668) in paragraph at lines 1238--1254
\T1/ppl/m/n/10.95 pu-ta-tional in-ter-pre-ta-tion. Each event $\OML/zplm/m/it/1
0.95 e[] \OT1/zplm/m/n/10.95 =
 []


Underfull \hbox (badness 2828) in paragraph at lines 1256--1256
|[]\T1/ppl/b/n/12 To-ward a Uni-fied Frame-work: Con-
 []


Underfull \hbox (badness 7379) in paragraph at lines 1268--1273
\T1/ppl/m/n/10.95 We re-tain the mesoscale state $\OMS/zplm/m/n/10.95 X\OT1/zpl
m/m/n/10.95 (\OML/zplm/m/it/10.95 x\OT1/ppl/m/n/10.95 , \OML/zplm/m/it/10.95 t\
OT1/zplm/m/n/10.95 ) =
 []


Overfull \hbox (13.38667pt too wide) detected at line 1301
[]
 []

[12] [13]
Underfull \hbox (badness 1789) in paragraph at lines 1437--1443
\T1/ppl/m/n/10.95 assembled mor-pholo-gies ob-served across do-
 []

[14] [15]
Underfull \hbox (badness 10000) in paragraph at lines 1669--1672
\T1/ppl/m/n/10.95 By the vari-a-tional def-i-ni-tion $\OML/zplm/m/it/10.95 T[] 
\OT1/zplm/m/n/10.95 =
 []


Underfull \hbox (badness 10000) in paragraph at lines 1709--1715
\T1/ppl/m/n/10.95 The Christof-fel sym-bols $\OT1/zplm/m/n/10.95 ^^@[]$ \T1/ppl
/m/n/10.95 de-pend on
 []


Overfull \hbox (8.08444pt too wide) detected at line 1733
\OMS/zplm/m/n/10.95 r\OT1/zplm/m/n/10.95  \OMS/zplm/m/n/10.95  []\OT1/ppl/m/n
/10.95 ,  \OT1/zplm/m/n/10.95  \OMS/zplm/m/n/10.95  []\OT1/ppl/m/n/10.95 .
 []


Underfull \hbox (badness 1248) in paragraph at lines 1737--1739
\T1/ppl/m/n/10.95 Use semi-implicit step-ping, treat-ing dif-fu-sive
 []

[16]
Underfull \hbox (badness 3343) in paragraph at lines 1780--1788
\T1/ppl/m/n/10.95 Mem-ory ker-nels are dis-cretized as $\OMS/zplm/m/n/10.95 M[]
 \OT1/zplm/m/n/10.95 =
 []

[17]
Underfull \hbox (badness 2653) in paragraph at lines 1899--1906
\T1/ppl/m/n/10.95 The pre-ced-ing de-vel-op-ment has fo-cused on
 []


Underfull \hbox (badness 2359) in paragraph at lines 1907--1907
|[]\T1/ppl/b/n/10.95 High-Dimensional Ge-om-e-try and Con-
 []

[18]
Underfull \hbox (badness 3343) in paragraph at lines 1958--1967
\T1/ppl/m/n/10.95 Across these do-mains, a com-mon struc-ture
 []


Underfull \vbox (badness 1448) has occurred while \output is active []

 [19]
[20]
Underfull \hbox (badness 2302) in paragraph at lines 2204--2204
|[]\T1/ppl/b/n/10.95 Higher Sheaf Struc-ture and Tra-jec-tory
 []

[21]
Underfull \hbox (badness 10000) in paragraph at lines 2272--2272
|[]\T1/ppl/b/n/10.95 Lorentz Trans-for-ma-tions as Au-to-mor-
 []


Underfull \hbox (badness 6204) in paragraph at lines 2328--2332
\T1/ppl/m/n/10.95 We now show how the rel-a-tivis-tic in-vari-
 []


Underfull \hbox (badness 2302) in paragraph at lines 2328--2332
\T1/ppl/m/n/10.95 ant can be ex-pressed within the constraint--
 []

[22]
Underfull \hbox (badness 7030) in paragraph at lines 2353--2357
\T1/ppl/m/n/10.95 where $\OML/zplm/m/it/10.95 V[]\OT1/zplm/m/n/10.95 ()$ \T1/p
pl/m/n/10.95 en-codes struc-tural con-straint,
 []


Underfull \hbox (badness 10000) in paragraph at lines 2392--2397
[]\T1/ppl/m/n/10.95 Lorentz trans-for-ma-tions pre-serve the
 []

[23] [24]
Underfull \hbox (badness 1917) in paragraph at lines 2561--2570
\T1/ppl/m/n/10.95 i-ble with ad-mis-si-bil-ity un-der the constraint--
 []


Overfull \hbox (18.95738pt too wide) detected at line 2627
\OMS/zplm/m/n/10.95 A \OT1/zplm/m/n/10.95 = [] [] [] \OML/zplm/m/it/10.95 d[]x\
OT1/ppl/m/n/10.95 ,
 []

[25]
Overfull \hbox (3.10728pt too wide) detected at line 2761
\OML/zplm/m/it/10.95 G[] \OT1/zplm/m/n/10.95 = \OML/zplm/m/it/10.95 [] \OT1/zp
lm/m/n/10.95 + \OML/zplm/m/it/10.95 []A[] \OT1/zplm/m/n/10.95 + [][] \OML/zplm
/m/it/10.95 []\OT1/zplm/m/n/10.95 (\OML/zplm/m/it/10.95 t\OT1/zplm/m/n/10.95 ) \OML/zplm/m/it/10.95 M[]\OT1/zplm/m/n/10.95 (\OML/zplm/m/it/10.95 t\OT1/zplm/m/n/10.95 ) \OML/zplm/m/it/10.95 dt \OT1/zplm/m/n/10.95 + \OML/zplm/m/it/10.95 []H[] \OT1/zplm/m/n/10.95 + \OML/zplm/m/it/10.95 []\OT1/ppl/m/n/10.95 ,
 []


Underfull \hbox (badness 10000) in paragraph at lines 2761--2770
\T1/ppl/m/n/10.95 where $\OML/zplm/m/it/10.95 k$ \T1/ppl/m/n/10.95 in-dexes sam-
ples, $\OML/zplm/m/it/10.95 M[]\OT1/zplm/m/n/10.95 (\OML/zplm/m/it/10.95 t\OT1/
zplm/m/n/10.95 ) =
 []


Underfull \hbox (badness 10000) in paragraph at lines 2761--2770
\OT1/zplm/m/n/10.95 (\OML/zplm/m/it/10.95 \OT1/zplm/m/n/10.95 (\OML/zplm/m/it/
10.95 t\OT1/zplm/m/n/10.95 )\OT1/ppl/m/n/10.95 , \OML/zplm/m/it/10.95 r[]\OT1/z
plm/m/n/10.95 (\OML/zplm/m/it/10.95 t\OT1/zplm/m/n/10.95 )\OT1/ppl/m/n/10.95 , 
\OML/zplm/m/it/10.95 \OT1/zplm/m/n/10.95 (\OML/zplm/m/it/10.95 t\OT1/zplm/m/n/
10.95 )\OT1/ppl/m/n/10.95 , \OML/zplm/m/it/10.95 c\OT1/zplm/m/n/10.95 (\OML/zpl
m/m/it/10.95 t\OT1/zplm/m/n/10.95 ))$ \T1/ppl/m/n/10.95 con-tains mea-sured
 []

[26] [27]
Underfull \hbox (badness 4266) in paragraph at lines 2893--2893
|[]\T1/ppl/b/n/10.95 Or-thograde Trans-for-ma-tions and Low-
 []

[28]
Underfull \hbox (badness 1067) in paragraph at lines 3073--3075
\T1/ppl/m/n/10.95 The syn-chro-niza-tion field evolves by nearest-
 []

[29]
Underfull \hbox (badness 5847) in paragraph at lines 3163--3170
\T1/ppl/m/n/10.95 spa-tial gra-di-ents of co-her-ence: $\OT1/zplm/b/n/10.95 v\O
T1/zplm/m/n/10.95 (\OML/zplm/m/it/10.95 x\OT1/ppl/m/n/10.95 , \OML/zplm/m/it/10
.95 t\OT1/zplm/m/n/10.95 ) =
 []

[30]
Underfull \hbox (badness 1817) in paragraph at lines 3253--3255
[]\T1/ppl/m/n/10.95 This pre-dicts cor-re-la-tions be-tween ro-ta-tion
 []


Underfull \hbox (badness 10000) in paragraph at lines 3266--3266
|[]\T1/ppl/b/n/12 Grav-i-ta-tional Lens-ing from
 []


Underfull \hbox (badness 10000) in paragraph at lines 3266--3266
\T1/ppl/b/n/12 Synchronization-Induced Ef-fec-tive
 []

[31]

Package hyperref Warning: Token not allowed in a PDF string (Unicode):
(hyperref)                removing `math shift' on input line 3338.


Package hyperref Warning: Token not allowed in a PDF string (Unicode):
(hyperref)                removing `\Phi' on input line 3338.


Package hyperref Warning: Token not allowed in a PDF string (Unicode):
(hyperref)                removing `math shift' on input line 3338.


Underfull \hbox (badness 10000) in paragraph at lines 3375--3387
\T1/ppl/m/n/10.95 The com-plete ob-ser-va-tional pipeline maps
 []


Underfull \hbox (badness 1442) in paragraph at lines 3375--3387
\T1/ppl/m/n/10.95 Given a bary-onic den-sity pro-file (for a disk
 []


Underfull \hbox (badness 10000) in paragraph at lines 3375--3387
\T1/ppl/m/n/10.95 galaxy, an ex-po-nen-tial disk plus op-tional
 []


Underfull \hbox (badness 7667) in paragraph at lines 3375--3387
\T1/ppl/m/n/10.95 bulge), one solves equa-tion [] it-er-a-tively
 []


Underfull \hbox (badness 4518) in paragraph at lines 3375--3387
\T1/ppl/m/n/10.95 un-til con-ver-gence, then com-putes $\OML/zplm/m/it/10.95 '[
]$\T1/ppl/m/n/10.95 , the
 []


Underfull \hbox (badness 10000) in paragraph at lines 3375--3387
\T1/ppl/m/n/10.95 po-ten-tial $\OML/zplm/m/it/10.95  [] \OT1/zplm/m/n/10.95 = (\OT1/ppl/m/n/10.95 2\OT1/zplm/m/n/10.95 /\OML/zplm/m/it/10.95 c[]\OT1/zplm/m/n/10.95 ) [] \OML/zplm/m/it/10.95 '[] dz$\T1/ppl/m/n/10.95 , con-ver-
 []

[32]
Underfull \hbox (badness 1484) in paragraph at lines 3459--3463
[][]\T1/ppl/b/n/10.95 Propo-si-tion 31.1 \T1/ppl/m/n/10.95 (Bary-onic Tully--Fis
her from
 []


Underfull \hbox (badness 1577) in paragraph at lines 3467--3475
\OT1/ppl/m/n/10.95 1\OT1/zplm/m/n/10.95 /\OML/zplm/m/it/10.95 r$\T1/ppl/m/n/10.
95 , which im-me-di-ately im-plies flat ro-ta-tion
 []


Underfull \hbox (badness 2368) in paragraph at lines 3488--3499
\T1/ppl/m/n/10.95 at a foun-da-tional level in its choice of dy-
 []


Underfull \hbox (badness 3460) in paragraph at lines 3488--3499
\T1/ppl/m/n/10.95 con-tin-u-ous co-her-ence field $\OT1/zplm/m/n/10.95 (\OML/z
plm/m/it/10.95 x\OT1/ppl/m/n/10.95 , \OML/zplm/m/it/10.95 t\OT1/zplm/m/n/10.95 
)$ \T1/ppl/m/n/10.95 gov-erned
 []


Underfull \hbox (badness 2961) in paragraph at lines 3488--3499
\T1/ppl/m/n/10.95 by equa-tion []. Stan-dard sim-u-la-tions im-
 []


Underfull \hbox (badness 1122) in paragraph at lines 3488--3499
\T1/ppl/m/n/10.95 ple-ment a for-ward pipeline $\OT1/zplm/m/n/10.95 (\OML/zplm/
m/it/10.95 []\OT1/ppl/m/n/10.95 , \OML/zplm/m/it/10.95 []\OT1/zplm/m/n/10.95 
) \OMS/zplm/m/n/10.95 !
 []

[33] [34]
Underfull \hbox (badness 10000) in paragraph at lines 3629--3635
\T1/ppl/m/n/10.95 Galax-ies un-der-go-ing rapid bary-onic
 []


Underfull \hbox (badness 10000) in paragraph at lines 3629--3635
\T1/ppl/m/n/10.95 reconfiguration---starbursts, feedback-driven
 []


Underfull \hbox (badness 2158) in paragraph at lines 3629--3635
\T1/ppl/m/n/10.95 test. Tran-sient de-vi-a-tions from equi-lib-rium
 []

[35]
Overfull \hbox (18.57666pt too wide) in paragraph at lines 3716--3717
 [][] 
 []


Underfull \hbox (badness 1418) in paragraph at lines 3733--3739
\T1/ppl/m/n/10.95 ver-sus instantaneity---and is there-fore model-
 []


Underfull \hbox (badness 1824) in paragraph at lines 3769--3777
\T1/ppl/m/n/10.95 con-fig-u-ra-tion sheaf as a 1-sheaf in the low-
 []


Underfull \hbox (badness 1540) in paragraph at lines 3769--3777
\T1/ppl/m/n/10.95 accessibility regime and notes that the high-
 []

[36]
Underfull \hbox (badness 6204) in paragraph at lines 3786--3795
\T1/ppl/m/n/10.95 The clo-sure re-la-tion $\OT1/zplm/m/n/10.95  \OMS/zplm/m/n
/10.95 ^^@ \OML/zplm/m/it/10.95 m[]\OT1/zplm/m/n/10.95  + \OML/zplm/m/it/10.95
 \OT1/zplm/m/n/10.95 [] =
 []


Underfull \hbox (badness 7030) in paragraph at lines 3786--3795
\OML/zplm/m/it/10.95 [] \OT1/zplm/m/n/10.95 + \OML/zplm/m/it/10.95 \OMS/zplm
/m/n/10.95 jr\OT1/zplm/m/n/10.95 \OMS/zplm/m/n/10.95 j[]$ \T1/ppl/m/n/10.95 con
-tains six free pa-ram-e-ters
 []


Underfull \hbox (badness 1112) in paragraph at lines 3828--3828
|[]\T1/ppl/b/n/12 Con-clu-sion: From Struc-ture to Con-
 []

[37]
Underfull \hbox (badness 1173) in paragraph at lines 3880--3882
[]\T1/ppl/m/n/10.95 Func-tion cor-re-sponds to con-fine-ment
 []


Overfull \hbox (7.28516pt too wide) detected at line 3953
\OT1/zplm/m/n/10 (\OMS/zplm/m/n/10 r\OT1/zplm/m/n/10 )[] \OMS/zplm/m/n/10  []
\OT1/ppl/m/n/10 ,  \OT1/zplm/m/n/10 (\OMS/zplm/m/n/10 r\OT1/zplm/m/n/10 )[] \O
MS/zplm/m/n/10  []\OT1/ppl/m/n/10 ,
 []


Underfull \hbox (badness 2253) in paragraph at lines 3959--3966
[]\T1/ppl/m/n/10 The ac-ces-si-bil-ity field evolves by the col-lapse
 []


Underfull \hbox (badness 1122) in paragraph at lines 3959--3966
\T1/ppl/m/n/10 equa-tion: the ef-fec-tive col-lapse rate $\OML/zplm/m/it/10 []
 \OT1/zplm/m/n/10 = \OML/zplm/m/it/10 [] \OT1/zplm/m/n/10 +
 []

[38]
Underfull \hbox (badness 10000) in paragraph at lines 4075--4075
|[]\T1/ppl/b/n/12 BNF Spec-i-fi-ca-tion for the
 []

LaTeX Font Info:    Trying to load font information for T1+lmtt on input line 4
085.
(/usr/share/texmf/tex/latex/lm/t1lmtt.fd
File: t1lmtt.fd 2015/05/01 v1.6.1 Font defs for Latin Modern
)
Package microtype Info: Loading generic protrusion settings for font family
(microtype)             `lmtt' (encoding: T1).
(microtype)             For optimal results, create family-specific settings.
(microtype)             See the microtype manual for details.

Overfull \hbox (20.87152pt too wide) in paragraph at lines 4126--4126
[]\T1/lmtt/m/n/9 <body>        ::= <domain> | <field> | <initialization>[] 
 []


Overfull \hbox (30.3215pt too wide) in paragraph at lines 4126--4126
[]               \T1/lmtt/m/n/9 | <observables> | <output> | <body> <body>[] 
 []


Overfull \hbox (16.14653pt too wide) in paragraph at lines 4126--4126
[]\T1/lmtt/m/n/9 <domain>      ::= "domain" "{" "space" "=" <grid3> ";"[] 
 []

[39]
Overfull \hbox (1.97156pt too wide) in paragraph at lines 4126--4126
[]                  \T1/lmtt/m/n/9 "internal" "=" <internalgrid> ";"[] 
 []


Overfull \hbox (1.97156pt too wide) in paragraph at lines 4126--4126
[]                  \T1/lmtt/m/n/9 "boundary" "=" <boundary> ";" "}"[] 
 []


Overfull \hbox (1.97156pt too wide) in paragraph at lines 4126--4126
[]\T1/lmtt/m/n/9 <grid3>       ::= "(" <int> "," <int> "," <int> ")"[] 
 []


Overfull \hbox (16.14653pt too wide) in paragraph at lines 4126--4126
[]\T1/lmtt/m/n/9 <timegrid>    ::= "(" <real> "," <real> "," <real> ")"[] 
 []


Overfull \hbox (6.69655pt too wide) in paragraph at lines 4126--4126
[]\T1/lmtt/m/n/9 <boundary>    ::= "periodic" | "reflecting" | "open"[] 
 []


Overfull \hbox (20.87152pt too wide) in paragraph at lines 4126--4126
[]\T1/lmtt/m/n/9 <field>       ::= "field" "{" "sigma" ":" "ising5d" ";"[] 
 []


Overfull \hbox (49.22147pt too wide) in paragraph at lines 4126--4126
[]\T1/lmtt/m/n/9 <init>        ::= "initialize" "{" "sigma" "=" <initrule> ";"[
] 
 []


Overfull \hbox (6.69655pt too wide) in paragraph at lines 4126--4126
[]\T1/lmtt/m/n/9 <initrule>    ::= "random" | "biased" "(" <real> ")"[] 
 []


Overfull \hbox (25.59651pt too wide) in paragraph at lines 4126--4126
[]\T1/lmtt/m/n/9 <dynamics>    ::= "dynamics" "{" "update" "=" <rule> ";"[] 
 []


Overfull \hbox (16.14653pt too wide) in paragraph at lines 4126--4126
[]                  \T1/lmtt/m/n/9 "phi" "=" "mean_internal(sigma)" ";"[] 
 []


Overfull \hbox (16.14653pt too wide) in paragraph at lines 4126--4126
[]                  \T1/lmtt/m/n/9 "v" "=" "negative_gradient(phi)" ";"[] 
 []


Overfull \hbox (63.39644pt too wide) in paragraph at lines 4126--4126
[]                  \T1/lmtt/m/n/9 "S" "=" "log_variance_internal(sigma)" ";" "}
"[] 
 []


Overfull \hbox (11.42154pt too wide) in paragraph at lines 4126--4126
[]\T1/lmtt/m/n/9 <output>      ::= "output" "{" "format" "=" <fmt> ";"[] 
 []


Overfull \hbox (6.69655pt too wide) in paragraph at lines 4126--4126
[]\T1/lmtt/m/n/9 <fmt>         ::= "json" | "csv" | "hdf5" | "frames"[] 
 []


Underfull \hbox (badness 1584) in paragraph at lines 4145--4147
[][]\T1/ppl/b/n/10 Propo-si-tion C.1 \T1/ppl/m/n/10 (Bound-ed-ness)\T1/ppl/b/n/
10 . []\T1/ppl/m/it/10 For all $\OML/zplm/m/it/10 n$\T1/ppl/m/it/10 , $\OML/zpl
m/m/it/10 [] \OMS/zplm/m/n/10 2
 []


Underfull \hbox (badness 10000) in paragraph at lines 4217--4221
\T1/ppl/m/n/10 De-fine the coarse-grained field $\OT1/zplm/m/n/10 (\OML/zplm/m
/it/10 x\OT1/ppl/m/n/10 , \OML/zplm/m/it/10 t\OT1/zplm/m/n/10 ) =
 []


Underfull \hbox (badness 10000) in paragraph at lines 4217--4221
\OT1/zplm/m/n/10 (\OT1/ppl/m/n/10 1\OT1/zplm/m/n/10 /\OML/zplm/m/it/10 M\OT1/zp
lm/m/n/10 ) [][] \OML/zplm/m/it/10 \OT1/zplm/m/n/10 (\OML/zplm/m/it/10 x\OT1/p
pl/m/n/10 , \OML/zplm/m/it/10 t\OT1/ppl/m/n/10 , \OML/zplm/m/it/10 \OT1/zplm/m
/n/10 )$ \T1/ppl/m/n/10 and as-sume lo-cal spa-tial
 []

[40]
Underfull \hbox (badness 10000) in paragraph at lines 4224--4228
\T1/ppl/m/n/10 The dis-crete syn-chro-niza-tion up-date
 []


Underfull \hbox (badness 2150) in paragraph at lines 4224--4228
\OML/zplm/m/it/10 [] \OT1/zplm/m/n/10 = []([][] \OML/zplm/m/it/10 []\OT1/zplm
/m/n/10 )$ \T1/ppl/m/n/10 can be ap-prox-i-mated as
 []


Underfull \hbox (badness 1142) in paragraph at lines 4277--4281
[]\T1/ppl/m/n/10 G. M. New-bloom, F. S. Kim, S. A. Jenekhe,
 []


Underfull \hbox (badness 3657) in paragraph at lines 4283--4287
[]\T1/ppl/m/n/10 H. Afifi, G. Karls-son, R. K. Heenan, and
 []


Underfull \hbox (badness 7326) in paragraph at lines 4305--4308
[]\T1/ppl/m/n/10 G. M. New-bloom, K. M. Weigandt, and
 []


Underfull \hbox (badness 3965) in paragraph at lines 4352--4355
\T1/ppl/m/n/10 induced struc-tural evo-lu-tion in elec-tro-static
 []

[41]
Underfull \hbox (badness 4156) in paragraph at lines 4531--4534
[]\T1/ppl/m/n/10 C. Storm, J. J. Pa-s-tore, F. C. MacK-in-tosh,
 []

[42] [43

] (./mesoscale_matter.aux)
 ***********
LaTeX2e <2023-11-01> patch level 1
L3 programming layer <2024-01-22>
 ***********
Package rerunfilecheck Info: File `mesoscale_matter.out' has not changed.
(rerunfilecheck)             Checksum: 9F2BF44484ABCDE603632ED234A8FEEC;52648.
)

Here is how much of LuaTeX's memory you used:
 28397 strings out of 476553
 156559,1977958 words of node,token memory allocated
 1201 words of node memory still in use:
   8 hlist, 2 vlist, 2 rule, 1 local_par, 4 glue, 5 kern, 1 penalty, 2 margin_ke
rn, 5 glyph, 154 attribute, 60 glue_spec, 154 attribute_list, 2 write nodes
   avail lists: 1:3,2:1155,3:1625,4:354,5:608,6:114,7:13294,8:53,9:946,10:27,11:
1373
 48981 multiletter control sequences out of 65536+600000
 215 fonts using 13413847 bytes
 102i,19n,101p,1012b,1125s stack positions out of 10000i,1000n,20000p,200000b,200000s
{/usr/share/texmf/fonts/enc/dvips/lm/lm-ec.enc}{/usr/share/texlive/texmf-dist/fo
nts/enc/dvips/base/8r.enc}</usr/share/texlive/texmf-dist/fonts/type1/public/amsf
onts/cm/cmex10.pfb></usr/share/texlive/texmf-dist/fonts/type1/public/amsfonts/cm
/cmmi10.pfb></usr/share/texlive/texmf-dist/fonts/type1/public/amsfonts/cm/cmr10.
pfb></usr/share/texlive/texmf-dist/fonts/type1/public/amsfonts/cm/cmsy10.pfb></u
sr/share/texlive/texmf-dist/fonts/type1/public/mathpazo/fplmbb.pfb></usr/share/t
exlive/texmf-dist/fonts/type1/public/mathpazo/fplmr.pfb></usr/share/texlive/texm
f-dist/fonts/type1/public/mathpazo/fplmri.pfb></usr/share/texmf/fonts/type1/publ
ic/lm/lmtt10.pfb></usr/share/texmf/fonts/type1/public/lm/lmtt9.pfb></usr/share/t
exlive/texmf-dist/fonts/type1/public/amsfonts/symbols/msbm10.pfb></usr/share/tex
live/texmf-dist/fonts/type1/public/stmaryrd/stmary10.pfb></usr/share/texlive/tex
mf-dist/fonts/type1/urw/palatino/uplb8a.pfb></usr/share/texlive/texmf-dist/fonts
/type1/urw/palatino/uplr8a.pfb></usr/share/texlive/texmf-dist/fonts/type1/urw/pa
latino/uplri8a.pfb>
Output written on mesoscale_matter.pdf (43 pages, 459529 bytes).

PDF statistics: 1358 PDF objects out of 1440 (max. 8388607)
 1286 compressed objects within 13 object streams
 437 named destinations out of 1000 (max. 131072)
 1736 words of extra memory for PDF output out of 10000 (max. 100000000)

