\BOOKMARK [0][-]{chapter*.1}{\376\377\000P\000r\000e\000f\000a\000c\000e}{}% 1
\BOOKMARK [-1][-]{part.1}{\376\377\000I\000\040\000P\000r\000e\000r\000e\000q\000u\000i\000s\000i\000t\000e\000s\000\040\000a\000n\000d\000\040\000F\000o\000u\000n\000d\000a\000t\000i\000o\000n\000s}{}% 2
\BOOKMARK [0][-]{chapter.1}{\376\377\000T\000h\000e\000\040\000P\000r\000o\000b\000l\000e\000m\000\040\000o\000f\000\040\000L\000a\000t\000e\000n\000t\000\040\000H\000i\000e\000r\000a\000r\000c\000h\000y}{part.1}% 3
\BOOKMARK [1][-]{section.1.1}{\376\377\000T\000h\000e\000\040\000C\000e\000n\000t\000r\000a\000l\000\040\000Q\000u\000e\000s\000t\000i\000o\000n}{chapter.1}% 4
\BOOKMARK [1][-]{section.1.2}{\376\377\000E\000x\000a\000m\000p\000l\000e\000s\000\040\000o\000f\000\040\000L\000a\000t\000e\000n\000t\000\040\000H\000i\000e\000r\000a\000r\000c\000h\000i\000c\000a\000l\000\040\000O\000r\000g\000a\000n\000i\000z\000a\000t\000i\000o\000n}{chapter.1}% 5
\BOOKMARK [2][-]{subsection.1.2.1}{\376\377\000P\000h\000y\000l\000o\000g\000e\000n\000e\000t\000i\000c\000s}{section.1.2}% 6
\BOOKMARK [2][-]{subsection.1.2.2}{\376\377\000L\000i\000n\000g\000u\000i\000s\000t\000i\000c\000\040\000H\000i\000e\000r\000a\000r\000c\000h\000i\000e\000s}{section.1.2}% 7
\BOOKMARK [2][-]{subsection.1.2.3}{\376\377\000C\000o\000g\000n\000i\000t\000i\000v\000e\000\040\000C\000a\000t\000e\000g\000o\000r\000i\000e\000s}{section.1.2}% 8
\BOOKMARK [2][-]{subsection.1.2.4}{\376\377\000S\000o\000c\000i\000a\000l\000\040\000a\000n\000d\000\040\000O\000r\000g\000a\000n\000i\000z\000a\000t\000i\000o\000n\000a\000l\000\040\000N\000e\000t\000w\000o\000r\000k\000s}{section.1.2}% 9
\BOOKMARK [1][-]{section.1.3}{\376\377\000T\000h\000e\000\040\000R\000o\000l\000e\000\040\000o\000f\000\040\000R\000e\000l\000a\000t\000i\000o\000n\000a\000l\000\040\000O\000b\000s\000e\000r\000v\000a\000t\000i\000o\000n\000s}{chapter.1}% 10
\BOOKMARK [1][-]{section.1.4}{\376\377\000T\000h\000e\000\040\000L\000e\000a\000r\000n\000i\000n\000g\000-\000A\000u\000g\000m\000e\000n\000t\000e\000d\000\040\000P\000e\000r\000s\000p\000e\000c\000t\000i\000v\000e}{chapter.1}% 11
\BOOKMARK [1][-]{section.1.5}{\376\377\000O\000v\000e\000r\000v\000i\000e\000w\000\040\000o\000f\000\040\000t\000h\000e\000\040\000T\000e\000x\000t}{chapter.1}% 12
\BOOKMARK [0][-]{chapter.2}{\376\377\000D\000i\000s\000c\000r\000e\000t\000e\000\040\000S\000t\000r\000u\000c\000t\000u\000r\000e\000s\000,\000\040\000T\000r\000e\000e\000s\000,\000\040\000a\000n\000d\000\040\000C\000o\000m\000b\000i\000n\000a\000t\000o\000r\000i\000c\000s}{part.1}% 13
\BOOKMARK [1][-]{section.2.1}{\376\377\000G\000r\000a\000p\000h\000s\000\040\000a\000n\000d\000\040\000T\000r\000e\000e\000s}{chapter.2}% 14
\BOOKMARK [1][-]{section.2.2}{\376\377\000S\000u\000b\000t\000r\000e\000e\000s\000\040\000a\000n\000d\000\040\000I\000n\000d\000u\000c\000e\000d\000\040\000S\000t\000r\000u\000c\000t\000u\000r\000e\000s}{chapter.2}% 15
\BOOKMARK [1][-]{section.2.3}{\376\377\000C\000o\000u\000n\000t\000i\000n\000g\000\040\000R\000o\000o\000t\000e\000d\000\040\000B\000i\000n\000a\000r\000y\000\040\000T\000r\000e\000e\000s}{chapter.2}% 16
\BOOKMARK [1][-]{section.2.4}{\376\377\000P\000a\000t\000h\000s\000,\000\040\000D\000i\000s\000t\000a\000n\000c\000e\000s\000,\000\040\000a\000n\000d\000\040\000D\000e\000p\000t\000h}{chapter.2}% 17
\BOOKMARK [1][-]{section.2.5}{\376\377\000E\000x\000e\000r\000c\000i\000s\000e\000s}{chapter.2}% 18
\BOOKMARK [0][-]{chapter.3}{\376\377\000P\000r\000o\000b\000a\000b\000i\000l\000i\000t\000y\000,\000\040\000C\000o\000n\000c\000e\000n\000t\000r\000a\000t\000i\000o\000n\000,\000\040\000a\000n\000d\000\040\000N\000o\000i\000s\000y\000\040\000O\000b\000s\000e\000r\000v\000a\000t\000i\000o\000n\000s}{part.1}% 19
\BOOKMARK [1][-]{section.3.1}{\376\377\000P\000r\000o\000b\000a\000b\000i\000l\000i\000t\000y\000\040\000S\000p\000a\000c\000e\000s\000\040\000a\000n\000d\000\040\000R\000a\000n\000d\000o\000m\000\040\000V\000a\000r\000i\000a\000b\000l\000e\000s}{chapter.3}% 20
\BOOKMARK [1][-]{section.3.2}{\376\377\000T\000h\000e\000\040\000N\000o\000i\000s\000y\000\040\000O\000r\000a\000c\000l\000e\000\040\000M\000o\000d\000e\000l}{chapter.3}% 21
\BOOKMARK [1][-]{section.3.3}{\376\377\000C\000o\000n\000c\000e\000n\000t\000r\000a\000t\000i\000o\000n\000\040\000I\000n\000e\000q\000u\000a\000l\000i\000t\000i\000e\000s}{chapter.3}% 22
\BOOKMARK [1][-]{section.3.4}{\376\377\000U\000n\000i\000o\000n\000\040\000B\000o\000u\000n\000d\000s}{chapter.3}% 23
\BOOKMARK [1][-]{section.3.5}{\376\377\000B\000a\000y\000e\000s\000i\000a\000n\000\040\000U\000p\000d\000a\000t\000i\000n\000g}{chapter.3}% 24
\BOOKMARK [1][-]{section.3.6}{\376\377\000C\000h\000e\000r\000n\000o\000f\000f\000\040\000B\000o\000u\000n\000d\000s}{chapter.3}% 25
\BOOKMARK [1][-]{section.3.7}{\376\377\000E\000x\000e\000r\000c\000i\000s\000e\000s}{chapter.3}% 26
\BOOKMARK [0][-]{chapter.4}{\376\377\000E\000n\000t\000r\000o\000p\000y\000\040\000a\000n\000d\000\040\000I\000n\000f\000o\000r\000m\000a\000t\000i\000o\000n\000\040\000T\000h\000e\000o\000r\000y}{part.1}% 27
\BOOKMARK [1][-]{section.4.1}{\376\377\000S\000h\000a\000n\000n\000o\000n\000\040\000E\000n\000t\000r\000o\000p\000y}{chapter.4}% 28
\BOOKMARK [1][-]{section.4.2}{\376\377\000J\000o\000i\000n\000t\000\040\000E\000n\000t\000r\000o\000p\000y\000,\000\040\000C\000o\000n\000d\000i\000t\000i\000o\000n\000a\000l\000\040\000E\000n\000t\000r\000o\000p\000y\000,\000\040\000a\000n\000d\000\040\000M\000u\000t\000u\000a\000l\000\040\000I\000n\000f\000o\000r\000m\000a\000t\000i\000o\000n}{chapter.4}% 29
\BOOKMARK [1][-]{section.4.3}{\376\377\000E\000n\000t\000r\000o\000p\000y\000\040\000a\000s\000\040\000U\000n\000c\000e\000r\000t\000a\000i\000n\000t\000y\000\040\000o\000v\000e\000r\000\040\000T\000r\000e\000e\000\040\000T\000o\000p\000o\000l\000o\000g\000i\000e\000s}{chapter.4}% 30
\BOOKMARK [1][-]{section.4.4}{\376\377\000I\000n\000f\000o\000r\000m\000a\000t\000i\000o\000n\000-\000T\000h\000e\000o\000r\000e\000t\000i\000c\000\040\000L\000o\000w\000e\000r\000\040\000B\000o\000u\000n\000d\000s\000\040\000o\000n\000\040\000Q\000u\000e\000r\000y\000\040\000C\000o\000m\000p\000l\000e\000x\000i\000t\000y}{chapter.4}% 31
\BOOKMARK [1][-]{section.4.5}{\376\377\000K\000L\000\040\000D\000i\000v\000e\000r\000g\000e\000n\000c\000e\000\040\000a\000n\000d\000\040\000M\000o\000d\000e\000l\000\040\000C\000o\000m\000p\000a\000r\000i\000s\000o\000n}{chapter.4}% 32
\BOOKMARK [1][-]{section.4.6}{\376\377\000E\000x\000e\000r\000c\000i\000s\000e\000s}{chapter.4}% 33
\BOOKMARK [0][-]{chapter.5}{\376\377\000M\000e\000t\000r\000i\000c\000\040\000S\000p\000a\000c\000e\000s\000\040\000a\000n\000d\000\040\000U\000l\000t\000r\000a\000m\000e\000t\000r\000i\000c\000\040\000G\000e\000o\000m\000e\000t\000r\000y}{part.1}% 34
\BOOKMARK [1][-]{section.5.1}{\376\377\000M\000e\000t\000r\000i\000c\000\040\000S\000p\000a\000c\000e\000s}{chapter.5}% 35
\BOOKMARK [1][-]{section.5.2}{\376\377\000U\000l\000t\000r\000a\000m\000e\000t\000r\000i\000c\000\040\000S\000p\000a\000c\000e\000s}{chapter.5}% 36
\BOOKMARK [1][-]{section.5.3}{\376\377\000T\000r\000e\000e\000s\000\040\000D\000e\000f\000i\000n\000e\000\040\000U\000l\000t\000r\000a\000m\000e\000t\000r\000i\000c\000s}{chapter.5}% 37
\BOOKMARK [1][-]{section.5.4}{\376\377\000U\000l\000t\000r\000a\000m\000e\000t\000r\000i\000c\000\040\000I\000n\000e\000q\000u\000a\000l\000i\000t\000i\000e\000s\000\040\000a\000n\000d\000\040\000B\000r\000a\000n\000c\000h\000i\000n\000g\000\040\000O\000r\000d\000e\000r}{chapter.5}% 38
\BOOKMARK [1][-]{section.5.5}{\376\377\000E\000x\000e\000r\000c\000i\000s\000e\000s}{chapter.5}% 39
\BOOKMARK [0][-]{chapter.6}{\376\377\000C\000o\000n\000s\000t\000r\000a\000i\000n\000t\000\040\000S\000y\000s\000t\000e\000m\000s\000\040\000a\000n\000d\000\040\000E\000m\000e\000r\000g\000e\000n\000t\000\040\000G\000l\000o\000b\000a\000l\000\040\000S\000t\000r\000u\000c\000t\000u\000r\000e}{part.1}% 40
\BOOKMARK [1][-]{section.6.1}{\376\377\000C\000o\000n\000s\000t\000r\000a\000i\000n\000t\000\040\000S\000a\000t\000i\000s\000f\000a\000c\000t\000i\000o\000n}{chapter.6}% 41
\BOOKMARK [1][-]{section.6.2}{\376\377\000P\000r\000o\000p\000a\000g\000a\000t\000i\000o\000n\000\040\000o\000f\000\040\000L\000o\000c\000a\000l\000\040\000C\000o\000n\000s\000t\000r\000a\000i\000n\000t\000s}{chapter.6}% 42
\BOOKMARK [1][-]{section.6.3}{\376\377\000S\000o\000f\000t\000\040\000C\000o\000n\000s\000t\000r\000a\000i\000n\000t\000s\000\040\000a\000n\000d\000\040\000P\000r\000o\000b\000a\000b\000i\000l\000i\000s\000t\000i\000c\000\040\000I\000n\000f\000e\000r\000e\000n\000c\000e}{chapter.6}% 43
\BOOKMARK [1][-]{section.6.4}{\376\377\000G\000l\000o\000b\000a\000l\000\040\000S\000t\000r\000u\000c\000t\000u\000r\000e\000\040\000f\000r\000o\000m\000\040\000M\000i\000n\000i\000m\000a\000l\000\040\000L\000o\000c\000a\000l\000\040\000I\000n\000f\000o\000r\000m\000a\000t\000i\000o\000n}{chapter.6}% 44
\BOOKMARK [1][-]{section.6.5}{\376\377\000E\000x\000e\000r\000c\000i\000s\000e\000s}{chapter.6}% 45
\BOOKMARK [-1][-]{part.2}{\376\377\000I\000I\000\040\000H\000i\000e\000r\000a\000r\000c\000h\000i\000c\000a\000l\000\040\000S\000t\000r\000u\000c\000t\000u\000r\000e\000\040\000a\000n\000d\000\040\000M\000i\000n\000i\000m\000a\000l\000\040\000R\000e\000l\000a\000t\000i\000o\000n\000a\000l\000\040\000I\000n\000f\000o\000r\000m\000a\000t\000i\000o\000n}{}% 46
\BOOKMARK [0][-]{chapter.7}{\376\377\000H\000i\000e\000r\000a\000r\000c\000h\000i\000c\000a\000l\000\040\000C\000l\000u\000s\000t\000e\000r\000i\000n\000g\000\040\000a\000s\000\040\000a\000\040\000B\000r\000a\000n\000c\000h\000i\000n\000g\000\040\000O\000b\000j\000e\000c\000t}{part.2}% 47
\BOOKMARK [1][-]{section.7.1}{\376\377\000D\000e\000n\000d\000r\000o\000g\000r\000a\000m\000s\000\040\000a\000n\000d\000\040\000L\000a\000m\000i\000n\000a\000r\000\040\000F\000a\000m\000i\000l\000i\000e\000s}{chapter.7}% 48
\BOOKMARK [1][-]{section.7.2}{\376\377\000C\000l\000u\000s\000t\000e\000r\000\040\000M\000e\000r\000g\000e\000s\000\040\000a\000n\000d\000\040\000t\000h\000e\000\040\000U\000P\000G\000M\000A\000\040\000A\000l\000g\000o\000r\000i\000t\000h\000m}{chapter.7}% 49
\BOOKMARK [1][-]{section.7.3}{\376\377\000D\000i\000v\000i\000s\000i\000v\000e\000\040\000C\000l\000u\000s\000t\000e\000r\000i\000n\000g}{chapter.7}% 50
\BOOKMARK [1][-]{section.7.4}{\376\377\000E\000x\000e\000r\000c\000i\000s\000e\000s}{chapter.7}% 51
\BOOKMARK [0][-]{chapter.8}{\376\377\000U\000l\000t\000r\000a\000m\000e\000t\000r\000i\000c\000\040\000G\000e\000o\000m\000e\000t\000r\000y\000\040\000a\000n\000d\000\040\000H\000i\000e\000r\000a\000r\000c\000h\000i\000c\000a\000l\000\040\000T\000r\000e\000e\000s}{part.2}% 52
\BOOKMARK [1][-]{section.8.1}{\376\377\000T\000h\000e\000\040\000E\000q\000u\000i\000v\000a\000l\000e\000n\000c\000e\000\040\000o\000f\000\040\000T\000r\000e\000e\000s\000\040\000a\000n\000d\000\040\000U\000l\000t\000r\000a\000m\000e\000t\000r\000i\000c\000s}{chapter.8}% 53
\BOOKMARK [1][-]{section.8.2}{\376\377\000U\000l\000t\000r\000a\000m\000e\000t\000r\000i\000c\000\040\000I\000n\000e\000q\000u\000a\000l\000i\000t\000i\000e\000s\000\040\000a\000s\000\040\000B\000r\000a\000n\000c\000h\000i\000n\000g\000\040\000S\000i\000g\000n\000a\000t\000u\000r\000e\000s}{chapter.8}% 54
\BOOKMARK [1][-]{section.8.3}{\376\377\000E\000x\000e\000r\000c\000i\000s\000e\000s}{chapter.8}% 55
\BOOKMARK [0][-]{chapter.9}{\376\377\000R\000o\000o\000t\000e\000d\000\040\000T\000r\000i\000p\000l\000e\000t\000s\000\040\000a\000n\000d\000\040\000M\000i\000n\000i\000m\000a\000l\000\040\000T\000o\000p\000o\000l\000o\000g\000y}{part.2}% 56
\BOOKMARK [1][-]{section.9.1}{\376\377\000T\000r\000i\000p\000l\000e\000t\000\040\000R\000e\000l\000a\000t\000i\000o\000n\000s}{chapter.9}% 57
\BOOKMARK [1][-]{section.9.2}{\376\377\000W\000h\000y\000\040\000T\000h\000r\000e\000e\000\040\000L\000e\000a\000v\000e\000s\000\040\000S\000u\000f\000f\000i\000c\000e}{chapter.9}% 58
\BOOKMARK [1][-]{section.9.3}{\376\377\000T\000r\000i\000p\000l\000e\000t\000\040\000C\000o\000n\000s\000i\000s\000t\000e\000n\000c\000y}{chapter.9}% 59
\BOOKMARK [1][-]{section.9.4}{\376\377\000E\000x\000e\000r\000c\000i\000s\000e\000s}{chapter.9}% 60
\BOOKMARK [0][-]{chapter.10}{\376\377\000R\000e\000c\000o\000n\000s\000t\000r\000u\000c\000t\000i\000o\000n\000\040\000f\000r\000o\000m\000\040\000T\000r\000i\000p\000l\000e\000t\000s}{part.2}% 61
\BOOKMARK [1][-]{section.10.1}{\376\377\000T\000h\000e\000\040\000R\000e\000c\000o\000n\000s\000t\000r\000u\000c\000t\000i\000o\000n\000\040\000P\000r\000o\000b\000l\000e\000m}{chapter.10}% 62
\BOOKMARK [1][-]{section.10.2}{\376\377\000T\000h\000e\000\040\000B\000U\000I\000L\000D\000\040\000A\000l\000g\000o\000r\000i\000t\000h\000m}{chapter.10}% 63
\BOOKMARK [1][-]{section.10.3}{\376\377\000S\000u\000f\000f\000i\000c\000i\000e\000n\000c\000y\000\040\000f\000o\000r\000\040\000R\000e\000c\000o\000n\000s\000t\000r\000u\000c\000t\000i\000o\000n}{chapter.10}% 64
\BOOKMARK [1][-]{section.10.4}{\376\377\000E\000x\000e\000r\000c\000i\000s\000e\000s}{chapter.10}% 65
\BOOKMARK [-1][-]{part.3}{\376\377\000I\000I\000I\000\040\000C\000l\000a\000s\000s\000i\000c\000a\000l\000\040\000O\000b\000j\000e\000c\000t\000i\000v\000e\000s\000\040\000a\000n\000d\000\040\000H\000a\000r\000d\000n\000e\000s\000s}{}% 66
\BOOKMARK [0][-]{chapter.11}{\376\377\000S\000i\000m\000i\000l\000a\000r\000i\000t\000y\000-\000B\000a\000s\000e\000d\000\040\000H\000i\000e\000r\000a\000r\000c\000h\000i\000c\000a\000l\000\040\000C\000l\000u\000s\000t\000e\000r\000i\000n\000g\000\040\000O\000b\000j\000e\000c\000t\000i\000v\000e\000s}{part.3}% 67
\BOOKMARK [1][-]{section.11.1}{\376\377\000F\000o\000r\000m\000a\000l\000i\000z\000i\000n\000g\000\040\000t\000h\000e\000\040\000Q\000u\000a\000l\000i\000t\000y\000\040\000o\000f\000\040\000a\000\040\000H\000i\000e\000r\000a\000r\000c\000h\000y}{chapter.11}% 68
\BOOKMARK [1][-]{section.11.2}{\376\377\000T\000h\000e\000\040\000D\000a\000s\000g\000u\000p\000t\000a\000\040\000O\000b\000j\000e\000c\000t\000i\000v\000e}{chapter.11}% 69
\BOOKMARK [1][-]{section.11.3}{\376\377\000T\000h\000e\000\040\000M\000o\000s\000e\000l\000e\000y\040\023\000W\000a\000n\000g\000\040\000O\000b\000j\000e\000c\000t\000i\000v\000e}{chapter.11}% 70
\BOOKMARK [1][-]{section.11.4}{\376\377\000R\000e\000l\000a\000t\000i\000o\000n\000s\000h\000i\000p\000\040\000t\000o\000\040\000G\000r\000a\000p\000h\000\040\000C\000u\000t\000s}{chapter.11}% 71
\BOOKMARK [1][-]{section.11.5}{\376\377\000E\000x\000e\000r\000c\000i\000s\000e\000s}{chapter.11}% 72
\BOOKMARK [0][-]{chapter.12}{\376\377\000A\000p\000p\000r\000o\000x\000i\000m\000a\000t\000i\000o\000n\000\040\000B\000a\000r\000r\000i\000e\000r\000s\000\040\000a\000n\000d\000\040\000C\000o\000m\000p\000l\000e\000x\000i\000t\000y}{part.3}% 73
\BOOKMARK [1][-]{section.12.1}{\376\377\000N\000P\000-\000H\000a\000r\000d\000n\000e\000s\000s\000\040\000o\000f\000\040\000O\000p\000t\000i\000m\000a\000l\000\040\000H\000C}{chapter.12}% 74
\BOOKMARK [1][-]{section.12.2}{\376\377\000K\000n\000o\000w\000n\000\040\000A\000p\000p\000r\000o\000x\000i\000m\000a\000t\000i\000o\000n\000\040\000R\000e\000s\000u\000l\000t\000s}{chapter.12}% 75
\BOOKMARK [1][-]{section.12.3}{\376\377\000S\000m\000a\000l\000l\000\040\000S\000e\000t\000\040\000E\000x\000p\000a\000n\000s\000i\000o\000n\000\040\000a\000n\000d\000\040\000I\000t\000s\000\040\000R\000o\000l\000e}{chapter.12}% 76
\BOOKMARK [1][-]{section.12.4}{\376\377\000E\000x\000e\000r\000c\000i\000s\000e\000s}{chapter.12}% 77
\BOOKMARK [-1][-]{part.4}{\376\377\000I\000V\000\040\000L\000e\000a\000r\000n\000i\000n\000g\000-\000A\000u\000g\000m\000e\000n\000t\000e\000d\000\040\000C\000l\000u\000s\000t\000e\000r\000i\000n\000g\000\040\000a\000n\000d\000\040\000t\000h\000e\000\040\000S\000p\000l\000i\000t\000t\000i\000n\000g\000\040\000O\000r\000a\000c\000l\000e}{}% 78
\BOOKMARK [0][-]{chapter.13}{\376\377\000T\000h\000e\000\040\000S\000p\000l\000i\000t\000t\000i\000n\000g\000\040\000O\000r\000a\000c\000l\000e\000\040\000M\000o\000d\000e\000l}{part.4}% 79
\BOOKMARK [1][-]{section.13.1}{\376\377\000D\000e\000f\000i\000n\000i\000t\000i\000o\000n\000\040\000o\000f\000\040\000t\000h\000e\000\040\000S\000p\000l\000i\000t\000t\000i\000n\000g\000\040\000O\000r\000a\000c\000l\000e}{chapter.13}% 80
\BOOKMARK [1][-]{section.13.2}{\376\377\000O\000r\000a\000c\000l\000e\000\040\000A\000g\000g\000r\000e\000g\000a\000t\000i\000o\000n}{chapter.13}% 81
\BOOKMARK [1][-]{section.13.3}{\376\377\000W\000h\000a\000t\000\040\000t\000h\000e\000\040\000O\000r\000a\000c\000l\000e\000\040\000R\000e\000v\000e\000a\000l\000s}{chapter.13}% 82
\BOOKMARK [1][-]{section.13.4}{\376\377\000E\000x\000e\000r\000c\000i\000s\000e\000s}{chapter.13}% 83
\BOOKMARK [0][-]{chapter.14}{\376\377\000P\000a\000r\000t\000i\000a\000l\000\040\000H\000i\000e\000r\000a\000r\000c\000h\000i\000c\000a\000l\000\040\000C\000l\000u\000s\000t\000e\000r\000i\000n\000g\000\040\000T\000r\000e\000e\000s}{part.4}% 84
\BOOKMARK [1][-]{section.14.1}{\376\377\000M\000o\000t\000i\000v\000a\000t\000i\000o\000n\000:\000\040\000R\000e\000p\000r\000e\000s\000e\000n\000t\000i\000n\000g\000\040\000P\000a\000r\000t\000i\000a\000l\000\040\000K\000n\000o\000w\000l\000e\000d\000g\000e}{chapter.14}% 85
\BOOKMARK [1][-]{section.14.2}{\376\377\000D\000e\000f\000i\000n\000i\000t\000i\000o\000n\000\040\000o\000f\000\040\000P\000a\000r\000t\000i\000a\000l\000\040\000H\000C\000\040\000T\000r\000e\000e\000s}{chapter.14}% 86
\BOOKMARK [1][-]{section.14.3}{\376\377\000S\000t\000r\000o\000n\000g\000\040\000a\000n\000d\000\040\000W\000e\000a\000k\000\040\000C\000o\000n\000s\000i\000s\000t\000e\000n\000c\000y}{chapter.14}% 87
\BOOKMARK [1][-]{section.14.4}{\376\377\000C\000o\000n\000s\000t\000r\000u\000c\000t\000i\000o\000n}{chapter.14}% 88
\BOOKMARK [1][-]{section.14.5}{\376\377\000E\000x\000e\000r\000c\000i\000s\000e\000s}{chapter.14}% 89
\BOOKMARK [0][-]{chapter.15}{\376\377\000T\000o\000p\000-\000D\000o\000w\000n\000\040\000R\000e\000c\000u\000r\000s\000i\000v\000e\000\040\000P\000a\000r\000t\000i\000t\000i\000o\000n\000i\000n\000g}{part.4}% 90
\BOOKMARK [1][-]{section.15.1}{\376\377\000T\000h\000e\000\040\000R\000e\000c\000u\000r\000s\000i\000v\000e\000\040\000S\000t\000r\000u\000c\000t\000u\000r\000e}{chapter.15}% 91
\BOOKMARK [1][-]{section.15.2}{\376\377\000I\000d\000e\000n\000t\000i\000f\000y\000i\000n\000g\000\040\000t\000h\000e\000\040\000S\000p\000l\000i\000t\000\040\000f\000r\000o\000m\000\040\000O\000r\000a\000c\000l\000e\000\040\000Q\000u\000e\000r\000i\000e\000s}{chapter.15}% 92
\BOOKMARK [1][-]{section.15.3}{\376\377\000R\000e\000c\000u\000r\000s\000i\000o\000n\000\040\000a\000n\000d\000\040\000T\000o\000t\000a\000l\000\040\000Q\000u\000e\000r\000y\000\040\000C\000o\000u\000n\000t}{chapter.15}% 93
\BOOKMARK [1][-]{section.15.4}{\376\377\000E\000x\000e\000r\000c\000i\000s\000e\000s}{chapter.15}% 94
\BOOKMARK [-1][-]{part.5}{\376\377\000V\000\040\000A\000p\000p\000r\000o\000x\000i\000m\000a\000t\000i\000o\000n\000\040\000G\000u\000a\000r\000a\000n\000t\000e\000e\000s\000\040\000a\000n\000d\000\040\000A\000l\000g\000o\000r\000i\000t\000h\000m\000i\000c\000\040\000C\000o\000n\000s\000e\000q\000u\000e\000n\000c\000e\000s}{}% 95
\BOOKMARK [0][-]{chapter.16}{\376\377\000A\000p\000p\000r\000o\000x\000i\000m\000a\000t\000i\000o\000n\000\040\000G\000u\000a\000r\000a\000n\000t\000e\000e\000s}{part.5}% 96
\BOOKMARK [1][-]{section.16.1}{\376\377\000A\000p\000p\000r\000o\000x\000i\000m\000a\000t\000i\000o\000n\000\040\000f\000o\000r\000\040\000t\000h\000e\000\040\000D\000a\000s\000g\000u\000p\000t\000a\000\040\000O\000b\000j\000e\000c\000t\000i\000v\000e}{chapter.16}% 97
\BOOKMARK [1][-]{section.16.2}{\376\377\000N\000e\000a\000r\000-\000O\000p\000t\000i\000m\000a\000l\000\040\000M\000o\000s\000e\000l\000e\000y\040\023\000W\000a\000n\000g\000\040\000R\000e\000w\000a\000r\000d}{chapter.16}% 98
\BOOKMARK [1][-]{section.16.3}{\376\377\000E\000x\000e\000r\000c\000i\000s\000e\000s}{chapter.16}% 99
\BOOKMARK [0][-]{chapter.17}{\376\377\000Q\000u\000e\000r\000y\000\040\000a\000n\000d\000\040\000T\000i\000m\000e\000\040\000C\000o\000m\000p\000l\000e\000x\000i\000t\000y}{part.5}% 100
\BOOKMARK [1][-]{section.17.1}{\376\377\000Q\000u\000e\000r\000y\000\040\000C\000o\000m\000p\000l\000e\000x\000i\000t\000y}{chapter.17}% 101
\BOOKMARK [1][-]{section.17.2}{\376\377\000T\000i\000m\000e\000\040\000C\000o\000m\000p\000l\000e\000x\000i\000t\000y}{chapter.17}% 102
\BOOKMARK [1][-]{section.17.3}{\376\377\000E\000x\000e\000r\000c\000i\000s\000e\000s}{chapter.17}% 103
\BOOKMARK [-1][-]{part.6}{\376\377\000V\000I\000\040\000S\000t\000r\000e\000a\000m\000i\000n\000g\000,\000\040\000P\000a\000r\000a\000l\000l\000e\000l\000i\000s\000m\000,\000\040\000a\000n\000d\000\040\000C\000o\000m\000p\000r\000e\000s\000s\000e\000d\000\040\000I\000n\000f\000e\000r\000e\000n\000c\000e}{}% 104
\BOOKMARK [0][-]{chapter.18}{\376\377\000S\000t\000r\000e\000a\000m\000i\000n\000g\000\040\000A\000l\000g\000o\000r\000i\000t\000h\000m\000s\000\040\000f\000o\000r\000\040\000H\000i\000e\000r\000a\000r\000c\000h\000i\000c\000a\000l\000\040\000C\000l\000u\000s\000t\000e\000r\000i\000n\000g}{part.6}% 105
\BOOKMARK [1][-]{section.18.1}{\376\377\000T\000h\000e\000\040\000S\000t\000r\000e\000a\000m\000i\000n\000g\000\040\000M\000o\000d\000e\000l}{chapter.18}% 106
\BOOKMARK [1][-]{section.18.2}{\376\377\000M\000a\000i\000n\000\040\000R\000e\000s\000u\000l\000t}{chapter.18}% 107
\BOOKMARK [1][-]{section.18.3}{\376\377\000E\000x\000e\000r\000c\000i\000s\000e\000s}{chapter.18}% 108
\BOOKMARK [0][-]{chapter.19}{\376\377\000P\000a\000r\000a\000l\000l\000e\000l\000\040\000A\000l\000g\000o\000r\000i\000t\000h\000m\000s\000\040\000f\000o\000r\000\040\000H\000i\000e\000r\000a\000r\000c\000h\000i\000c\000a\000l\000\040\000C\000l\000u\000s\000t\000e\000r\000i\000n\000g}{part.6}% 109
\BOOKMARK [1][-]{section.19.1}{\376\377\000T\000h\000e\000\040\000P\000R\000A\000M\000\040\000M\000o\000d\000e\000l}{chapter.19}% 110
\BOOKMARK [1][-]{section.19.2}{\376\377\000M\000a\000i\000n\000\040\000R\000e\000s\000u\000l\000t}{chapter.19}% 111
\BOOKMARK [1][-]{section.19.3}{\376\377\000E\000x\000e\000r\000c\000i\000s\000e\000s}{chapter.19}% 112
\BOOKMARK [-1][-]{part.7}{\376\377\000V\000I\000I\000\040\000G\000e\000o\000m\000e\000t\000r\000i\000c\000\040\000a\000n\000d\000\040\000I\000n\000f\000o\000r\000m\000a\000t\000i\000o\000n\000-\000T\000h\000e\000o\000r\000e\000t\000i\000c\000\040\000R\000e\000i\000n\000t\000e\000r\000p\000r\000e\000t\000a\000t\000i\000o\000n\000s}{}% 113
\BOOKMARK [0][-]{chapter.20}{\376\377\000T\000r\000i\000p\000l\000e\000t\000s\000\040\000a\000s\000\040\000U\000l\000t\000r\000a\000m\000e\000t\000r\000i\000c\000\040\000C\000u\000r\000v\000a\000t\000u\000r\000e\000\040\000O\000b\000s\000e\000r\000v\000a\000t\000i\000o\000n\000s}{part.7}% 114
\BOOKMARK [1][-]{section.20.1}{\376\377\000T\000h\000e\000\040\000O\000r\000a\000c\000l\000e\000\040\000a\000s\000\040\000a\000\040\000G\000e\000o\000m\000e\000t\000r\000i\000c\000\040\000I\000n\000s\000t\000r\000u\000m\000e\000n\000t}{chapter.20}% 115
\BOOKMARK [1][-]{section.20.2}{\376\377\000S\000p\000a\000r\000s\000e\000\040\000C\000u\000r\000v\000a\000t\000u\000r\000e\000\040\000O\000b\000s\000e\000r\000v\000a\000t\000i\000o\000n\000s}{chapter.20}% 116
\BOOKMARK [1][-]{section.20.3}{\376\377\000E\000x\000e\000r\000c\000i\000s\000e\000s}{chapter.20}% 117
\BOOKMARK [0][-]{chapter.21}{\376\377\000E\000n\000t\000r\000o\000p\000y\000\040\000D\000e\000s\000c\000e\000n\000t\000\040\000o\000n\000\040\000T\000r\000e\000e\000\040\000S\000p\000a\000c\000e}{part.7}% 118
\BOOKMARK [1][-]{section.21.1}{\376\377\000R\000e\000s\000i\000d\000u\000a\000l\000\040\000T\000r\000e\000e\000\040\000S\000e\000t\000\040\000a\000n\000d\000\040\000C\000o\000m\000b\000i\000n\000a\000t\000o\000r\000i\000a\000l\000\040\000E\000n\000t\000r\000o\000p\000y}{chapter.21}% 119
\BOOKMARK [1][-]{section.21.2}{\376\377\000E\000n\000t\000r\000o\000p\000y\000\040\000i\000n\000\040\000t\000h\000e\000\040\000P\000a\000r\000t\000i\000a\000l\000\040\000H\000C\000\040\000T\000r\000e\000e}{chapter.21}% 120
\BOOKMARK [1][-]{section.21.3}{\376\377\000E\000x\000e\000r\000c\000i\000s\000e\000s}{chapter.21}% 121
\BOOKMARK [0][-]{chapter.22}{\376\377\000C\000o\000n\000s\000t\000r\000a\000i\000n\000t\000\040\000P\000r\000o\000p\000a\000g\000a\000t\000i\000o\000n\000\040\000a\000n\000d\000\040\000S\000p\000a\000r\000s\000e\000\040\000I\000n\000f\000e\000r\000e\000n\000c\000e}{part.7}% 122
\BOOKMARK [1][-]{section.22.1}{\376\377\000S\000p\000a\000r\000s\000e\000\040\000I\000n\000f\000e\000r\000e\000n\000c\000e\000\040\000a\000s\000\040\000C\000o\000n\000s\000t\000r\000a\000i\000n\000t\000\040\000S\000a\000t\000i\000s\000f\000a\000c\000t\000i\000o\000n}{chapter.22}% 123
\BOOKMARK [1][-]{section.22.2}{\376\377\000C\000o\000n\000s\000t\000r\000a\000i\000n\000t\000\040\000P\000r\000o\000p\000a\000g\000a\000t\000i\000o\000n\000\040\000B\000o\000u\000n\000d}{chapter.22}% 124
\BOOKMARK [1][-]{section.22.3}{\376\377\000C\000o\000n\000n\000e\000c\000t\000i\000o\000n\000\040\000t\000o\000\040\000F\000i\000e\000l\000d\000\040\000T\000h\000e\000o\000r\000i\000e\000s}{chapter.22}% 125
\BOOKMARK [1][-]{section.22.4}{\376\377\000E\000x\000e\000r\000c\000i\000s\000e\000s}{chapter.22}% 126
\BOOKMARK [-1][-]{part.8}{\376\377\000V\000I\000I\000I\000\040\000I\000n\000f\000e\000r\000e\000n\000c\000e\000\040\000S\000y\000s\000t\000e\000m\000s\000,\000\040\000R\000e\000p\000l\000i\000c\000a\000t\000i\000o\000n\000,\000\040\000a\000n\000d\000\040\000K\000n\000o\000w\000l\000e\000d\000g\000e\000\040\000A\000c\000c\000u\000m\000u\000l\000a\000t\000i\000o\000n}{}% 127
\BOOKMARK [0][-]{chapter.23}{\376\377\000B\000a\000y\000e\000s\000i\000a\000n\000\040\000a\000n\000d\000\040\000V\000a\000r\000i\000a\000t\000i\000o\000n\000a\000l\000\040\000R\000e\000f\000o\000r\000m\000u\000l\000a\000t\000i\000o\000n\000s}{part.8}% 128
\BOOKMARK [1][-]{section.23.1}{\376\377\000B\000a\000y\000e\000s\000i\000a\000n\000\040\000I\000n\000f\000e\000r\000e\000n\000c\000e\000\040\000o\000v\000e\000r\000\040\000T\000r\000e\000e\000\040\000M\000e\000t\000r\000i\000c\000s}{chapter.23}% 129
\BOOKMARK [1][-]{section.23.2}{\376\377\000T\000h\000e\000\040\000P\000a\000r\000t\000i\000a\000l\000\040\000H\000C\000\040\000T\000r\000e\000e\000\040\000a\000s\000\040\000a\000\040\000B\000e\000l\000i\000e\000f\000\040\000S\000t\000a\000t\000e}{chapter.23}% 130
\BOOKMARK [1][-]{section.23.3}{\376\377\000V\000a\000r\000i\000a\000t\000i\000o\000n\000a\000l\000\040\000I\000n\000f\000e\000r\000e\000n\000c\000e}{chapter.23}% 131
\BOOKMARK [1][-]{section.23.4}{\376\377\000M\000e\000a\000n\000-\000F\000i\000e\000l\000d\000\040\000A\000p\000p\000r\000o\000x\000i\000m\000a\000t\000i\000o\000n\000\040\000f\000o\000r\000\040\000T\000r\000e\000e\000s}{chapter.23}% 132
\BOOKMARK [1][-]{section.23.5}{\376\377\000E\000x\000e\000r\000c\000i\000s\000e\000s}{chapter.23}% 133
\BOOKMARK [0][-]{chapter.24}{\376\377\000T\000h\000e\000\040\000R\000e\000p\000l\000i\000c\000a\000t\000i\000o\000n\000\040\000C\000r\000i\000s\000i\000s\000\040\000a\000s\000\040\000C\000o\000n\000s\000t\000r\000a\000i\000n\000t\000\040\000D\000i\000s\000t\000o\000r\000t\000i\000o\000n}{part.8}% 134
\BOOKMARK [1][-]{section.24.1}{\376\377\000S\000e\000l\000e\000c\000t\000i\000o\000n\000\040\000a\000s\000\040\000a\000\040\000D\000i\000s\000t\000r\000i\000b\000u\000t\000i\000o\000n\000\040\000T\000r\000a\000n\000s\000f\000o\000r\000m\000a\000t\000i\000o\000n}{chapter.24}% 135
\BOOKMARK [1][-]{section.24.2}{\376\377\000S\000t\000a\000t\000i\000s\000t\000i\000c\000a\000l\000\040\000P\000o\000w\000e\000r\000\040\000a\000n\000d\000\040\000t\000h\000e\000\040\000F\000a\000l\000s\000e\000\040\000D\000i\000s\000c\000o\000v\000e\000r\000y\000\040\000R\000a\000t\000e}{chapter.24}% 136
\BOOKMARK [1][-]{section.24.3}{\376\377\000M\000u\000l\000t\000i\000s\000c\000a\000l\000e\000\040\000S\000e\000l\000e\000c\000t\000i\000o\000n}{chapter.24}% 137
\BOOKMARK [1][-]{section.24.4}{\376\377\000M\000i\000s\000s\000i\000n\000g\000\040\000C\000o\000n\000s\000t\000r\000a\000i\000n\000t\000s\000\040\000a\000n\000d\000\040\000t\000h\000e\000\040\000D\000i\000s\000t\000o\000r\000t\000e\000d\000\040\000P\000o\000s\000t\000e\000r\000i\000o\000r}{chapter.24}% 138
\BOOKMARK [1][-]{section.24.5}{\376\377\000E\000x\000e\000r\000c\000i\000s\000e\000s}{chapter.24}% 139
\BOOKMARK [0][-]{chapter.25}{\376\377\000O\000b\000s\000e\000r\000v\000a\000t\000i\000o\000n\000s\000\040\000a\000s\000\040\000O\000p\000e\000r\000a\000t\000o\000r\000s\000\040\000o\000n\000\040\000H\000y\000p\000o\000t\000h\000e\000s\000i\000s\000\040\000S\000p\000a\000c\000e}{part.8}% 140
\BOOKMARK [1][-]{section.25.1}{\376\377\000F\000r\000o\000m\000\040\000N\000a\000r\000r\000a\000t\000i\000v\000e\000s\000\040\000t\000o\000\040\000O\000p\000e\000r\000a\000t\000o\000r\000s}{chapter.25}% 141
\BOOKMARK [1][-]{section.25.2}{\376\377\000A\000n\000o\000n\000y\000m\000i\000z\000a\000t\000i\000o\000n\000\040\000a\000s\000\040\000S\000t\000r\000u\000c\000t\000u\000r\000a\000l\000\040\000P\000r\000e\000s\000e\000r\000v\000a\000t\000i\000o\000n}{chapter.25}% 142
\BOOKMARK [1][-]{section.25.3}{\376\377\000B\000a\000y\000e\000s\000i\000a\000n\000\040\000I\000n\000t\000e\000r\000p\000r\000e\000t\000a\000t\000i\000o\000n}{chapter.25}% 143
\BOOKMARK [1][-]{section.25.4}{\376\377\000I\000m\000p\000l\000i\000c\000a\000t\000i\000o\000n\000s\000\040\000f\000o\000r\000\040\000S\000c\000i\000e\000n\000t\000i\000f\000i\000c\000\040\000I\000n\000f\000r\000a\000s\000t\000r\000u\000c\000t\000u\000r\000e\000\040\000D\000e\000s\000i\000g\000n}{chapter.25}% 144
\BOOKMARK [1][-]{section.25.5}{\376\377\000E\000x\000e\000r\000c\000i\000s\000e\000s}{chapter.25}% 145
\BOOKMARK [0][-]{chapter.26}{\376\377\000T\000h\000e\000\040\000E\000p\000i\000s\000t\000e\000m\000i\000c\000\040\000V\000a\000l\000u\000e\000\040\000o\000f\000\040\000E\000x\000p\000l\000o\000r\000a\000t\000o\000r\000y\000\040\000R\000e\000a\000s\000o\000n\000i\000n\000g}{part.8}% 146
\BOOKMARK [1][-]{section.26.1}{\376\377\000I\000n\000c\000o\000m\000p\000l\000e\000t\000e\000\040\000W\000o\000r\000k\000\040\000a\000s\000\040\000S\000e\000a\000r\000c\000h\000\040\000T\000r\000a\000j\000e\000c\000t\000o\000r\000y\000\040\000P\000r\000e\000s\000e\000r\000v\000a\000t\000i\000o\000n}{chapter.26}% 147
\BOOKMARK [1][-]{section.26.2}{\376\377\000F\000l\000a\000w\000e\000d\000\040\000W\000o\000r\000k\000\040\000a\000s\000\040\000C\000o\000n\000s\000t\000r\000a\000i\000n\000t}{chapter.26}% 148
\BOOKMARK [1][-]{section.26.3}{\376\377\000A\000n\000\040\000I\000l\000l\000u\000s\000t\000r\000a\000t\000i\000v\000e\000\040\000E\000x\000a\000m\000p\000l\000e\000:\000\040\000H\000e\000u\000r\000i\000s\000t\000i\000c\000\040\000A\000r\000g\000u\000m\000e\000n\000t\000a\000t\000i\000o\000n}{chapter.26}% 149
\BOOKMARK [1][-]{section.26.4}{\376\377\000R\000e\000f\000a\000c\000t\000o\000r\000i\000n\000g\000\040\000a\000s\000\040\000C\000o\000n\000s\000t\000r\000a\000i\000n\000t\000\040\000R\000e\000v\000i\000s\000i\000o\000n}{chapter.26}% 150
\BOOKMARK [1][-]{section.26.5}{\376\377\000C\000o\000n\000n\000e\000c\000t\000i\000o\000n\000\040\000t\000o\000\040\000t\000h\000e\000\040\000H\000C\000\040\000R\000e\000c\000o\000n\000s\000t\000r\000u\000c\000t\000i\000o\000n\000\040\000F\000r\000a\000m\000e\000w\000o\000r\000k}{chapter.26}% 151
\BOOKMARK [1][-]{section.26.6}{\376\377\000E\000x\000e\000r\000c\000i\000s\000e\000s}{chapter.26}% 152
\BOOKMARK [-1][-]{part.9}{\376\377\000I\000X\000\040\000F\000u\000l\000l\000\040\000D\000e\000r\000i\000v\000a\000t\000i\000o\000n\000s\000\040\000a\000n\000d\000\040\000A\000d\000v\000a\000n\000c\000e\000d\000\040\000A\000p\000p\000e\000n\000d\000i\000c\000e\000s}{}% 153
\BOOKMARK [0][-]{appendix.A}{\376\377\000P\000r\000o\000o\000f\000\040\000T\000h\000a\000t\000\040\000T\000r\000e\000e\000s\000\040\000a\000n\000d\000\040\000U\000l\000t\000r\000a\000m\000e\000t\000r\000i\000c\000s\000\040\000A\000r\000e\000\040\000E\000q\000u\000i\000v\000a\000l\000e\000n\000t}{part.9}% 154
\BOOKMARK [1][-]{section.A.1}{\376\377\000S\000t\000a\000t\000e\000m\000e\000n\000t\000\040\000o\000f\000\040\000t\000h\000e\000\040\000T\000h\000e\000o\000r\000e\000m}{appendix.A}% 155
\BOOKMARK [1][-]{section.A.2}{\376\377\000P\000r\000o\000o\000f\000:\000\040\000T\000r\000e\000e\000s\000\040\000I\000n\000d\000u\000c\000e\000\040\000U\000l\000t\000r\000a\000m\000e\000t\000r\000i\000c\000s}{appendix.A}% 156
\BOOKMARK [1][-]{section.A.3}{\376\377\000P\000r\000o\000o\000f\000:\000\040\000U\000l\000t\000r\000a\000m\000e\000t\000r\000i\000c\000s\000\040\000I\000n\000d\000u\000c\000e\000\040\000T\000r\000e\000e\000s}{appendix.A}% 157
\BOOKMARK [1][-]{section.A.4}{\376\377\000T\000h\000e\000\040\000C\000a\000s\000e\000\040\000o\000f\000\040\000N\000o\000n\000-\000D\000i\000s\000t\000i\000n\000c\000t\000\040\000D\000i\000s\000t\000a\000n\000c\000e\000s}{appendix.A}% 158
\BOOKMARK [0][-]{appendix.B}{\376\377\000P\000r\000o\000o\000f\000\040\000T\000h\000a\000t\000\040\000T\000r\000i\000p\000l\000e\000t\000s\000\040\000D\000e\000t\000e\000r\000m\000i\000n\000e\000\040\000T\000o\000p\000o\000l\000o\000g\000y}{part.9}% 159
\BOOKMARK [1][-]{section.B.1}{\376\377\000C\000o\000n\000s\000i\000s\000t\000e\000n\000c\000y\000\040\000a\000n\000d\000\040\000C\000o\000m\000p\000a\000t\000i\000b\000i\000l\000i\000t\000y}{appendix.B}% 160
\BOOKMARK [1][-]{section.B.2}{\376\377\000T\000h\000e\000\040\000R\000e\000c\000o\000n\000s\000t\000r\000u\000c\000t\000i\000o\000n\000\040\000T\000h\000e\000o\000r\000e\000m}{appendix.B}% 161
\BOOKMARK [1][-]{section.B.3}{\376\377\000C\000l\000o\000s\000u\000r\000e\000\040\000o\000f\000\040\000T\000r\000i\000p\000l\000e\000t\000\040\000S\000y\000s\000t\000e\000m\000s}{appendix.B}% 162
\BOOKMARK [0][-]{appendix.C}{\376\377\000N\000o\000i\000s\000e\000\040\000A\000n\000a\000l\000y\000s\000i\000s\000\040\000f\000o\000r\000\040\000O\000r\000a\000c\000l\000e\000\040\000A\000g\000g\000r\000e\000g\000a\000t\000i\000o\000n}{part.9}% 163
\BOOKMARK [1][-]{section.C.1}{\376\377\000S\000e\000t\000u\000p}{appendix.C}% 164
\BOOKMARK [1][-]{section.C.2}{\376\377\000S\000i\000n\000g\000l\000e\000\040\000T\000r\000i\000p\000l\000e\000t\000\040\000A\000n\000a\000l\000y\000s\000i\000s}{appendix.C}% 165
\BOOKMARK [1][-]{section.C.3}{\376\377\000U\000n\000i\000f\000o\000r\000m\000\040\000B\000o\000u\000n\000d\000\040\000o\000v\000e\000r\000\040\000A\000l\000l\000\040\000T\000r\000i\000p\000l\000e\000t\000s}{appendix.C}% 166
\BOOKMARK [1][-]{section.C.4}{\376\377\000A\000d\000a\000p\000t\000i\000v\000e\000\040\000Q\000u\000e\000r\000y\000\040\000S\000t\000r\000a\000t\000e\000g\000i\000e\000s}{appendix.C}% 167
\BOOKMARK [0][-]{appendix.D}{\376\377\000L\000o\000s\000s\000\040\000B\000o\000u\000n\000d\000s\000\040\000f\000r\000o\000m\000\040\000C\000o\000l\000l\000a\000p\000s\000i\000n\000g\000\040\000U\000n\000r\000e\000s\000o\000l\000v\000e\000d\000\040\000S\000u\000b\000t\000r\000e\000e\000s}{part.9}% 168
\BOOKMARK [1][-]{section.D.1}{\376\377\000T\000h\000e\000\040\000C\000o\000n\000t\000r\000i\000b\000u\000t\000i\000o\000n\000\040\000o\000f\000\040\000S\000u\000p\000e\000r\000-\000V\000e\000r\000t\000e\000x\000\040\000P\000a\000i\000r\000s}{appendix.D}% 169
\BOOKMARK [1][-]{section.D.2}{\376\377\000I\000m\000p\000l\000i\000c\000a\000t\000i\000o\000n\000s\000\040\000f\000o\000r\000\040\000A\000p\000p\000r\000o\000x\000i\000m\000a\000t\000i\000o\000n\000\040\000R\000a\000t\000i\000o}{appendix.D}% 170
\BOOKMARK [0][-]{appendix.E}{\376\377\000B\000a\000y\000e\000s\000i\000a\000n\000\040\000a\000n\000d\000\040\000V\000a\000r\000i\000a\000t\000i\000o\000n\000a\000l\000\040\000R\000e\000f\000o\000r\000m\000u\000l\000a\000t\000i\000o\000n\000s}{part.9}% 171
\BOOKMARK [1][-]{section.E.1}{\376\377\000F\000u\000l\000l\000\040\000P\000o\000s\000t\000e\000r\000i\000o\000r\000\040\000o\000v\000e\000r\000\040\000T\000r\000e\000e\000\040\000M\000e\000t\000r\000i\000c\000s}{appendix.E}% 172
\BOOKMARK [1][-]{section.E.2}{\376\377\000F\000r\000e\000e\000\040\000E\000n\000e\000r\000g\000y\000\040\000a\000n\000d\000\040\000E\000L\000B\000O}{appendix.E}% 173
\BOOKMARK [1][-]{section.E.3}{\376\377\000C\000o\000n\000n\000e\000c\000t\000i\000o\000n\000\040\000t\000o\000\040\000t\000h\000e\000\040\000P\000a\000r\000t\000i\000a\000l\000\040\000H\000C\000\040\000T\000r\000e\000e}{appendix.E}% 174
\BOOKMARK [1][-]{section.E.4}{\376\377\000S\000t\000o\000c\000h\000a\000s\000t\000i\000c\000\040\000V\000a\000r\000i\000a\000t\000i\000o\000n\000a\000l\000\040\000I\000n\000f\000e\000r\000e\000n\000c\000e\000\040\000f\000o\000r\000\040\000T\000r\000e\000e\000s}{appendix.E}% 175
\BOOKMARK [0][-]{appendix*.2}{\376\377\000S\000y\000n\000t\000h\000e\000s\000i\000s}{part.9}% 176
