This is pdfTeX, Version 3.141592653-2.6-1.40.25 (TeX Live 2023/Debian) (preloaded format=pdflatex 2026.2.18)  11 MAR 2026 17:02
entering extended mode
 restricted \write18 enabled.
 %&-line parsing enabled.
**main.tex
(./main.tex
LaTeX2e <2023-11-01> patch level 1
L3 programming layer <2024-01-22>
(/usr/share/texlive/texmf-dist/tex/latex/base/book.cls
Document Class: book 2023/05/17 v1.4n Standard LaTeX document class
(/usr/share/texlive/texmf-dist/tex/latex/base/bk11.clo
File: bk11.clo 2023/05/17 v1.4n Standard LaTeX file (size option)
)
\c@part=\count187
\c@chapter=\count188
\c@section=\count189
\c@subsection=\count190
\c@subsubsection=\count191
\c@paragraph=\count192
\c@subparagraph=\count193
\c@figure=\count194
\c@table=\count195
\abovecaptionskip=\skip48
\belowcaptionskip=\skip49
\bibindent=\dimen140
)
(/usr/share/texlive/texmf-dist/tex/latex/base/fontenc.sty
Package: fontenc 2021/04/29 v2.0v Standard LaTeX package
)
(/usr/share/texlive/texmf-dist/tex/latex/base/inputenc.sty
Package: inputenc 2021/02/14 v1.3d Input encoding file
\inpenc@prehook=\toks17
\inpenc@posthook=\toks18
)
(/usr/share/texlive/texmf-dist/tex/latex/microtype/microtype.sty
Package: microtype 2023/03/13 v3.1a Micro-typographical refinements (RS)

(/usr/share/texlive/texmf-dist/tex/latex/graphics/keyval.sty
Package: keyval 2022/05/29 v1.15 key=value parser (DPC)
\KV@toks@=\toks19
)
(/usr/share/texlive/texmf-dist/tex/latex/etoolbox/etoolbox.sty
Package: etoolbox 2020/10/05 v2.5k e-TeX tools for LaTeX (JAW)
\etb@tempcnta=\count196
)
\MT@toks=\toks20
\MT@tempbox=\box51
\MT@count=\count197
LaTeX Info: Redefining \noprotrusionifhmode on input line 1059.
LaTeX Info: Redefining \leftprotrusion on input line 1060.
\MT@prot@toks=\toks21
LaTeX Info: Redefining \rightprotrusion on input line 1078.
LaTeX Info: Redefining \textls on input line 1368.
\MT@outer@kern=\dimen141
LaTeX Info: Redefining \textmicrotypecontext on input line 1988.
\MT@listname@count=\count198

(/usr/share/texlive/texmf-dist/tex/latex/microtype/microtype-pdftex.def
File: microtype-pdftex.def 2023/03/13 v3.1a Definitions specific to pdftex (RS)

LaTeX Info: Redefining \lsstyle on input line 902.
LaTeX Info: Redefining \lslig on input line 902.
\MT@outer@space=\skip50
)
Package microtype Info: Loading configuration file microtype.cfg.

(/usr/share/texlive/texmf-dist/tex/latex/microtype/microtype.cfg
File: microtype.cfg 2023/03/13 v3.1a microtype main configuration file (RS)
))
(/usr/share/texlive/texmf-dist/tex/latex/geometry/geometry.sty
Package: geometry 2020/01/02 v5.9 Page Geometry

(/usr/share/texlive/texmf-dist/tex/generic/iftex/ifvtex.sty
Package: ifvtex 2019/10/25 v1.7 ifvtex legacy package. Use iftex instead.

(/usr/share/texlive/texmf-dist/tex/generic/iftex/iftex.sty
Package: iftex 2022/02/03 v1.0f TeX engine tests
))
\Gm@cnth=\count199
\Gm@cntv=\count266
\c@Gm@tempcnt=\count267
\Gm@bindingoffset=\dimen142
\Gm@wd@mp=\dimen143
\Gm@odd@mp=\dimen144
\Gm@even@mp=\dimen145
\Gm@layoutwidth=\dimen146
\Gm@layoutheight=\dimen147
\Gm@layouthoffset=\dimen148
\Gm@layoutvoffset=\dimen149
\Gm@dimlist=\toks22
)
(/usr/share/texlive/texmf-dist/tex/latex/amsmath/amsmath.sty
Package: amsmath 2023/05/13 v2.17o AMS math features
\@mathmargin=\skip51

For additional information on amsmath, use the `?' option.
(/usr/share/texlive/texmf-dist/tex/latex/amsmath/amstext.sty
Package: amstext 2021/08/26 v2.01 AMS text

(/usr/share/texlive/texmf-dist/tex/latex/amsmath/amsgen.sty
File: amsgen.sty 1999/11/30 v2.0 generic functions
\@emptytoks=\toks23
\ex@=\dimen150
))
(/usr/share/texlive/texmf-dist/tex/latex/amsmath/amsbsy.sty
Package: amsbsy 1999/11/29 v1.2d Bold Symbols
\pmbraise@=\dimen151
)
(/usr/share/texlive/texmf-dist/tex/latex/amsmath/amsopn.sty
Package: amsopn 2022/04/08 v2.04 operator names
)
\inf@bad=\count268
LaTeX Info: Redefining \frac on input line 234.
\uproot@=\count269
\leftroot@=\count270
LaTeX Info: Redefining \overline on input line 399.
LaTeX Info: Redefining \colon on input line 410.
\classnum@=\count271
\DOTSCASE@=\count272
LaTeX Info: Redefining \ldots on input line 496.
LaTeX Info: Redefining \dots on input line 499.
LaTeX Info: Redefining \cdots on input line 620.
\Mathstrutbox@=\box52
\strutbox@=\box53
LaTeX Info: Redefining \big on input line 722.
LaTeX Info: Redefining \Big on input line 723.
LaTeX Info: Redefining \bigg on input line 724.
LaTeX Info: Redefining \Bigg on input line 725.
\big@size=\dimen152
LaTeX Font Info:    Redeclaring font encoding OML on input line 743.
LaTeX Font Info:    Redeclaring font encoding OMS on input line 744.
\macc@depth=\count273
LaTeX Info: Redefining \bmod on input line 905.
LaTeX Info: Redefining \pmod on input line 910.
LaTeX Info: Redefining \smash on input line 940.
LaTeX Info: Redefining \relbar on input line 970.
LaTeX Info: Redefining \Relbar on input line 971.
\c@MaxMatrixCols=\count274
\dotsspace@=\muskip16
\c@parentequation=\count275
\dspbrk@lvl=\count276
\tag@help=\toks24
\row@=\count277
\column@=\count278
\maxfields@=\count279
\andhelp@=\toks25
\eqnshift@=\dimen153
\alignsep@=\dimen154
\tagshift@=\dimen155
\tagwidth@=\dimen156
\totwidth@=\dimen157
\lineht@=\dimen158
\@envbody=\toks26
\multlinegap=\skip52
\multlinetaggap=\skip53
\mathdisplay@stack=\toks27
LaTeX Info: Redefining \[ on input line 2953.
LaTeX Info: Redefining \] on input line 2954.
)
(/usr/share/texlive/texmf-dist/tex/latex/amsfonts/amssymb.sty
Package: amssymb 2013/01/14 v3.01 AMS font symbols

(/usr/share/texlive/texmf-dist/tex/latex/amsfonts/amsfonts.sty
Package: amsfonts 2013/01/14 v3.01 Basic AMSFonts support
\symAMSa=\mathgroup4
\symAMSb=\mathgroup5
LaTeX Font Info:    Redeclaring math symbol \hbar on input line 98.
LaTeX Font Info:    Overwriting math alphabet `\mathfrak' in version `bold'
(Font)                  U/euf/m/n --> U/euf/b/n on input line 106.
))
(/usr/share/texlive/texmf-dist/tex/latex/amscls/amsthm.sty
Package: amsthm 2020/05/29 v2.20.6
\thm@style=\toks28
\thm@bodyfont=\toks29
\thm@headfont=\toks30
\thm@notefont=\toks31
\thm@headpunct=\toks32
\thm@preskip=\skip54
\thm@postskip=\skip55
\thm@headsep=\skip56
\dth@everypar=\toks33
)
(/usr/share/texlive/texmf-dist/tex/latex/mathtools/mathtools.sty
Package: mathtools 2022/06/29 v1.29 mathematical typesetting tools

(/usr/share/texlive/texmf-dist/tex/latex/tools/calc.sty
Package: calc 2023/07/08 v4.3 Infix arithmetic (KKT,FJ)
\calc@Acount=\count280
\calc@Bcount=\count281
\calc@Adimen=\dimen159
\calc@Bdimen=\dimen160
\calc@Askip=\skip57
\calc@Bskip=\skip58
LaTeX Info: Redefining \setlength on input line 80.
LaTeX Info: Redefining \addtolength on input line 81.
\calc@Ccount=\count282
\calc@Cskip=\skip59
)
(/usr/share/texlive/texmf-dist/tex/latex/mathtools/mhsetup.sty
Package: mhsetup 2021/03/18 v1.4 programming setup (MH)
)
\g_MT_multlinerow_int=\count283
\l_MT_multwidth_dim=\dimen161
\origjot=\skip60
\l_MT_shortvdotswithinadjustabove_dim=\dimen162
\l_MT_shortvdotswithinadjustbelow_dim=\dimen163
\l_MT_above_intertext_sep=\dimen164
\l_MT_below_intertext_sep=\dimen165
\l_MT_above_shortintertext_sep=\dimen166
\l_MT_below_shortintertext_sep=\dimen167
\xmathstrut@box=\box54
\xmathstrut@dim=\dimen168
)
(/usr/share/texlive/texmf-dist/tex/latex/tools/bm.sty
Package: bm 2023/07/08 v1.2f Bold Symbol Support (DPC/FMi)
\symboldoperators=\mathgroup6
\symboldletters=\mathgroup7
\symboldsymbols=\mathgroup8
Package bm Info: No bold for \OMX/cmex/m/n, using \pmb.
Package bm Info: No bold for \U/msa/m/n, using \pmb.
Package bm Info: No bold for \U/msb/m/n, using \pmb.
LaTeX Font Info:    Redeclaring math alphabet \mathbf on input line 149.
)
(/usr/share/texlive/texmf-dist/tex/latex/pgf/frontendlayer/tikz.sty
(/usr/share/texlive/texmf-dist/tex/latex/pgf/basiclayer/pgf.sty
(/usr/share/texlive/texmf-dist/tex/latex/pgf/utilities/pgfrcs.sty
(/usr/share/texlive/texmf-dist/tex/generic/pgf/utilities/pgfutil-common.tex
\pgfutil@everybye=\toks34
\pgfutil@tempdima=\dimen169
\pgfutil@tempdimb=\dimen170
)
(/usr/share/texlive/texmf-dist/tex/generic/pgf/utilities/pgfutil-latex.def
\pgfutil@abb=\box55
)
(/usr/share/texlive/texmf-dist/tex/generic/pgf/utilities/pgfrcs.code.tex
(/usr/share/texlive/texmf-dist/tex/generic/pgf/pgf.revision.tex)
Package: pgfrcs 2023-01-15 v3.1.10 (3.1.10)
))
Package: pgf 2023-01-15 v3.1.10 (3.1.10)

(/usr/share/texlive/texmf-dist/tex/latex/pgf/basiclayer/pgfcore.sty
(/usr/share/texlive/texmf-dist/tex/latex/graphics/graphicx.sty
Package: graphicx 2021/09/16 v1.2d Enhanced LaTeX Graphics (DPC,SPQR)

(/usr/share/texlive/texmf-dist/tex/latex/graphics/graphics.sty
Package: graphics 2022/03/10 v1.4e Standard LaTeX Graphics (DPC,SPQR)

(/usr/share/texlive/texmf-dist/tex/latex/graphics/trig.sty
Package: trig 2021/08/11 v1.11 sin cos tan (DPC)
)
(/usr/share/texlive/texmf-dist/tex/latex/graphics-cfg/graphics.cfg
File: graphics.cfg 2016/06/04 v1.11 sample graphics configuration
)
Package graphics Info: Driver file: pdftex.def on input line 107.

(/usr/share/texlive/texmf-dist/tex/latex/graphics-def/pdftex.def
File: pdftex.def 2022/09/22 v1.2b Graphics/color driver for pdftex
))
\Gin@req@height=\dimen171
\Gin@req@width=\dimen172
)
(/usr/share/texlive/texmf-dist/tex/latex/pgf/systemlayer/pgfsys.sty
(/usr/share/texlive/texmf-dist/tex/generic/pgf/systemlayer/pgfsys.code.tex
Package: pgfsys 2023-01-15 v3.1.10 (3.1.10)

(/usr/share/texlive/texmf-dist/tex/generic/pgf/utilities/pgfkeys.code.tex
\pgfkeys@pathtoks=\toks35
\pgfkeys@temptoks=\toks36

(/usr/share/texlive/texmf-dist/tex/generic/pgf/utilities/pgfkeyslibraryfiltered
.code.tex
\pgfkeys@tmptoks=\toks37
))
\pgf@x=\dimen173
\pgf@y=\dimen174
\pgf@xa=\dimen175
\pgf@ya=\dimen176
\pgf@xb=\dimen177
\pgf@yb=\dimen178
\pgf@xc=\dimen179
\pgf@yc=\dimen180
\pgf@xd=\dimen181
\pgf@yd=\dimen182
\w@pgf@writea=\write3
\r@pgf@reada=\read2
\c@pgf@counta=\count284
\c@pgf@countb=\count285
\c@pgf@countc=\count286
\c@pgf@countd=\count287
\t@pgf@toka=\toks38
\t@pgf@tokb=\toks39
\t@pgf@tokc=\toks40
\pgf@sys@id@count=\count288
 (/usr/share/texlive/texmf-dist/tex/generic/pgf/systemlayer/pgf.cfg
File: pgf.cfg 2023-01-15 v3.1.10 (3.1.10)
)
Driver file for pgf: pgfsys-pdftex.def
(/usr/share/texlive/texmf-dist/tex/generic/pgf/systemlayer/pgfsys-pdftex.def
File: pgfsys-pdftex.def 2023-01-15 v3.1.10 (3.1.10)

(/usr/share/texlive/texmf-dist/tex/generic/pgf/systemlayer/pgfsys-common-pdf.de
f
File: pgfsys-common-pdf.def 2023-01-15 v3.1.10 (3.1.10)
)))
(/usr/share/texlive/texmf-dist/tex/generic/pgf/systemlayer/pgfsyssoftpath.code.
tex
File: pgfsyssoftpath.code.tex 2023-01-15 v3.1.10 (3.1.10)
\pgfsyssoftpath@smallbuffer@items=\count289
\pgfsyssoftpath@bigbuffer@items=\count290
)
(/usr/share/texlive/texmf-dist/tex/generic/pgf/systemlayer/pgfsysprotocol.code.
tex
File: pgfsysprotocol.code.tex 2023-01-15 v3.1.10 (3.1.10)
)) (/usr/share/texlive/texmf-dist/tex/latex/xcolor/xcolor.sty
Package: xcolor 2023/11/15 v3.01 LaTeX color extensions (UK)

(/usr/share/texlive/texmf-dist/tex/latex/graphics-cfg/color.cfg
File: color.cfg 2016/01/02 v1.6 sample color configuration
)
Package xcolor Info: Driver file: pdftex.def on input line 274.

(/usr/share/texlive/texmf-dist/tex/latex/graphics/mathcolor.ltx)
Package xcolor Info: Model `cmy' substituted by `cmy0' on input line 1350.
Package xcolor Info: Model `hsb' substituted by `rgb' on input line 1354.
Package xcolor Info: Model `RGB' extended on input line 1366.
Package xcolor Info: Model `HTML' substituted by `rgb' on input line 1368.
Package xcolor Info: Model `Hsb' substituted by `hsb' on input line 1369.
Package xcolor Info: Model `tHsb' substituted by `hsb' on input line 1370.
Package xcolor Info: Model `HSB' substituted by `hsb' on input line 1371.
Package xcolor Info: Model `Gray' substituted by `gray' on input line 1372.
Package xcolor Info: Model `wave' substituted by `hsb' on input line 1373.
)
(/usr/share/texlive/texmf-dist/tex/generic/pgf/basiclayer/pgfcore.code.tex
Package: pgfcore 2023-01-15 v3.1.10 (3.1.10)

(/usr/share/texlive/texmf-dist/tex/generic/pgf/math/pgfmath.code.tex
(/usr/share/texlive/texmf-dist/tex/generic/pgf/math/pgfmathutil.code.tex)
(/usr/share/texlive/texmf-dist/tex/generic/pgf/math/pgfmathparser.code.tex
\pgfmath@dimen=\dimen183
\pgfmath@count=\count291
\pgfmath@box=\box56
\pgfmath@toks=\toks41
\pgfmath@stack@operand=\toks42
\pgfmath@stack@operation=\toks43
)
(/usr/share/texlive/texmf-dist/tex/generic/pgf/math/pgfmathfunctions.code.tex)
(/usr/share/texlive/texmf-dist/tex/generic/pgf/math/pgfmathfunctions.basic.code
.tex)
(/usr/share/texlive/texmf-dist/tex/generic/pgf/math/pgfmathfunctions.trigonomet
ric.code.tex)
(/usr/share/texlive/texmf-dist/tex/generic/pgf/math/pgfmathfunctions.random.cod
e.tex)
(/usr/share/texlive/texmf-dist/tex/generic/pgf/math/pgfmathfunctions.comparison
.code.tex)
(/usr/share/texlive/texmf-dist/tex/generic/pgf/math/pgfmathfunctions.base.code.
tex)
(/usr/share/texlive/texmf-dist/tex/generic/pgf/math/pgfmathfunctions.round.code
.tex)
(/usr/share/texlive/texmf-dist/tex/generic/pgf/math/pgfmathfunctions.misc.code.
tex)
(/usr/share/texlive/texmf-dist/tex/generic/pgf/math/pgfmathfunctions.integerari
thmetics.code.tex)
(/usr/share/texlive/texmf-dist/tex/generic/pgf/math/pgfmathcalc.code.tex)
(/usr/share/texlive/texmf-dist/tex/generic/pgf/math/pgfmathfloat.code.tex
\c@pgfmathroundto@lastzeros=\count292
))
(/usr/share/texlive/texmf-dist/tex/generic/pgf/math/pgfint.code.tex)
(/usr/share/texlive/texmf-dist/tex/generic/pgf/basiclayer/pgfcorepoints.code.te
x
File: pgfcorepoints.code.tex 2023-01-15 v3.1.10 (3.1.10)
\pgf@picminx=\dimen184
\pgf@picmaxx=\dimen185
\pgf@picminy=\dimen186
\pgf@picmaxy=\dimen187
\pgf@pathminx=\dimen188
\pgf@pathmaxx=\dimen189
\pgf@pathminy=\dimen190
\pgf@pathmaxy=\dimen191
\pgf@xx=\dimen192
\pgf@xy=\dimen193
\pgf@yx=\dimen194
\pgf@yy=\dimen195
\pgf@zx=\dimen196
\pgf@zy=\dimen197
)
(/usr/share/texlive/texmf-dist/tex/generic/pgf/basiclayer/pgfcorepathconstruct.
code.tex
File: pgfcorepathconstruct.code.tex 2023-01-15 v3.1.10 (3.1.10)
\pgf@path@lastx=\dimen198
\pgf@path@lasty=\dimen199
)
(/usr/share/texlive/texmf-dist/tex/generic/pgf/basiclayer/pgfcorepathusage.code
.tex
File: pgfcorepathusage.code.tex 2023-01-15 v3.1.10 (3.1.10)
\pgf@shorten@end@additional=\dimen256
\pgf@shorten@start@additional=\dimen257
)
(/usr/share/texlive/texmf-dist/tex/generic/pgf/basiclayer/pgfcorescopes.code.te
x
File: pgfcorescopes.code.tex 2023-01-15 v3.1.10 (3.1.10)
\pgfpic=\box57
\pgf@hbox=\box58
\pgf@layerbox@main=\box59
\pgf@picture@serial@count=\count293
)
(/usr/share/texlive/texmf-dist/tex/generic/pgf/basiclayer/pgfcoregraphicstate.c
ode.tex
File: pgfcoregraphicstate.code.tex 2023-01-15 v3.1.10 (3.1.10)
\pgflinewidth=\dimen258
)
(/usr/share/texlive/texmf-dist/tex/generic/pgf/basiclayer/pgfcoretransformation
s.code.tex
File: pgfcoretransformations.code.tex 2023-01-15 v3.1.10 (3.1.10)
\pgf@pt@x=\dimen259
\pgf@pt@y=\dimen260
\pgf@pt@temp=\dimen261
)
(/usr/share/texlive/texmf-dist/tex/generic/pgf/basiclayer/pgfcorequick.code.tex
File: pgfcorequick.code.tex 2023-01-15 v3.1.10 (3.1.10)
)
(/usr/share/texlive/texmf-dist/tex/generic/pgf/basiclayer/pgfcoreobjects.code.t
ex
File: pgfcoreobjects.code.tex 2023-01-15 v3.1.10 (3.1.10)
)
(/usr/share/texlive/texmf-dist/tex/generic/pgf/basiclayer/pgfcorepathprocessing
.code.tex
File: pgfcorepathprocessing.code.tex 2023-01-15 v3.1.10 (3.1.10)
)
(/usr/share/texlive/texmf-dist/tex/generic/pgf/basiclayer/pgfcorearrows.code.te
x
File: pgfcorearrows.code.tex 2023-01-15 v3.1.10 (3.1.10)
\pgfarrowsep=\dimen262
)
(/usr/share/texlive/texmf-dist/tex/generic/pgf/basiclayer/pgfcoreshade.code.tex
File: pgfcoreshade.code.tex 2023-01-15 v3.1.10 (3.1.10)
\pgf@max=\dimen263
\pgf@sys@shading@range@num=\count294
\pgf@shadingcount=\count295
)
(/usr/share/texlive/texmf-dist/tex/generic/pgf/basiclayer/pgfcoreimage.code.tex
File: pgfcoreimage.code.tex 2023-01-15 v3.1.10 (3.1.10)
)
(/usr/share/texlive/texmf-dist/tex/generic/pgf/basiclayer/pgfcoreexternal.code.
tex
File: pgfcoreexternal.code.tex 2023-01-15 v3.1.10 (3.1.10)
\pgfexternal@startupbox=\box60
)
(/usr/share/texlive/texmf-dist/tex/generic/pgf/basiclayer/pgfcorelayers.code.te
x
File: pgfcorelayers.code.tex 2023-01-15 v3.1.10 (3.1.10)
)
(/usr/share/texlive/texmf-dist/tex/generic/pgf/basiclayer/pgfcoretransparency.c
ode.tex
File: pgfcoretransparency.code.tex 2023-01-15 v3.1.10 (3.1.10)
)
(/usr/share/texlive/texmf-dist/tex/generic/pgf/basiclayer/pgfcorepatterns.code.
tex
File: pgfcorepatterns.code.tex 2023-01-15 v3.1.10 (3.1.10)
)
(/usr/share/texlive/texmf-dist/tex/generic/pgf/basiclayer/pgfcorerdf.code.tex
File: pgfcorerdf.code.tex 2023-01-15 v3.1.10 (3.1.10)
)))
(/usr/share/texlive/texmf-dist/tex/generic/pgf/modules/pgfmoduleshapes.code.tex
File: pgfmoduleshapes.code.tex 2023-01-15 v3.1.10 (3.1.10)
\pgfnodeparttextbox=\box61
) (/usr/share/texlive/texmf-dist/tex/generic/pgf/modules/pgfmoduleplot.code.tex
File: pgfmoduleplot.code.tex 2023-01-15 v3.1.10 (3.1.10)
)
(/usr/share/texlive/texmf-dist/tex/latex/pgf/compatibility/pgfcomp-version-0-65
.sty
Package: pgfcomp-version-0-65 2023-01-15 v3.1.10 (3.1.10)
\pgf@nodesepstart=\dimen264
\pgf@nodesepend=\dimen265
)
(/usr/share/texlive/texmf-dist/tex/latex/pgf/compatibility/pgfcomp-version-1-18
.sty
Package: pgfcomp-version-1-18 2023-01-15 v3.1.10 (3.1.10)
)) (/usr/share/texlive/texmf-dist/tex/latex/pgf/utilities/pgffor.sty
(/usr/share/texlive/texmf-dist/tex/latex/pgf/utilities/pgfkeys.sty
(/usr/share/texlive/texmf-dist/tex/generic/pgf/utilities/pgfkeys.code.tex))
(/usr/share/texlive/texmf-dist/tex/latex/pgf/math/pgfmath.sty
(/usr/share/texlive/texmf-dist/tex/generic/pgf/math/pgfmath.code.tex))
(/usr/share/texlive/texmf-dist/tex/generic/pgf/utilities/pgffor.code.tex
Package: pgffor 2023-01-15 v3.1.10 (3.1.10)
\pgffor@iter=\dimen266
\pgffor@skip=\dimen267
\pgffor@stack=\toks44
\pgffor@toks=\toks45
))
(/usr/share/texlive/texmf-dist/tex/generic/pgf/frontendlayer/tikz/tikz.code.tex
Package: tikz 2023-01-15 v3.1.10 (3.1.10)

(/usr/share/texlive/texmf-dist/tex/generic/pgf/libraries/pgflibraryplothandlers
.code.tex
File: pgflibraryplothandlers.code.tex 2023-01-15 v3.1.10 (3.1.10)
\pgf@plot@mark@count=\count296
\pgfplotmarksize=\dimen268
)
\tikz@lastx=\dimen269
\tikz@lasty=\dimen270
\tikz@lastxsaved=\dimen271
\tikz@lastysaved=\dimen272
\tikz@lastmovetox=\dimen273
\tikz@lastmovetoy=\dimen274
\tikzleveldistance=\dimen275
\tikzsiblingdistance=\dimen276
\tikz@figbox=\box62
\tikz@figbox@bg=\box63
\tikz@tempbox=\box64
\tikz@tempbox@bg=\box65
\tikztreelevel=\count297
\tikznumberofchildren=\count298
\tikznumberofcurrentchild=\count299
\tikz@fig@count=\count300

(/usr/share/texlive/texmf-dist/tex/generic/pgf/modules/pgfmodulematrix.code.tex
File: pgfmodulematrix.code.tex 2023-01-15 v3.1.10 (3.1.10)
\pgfmatrixcurrentrow=\count301
\pgfmatrixcurrentcolumn=\count302
\pgf@matrix@numberofcolumns=\count303
)
\tikz@expandcount=\count304

(/usr/share/texlive/texmf-dist/tex/generic/pgf/frontendlayer/tikz/libraries/tik
zlibrarytopaths.code.tex
File: tikzlibrarytopaths.code.tex 2023-01-15 v3.1.10 (3.1.10)
)))
(/usr/share/texlive/texmf-dist/tex/latex/pgfplots/pgfplots.sty
(/usr/share/texlive/texmf-dist/tex/generic/pgfplots/pgfplots.revision.tex)
Package: pgfplots 2021/05/15 v1.18.1 Data Visualization (1.18.1)

(/usr/share/texlive/texmf-dist/tex/generic/pgfplots/pgfplots.code.tex
(/usr/share/texlive/texmf-dist/tex/generic/pgfplots/pgfplotscore.code.tex
\t@pgfplots@toka=\toks46
\t@pgfplots@tokb=\toks47
\t@pgfplots@tokc=\toks48
\pgfplots@tmpa=\dimen277
\c@pgfplots@coordindex=\count305
\c@pgfplots@scanlineindex=\count306

(/usr/share/texlive/texmf-dist/tex/generic/pgfplots/sys/pgfplotssysgeneric.code
.tex))
(/usr/share/texlive/texmf-dist/tex/generic/pgfplots/libs/pgfplotslibrary.code.t
ex)
(/usr/share/texlive/texmf-dist/tex/generic/pgfplots/oldpgfcompatib/pgfplotsoldp
gfsupp_loader.code.tex
(/usr/share/texlive/texmf-dist/tex/generic/pgf/libraries/pgflibraryfpu.code.tex
)
Package pgfplots: loading complementary utilities for your pgf version...
\t@pgf@toka=\toks49
\t@pgf@tokb=\toks50
\t@pgf@tokc=\toks51

(/usr/share/texlive/texmf-dist/tex/generic/pgfplots/oldpgfcompatib/pgfplotsoldp
gfsupp_pgfutil-common-lists.tex))
(/usr/share/texlive/texmf-dist/tex/generic/pgfplots/util/pgfplotsutil.code.tex
(/usr/share/texlive/texmf-dist/tex/generic/pgfplots/liststructure/pgfplotslists
tructure.code.tex)
(/usr/share/texlive/texmf-dist/tex/generic/pgfplots/liststructure/pgfplotslists
tructureext.code.tex)
(/usr/share/texlive/texmf-dist/tex/generic/pgfplots/liststructure/pgfplotsarray
.code.tex
\c@pgfplotsarray@tmp=\count307
)
(/usr/share/texlive/texmf-dist/tex/generic/pgfplots/liststructure/pgfplotsmatri
x.code.tex)
(/usr/share/texlive/texmf-dist/tex/generic/pgfplots/numtable/pgfplotstableshare
d.code.tex
\c@pgfplotstable@counta=\count308
\t@pgfplotstable@a=\toks52
)
(/usr/share/texlive/texmf-dist/tex/generic/pgfplots/liststructure/pgfplotsdeque
.code.tex)
(/usr/share/texlive/texmf-dist/tex/generic/pgfplots/util/pgfplotsbinary.code.te
x
(/usr/share/texlive/texmf-dist/tex/generic/pgfplots/util/pgfplotsbinary.data.co
de.tex))
(/usr/share/texlive/texmf-dist/tex/generic/pgfplots/util/pgfplotsutil.verb.code
.tex)
(/usr/share/texlive/texmf-dist/tex/generic/pgfplots/libs/pgflibrarypgfplots.sur
fshading.code.tex
\c@pgfplotslibrarysurf@no=\count309

(/usr/share/texlive/texmf-dist/tex/generic/pgfplots/sys/pgflibrarypgfplots.surf
shading.pgfsys-pdftex.def)))
(/usr/share/texlive/texmf-dist/tex/generic/pgfplots/util/pgfplotscolormap.code.
tex
(/usr/share/texlive/texmf-dist/tex/generic/pgfplots/util/pgfplotscolor.code.tex
))
(/usr/share/texlive/texmf-dist/tex/generic/pgfplots/pgfplotsstackedplots.code.t
ex)
(/usr/share/texlive/texmf-dist/tex/generic/pgfplots/pgfplotsplothandlers.code.t
ex
(/usr/share/texlive/texmf-dist/tex/generic/pgfplots/pgfplotsmeshplothandler.cod
e.tex
(/usr/share/texlive/texmf-dist/tex/generic/pgfplots/pgfplotsmeshplotimage.code.
tex)))
(/usr/share/texlive/texmf-dist/tex/generic/pgfplots/pgfplots.scaling.code.tex)
(/usr/share/texlive/texmf-dist/tex/generic/pgfplots/pgfplotscoordprocessing.cod
e.tex)
(/usr/share/texlive/texmf-dist/tex/generic/pgfplots/pgfplots.errorbars.code.tex
) (/usr/share/texlive/texmf-dist/tex/generic/pgfplots/pgfplots.markers.code.tex
) (/usr/share/texlive/texmf-dist/tex/generic/pgfplots/pgfplotsticks.code.tex)
(/usr/share/texlive/texmf-dist/tex/generic/pgfplots/pgfplots.paths.code.tex)
(/usr/share/texlive/texmf-dist/tex/generic/pgf/frontendlayer/tikz/libraries/tik
zlibrarydecorations.code.tex
(/usr/share/texlive/texmf-dist/tex/generic/pgf/modules/pgfmoduledecorations.cod
e.tex
\pgfdecoratedcompleteddistance=\dimen278
\pgfdecoratedremainingdistance=\dimen279
\pgfdecoratedinputsegmentcompleteddistance=\dimen280
\pgfdecoratedinputsegmentremainingdistance=\dimen281
\pgf@decorate@distancetomove=\dimen282
\pgf@decorate@repeatstate=\count310
\pgfdecorationsegmentamplitude=\dimen283
\pgfdecorationsegmentlength=\dimen284
)
\tikz@lib@dec@box=\box66
)
(/usr/share/texlive/texmf-dist/tex/generic/pgf/frontendlayer/tikz/libraries/tik
zlibrarydecorations.pathmorphing.code.tex
(/usr/share/texlive/texmf-dist/tex/generic/pgf/libraries/decorations/pgflibrary
decorations.pathmorphing.code.tex))
(/usr/share/texlive/texmf-dist/tex/generic/pgf/frontendlayer/tikz/libraries/tik
zlibrarydecorations.pathreplacing.code.tex
(/usr/share/texlive/texmf-dist/tex/generic/pgf/libraries/decorations/pgflibrary
decorations.pathreplacing.code.tex))
(/usr/share/texlive/texmf-dist/tex/generic/pgfplots/libs/tikzlibrarypgfplots.co
ntourlua.code.tex)
\pgfplots@numplots=\count311
\pgfplots@xmin@reg=\dimen285
\pgfplots@xmax@reg=\dimen286
\pgfplots@ymin@reg=\dimen287
\pgfplots@ymax@reg=\dimen288
\pgfplots@zmin@reg=\dimen289
\pgfplots@zmax@reg=\dimen290
)
(/usr/share/texlive/texmf-dist/tex/generic/pgf/frontendlayer/tikz/libraries/tik
zlibraryplotmarks.code.tex
File: tikzlibraryplotmarks.code.tex 2023-01-15 v3.1.10 (3.1.10)

(/usr/share/texlive/texmf-dist/tex/generic/pgf/libraries/pgflibraryplotmarks.co
de.tex
File: pgflibraryplotmarks.code.tex 2023-01-15 v3.1.10 (3.1.10)
)))
(/usr/share/texlive/texmf-dist/tex/generic/pgf/frontendlayer/tikz/libraries/tik
zlibrarytrees.code.tex
File: tikzlibrarytrees.code.tex 2023-01-15 v3.1.10 (3.1.10)
)
(/usr/share/texlive/texmf-dist/tex/generic/pgf/frontendlayer/tikz/libraries/tik
zlibraryarrows.code.tex
File: tikzlibraryarrows.code.tex 2023-01-15 v3.1.10 (3.1.10)

(/usr/share/texlive/texmf-dist/tex/generic/pgf/libraries/pgflibraryarrows.code.
tex
File: pgflibraryarrows.code.tex 2023-01-15 v3.1.10 (3.1.10)
\arrowsize=\dimen291
))
(/usr/share/texlive/texmf-dist/tex/generic/pgf/frontendlayer/tikz/libraries/tik
zlibrarypositioning.code.tex
File: tikzlibrarypositioning.code.tex 2023-01-15 v3.1.10 (3.1.10)
)
(/usr/share/texlive/texmf-dist/tex/generic/pgf/frontendlayer/tikz/libraries/tik
zlibraryshapes.code.tex
File: tikzlibraryshapes.code.tex 2023-01-15 v3.1.10 (3.1.10)

(/usr/share/texlive/texmf-dist/tex/generic/pgf/frontendlayer/tikz/libraries/tik
zlibraryshapes.geometric.code.tex
File: tikzlibraryshapes.geometric.code.tex 2023-01-15 v3.1.10 (3.1.10)

(/usr/share/texlive/texmf-dist/tex/generic/pgf/libraries/shapes/pgflibraryshape
s.geometric.code.tex
File: pgflibraryshapes.geometric.code.tex 2023-01-15 v3.1.10 (3.1.10)
))
(/usr/share/texlive/texmf-dist/tex/generic/pgf/frontendlayer/tikz/libraries/tik
zlibraryshapes.misc.code.tex
File: tikzlibraryshapes.misc.code.tex 2023-01-15 v3.1.10 (3.1.10)

(/usr/share/texlive/texmf-dist/tex/generic/pgf/libraries/shapes/pgflibraryshape
s.misc.code.tex
File: pgflibraryshapes.misc.code.tex 2023-01-15 v3.1.10 (3.1.10)
))
(/usr/share/texlive/texmf-dist/tex/generic/pgf/frontendlayer/tikz/libraries/tik
zlibraryshapes.symbols.code.tex
File: tikzlibraryshapes.symbols.code.tex 2023-01-15 v3.1.10 (3.1.10)

(/usr/share/texlive/texmf-dist/tex/generic/pgf/libraries/shapes/pgflibraryshape
s.symbols.code.tex
File: pgflibraryshapes.symbols.code.tex 2023-01-15 v3.1.10 (3.1.10)
))
(/usr/share/texlive/texmf-dist/tex/generic/pgf/frontendlayer/tikz/libraries/tik
zlibraryshapes.arrows.code.tex
File: tikzlibraryshapes.arrows.code.tex 2023-01-15 v3.1.10 (3.1.10)

(/usr/share/texlive/texmf-dist/tex/generic/pgf/libraries/shapes/pgflibraryshape
s.arrows.code.tex
File: pgflibraryshapes.arrows.code.tex 2023-01-15 v3.1.10 (3.1.10)
))
(/usr/share/texlive/texmf-dist/tex/generic/pgf/frontendlayer/tikz/libraries/tik
zlibraryshapes.callouts.code.tex
(/usr/share/texlive/texmf-dist/tex/generic/pgf/libraries/shapes/pgflibraryshape
s.callouts.code.tex))
(/usr/share/texlive/texmf-dist/tex/generic/pgf/frontendlayer/tikz/libraries/tik
zlibraryshapes.multipart.code.tex
File: tikzlibraryshapes.multipart.code.tex 2023-01-15 v3.1.10 (3.1.10)

(/usr/share/texlive/texmf-dist/tex/generic/pgf/libraries/shapes/pgflibraryshape
s.multipart.code.tex
File: pgflibraryshapes.multipart.code.tex 2023-01-15 v3.1.10 (3.1.10)
\pgfnodepartlowerbox=\box67
\pgfnodeparttwobox=\box68
\pgfnodepartthreebox=\box69
\pgfnodepartfourbox=\box70
\pgfnodeparttwentybox=\box71
\pgfnodepartnineteenbox=\box72
\pgfnodeparteighteenbox=\box73
\pgfnodepartseventeenbox=\box74
\pgfnodepartsixteenbox=\box75
\pgfnodepartfifteenbox=\box76
\pgfnodepartfourteenbox=\box77
\pgfnodepartthirteenbox=\box78
\pgfnodeparttwelvebox=\box79
\pgfnodepartelevenbox=\box80
\pgfnodeparttenbox=\box81
\pgfnodepartninebox=\box82
\pgfnodeparteightbox=\box83
\pgfnodepartsevenbox=\box84
\pgfnodepartsixbox=\box85
\pgfnodepartfivebox=\box86
)))
(/usr/share/texlive/texmf-dist/tex/generic/pgf/frontendlayer/tikz/libraries/tik
zlibrarycalc.code.tex
File: tikzlibrarycalc.code.tex 2023-01-15 v3.1.10 (3.1.10)
)
(/usr/share/texlive/texmf-dist/tex/generic/pgf/frontendlayer/tikz/libraries/tik
zlibrarydecorations.markings.code.tex
(/usr/share/texlive/texmf-dist/tex/generic/pgf/libraries/decorations/pgflibrary
decorations.markings.code.tex))
(/usr/share/texlive/texmf-dist/tex/latex/booktabs/booktabs.sty
Package: booktabs 2020/01/12 v1.61803398 Publication quality tables
\heavyrulewidth=\dimen292
\lightrulewidth=\dimen293
\cmidrulewidth=\dimen294
\belowrulesep=\dimen295
\belowbottomsep=\dimen296
\aboverulesep=\dimen297
\abovetopsep=\dimen298
\cmidrulesep=\dimen299
\cmidrulekern=\dimen300
\defaultaddspace=\dimen301
\@cmidla=\count312
\@cmidlb=\count313
\@aboverulesep=\dimen302
\@belowrulesep=\dimen303
\@thisruleclass=\count314
\@lastruleclass=\count315
\@thisrulewidth=\dimen304
)
(/usr/share/texlive/texmf-dist/tex/latex/tools/array.sty
Package: array 2023/10/16 v2.5g Tabular extension package (FMi)
\col@sep=\dimen305
\ar@mcellbox=\box87
\extrarowheight=\dimen306
\NC@list=\toks53
\extratabsurround=\skip61
\backup@length=\skip62
\ar@cellbox=\box88
)
(/usr/share/texlive/texmf-dist/tex/latex/tools/longtable.sty
Package: longtable 2023-11-01 v4.19 Multi-page Table package (DPC)
\LTleft=\skip63
\LTright=\skip64
\LTpre=\skip65
\LTpost=\skip66
\LTchunksize=\count316
\LTcapwidth=\dimen307
\LT@head=\box89
\LT@firsthead=\box90
\LT@foot=\box91
\LT@lastfoot=\box92
\LT@gbox=\box93
\LT@cols=\count317
\LT@rows=\count318
\c@LT@tables=\count319
\c@LT@chunks=\count320
\LT@p@ftn=\toks54
)
(/usr/share/texlive/texmf-dist/tex/latex/hyperref/hyperref.sty
Package: hyperref 2024-01-20 v7.01h Hypertext links for LaTeX

(/usr/share/texlive/texmf-dist/tex/latex/kvsetkeys/kvsetkeys.sty
Package: kvsetkeys 2022-10-05 v1.19 Key value parser (HO)
)
(/usr/share/texlive/texmf-dist/tex/generic/kvdefinekeys/kvdefinekeys.sty
Package: kvdefinekeys 2019-12-19 v1.6 Define keys (HO)
)
(/usr/share/texlive/texmf-dist/tex/generic/pdfescape/pdfescape.sty
Package: pdfescape 2019/12/09 v1.15 Implements pdfTeX's escape features (HO)

(/usr/share/texlive/texmf-dist/tex/generic/ltxcmds/ltxcmds.sty
Package: ltxcmds 2023-12-04 v1.26 LaTeX kernel commands for general use (HO)
)
(/usr/share/texlive/texmf-dist/tex/generic/pdftexcmds/pdftexcmds.sty
Package: pdftexcmds 2020-06-27 v0.33 Utility functions of pdfTeX for LuaTeX (HO
)

(/usr/share/texlive/texmf-dist/tex/generic/infwarerr/infwarerr.sty
Package: infwarerr 2019/12/03 v1.5 Providing info/warning/error messages (HO)
)
Package pdftexcmds Info: \pdf@primitive is available.
Package pdftexcmds Info: \pdf@ifprimitive is available.
Package pdftexcmds Info: \pdfdraftmode found.
))
(/usr/share/texlive/texmf-dist/tex/latex/hycolor/hycolor.sty
Package: hycolor 2020-01-27 v1.10 Color options for hyperref/bookmark (HO)
)
(/usr/share/texlive/texmf-dist/tex/latex/auxhook/auxhook.sty
Package: auxhook 2019-12-17 v1.6 Hooks for auxiliary files (HO)
)
(/usr/share/texlive/texmf-dist/tex/latex/hyperref/nameref.sty
Package: nameref 2023-11-26 v2.56 Cross-referencing by name of section

(/usr/share/texlive/texmf-dist/tex/latex/refcount/refcount.sty
Package: refcount 2019/12/15 v3.6 Data extraction from label references (HO)
)
(/usr/share/texlive/texmf-dist/tex/generic/gettitlestring/gettitlestring.sty
Package: gettitlestring 2019/12/15 v1.6 Cleanup title references (HO)

(/usr/share/texlive/texmf-dist/tex/latex/kvoptions/kvoptions.sty
Package: kvoptions 2022-06-15 v3.15 Key value format for package options (HO)
))
\c@section@level=\count321
)
\@linkdim=\dimen308
\Hy@linkcounter=\count322
\Hy@pagecounter=\count323

(/usr/share/texlive/texmf-dist/tex/latex/hyperref/pd1enc.def
File: pd1enc.def 2024-01-20 v7.01h Hyperref: PDFDocEncoding definition (HO)
Now handling font encoding PD1 ...
... no UTF-8 mapping file for font encoding PD1
)
(/usr/share/texlive/texmf-dist/tex/generic/intcalc/intcalc.sty
Package: intcalc 2019/12/15 v1.3 Expandable calculations with integers (HO)
)
\Hy@SavedSpaceFactor=\count324

(/usr/share/texlive/texmf-dist/tex/latex/hyperref/puenc.def
File: puenc.def 2024-01-20 v7.01h Hyperref: PDF Unicode definition (HO)
Now handling font encoding PU ...
... no UTF-8 mapping file for font encoding PU
)
Package hyperref Info: Option `colorlinks' set `true' on input line 4062.
Package hyperref Info: Hyper figures OFF on input line 4179.
Package hyperref Info: Link nesting OFF on input line 4184.
Package hyperref Info: Hyper index ON on input line 4187.
Package hyperref Info: Plain pages OFF on input line 4194.
Package hyperref Info: Backreferencing OFF on input line 4199.
Package hyperref Info: Implicit mode ON; LaTeX internals redefined.
Package hyperref Info: Bookmarks ON on input line 4446.
\c@Hy@tempcnt=\count325

(/usr/share/texlive/texmf-dist/tex/latex/url/url.sty
\Urlmuskip=\muskip17
Package: url 2013/09/16  ver 3.4  Verb mode for urls, etc.
)
LaTeX Info: Redefining \url on input line 4784.
\XeTeXLinkMargin=\dimen309

(/usr/share/texlive/texmf-dist/tex/generic/bitset/bitset.sty
Package: bitset 2019/12/09 v1.3 Handle bit-vector datatype (HO)

(/usr/share/texlive/texmf-dist/tex/generic/bigintcalc/bigintcalc.sty
Package: bigintcalc 2019/12/15 v1.5 Expandable calculations on big integers (HO
)
))
\Fld@menulength=\count326
\Field@Width=\dimen310
\Fld@charsize=\dimen311
Package hyperref Info: Hyper figures OFF on input line 6063.
Package hyperref Info: Link nesting OFF on input line 6068.
Package hyperref Info: Hyper index ON on input line 6071.
Package hyperref Info: backreferencing OFF on input line 6078.
Package hyperref Info: Link coloring ON on input line 6081.
Package hyperref Info: Link coloring with OCG OFF on input line 6088.
Package hyperref Info: PDF/A mode OFF on input line 6093.

(/usr/share/texlive/texmf-dist/tex/latex/base/atbegshi-ltx.sty
Package: atbegshi-ltx 2021/01/10 v1.0c Emulation of the original atbegshi
package with kernel methods
)
\Hy@abspage=\count327
\c@Item=\count328
\c@Hfootnote=\count329
)
Package hyperref Info: Driver (autodetected): hpdftex.

(/usr/share/texlive/texmf-dist/tex/latex/hyperref/hpdftex.def
File: hpdftex.def 2024-01-20 v7.01h Hyperref driver for pdfTeX

(/usr/share/texlive/texmf-dist/tex/latex/base/atveryend-ltx.sty
Package: atveryend-ltx 2020/08/19 v1.0a Emulation of the original atveryend pac
kage
with kernel methods
)
\Fld@listcount=\count330
\c@bookmark@seq@number=\count331

(/usr/share/texlive/texmf-dist/tex/latex/rerunfilecheck/rerunfilecheck.sty
Package: rerunfilecheck 2022-07-10 v1.10 Rerun checks for auxiliary files (HO)

(/usr/share/texlive/texmf-dist/tex/generic/uniquecounter/uniquecounter.sty
Package: uniquecounter 2019/12/15 v1.4 Provide unlimited unique counter (HO)
)
Package uniquecounter Info: New unique counter `rerunfilecheck' on input line 2
85.
)
\Hy@SectionHShift=\skip67
)
(/usr/share/texlive/texmf-dist/tex/latex/natbib/natbib.sty
Package: natbib 2010/09/13 8.31b (PWD, AO)
\bibhang=\skip68
\bibsep=\skip69
LaTeX Info: Redefining \cite on input line 694.
\c@NAT@ctr=\count332
)
(/usr/share/texlive/texmf-dist/tex/latex/fancyhdr/fancyhdr.sty
Package: fancyhdr 2022/11/09 v4.1 Extensive control of page headers and footers

\f@nch@headwidth=\skip70
\f@nch@O@elh=\skip71
\f@nch@O@erh=\skip72
\f@nch@O@olh=\skip73
\f@nch@O@orh=\skip74
\f@nch@O@elf=\skip75
\f@nch@O@erf=\skip76
\f@nch@O@olf=\skip77
\f@nch@O@orf=\skip78
)
(/usr/share/texlive/texmf-dist/tex/latex/titlesec/titlesec.sty
Package: titlesec 2023/10/27 v2.16 Sectioning titles
\ttl@box=\box94
\beforetitleunit=\skip79
\aftertitleunit=\skip80
\ttl@plus=\dimen312
\ttl@minus=\dimen313
\ttl@toksa=\toks55
\titlewidth=\dimen314
\titlewidthlast=\dimen315
\titlewidthfirst=\dimen316
)
\c@theorem=\count333

(/usr/share/texlive/texmf-dist/tex/latex/tocloft/tocloft.sty
Package: tocloft 2017/08/31 v2.3i parameterised ToC, etc., typesetting
Package tocloft Info: The document has chapter divisions on input line 51.
\cftparskip=\skip81
\cftbeforetoctitleskip=\skip82
\cftaftertoctitleskip=\skip83
\cftbeforepartskip=\skip84
\cftpartnumwidth=\skip85
\cftpartindent=\skip86
\cftbeforechapskip=\skip87
\cftchapindent=\skip88
\cftchapnumwidth=\skip89
\cftbeforesecskip=\skip90
\cftsecindent=\skip91
\cftsecnumwidth=\skip92
\cftbeforesubsecskip=\skip93
\cftsubsecindent=\skip94
\cftsubsecnumwidth=\skip95
\cftbeforesubsubsecskip=\skip96
\cftsubsubsecindent=\skip97
\cftsubsubsecnumwidth=\skip98
\cftbeforeparaskip=\skip99
\cftparaindent=\skip100
\cftparanumwidth=\skip101
\cftbeforesubparaskip=\skip102
\cftsubparaindent=\skip103
\cftsubparanumwidth=\skip104
\cftbeforeloftitleskip=\skip105
\cftafterloftitleskip=\skip106
\cftbeforefigskip=\skip107
\cftfigindent=\skip108
\cftfignumwidth=\skip109
\c@lofdepth=\count334
\c@lotdepth=\count335
\cftbeforelottitleskip=\skip110
\cftafterlottitleskip=\skip111
\cftbeforetabskip=\skip112
\cfttabindent=\skip113
\cfttabnumwidth=\skip114
)
(/usr/share/texlive/texmf-dist/tex/latex/epigraph/epigraph.sty
Package: epigraph 2020/01/02 v1.5e typesetting epigraphs

(/usr/share/texlive/texmf-dist/tex/latex/nextpage/nextpage.sty
Package: nextpage 2009/09/03 v1.1a additional page commands
)
\beforeepigraphskip=\skip115
\afterepigraphskip=\skip116
\epigraphwidth=\skip117
\epigraphrule=\skip118
)
(/usr/share/texlive/texmf-dist/tex/latex/base/makeidx.sty
Package: makeidx 2021/10/04 v1.0m Standard LaTeX package
)
\@indexfile=\write4
\openout4 = `main.idx'.


Writing index file main.idx
(/usr/share/texlive/texmf-dist/tex/latex/l3backend/l3backend-pdftex.def
File: l3backend-pdftex.def 2024-01-04 L3 backend support: PDF output (pdfTeX)
\l__color_backend_stack_int=\count336
\l__pdf_internal_box=\box95
)
(./main.aux (./chapters/titlepage.aux) (./chapters/preface.aux)
(./chapters/ch01_orientation.aux) (./chapters/ch02_discrete.aux)
(./chapters/ch03_probability.aux) (./chapters/ch04_entropy.aux)
(./chapters/ch05_metrics.aux) (./chapters/ch06_constraints.aux)
(./chapters/ch07_dendrograms.aux) (./chapters/ch08_ultrametric.aux)
(./chapters/ch09_triplets.aux) (./chapters/ch10_reconstruction.aux)
(./chapters/ch11_objectives.aux) (./chapters/ch12_hardness.aux)
(./chapters/ch13_oracle.aux) (./chapters/ch14_partial_hc.aux)
(./chapters/ch15_topdown.aux) (./chapters/ch16_approx.aux)
(./chapters/ch17_complexity.aux) (./chapters/ch18_streaming.aux)
(./chapters/ch19_parallel.aux) (./chapters/ch20_curvature.aux)
(./chapters/ch21_entropy_descent.aux) (./chapters/ch22_constraint_prop.aux)
(./chapters/ch23_bayesian.aux) (./chapters/ch24_replication.aux)
(./chapters/ch25_operators.aux) (./chapters/ch26_exploratory.aux)
(./chapters/appA_ultrametric_equiv.aux) (./chapters/appB_triplet_topology.aux)
(./chapters/appC_noise_analysis.aux) (./chapters/appD_collapse_loss.aux)
(./chapters/appE_variational.aux) (./chapters/synthesis.aux))
\openout1 = `main.aux'.

LaTeX Font Info:    Checking defaults for OML/cmm/m/it on input line 143.
LaTeX Font Info:    ... okay on input line 143.
LaTeX Font Info:    Checking defaults for OMS/cmsy/m/n on input line 143.
LaTeX Font Info:    ... okay on input line 143.
LaTeX Font Info:    Checking defaults for OT1/cmr/m/n on input line 143.
LaTeX Font Info:    ... okay on input line 143.
LaTeX Font Info:    Checking defaults for T1/cmr/m/n on input line 143.
LaTeX Font Info:    ... okay on input line 143.
LaTeX Font Info:    Checking defaults for TS1/cmr/m/n on input line 143.
LaTeX Font Info:    ... okay on input line 143.
LaTeX Font Info:    Checking defaults for OMX/cmex/m/n on input line 143.
LaTeX Font Info:    ... okay on input line 143.
LaTeX Font Info:    Checking defaults for U/cmr/m/n on input line 143.
LaTeX Font Info:    ... okay on input line 143.
LaTeX Font Info:    Checking defaults for PD1/pdf/m/n on input line 143.
LaTeX Font Info:    ... okay on input line 143.
LaTeX Font Info:    Checking defaults for PU/pdf/m/n on input line 143.
LaTeX Font Info:    ... okay on input line 143.
LaTeX Info: Redefining \microtypecontext on input line 143.
Package microtype Info: Applying patch `item' on input line 143.
Package microtype Info: Applying patch `toc' on input line 143.
Package microtype Info: Applying patch `eqnum' on input line 143.
Package microtype Info: Applying patch `footnote' on input line 143.
Package microtype Info: Applying patch `verbatim' on input line 143.
Package microtype Info: Generating PDF output.
Package microtype Info: Character protrusion enabled (level 2).
Package microtype Info: Using default protrusion set `alltext'.
Package microtype Info: No font expansion.
Package microtype Info: No adjustment of tracking.
Package microtype Info: No adjustment of interword spacing.
Package microtype Info: No adjustment of character kerning.

(/usr/share/texlive/texmf-dist/tex/latex/microtype/mt-cmr.cfg
File: mt-cmr.cfg 2013/05/19 v2.2 microtype config. file: Computer Modern Roman 
(RS)
)
*geometry* driver: auto-detecting
*geometry* detected driver: pdftex
*geometry* verbose mode - [ preamble ] result:
* driver: pdftex
* paper: custom
* layout: <same size as paper>
* layoutoffset:(h,v)=(0.0pt,0.0pt)
* modes: twoside 
* h-part:(L,W,R)=(79.49744pt, 325.215pt, 65.04256pt)
* v-part:(T,H,B)=(79.49744pt, 527.57011pt, 79.49744pt)
* \paperwidth=469.75499pt
* \paperheight=686.56499pt
* \textwidth=325.215pt
* \textheight=527.57011pt
* \oddsidemargin=7.22745pt
* \evensidemargin=-7.22743pt
* \topmargin=-24.64635pt
* \headheight=14.0pt
* \headsep=19.8738pt
* \topskip=11.0pt
* \footskip=27.46295pt
* \marginparwidth=0.0pt
* \marginparsep=7.0pt
* \columnsep=10.0pt
* \skip\footins=10.0pt plus 4.0pt minus 2.0pt
* \hoffset=0.0pt
* \voffset=0.0pt
* \mag=1000
* \@twocolumnfalse
* \@twosidetrue
* \@mparswitchtrue
* \@reversemarginfalse
* (1in=72.27pt=25.4mm, 1cm=28.453pt)

(/usr/share/texlive/texmf-dist/tex/context/base/mkii/supp-pdf.mkii
[Loading MPS to PDF converter (version 2006.09.02).]
\scratchcounter=\count337
\scratchdimen=\dimen317
\scratchbox=\box96
\nofMPsegments=\count338
\nofMParguments=\count339
\everyMPshowfont=\toks56
\MPscratchCnt=\count340
\MPscratchDim=\dimen318
\MPnumerator=\count341
\makeMPintoPDFobject=\count342
\everyMPtoPDFconversion=\toks57
) (/usr/share/texlive/texmf-dist/tex/latex/epstopdf-pkg/epstopdf-base.sty
Package: epstopdf-base 2020-01-24 v2.11 Base part for package epstopdf
Package epstopdf-base Info: Redefining graphics rule for `.eps' on input line 4
85.

(/usr/share/texlive/texmf-dist/tex/latex/latexconfig/epstopdf-sys.cfg
File: epstopdf-sys.cfg 2010/07/13 v1.3 Configuration of (r)epstopdf for TeX Liv
e
))
Package pgfplots notification 'compat/show suggested version=true': document ha
s been generated with the most recent feature set (\pgfplotsset{compat=1.18}).

Package hyperref Info: Link coloring ON on input line 143.
(./main.out) (./main.out)
\@outlinefile=\write5
\openout5 = `main.out'.

\openout2 = `chapters/titlepage.aux'.

 (./chapters/titlepage.tex [1




{/var/lib/texmf/fonts/map/pdftex/updmap/pdftex.map}])
\openout2 = `chapters/preface.aux'.

 (./chapters/preface.tex [2




]
LaTeX Font Info:    Trying to load font information for U+msa on input line 9.

(/usr/share/texlive/texmf-dist/tex/latex/amsfonts/umsa.fd
File: umsa.fd 2013/01/14 v3.01 AMS symbols A
)
(/usr/share/texlive/texmf-dist/tex/latex/microtype/mt-msa.cfg
File: mt-msa.cfg 2006/02/04 v1.1 microtype config. file: AMS symbols (a) (RS)
)
LaTeX Font Info:    Trying to load font information for U+msb on input line 9.

(/usr/share/texlive/texmf-dist/tex/latex/amsfonts/umsb.fd
File: umsb.fd 2013/01/14 v3.01 AMS symbols B
)
(/usr/share/texlive/texmf-dist/tex/latex/microtype/mt-msb.cfg
File: mt-msb.cfg 2005/06/01 v1.0 microtype config. file: AMS symbols (b) (RS)
)
Underfull \vbox (badness 3849) has occurred while \output is active []

 [3]
Overfull \hbox (0.12361pt too wide) in paragraph at lines 21--22
[]\T1/cmr/m/n/10.95 The eighth part ex-tends the frame-work into the so-ci-ol-o
gy of knowl-
 []


Underfull \vbox (badness 1910) has occurred while \output is active []

 [4])
[5] (./main.toc [6


]
Underfull \vbox (badness 1194) has occurred while \output is active []

 [7]
[8]
Overfull \hbox (12.22447pt too wide) in paragraph at lines 95--95
[][] [][]\T1/cmr/bx/n/12 V Ap-prox-i-ma-tion Guar-an-tees and Al-go-rith-mic Co
n- 
 []

[9] [10])
\tf@toc=\write6
\openout6 = `main.toc'.

 (./main.lof
Underfull \vbox (badness 10000) has occurred while \output is active []

 [11]
Underfull \vbox (badness 10000) has occurred while \output is active []

 [12]
Overfull \hbox (15.30388pt too wide) in paragraph at lines 21--21
 \T1/cmr/m/n/10.95 re-la-tions that col-lec-tively de-ter-mine the topol-ogy un
iquely. 
 []


Underfull \vbox (badness 10000) has occurred while \output is active []

 [13]
Underfull \vbox (badness 10000) has occurred while \output is active []

 [14]
Overfull \hbox (10.63629pt too wide) in paragraph at lines 35--35
 \T1/cmr/m/n/10.95 squares prop-erty en-sures the per-level work is $\OML/cmm/m
/it/10.95 O\OT1/cmr/m/n/10.95 (\OML/cmm/m/it/10.95 n[] [] n\OT1/cmr/m/n/10.95 )
$\T1/cmr/m/n/10.95 . 
 []


Overfull \hbox (2.69557pt too wide) in paragraph at lines 39--39
 [][] [][][]\T1/cmr/m/n/10.95 Parallel re-con-struc-tion: dif-fer-ent sub-trees
 are pro-cessed 
 []


Overfull \hbox (5.147pt too wide) in paragraph at lines 39--39
 \T1/cmr/m/n/10.95 by in-de-pen-dent pro-ces-sor banks si-mul-ta-ne-ously. With
in 
 []


Overfull \hbox (6.84273pt too wide) in paragraph at lines 41--41
 \T1/cmr/m/n/10.95 (shorter ul-tra-met-ric dis-tance). The Y-shaped tree makes 

 []


Underfull \vbox (badness 10000) has occurred while \output is active []

 [15]
Overfull \hbox (12.91472pt too wide) in paragraph at lines 45--45
 [][] [][][]\T1/cmr/m/n/10.95 Local triplet ob-ser-va-tions (solid edges) prop-
a-gate through 
 []


Overfull \hbox (9.34377pt too wide) in paragraph at lines 48--48
 [][] [][][]\T1/cmr/m/n/10.95 The sci-en-tific se-lec-tion pipeline. Each stage
---experiment 
 []


Overfull \hbox (8.47728pt too wide) in paragraph at lines 48--48
 \T1/cmr/m/n/10.95 de-sign, anal-y-sis, peer re-view, ed-i-to-rial decisions---
applies 
 []


Overfull \hbox (20.65564pt too wide) in paragraph at lines 49--49
 [][] [][][]\T1/cmr/m/n/10.95 Left: when all ex-per-i-men-tal re-sults are reco
rded---including 
 []

)
\tf@lof=\write7
\openout7 = `main.lof'.

 [16] [1


] [2]
\openout2 = `chapters/ch01_orientation.aux'.

 (./chapters/ch01_orientation.tex
Chapter 1.

Overfull \hbox (24.84143pt too wide) in paragraph at lines 37--40
 [][] 
 []


Underfull \vbox (badness 10000) has occurred while \output is active []

 [3


]
[4] [5]) [6] [7]
\openout2 = `chapters/ch02_discrete.aux'.

 (./chapters/ch02_discrete.tex [8




]
Chapter 2.

Underfull \vbox (badness 10000) has occurred while \output is active []

 [9]

Package fancyhdr Warning: \headheight is too small (14.0pt): 
(fancyhdr)                Make it at least 22.48724pt, for example:
(fancyhdr)                \setlength{\headheight}{22.48724pt}.
(fancyhdr)                You might also make \topmargin smaller to compensate:

(fancyhdr)                \addtolength{\topmargin}{-8.48724pt}.

[10] [11]

Package fancyhdr Warning: \headheight is too small (14.0pt): 
(fancyhdr)                Make it at least 22.48724pt, for example:
(fancyhdr)                \setlength{\headheight}{22.48724pt}.
(fancyhdr)                You might also make \topmargin smaller to compensate:

(fancyhdr)                \addtolength{\topmargin}{-8.48724pt}.

[12]) [13]
\openout2 = `chapters/ch03_probability.aux'.

 (./chapters/ch03_probability.tex

Package fancyhdr Warning: \headheight is too small (14.0pt): 
(fancyhdr)                Make it at least 22.48724pt, for example:
(fancyhdr)                \setlength{\headheight}{22.48724pt}.
(fancyhdr)                You might also make \topmargin smaller to compensate:

(fancyhdr)                \addtolength{\topmargin}{-8.48724pt}.

[14




]
Chapter 3.

Overfull \hbox (12.39949pt too wide) in paragraph at lines 2--2
|\T1/cmr/bx/n/17.28 Probability, Con-cen-tra-tion, and Noisy Ob-
 []

[15]

Package fancyhdr Warning: \headheight is too small (14.0pt): 
(fancyhdr)                Make it at least 22.48724pt, for example:
(fancyhdr)                \setlength{\headheight}{22.48724pt}.
(fancyhdr)                You might also make \topmargin smaller to compensate:

(fancyhdr)                \addtolength{\topmargin}{-8.48724pt}.

[16] [17])

Package fancyhdr Warning: \headheight is too small (14.0pt): 
(fancyhdr)                Make it at least 22.48724pt, for example:
(fancyhdr)                \setlength{\headheight}{22.48724pt}.
(fancyhdr)                You might also make \topmargin smaller to compensate:

(fancyhdr)                \addtolength{\topmargin}{-8.48724pt}.

[18]
\openout2 = `chapters/ch04_entropy.aux'.

 (./chapters/ch04_entropy.tex
Chapter 4.
[19




] [20]
Overfull \hbox (9.40904pt too wide) in paragraph at lines 107--108
\T1/cmr/m/n/10.95 Each query re-veals at most $[] \OT1/cmr/m/n/10.95 3 \OML/cmm
/m/it/10.95 < \OT1/cmr/m/n/10.95 2$ \T1/cmr/m/n/10.95 bits. There-fore at least
 $\OML/cmm/m/it/10.95 H[]= [] \OT1/cmr/m/n/10.95 3 =
 []

[21]) [22]
\openout2 = `chapters/ch05_metrics.aux'.

 (./chapters/ch05_metrics.tex
Chapter 5.

Underfull \vbox (badness 10000) has occurred while \output is active []

 [23




]
[24]
Overfull \hbox (3.50774pt too wide) in paragraph at lines 118--118
|[]\T1/cmr/bx/n/14.4 Ultrametric In-equal-i-ties and Branch-ing Or-
 []


Overfull \hbox (114.4474pt too wide) detected at line 127
\OML/cmm/m/it/10.95 d[]\OT1/cmr/m/n/10.95 (\OML/cmm/m/it/10.95 u; v\OT1/cmr/m/n
/10.95 ) \OML/cmm/m/it/10.95 < d[]\OT1/cmr/m/n/10.95 (\OML/cmm/m/it/10.95 u; w\
OT1/cmr/m/n/10.95 ) = \OML/cmm/m/it/10.95 d[]\OT1/cmr/m/n/10.95 (\OML/cmm/m/it/
10.95 v; w\OT1/cmr/m/n/10.95 )   \OMS/cmsy/m/n/10.95 ([])   [][]\OT1/cmr/m/n/10
.95 (\OML/cmm/m/it/10.95 u; v\OT1/cmr/m/n/10.95 )[] [][](\OML/cmm/m/it/10.95 u;
 w\OT1/cmr/m/n/10.95 )\OML/cmm/m/it/10.95 :
 []

[25]) [26]
\openout2 = `chapters/ch06_constraints.aux'.

 (./chapters/ch06_constraints.tex
Chapter 6.

Overfull \hbox (7.0147pt too wide) in paragraph at lines 2--2
|\T1/cmr/bx/n/17.28 Constraint Sys-tems and Emer-gent Global
 []

[27




]

Package fancyhdr Warning: \headheight is too small (14.0pt): 
(fancyhdr)                Make it at least 22.48724pt, for example:
(fancyhdr)                \setlength{\headheight}{22.48724pt}.
(fancyhdr)                You might also make \topmargin smaller to compensate:

(fancyhdr)                \addtolength{\topmargin}{-8.48724pt}.

[28]) [29]

Package fancyhdr Warning: \headheight is too small (14.0pt): 
(fancyhdr)                Make it at least 22.48724pt, for example:
(fancyhdr)                \setlength{\headheight}{22.48724pt}.
(fancyhdr)                You might also make \topmargin smaller to compensate:

(fancyhdr)                \addtolength{\topmargin}{-8.48724pt}.

[30



] [31] [32]
\openout2 = `chapters/ch07_dendrograms.aux'.

 (./chapters/ch07_dendrograms.tex
Chapter 7.
[33


]
Overfull \hbox (10.37608pt too wide) in paragraph at lines 83--83
|[]\T1/cmr/bx/n/14.4 Cluster Merges and the UP-GMA Al-go-rithm| 
 []


Package fancyhdr Warning: \headheight is too small (14.0pt): 
(fancyhdr)                Make it at least 22.48724pt, for example:
(fancyhdr)                \setlength{\headheight}{22.48724pt}.
(fancyhdr)                You might also make \topmargin smaller to compensate:

(fancyhdr)                \addtolength{\topmargin}{-8.48724pt}.

[34]) [35]
\openout2 = `chapters/ch08_ultrametric.aux'.

 (./chapters/ch08_ultrametric.tex

Package fancyhdr Warning: \headheight is too small (14.0pt): 
(fancyhdr)                Make it at least 22.48724pt, for example:
(fancyhdr)                \setlength{\headheight}{22.48724pt}.
(fancyhdr)                You might also make \topmargin smaller to compensate:

(fancyhdr)                \addtolength{\topmargin}{-8.48724pt}.

[36




]
Chapter 8.
[37]
Overfull \hbox (6.4824pt too wide) in paragraph at lines 67--68
[]\T1/cmr/m/n/10.95 Prove that the single-linkage con-struc-tion pro-duces a va
lid rooted
 []


Package fancyhdr Warning: \headheight is too small (14.0pt): 
(fancyhdr)                Make it at least 22.48724pt, for example:
(fancyhdr)                \setlength{\headheight}{22.48724pt}.
(fancyhdr)                You might also make \topmargin smaller to compensate:

(fancyhdr)                \addtolength{\topmargin}{-8.48724pt}.

[38]) [39]
\openout2 = `chapters/ch09_triplets.aux'.

 (./chapters/ch09_triplets.tex

Package fancyhdr Warning: \headheight is too small (14.0pt): 
(fancyhdr)                Make it at least 22.48724pt, for example:
(fancyhdr)                \setlength{\headheight}{22.48724pt}.
(fancyhdr)                You might also make \topmargin smaller to compensate:

(fancyhdr)                \addtolength{\topmargin}{-8.48724pt}.

[40




]
Chapter 9.

Overfull \hbox (9.17703pt too wide) detected at line 71
\OT1/cmr/m/n/10.95 (\OML/cmm/m/it/10.95 u; v\OT1/cmr/m/n/10.95 ) \OMS/cmsy/m/n/
10.95 j \OML/cmm/m/it/10.95 w   \OMS/cmsy/m/n/10.95 ([])   [][]\OT1/cmr/m/n/10.
95 (\OML/cmm/m/it/10.95 u; v\OT1/cmr/m/n/10.95 )[] [][](\OML/cmm/m/it/10.95 u; 
w\OT1/cmr/m/n/10.95 )\OML/cmm/m/it/10.95 :
 []

[41] [42]) [43]
\openout2 = `chapters/ch10_reconstruction.aux'.

 (./chapters/ch10_reconstruction.tex [44




]
Chapter 10.

Overfull \hbox (111.96161pt too wide) in paragraph at lines 51--52
 [][] 
 []


Underfull \vbox (badness 5417) has occurred while \output is active []

 [45]
[46]) [47] [48



] [49] [50]
\openout2 = `chapters/ch11_objectives.aux'.

 (./chapters/ch11_objectives.tex
Chapter 11.

Overfull \hbox (1.15245pt too wide) in paragraph at lines 2--2
|\T1/cmr/bx/n/17.28 Similarity-Based Hi-er-ar-chi-cal Clus-ter-ing
 []

[51


]
Overfull \hbox (6.505pt too wide) in paragraph at lines 82--83
[][]\T1/cmr/bx/n/10.95 Proposition 11.4 \T1/cmr/m/n/10.95 (Cut rep-re-sen-ta-ti
on)\T1/cmr/bx/n/10.95 . []$[][]\OT1/cmr/m/n/10.95 (\OML/cmm/m/it/10.95 T\OT1/cm
r/m/n/10.95 ) = [][] \OML/cmm/m/it/10.95 w\OT1/cmr/m/n/10.95 (\OML/cmm/m/it/10.
95 e[]\OT1/cmr/m/n/10.95 )$\T1/cmr/m/it/10.95 ,
 []


Package fancyhdr Warning: \headheight is too small (14.0pt): 
(fancyhdr)                Make it at least 22.48724pt, for example:
(fancyhdr)                \setlength{\headheight}{22.48724pt}.
(fancyhdr)                You might also make \topmargin smaller to compensate:

(fancyhdr)                \addtolength{\topmargin}{-8.48724pt}.

[52]) [53]
\openout2 = `chapters/ch12_hardness.aux'.

 (./chapters/ch12_hardness.tex

Package fancyhdr Warning: \headheight is too small (14.0pt): 
(fancyhdr)                Make it at least 22.48724pt, for example:
(fancyhdr)                \setlength{\headheight}{22.48724pt}.
(fancyhdr)                You might also make \topmargin smaller to compensate:

(fancyhdr)                \addtolength{\topmargin}{-8.48724pt}.

[54




]
Chapter 12.

Overfull \hbox (0.38089pt too wide) in paragraph at lines 2--2
|\T1/cmr/bx/n/17.28 Approximation Bar-ri-ers and Com-plex-ity| 
 []

[55] [56]
Overfull \hbox (1.6688pt too wide) in paragraph at lines 91--92
\T1/cmr/m/n/10.95 the $\OT1/cmr/m/n/10.95 (1 \OMS/cmsy/m/n/10.95 ^^@ \OML/cmm/m
/it/10.95 o\OT1/cmr/m/n/10.95 (1))$\T1/cmr/m/n/10.95 -approximation achieved in
 the learning-augmented
 []

) [57] [58



] [59] [60]
\openout2 = `chapters/ch13_oracle.aux'.

 (./chapters/ch13_oracle.tex
Chapter 13.

Overfull \hbox (20.1342pt too wide) in paragraph at lines 84--85
\T1/cmr/m/n/10.95 triplet $\OT1/cmr/m/n/10.95 (\OML/cmm/m/it/10.95 u; v; w\OT1/
cmr/m/n/10.95 )$ \T1/cmr/m/n/10.95 and re-turns the leaf $\OML/cmm/m/it/10.95 x
 \OMS/cmsy/m/n/10.95 2 f\OML/cmm/m/it/10.95 u; v; w\OMS/cmsy/m/n/10.95 g$ \T1/c
mr/m/n/10.95 such that $[][]\OT1/cmr/m/n/10.95 (\OML/cmm/m/it/10.95 u; v; w\OT1
/cmr/m/n/10.95 )$
 []

[61


]
Underfull \vbox (badness 10000) has occurred while \output is active []

 [62])
[63]
\openout2 = `chapters/ch14_partial_hc.aux'.

 (./chapters/ch14_partial_hc.tex [64




]
Chapter 14.
[65] [66]
Underfull \vbox (badness 1142) has occurred while \output is active []

 [67])
[68]
\openout2 = `chapters/ch15_topdown.aux'.

 (./chapters/ch15_topdown.tex
Chapter 15.

Overfull \hbox (155.63612pt too wide) in paragraph at lines 56--57
 [][] 
 []

[69




] [70]) [71] [72



] [73] [74]
\openout2 = `chapters/ch16_approx.aux'.

 (./chapters/ch16_approx.tex
Chapter 16.

Overfull \hbox (59.66438pt too wide) in paragraph at lines 14--23
 [][] 
 []

[75


]) [76]
\openout2 = `chapters/ch17_complexity.aux'.

 (./chapters/ch17_complexity.tex
Chapter 17.

Overfull \hbox (1.3363pt too wide) in paragraph at lines 9--10
[]\T1/cmr/m/n/10.95 This chap-ter de-rives the query and time com-plex-ity of t
he learning-
 []


Overfull \hbox (2.17854pt too wide) in paragraph at lines 52--53
[][]\T1/cmr/bx/n/10.95 Theorem 17.2 \T1/cmr/m/n/10.95 (Time com-plex-ity)\T1/cm
r/bx/n/10.95 . []\T1/cmr/m/it/10.95 The al-go-rithm runs in $\OML/cmm/m/it/10.9
5 O\OT1/cmr/m/n/10.95 (\OML/cmm/m/it/10.95 n[] [] n\OT1/cmr/m/n/10.95 )$
 []


Underfull \vbox (badness 10000) has occurred while \output is active []

 [77




])
[78] [79



] [80]
\openout2 = `chapters/ch18_streaming.aux'.

 (./chapters/ch18_streaming.tex
Chapter 18.

Overfull \hbox (42.64488pt too wide) in paragraph at lines 46--47
 [][] 
 []

[81


])

Package fancyhdr Warning: \headheight is too small (14.0pt): 
(fancyhdr)                Make it at least 22.48724pt, for example:
(fancyhdr)                \setlength{\headheight}{22.48724pt}.
(fancyhdr)                You might also make \topmargin smaller to compensate:

(fancyhdr)                \addtolength{\topmargin}{-8.48724pt}.

[82]
\openout2 = `chapters/ch19_parallel.aux'.

 (./chapters/ch19_parallel.tex
Chapter 19.

Overfull \hbox (5.48666pt too wide) in paragraph at lines 2--2
|\T1/cmr/bx/n/17.28 Parallel Al-go-rithms for Hi-er-ar-chi-cal Clus-
 []


Overfull \hbox (19.30197pt too wide) in paragraph at lines 9--10
\T1/cmr/m/n/10.95 work $\OML/cmm/m/it/10.95 W\OT1/cmr/m/n/10.95 (\OML/cmm/m/it/
10.95 n\OT1/cmr/m/n/10.95 ) = \OML/cmm/m/it/10.95 n[]$ \T1/cmr/m/n/10.95 with o
nly poly-log-a-rith-mic depth $\OML/cmm/m/it/10.95 D\OT1/cmr/m/n/10.95 (\OML/cm
m/m/it/10.95 n\OT1/cmr/m/n/10.95 ) = [](\OML/cmm/m/it/10.95 n\OT1/cmr/m/n/10.95
 )$\T1/cmr/m/n/10.95 .
 []


Overfull \hbox (23.6917pt too wide) in paragraph at lines 47--48
 [][] 
 []


Underfull \vbox (badness 10000) has occurred while \output is active []

 [83




])

Package fancyhdr Warning: \headheight is too small (14.0pt): 
(fancyhdr)                Make it at least 22.48724pt, for example:
(fancyhdr)                \setlength{\headheight}{22.48724pt}.
(fancyhdr)                You might also make \topmargin smaller to compensate:

(fancyhdr)                \addtolength{\topmargin}{-8.48724pt}.

[84] [85



] [86]
\openout2 = `chapters/ch20_curvature.aux'.

 (./chapters/ch20_curvature.tex
Chapter 20.

Underfull \vbox (badness 2310) has occurred while \output is active []

 [87


]
Underfull \vbox (badness 1270) has occurred while \output is active []



Package fancyhdr Warning: \headheight is too small (14.0pt): 
(fancyhdr)                Make it at least 22.48724pt, for example:
(fancyhdr)                \setlength{\headheight}{22.48724pt}.
(fancyhdr)                You might also make \topmargin smaller to compensate:

(fancyhdr)                \addtolength{\topmargin}{-8.48724pt}.

[88]) [89]
\openout2 = `chapters/ch21_entropy_descent.aux'.

 (./chapters/ch21_entropy_descent.tex

Package fancyhdr Warning: \headheight is too small (14.0pt): 
(fancyhdr)                Make it at least 22.48724pt, for example:
(fancyhdr)                \setlength{\headheight}{22.48724pt}.
(fancyhdr)                You might also make \topmargin smaller to compensate:

(fancyhdr)                \addtolength{\topmargin}{-8.48724pt}.

[90




]
Chapter 21.

Overfull \hbox (20.88385pt too wide) in paragraph at lines 48--49
 [][] 
 []

[91]
Overfull \hbox (32.75294pt too wide) in paragraph at lines 74--75
[]\T1/cmr/m/n/10.95 This shows the al-go-rithm drives en-tropy from $\OT1/cmr/m
/n/10.95 ^^B(\OML/cmm/m/it/10.95 n [] n\OT1/cmr/m/n/10.95 )$ \T1/cmr/m/n/10.95 
to $\OML/cmm/m/it/10.95 O\OT1/cmr/m/n/10.95 (\OML/cmm/m/it/10.95 n [] [] n\OT1/
cmr/m/n/10.95 )$\T1/cmr/m/n/10.95 :
 []

) [92]
\openout2 = `chapters/ch22_constraint_prop.aux'.

 (./chapters/ch22_constraint_prop.tex
Chapter 22.
[93




]

Package fancyhdr Warning: \headheight is too small (14.0pt): 
(fancyhdr)                Make it at least 22.48724pt, for example:
(fancyhdr)                \setlength{\headheight}{22.48724pt}.
(fancyhdr)                You might also make \topmargin smaller to compensate:

(fancyhdr)                \addtolength{\topmargin}{-8.48724pt}.

[94]) [95]

Package fancyhdr Warning: \headheight is too small (14.0pt): 
(fancyhdr)                Make it at least 22.48724pt, for example:
(fancyhdr)                \setlength{\headheight}{22.48724pt}.
(fancyhdr)                You might also make \topmargin smaller to compensate:

(fancyhdr)                \addtolength{\topmargin}{-8.48724pt}.

[96



] [97] [98]
\openout2 = `chapters/ch23_bayesian.aux'.

 (./chapters/ch23_bayesian.tex
Chapter 23.

Overfull \hbox (3.90613pt too wide) in paragraph at lines 2--2
|\T1/cmr/bx/n/17.28 Bayesian and Vari-a-tional Re-for-mu-la-tions| 
 []


Overfull \hbox (12.16853pt too wide) in paragraph at lines 5--6
\T1/cmr/m/n/10.95 This chap-ter re-casts hi-er-ar-chi-cal re-con-struc-tion as 
a prob-lem of Bayesian
 []

[99


]
Overfull \hbox (2.22203pt too wide) in paragraph at lines 34--35
[][]\T1/cmr/bx/n/10.95 Proposition 23.2 \T1/cmr/m/n/10.95 (Free en-ergy as up-p
er bound)\T1/cmr/bx/n/10.95 . []$\OMS/cmsy/m/n/10.95 F\OT1/cmr/m/n/10.95 (\OML/
cmm/m/it/10.95 Q\OT1/cmr/m/n/10.95 ) \OMS/cmsy/m/n/10.95 ^^U ^^@ [] \OML/cmm/m/
it/10.95 P\OT1/cmr/m/n/10.95 (\OMS/cmsy/m/n/10.95 R\OT1/cmr/m/n/10.95 )$
 []

[100]
Overfull \hbox (2.1533pt too wide) in paragraph at lines 52--53
\T1/cmr/m/n/10.95 iden-tify which pa-ram-e-ters the vari-a-tional dis-tri-bu-ti
on must spec-
 []

) [101]
\openout2 = `chapters/ch24_replication.aux'.

 (./chapters/ch24_replication.tex [102




]
Chapter 24.

Overfull \hbox (33.6893pt too wide) in paragraph at lines 53--54
 [][] 
 []


Underfull \hbox (badness 1783) in paragraph at lines 54--54
[]\T1/cmr/m/n/10.95 Figure 24.1: []The sci-en-tific se-lec-tion pipeline. Each 
stage---
 []


Underfull \vbox (badness 10000) has occurred while \output is active []

 [103]

Package fancyhdr Warning: \headheight is too small (14.0pt): 
(fancyhdr)                Make it at least 22.48724pt, for example:
(fancyhdr)                \setlength{\headheight}{22.48724pt}.
(fancyhdr)                You might also make \topmargin smaller to compensate:

(fancyhdr)                \addtolength{\topmargin}{-8.48724pt}.

[104]
Overfull \hbox (9.75125pt too wide) in paragraph at lines 140--140
|[]\T1/cmr/bx/n/14.4 Missing Con-straints and the Dis-torted Pos-
 []


Overfull \hbox (5.0547pt too wide) in paragraph at lines 145--146
[][]\T1/cmr/bx/n/10.95 Theorem 24.4 \T1/cmr/m/n/10.95 (Dis-tor-tion from miss-i
ng con-straints)\T1/cmr/bx/n/10.95 . []$\OMS/cmsy/m/n/10.95 H[] ^^S H[]$\T1/cmr
/m/it/10.95 .
 []


Underfull \vbox (badness 1163) has occurred while \output is active []

 [105])

Package fancyhdr Warning: \headheight is too small (14.0pt): 
(fancyhdr)                Make it at least 22.48724pt, for example:
(fancyhdr)                \setlength{\headheight}{22.48724pt}.
(fancyhdr)                You might also make \topmargin smaller to compensate:

(fancyhdr)                \addtolength{\topmargin}{-8.48724pt}.

[106]
\openout2 = `chapters/ch25_operators.aux'.

 (./chapters/ch25_operators.tex
Chapter 25.
[107




]
Overfull \hbox (6.61856pt too wide) in paragraph at lines 25--25
|[]\T1/cmr/bx/n/14.4 Anonymization as Struc-tural Preser-va-tion| 
 []


Package fancyhdr Warning: \headheight is too small (14.0pt): 
(fancyhdr)                Make it at least 22.48724pt, for example:
(fancyhdr)                \setlength{\headheight}{22.48724pt}.
(fancyhdr)                You might also make \topmargin smaller to compensate:

(fancyhdr)                \addtolength{\topmargin}{-8.48724pt}.

[108]
Overfull \hbox (17.27673pt too wide) in paragraph at lines 51--52
\T1/cmr/m/n/10.95 The math-e-mat-i-cal frame-work points to spe-cific fea-tures
 that a replication-
 []


Overfull \hbox (3.59647pt too wide) in paragraph at lines 66--67
\T1/cmr/m/n/10.95 that would al-low au-to-matic ag-gre-ga-tion across in-de-pen
-dent stud-
 []

)

Package fancyhdr Warning: \headheight is too small (14.0pt): 
(fancyhdr)                Make it at least 22.48724pt, for example:
(fancyhdr)                \setlength{\headheight}{22.48724pt}.
(fancyhdr)                You might also make \topmargin smaller to compensate:

(fancyhdr)                \addtolength{\topmargin}{-8.48724pt}.

[109]
\openout2 = `chapters/ch26_exploratory.aux'.

 (./chapters/ch26_exploratory.tex

Package fancyhdr Warning: \headheight is too small (14.0pt): 
(fancyhdr)                Make it at least 22.48724pt, for example:
(fancyhdr)                \setlength{\headheight}{22.48724pt}.
(fancyhdr)                You might also make \topmargin smaller to compensate:

(fancyhdr)                \addtolength{\topmargin}{-8.48724pt}.

[110




]
Chapter 26.

Overfull \hbox (0.33194pt too wide) in paragraph at lines 2--2
|\T1/cmr/bx/n/17.28 The Epis-temic Value of Ex-ploratory Rea-
 []


Overfull \hbox (30.36098pt too wide) in paragraph at lines 9--9
|[]\T1/cmr/bx/n/14.4 Incomplete Work as Search Tra-jec-tory Preser-
 []

[111]

Package fancyhdr Warning: \headheight is too small (14.0pt): 
(fancyhdr)                Make it at least 22.48724pt, for example:
(fancyhdr)                \setlength{\headheight}{22.48724pt}.
(fancyhdr)                You might also make \topmargin smaller to compensate:

(fancyhdr)                \addtolength{\topmargin}{-8.48724pt}.

[112]
Overfull \hbox (25.55742pt too wide) in paragraph at lines 57--57
|[]\T1/cmr/bx/n/14.4 Connection to the HC Re-con-struc-tion Frame-
 []

[113])

Package fancyhdr Warning: \headheight is too small (14.0pt): 
(fancyhdr)                Make it at least 22.48724pt, for example:
(fancyhdr)                \setlength{\headheight}{22.48724pt}.
(fancyhdr)                You might also make \topmargin smaller to compensate:

(fancyhdr)                \addtolength{\topmargin}{-8.48724pt}.

[114] [115]

Package fancyhdr Warning: \headheight is too small (14.0pt): 
(fancyhdr)                Make it at least 22.48724pt, for example:
(fancyhdr)                \setlength{\headheight}{22.48724pt}.
(fancyhdr)                You might also make \topmargin smaller to compensate:

(fancyhdr)                \addtolength{\topmargin}{-8.48724pt}.

[116



] [117] [118]
\openout2 = `chapters/appA_ultrametric_equiv.aux'.

 (./chapters/appA_ultrametric_equiv.tex
Appendix A.
[119


])

Package fancyhdr Warning: \headheight is too small (14.0pt): 
(fancyhdr)                Make it at least 22.48724pt, for example:
(fancyhdr)                \setlength{\headheight}{22.48724pt}.
(fancyhdr)                You might also make \topmargin smaller to compensate:

(fancyhdr)                \addtolength{\topmargin}{-8.48724pt}.

[120]
\openout2 = `chapters/appB_triplet_topology.aux'.

 (./chapters/appB_triplet_topology.tex
Appendix B.
[121




]) [122]
\openout2 = `chapters/appC_noise_analysis.aux'.

 (./chapters/appC_noise_analysis.tex
Appendix C.
[123




]) [124]
\openout2 = `chapters/appD_collapse_loss.aux'.

 (./chapters/appD_collapse_loss.tex
Appendix D.

Overfull \hbox (1.33275pt too wide) in paragraph at lines 1--1
|\T1/cmr/bx/n/17.28 Loss Bounds from Col-laps-ing Un-re-solved
 []


Underfull \vbox (badness 2865) has occurred while \output is active []

 [125




])

Package fancyhdr Warning: \headheight is too small (14.0pt): 
(fancyhdr)                Make it at least 22.48724pt, for example:
(fancyhdr)                \setlength{\headheight}{22.48724pt}.
(fancyhdr)                You might also make \topmargin smaller to compensate:

(fancyhdr)                \addtolength{\topmargin}{-8.48724pt}.

[126]
\openout2 = `chapters/appE_variational.aux'.

 (./chapters/appE_variational.tex
Appendix E.

Overfull \hbox (3.90613pt too wide) in paragraph at lines 1--1
|\T1/cmr/bx/n/17.28 Bayesian and Vari-a-tional Re-for-mu-la-tions| 
 []

[127




]) [128]
\openout2 = `chapters/synthesis.aux'.

 (./chapters/synthesis.tex
Overfull \hbox (0.37926pt too wide) in paragraph at lines 13--14
[]\T1/cmr/m/n/10.95 The math-e-mat-i-cal ar-gu-ment was de-vel-oped in three re
g-is-ters. The
 []


Overfull \hbox (33.578pt too wide) in paragraph at lines 17--18
[]\T1/cmr/m/n/10.95 The third reg-is-ter was epis-te-mo-log-i-cal: the same con
straint-accumulation
 []


Underfull \vbox (badness 1968) has occurred while \output is active []

 [129





]
[130]) [131] (./main.bbl [132



]
Underfull \hbox (badness 1072) in paragraph at lines 23--26
[]\T1/cmr/m/n/10.95 Vincent Cohen-Addad, Varun Kanade, Fred-erik Mallmann-
 []

[133])
No file main.ind.
[134] (./main.aux (./chapters/titlepage.aux) (./chapters/preface.aux)
(./chapters/ch01_orientation.aux) (./chapters/ch02_discrete.aux)
(./chapters/ch03_probability.aux) (./chapters/ch04_entropy.aux)
(./chapters/ch05_metrics.aux) (./chapters/ch06_constraints.aux)
(./chapters/ch07_dendrograms.aux) (./chapters/ch08_ultrametric.aux)
(./chapters/ch09_triplets.aux) (./chapters/ch10_reconstruction.aux)
(./chapters/ch11_objectives.aux) (./chapters/ch12_hardness.aux)
(./chapters/ch13_oracle.aux) (./chapters/ch14_partial_hc.aux)
(./chapters/ch15_topdown.aux) (./chapters/ch16_approx.aux)
(./chapters/ch17_complexity.aux) (./chapters/ch18_streaming.aux)
(./chapters/ch19_parallel.aux) (./chapters/ch20_curvature.aux)
(./chapters/ch21_entropy_descent.aux) (./chapters/ch22_constraint_prop.aux)
(./chapters/ch23_bayesian.aux) (./chapters/ch24_replication.aux)
(./chapters/ch25_operators.aux) (./chapters/ch26_exploratory.aux)
(./chapters/appA_ultrametric_equiv.aux) (./chapters/appB_triplet_topology.aux)
(./chapters/appC_noise_analysis.aux) (./chapters/appD_collapse_loss.aux)
(./chapters/appE_variational.aux) (./chapters/synthesis.aux))
 ***********
LaTeX2e <2023-11-01> patch level 1
L3 programming layer <2024-01-22>
 ***********
Package rerunfilecheck Info: File `main.out' has not changed.
(rerunfilecheck)             Checksum: 60AFA458973DD0E56C1DBC7CCD4ED8D2;36803.
 ) 
Here is how much of TeX's memory you used:
 41415 strings out of 476106
 951185 string characters out of 5793933
 1964975 words of memory out of 5000000
 61977 multiletter control sequences out of 15000+600000
 591575 words of font info for 121 fonts, out of 8000000 for 9000
 59 hyphenation exceptions out of 8191
 102i,19n,107p,1182b,2283s stack positions out of 10000i,1000n,20000p,200000b,200000s
 </root/.texlive2023/texmf-var/fonts/pk/ljfour/jknappen/ec/tcrm1095.600pk> </
root/.texlive2023/texmf-var/fonts/pk/ljfour/jknappen/ec/ecti0800.600pk> </root/
.texlive2023/texmf-var/fonts/pk/ljfour/jknappen/ec/eccc1095.600pk> </root/.texl
ive2023/texmf-var/fonts/pk/ljfour/jknappen/ec/ecrm0600.600pk> </root/.texlive20
23/texmf-var/fonts/pk/ljfour/jknappen/ec/ecrm0900.600pk> </root/.texlive2023/te
xmf-var/fonts/pk/ljfour/jknappen/ec/ecti0900.600pk> </root/.texlive2023/texmf-v
ar/fonts/pk/ljfour/jknappen/ec/ecbx1440.600pk> </root/.texlive2023/texmf-var/fo
nts/pk/ljfour/jknappen/ec/ecbx2074.600pk> </root/.texlive2023/texmf-var/fonts/p
k/ljfour/jknappen/ec/ecbx1200.600pk> </root/.texlive2023/texmf-var/fonts/pk/ljf
our/jknappen/ec/ecbx1095.600pk> </root/.texlive2023/texmf-var/fonts/pk/ljfour/j
knappen/ec/ecti1095.600pk> </root/.texlive2023/texmf-var/fonts/pk/ljfour/jknapp
en/ec/ecti1000.600pk> </root/.texlive2023/texmf-var/fonts/pk/ljfour/jknappen/ec
/ecbx1728.600pk> </root/.texlive2023/texmf-var/fonts/pk/ljfour/jknappen/ec/ecrm
1000.600pk> </root/.texlive2023/texmf-var/fonts/pk/ljfour/jknappen/ec/ecrm1095.
600pk> </root/.texlive2023/texmf-var/fonts/pk/ljfour/jknappen/ec/ecrm1440.600pk
> </root/.texlive2023/texmf-var/fonts/pk/ljfour/jknappen/ec/ecti1200.600pk> </r
oot/.texlive2023/texmf-var/fonts/pk/ljfour/jknappen/ec/ecbx2488.600pk></usr/sha
re/texlive/texmf-dist/fonts/type1/public/amsfonts/cm/cmbx10.pfb></usr/share/tex
live/texmf-dist/fonts/type1/public/amsfonts/cm/cmbx6.pfb></usr/share/texlive/te
xmf-dist/fonts/type1/public/amsfonts/cm/cmbx8.pfb></usr/share/texlive/texmf-dis
t/fonts/type1/public/amsfonts/cm/cmex10.pfb></usr/share/texlive/texmf-dist/font
s/type1/public/amsfonts/cm/cmmi10.pfb></usr/share/texlive/texmf-dist/fonts/type
1/public/amsfonts/cm/cmmi5.pfb></usr/share/texlive/texmf-dist/fonts/type1/publi
c/amsfonts/cm/cmmi6.pfb></usr/share/texlive/texmf-dist/fonts/type1/public/amsfo
nts/cm/cmmi7.pfb></usr/share/texlive/texmf-dist/fonts/type1/public/amsfonts/cm/
cmmi8.pfb></usr/share/texlive/texmf-dist/fonts/type1/public/amsfonts/cm/cmmi9.p
fb></usr/share/texlive/texmf-dist/fonts/type1/public/amsfonts/cm/cmr10.pfb></us
r/share/texlive/texmf-dist/fonts/type1/public/amsfonts/cm/cmr5.pfb></usr/share/
texlive/texmf-dist/fonts/type1/public/amsfonts/cm/cmr6.pfb></usr/share/texlive/
texmf-dist/fonts/type1/public/amsfonts/cm/cmr7.pfb></usr/share/texlive/texmf-di
st/fonts/type1/public/amsfonts/cm/cmr8.pfb></usr/share/texlive/texmf-dist/fonts
/type1/public/amsfonts/cm/cmr9.pfb></usr/share/texlive/texmf-dist/fonts/type1/p
ublic/amsfonts/cm/cmsy10.pfb></usr/share/texlive/texmf-dist/fonts/type1/public/
amsfonts/cm/cmsy5.pfb></usr/share/texlive/texmf-dist/fonts/type1/public/amsfont
s/cm/cmsy6.pfb></usr/share/texlive/texmf-dist/fonts/type1/public/amsfonts/cm/cm
sy7.pfb></usr/share/texlive/texmf-dist/fonts/type1/public/amsfonts/cm/cmsy8.pfb
></usr/share/texlive/texmf-dist/fonts/type1/public/amsfonts/cm/cmsy9.pfb></usr/
share/texlive/texmf-dist/fonts/type1/public/amsfonts/symbols/msbm10.pfb>
Output written on main.pdf (150 pages, 775072 bytes).
PDF statistics:
 2988 PDF objects out of 3580 (max. 8388607)
 2097 compressed objects within 21 object streams
 561 named destinations out of 1000 (max. 500000)
 21389 words of extra memory for PDF output out of 24883 (max. 10000000)

