\BOOKMARK [0][-]{chapter.1}{\376\377\000I\000n\000t\000r\000o\000d\000u\000c\000t\000i\000o\000n}{}% 1
\BOOKMARK [1][-]{section.1.1}{\376\377\000T\000h\000e\000\040\000p\000r\000o\000b\000l\000e\000m\000\040\000o\000f\000\040\000i\000r\000r\000e\000v\000e\000r\000s\000i\000b\000i\000l\000i\000t\000y\000\040\000i\000n\000\040\000c\000o\000n\000s\000t\000r\000a\000i\000n\000t\000-\000d\000r\000i\000v\000e\000n\000\040\000s\000y\000s\000t\000e\000m\000s}{chapter.1}% 2
\BOOKMARK [1][-]{section.1.2}{\376\377\000T\000h\000r\000e\000e\000\040\000q\000u\000e\000s\000t\000i\000o\000n\000s\000\040\000t\000h\000a\000t\000\040\000o\000r\000g\000a\000n\000i\000z\000e\000\040\000t\000h\000e\000\040\000m\000o\000n\000o\000g\000r\000a\000p\000h}{chapter.1}% 3
\BOOKMARK [1][-]{section.1.3}{\376\377\000R\000e\000l\000a\000t\000i\000o\000n\000\040\000t\000o\000\040\000p\000r\000i\000o\000r\000\040\000w\000o\000r\000k}{chapter.1}% 4
\BOOKMARK [1][-]{section.1.4}{\376\377\000T\000h\000e\000\040\000R\000S\000V\000P\000\040\000f\000r\000a\000m\000e\000w\000o\000r\000k}{chapter.1}% 5
\BOOKMARK [1][-]{section.1.5}{\376\377\000S\000t\000r\000u\000c\000t\000u\000r\000e\000\040\000o\000f\000\040\000t\000h\000e\000\040\000m\000o\000n\000o\000g\000r\000a\000p\000h}{chapter.1}% 6
\BOOKMARK [0][-]{chapter.2}{\376\377\000T\000h\000e\000\040\000T\000h\000r\000e\000e\000-\000L\000a\000y\000e\000r\000\040\000A\000r\000c\000h\000i\000t\000e\000c\000t\000u\000r\000e}{}% 7
\BOOKMARK [1][-]{section.2.1}{\376\377\000O\000v\000e\000r\000v\000i\000e\000w}{chapter.2}% 8
\BOOKMARK [1][-]{section.2.2}{\376\377\000T\000h\000e\000\040\000c\000o\000n\000t\000i\000n\000u\000o\000u\000s\000\040\000f\000i\000e\000l\000d\000\040\000s\000p\000a\000c\000e}{chapter.2}% 9
\BOOKMARK [1][-]{section.2.3}{\376\377\000T\000h\000e\000\040\000h\000i\000s\000t\000o\000r\000y\000-\000s\000e\000n\000s\000i\000t\000i\000v\000e\000\040\000s\000t\000a\000t\000e\000\040\000s\000p\000a\000c\000e}{chapter.2}% 10
\BOOKMARK [1][-]{section.2.4}{\376\377\000T\000h\000e\000\040\000o\000b\000s\000e\000r\000v\000a\000b\000l\000e\000\040\000s\000p\000a\000c\000e}{chapter.2}% 11
\BOOKMARK [1][-]{section.2.5}{\376\377\000T\000h\000e\000\040\000c\000e\000n\000t\000r\000a\000l\000\040\000d\000i\000a\000g\000r\000a\000m}{chapter.2}% 12
\BOOKMARK [0][-]{chapter.3}{\376\377\000R\000S\000V\000P\000\040\000F\000i\000e\000l\000d\000\040\000D\000y\000n\000a\000m\000i\000c\000s}{}% 13
\BOOKMARK [1][-]{section.3.1}{\376\377\000T\000h\000e\000\040\000g\000o\000v\000e\000r\000n\000i\000n\000g\000\040\000e\000q\000u\000a\000t\000i\000o\000n\000s}{chapter.3}% 14
\BOOKMARK [1][-]{section.3.2}{\376\377\000E\000n\000t\000r\000o\000p\000y\000\040\000p\000r\000o\000d\000u\000c\000t\000i\000o\000n\000\040\000r\000a\000t\000e}{chapter.3}% 15
\BOOKMARK [1][-]{section.3.3}{\376\377\000D\000i\000s\000c\000r\000e\000t\000e\000\040\000l\000a\000t\000t\000i\000c\000e\000\040\000r\000e\000d\000u\000c\000t\000i\000o\000n}{chapter.3}% 16
\BOOKMARK [0][-]{chapter.4}{\376\377\000D\000i\000s\000c\000r\000e\000t\000i\000z\000a\000t\000i\000o\000n\000\040\000a\000n\000d\000\040\000t\000h\000e\000\040\000R\000e\000f\000u\000s\000e\000\040\000O\000p\000e\000r\000a\000t\000o\000r}{}% 17
\BOOKMARK [1][-]{section.4.1}{\376\377\000T\000h\000e\000\040\000S\000p\000h\000e\000r\000e\000p\000o\000p\000\040\000e\000v\000e\000n\000t\000\040\000o\000p\000e\000r\000a\000t\000o\000r\000s}{chapter.4}% 18
\BOOKMARK [1][-]{section.4.2}{\376\377\000R\000e\000f\000u\000s\000e\000\040\000a\000s\000\040\000a\000\040\000c\000o\000n\000s\000t\000r\000a\000i\000n\000t\000\040\000o\000n\000\040\000f\000o\000r\000w\000a\000r\000d\000\040\000e\000x\000t\000e\000n\000s\000i\000o\000n\000s}{chapter.4}% 19
\BOOKMARK [1][-]{section.4.3}{\376\377\000R\000e\000f\000u\000s\000e\000-\000s\000e\000p\000a\000r\000a\000t\000e\000d\000\040\000p\000a\000i\000r\000s}{chapter.4}% 20
\BOOKMARK [1][-]{section.4.4}{\376\377\000T\000h\000e\000\040\000s\000u\000r\000r\000o\000g\000a\000t\000e\000\040\000d\000i\000s\000c\000r\000e\000t\000i\000z\000a\000t\000i\000o\000n\000\040\000m\000a\000p}{chapter.4}% 21
\BOOKMARK [0][-]{chapter.5}{\376\377\000T\000h\000e\000\040\000V\000a\000r\000i\000a\000t\000i\000o\000n\000a\000l\000\040\000A\000d\000j\000u\000n\000c\000t\000i\000o\000n\000\040\000a\000n\000d\000\040\000I\000r\000r\000e\000v\000e\000r\000s\000i\000b\000i\000l\000i\000t\000y}{}% 22
\BOOKMARK [1][-]{section.5.1}{\376\377\000T\000h\000e\000\040\000r\000e\000c\000o\000n\000s\000t\000r\000u\000c\000t\000i\000o\000n\000\040\000f\000u\000n\000c\000t\000i\000o\000n\000a\000l}{chapter.5}% 23
\BOOKMARK [1][-]{section.5.2}{\376\377\000E\000x\000i\000s\000t\000e\000n\000c\000e\000\040\000a\000n\000d\000\040\000u\000n\000i\000q\000u\000e\000n\000e\000s\000s\000\040\000o\000f\000\040\000m\000i\000n\000i\000m\000i\000z\000e\000r\000s}{chapter.5}% 24
\BOOKMARK [1][-]{section.5.3}{\376\377\000T\000h\000e\000\040\000r\000e\000c\000o\000n\000s\000t\000r\000u\000c\000t\000i\000o\000n\000\040\000o\000p\000e\000r\000a\000t\000o\000r\000\040\000a\000n\000d\000\040\000i\000t\000s\000\040\000E\000u\000l\000e\000r\040\023\000L\000a\000g\000r\000a\000n\000g\000e\000\040\000s\000y\000s\000t\000e\000m}{chapter.5}% 25
\BOOKMARK [1][-]{section.5.4}{\376\377\000S\000t\000a\000b\000i\000l\000i\000t\000y\000\040\000o\000f\000\040\000t\000h\000e\000\040\000r\000e\000c\000o\000n\000s\000t\000r\000u\000c\000t\000i\000o\000n\000\040\000o\000p\000e\000r\000a\000t\000o\000r}{chapter.5}% 26
\BOOKMARK [1][-]{section.5.5}{\376\377\000T\000h\000e\000\040\000c\000o\000m\000p\000a\000r\000i\000s\000o\000n\000\040\000m\000a\000p\000\040\000a\000n\000d\000\040\000i\000r\000r\000e\000v\000e\000r\000s\000i\000b\000i\000l\000i\000t\000y}{chapter.5}% 27
\BOOKMARK [0][-]{chapter.6}{\376\377\000R\000e\000f\000u\000s\000e\000-\000A\000d\000m\000i\000s\000s\000i\000b\000l\000e\000\040\000M\000e\000a\000s\000u\000r\000a\000b\000l\000e\000\040\000S\000t\000r\000u\000c\000t\000u\000r\000e\000\040\000a\000n\000d\000\040\000E\000n\000t\000r\000o\000p\000y\000\040\000D\000e\000f\000e\000c\000t}{}% 28
\BOOKMARK [1][-]{section.6.1}{\376\377\000T\000h\000e\000\040\000a\000d\000m\000i\000s\000s\000i\000b\000l\000e\000\040\000-\000a\000l\000g\000e\000b\000r\000a}{chapter.6}% 29
\BOOKMARK [1][-]{section.6.2}{\376\377\000R\000e\000f\000u\000s\000e\000\040\000o\000b\000s\000e\000r\000v\000a\000b\000i\000l\000i\000t\000y}{chapter.6}% 30
\BOOKMARK [1][-]{section.6.3}{\376\377\000T\000h\000e\000\040\000e\000n\000t\000r\000o\000p\000y\000\040\000d\000e\000f\000e\000c\000t\000\040\000v\000i\000a\000\040\000J\000e\000n\000s\000e\000n\040\023\000S\000h\000a\000n\000n\000o\000n\000\040\000d\000i\000v\000e\000r\000g\000e\000n\000c\000e}{chapter.6}% 31
\BOOKMARK [0][-]{chapter.7}{\376\377\000F\000u\000n\000c\000t\000i\000o\000n\000a\000l\000-\000A\000n\000a\000l\000y\000t\000i\000c\000\040\000F\000o\000u\000n\000d\000a\000t\000i\000o\000n\000s\000\040\000o\000f\000\040\000t\000h\000e\000\040\000C\000o\000n\000f\000i\000g\000u\000r\000a\000t\000i\000o\000n\000\040\000S\000p\000a\000c\000e}{}% 32
\BOOKMARK [1][-]{section.7.1}{\376\377\000T\000h\000e\000\040\000u\000n\000d\000e\000r\000l\000y\000i\000n\000g\000\040\000d\000o\000m\000a\000i\000n}{chapter.7}% 33
\BOOKMARK [1][-]{section.7.2}{\376\377\000S\000o\000b\000o\000l\000e\000v\000\040\000s\000t\000r\000u\000c\000t\000u\000r\000e\000\040\000o\000f\000\040\000t\000h\000e\000\040\000f\000i\000e\000l\000d\000\040\000c\000o\000m\000p\000o\000n\000e\000n\000t\000s}{chapter.7}% 34
\BOOKMARK [1][-]{section.7.3}{\376\377\000C\000o\000m\000p\000l\000e\000t\000e\000n\000e\000s\000s\000\040\000a\000n\000d\000\040\000s\000e\000p\000a\000r\000a\000b\000i\000l\000i\000t\000y\000\040\000o\000f\000\040\000X}{chapter.7}% 35
\BOOKMARK [1][-]{section.7.4}{\376\377\000A\000d\000m\000i\000s\000s\000i\000b\000l\000e\000\040\000e\000n\000e\000r\000g\000y\000\040\000s\000u\000b\000s\000p\000a\000c\000e}{chapter.7}% 36
\BOOKMARK [1][-]{section.7.5}{\376\377\000W\000e\000a\000k\000\040\000l\000o\000w\000e\000r\000\040\000s\000e\000m\000i\000c\000o\000n\000t\000i\000n\000u\000i\000t\000y\000\040\000a\000n\000d\000\040\000t\000h\000e\000\040\000d\000i\000r\000e\000c\000t\000\040\000m\000e\000t\000h\000o\000d}{chapter.7}% 37
\BOOKMARK [0][-]{chapter.8}{\376\377\000W\000e\000l\000l\000-\000P\000o\000s\000e\000d\000n\000e\000s\000s\000\040\000o\000f\000\040\000t\000h\000e\000\040\000R\000S\000V\000P\000\040\000D\000y\000n\000a\000m\000i\000c\000s}{}% 38
\BOOKMARK [1][-]{section.8.1}{\376\377\000A\000b\000s\000t\000r\000a\000c\000t\000\040\000f\000o\000r\000m\000u\000l\000a\000t\000i\000o\000n\000\040\000o\000f\000\040\000t\000h\000e\000\040\000c\000o\000u\000p\000l\000e\000d\000\040\000s\000y\000s\000t\000e\000m}{chapter.8}% 39
\BOOKMARK [1][-]{section.8.2}{\376\377\000S\000e\000m\000i\000g\000r\000o\000u\000p\000\040\000g\000e\000n\000e\000r\000a\000t\000i\000o\000n}{chapter.8}% 40
\BOOKMARK [1][-]{section.8.3}{\376\377\000A\000s\000s\000u\000m\000p\000t\000i\000o\000n\000s\000\040\000o\000n\000\040\000t\000h\000e\000\040\000n\000o\000n\000l\000i\000n\000e\000a\000r\000\040\000t\000e\000r\000m}{chapter.8}% 41
\BOOKMARK [1][-]{section.8.4}{\376\377\000E\000x\000i\000s\000t\000e\000n\000c\000e\000,\000\040\000u\000n\000i\000q\000u\000e\000n\000e\000s\000s\000,\000\040\000a\000n\000d\000\040\000c\000o\000n\000t\000i\000n\000u\000o\000u\000s\000\040\000d\000e\000p\000e\000n\000d\000e\000n\000c\000e}{chapter.8}% 42
\BOOKMARK [1][-]{section.8.5}{\376\377\000T\000h\000e\000\040\000s\000o\000l\000u\000t\000i\000o\000n\000\040\000o\000p\000e\000r\000a\000t\000o\000r}{chapter.8}% 43
\BOOKMARK [0][-]{chapter.9}{\376\377\000T\000h\000e\000\040\000D\000i\000s\000c\000r\000e\000t\000i\000z\000a\000t\000i\000o\000n\000\040\000M\000a\000p\000\040\000a\000n\000d\000\040\000I\000n\000d\000u\000c\000e\000d\000\040\000Q\000u\000o\000t\000i\000e\000n\000t\000\040\000S\000t\000r\000u\000c\000t\000u\000r\000e}{}% 44
\BOOKMARK [1][-]{section.9.1}{\376\377\000K\000e\000r\000n\000e\000l\000\040\000o\000f\000\040\000t\000h\000e\000\040\000d\000i\000s\000c\000r\000e\000t\000i\000z\000a\000t\000i\000o\000n\000\040\000m\000a\000p}{chapter.9}% 45
\BOOKMARK [1][-]{section.9.2}{\376\377\000O\000b\000s\000e\000r\000v\000a\000t\000i\000o\000n\000a\000l\000\040\000e\000q\000u\000i\000v\000a\000l\000e\000n\000c\000e\000\040\000c\000l\000a\000s\000s\000e\000s}{chapter.9}% 46
\BOOKMARK [1][-]{section.9.3}{\376\377\000T\000h\000e\000\040\000q\000u\000o\000t\000i\000e\000n\000t\000\040\000s\000p\000a\000c\000e}{chapter.9}% 47
\BOOKMARK [1][-]{section.9.4}{\376\377\000R\000e\000c\000o\000n\000s\000t\000r\000u\000c\000t\000i\000o\000n\000\040\000a\000s\000\040\000a\000\040\000s\000e\000c\000t\000i\000o\000n\000\040\000o\000f\000\040\000t\000h\000e\000\040\000q\000u\000o\000t\000i\000e\000n\000t\000\040\000p\000r\000o\000j\000e\000c\000t\000i\000o\000n}{chapter.9}% 48
\BOOKMARK [1][-]{section.9.5}{\376\377\000T\000h\000e\000\040\000d\000e\000f\000e\000c\000t\000\040\000l\000i\000v\000e\000s\000\040\000i\000n\000\040\000t\000h\000e\000\040\000k\000e\000r\000n\000e\000l}{chapter.9}% 49
\BOOKMARK [1][-]{section.9.6}{\376\377\000N\000o\000-\000g\000o\000\040\000t\000h\000e\000o\000r\000e\000m\000:\000\040\000i\000m\000p\000o\000s\000s\000i\000b\000i\000l\000i\000t\000y\000\040\000o\000f\000\040\000p\000e\000r\000f\000e\000c\000t\000\040\000r\000e\000c\000o\000n\000s\000t\000r\000u\000c\000t\000i\000o\000n}{chapter.9}% 50
\BOOKMARK [0][-]{chapter.10}{\376\377\000F\000i\000x\000e\000d\000-\000P\000o\000i\000n\000t\000\040\000S\000t\000r\000u\000c\000t\000u\000r\000e\000\040\000o\000f\000\040\000t\000h\000e\000\040\000R\000e\000c\000o\000n\000s\000t\000r\000u\000c\000t\000i\000o\000n\000\040\000O\000p\000e\000r\000a\000t\000o\000r}{}% 51
\BOOKMARK [1][-]{section.10.1}{\376\377\000C\000h\000a\000r\000a\000c\000t\000e\000r\000i\000z\000a\000t\000i\000o\000n\000\040\000o\000f\000\040\000`\0003\003\001\0009\000`\0004\0002\000`\000"\003\007\0006\0001\0003\000A\000`\000`\0004\0005\000`\0004\0007\000`\000"\0006\0000\0003\000A\000F\000i\000x\000\050\000\051}{chapter.10}% 52
\BOOKMARK [1][-]{section.10.2}{\376\377\000I\000d\000e\000m\000p\000o\000t\000e\000n\000c\000y\000\040\000o\000f\000\040\000t\000h\000e\000\040\000c\000o\000m\000p\000a\000r\000i\000s\000o\000n\000\040\000m\000a\000p}{chapter.10}% 53
\BOOKMARK [1][-]{section.10.3}{\376\377\000N\000o\000n\000-\000e\000x\000p\000a\000n\000s\000i\000v\000e\000n\000e\000s\000s\000\040\000a\000n\000d\000\040\000c\000o\000n\000t\000r\000a\000c\000t\000i\000v\000i\000t\000y}{chapter.10}% 54
\BOOKMARK [1][-]{section.10.4}{\376\377\000S\000p\000e\000c\000t\000r\000a\000l\000\040\000d\000e\000c\000o\000m\000p\000o\000s\000i\000t\000i\000o\000n\000\040\000r\000e\000l\000a\000t\000i\000v\000e\000\040\000t\000o\000\040\000t\000h\000e\000\040\000k\000e\000r\000n\000e\000l}{chapter.10}% 55
\BOOKMARK [0][-]{chapter.11}{\376\377\000E\000q\000u\000i\000v\000a\000l\000e\000n\000c\000e\000\040\000B\000e\000t\000w\000e\000e\000n\000\040\000P\000o\000i\000n\000t\000w\000i\000s\000e\000\040\000a\000n\000d\000\040\000M\000e\000a\000s\000u\000r\000e\000-\000L\000e\000v\000e\000l\000\040\000D\000e\000f\000e\000c\000t}{}% 56
\BOOKMARK [1][-]{section.11.1}{\376\377\000T\000h\000e\000\040\000t\000w\000o\000\040\000d\000e\000f\000e\000c\000t\000\040\000n\000o\000t\000i\000o\000n\000s}{chapter.11}% 57
\BOOKMARK [1][-]{section.11.2}{\376\377\000E\000q\000u\000i\000v\000a\000l\000e\000n\000c\000e\000\040\000o\000f\000\040\000v\000a\000n\000i\000s\000h\000i\000n\000g\000\040\000d\000e\000f\000e\000c\000t}{chapter.11}% 58
\BOOKMARK [1][-]{section.11.3}{\376\377\000L\000o\000w\000e\000r\000\040\000b\000o\000u\000n\000d\000s\000\040\000o\000n\000\040\000e\000n\000t\000r\000o\000p\000y\000\040\000d\000e\000f\000e\000c\000t}{chapter.11}% 59
\BOOKMARK [1][-]{section.11.4}{\376\377\000U\000p\000p\000e\000r\000\040\000b\000o\000u\000n\000d\000s\000\040\000a\000n\000d\000\040\000L\0002\000-\000s\000t\000a\000b\000i\000l\000i\000t\000y}{chapter.11}% 60
\BOOKMARK [1][-]{section.11.5}{\376\377\000S\000t\000a\000b\000i\000l\000i\000t\000y\000\040\000u\000n\000d\000e\000r\000\040\000p\000e\000r\000t\000u\000r\000b\000a\000t\000i\000o\000n\000s\000\040\000o\000f\000\040\000t\000h\000e\000\040\000m\000e\000a\000s\000u\000r\000e}{chapter.11}% 61
\BOOKMARK [0][-]{chapter.12}{\376\377\000T\000e\000m\000p\000o\000r\000a\000l\000\040\000L\000i\000f\000t\000i\000n\000g\000\040\000a\000n\000d\000\040\000P\000a\000t\000h\000-\000S\000p\000a\000c\000e\000\040\000F\000u\000n\000c\000t\000o\000r\000i\000a\000l\000i\000t\000y}{}% 62
\BOOKMARK [1][-]{section.12.1}{\376\377\000T\000h\000e\000\040\000p\000a\000t\000h\000-\000s\000p\000a\000c\000e\000\040\000l\000i\000f\000t\000\040\000o\000f\000\040\000t\000h\000e\000\040\000d\000i\000s\000c\000r\000e\000t\000i\000z\000a\000t\000i\000o\000n}{chapter.12}% 63
\BOOKMARK [1][-]{section.12.2}{\376\377\000C\000o\000m\000m\000u\000t\000a\000t\000i\000v\000i\000t\000y\000\040\000w\000i\000t\000h\000\040\000t\000h\000e\000\040\000d\000y\000n\000a\000m\000i\000c\000s}{chapter.12}% 64
\BOOKMARK [1][-]{section.12.3}{\376\377\000S\000t\000a\000t\000e\000\040\000o\000b\000s\000e\000r\000v\000a\000b\000l\000e\000s\000\040\000v\000s\000.\000\040\000p\000a\000t\000h\000\040\000o\000b\000s\000e\000r\000v\000a\000b\000l\000e\000s}{chapter.12}% 65
\BOOKMARK [1][-]{section.12.4}{\376\377\000F\000u\000n\000c\000t\000o\000r\000i\000a\000l\000i\000t\000y\000\040\000o\000f\000\040\000t\000h\000e\000\040\000p\000a\000t\000h\000-\000l\000e\000v\000e\000l\000\040\000c\000o\000n\000s\000t\000r\000u\000c\000t\000i\000o\000n}{chapter.12}% 66
\BOOKMARK [0][-]{chapter.13}{\376\377\000I\000r\000r\000e\000v\000e\000r\000s\000i\000b\000i\000l\000i\000t\000y\000\040\000U\000n\000d\000e\000r\000\040\000T\000i\000m\000e\000\040\000E\000v\000o\000l\000u\000t\000i\000o\000n}{}% 67
\BOOKMARK [1][-]{section.13.1}{\376\377\000D\000e\000f\000e\000c\000t\000\040\000a\000l\000o\000n\000g\000\040\000t\000r\000a\000j\000e\000c\000t\000o\000r\000i\000e\000s}{chapter.13}% 68
\BOOKMARK [1][-]{section.13.2}{\376\377\000N\000o\000n\000-\000c\000o\000m\000m\000u\000t\000a\000t\000i\000v\000i\000t\000y\000\040\000a\000n\000d\000\040\000t\000h\000e\000\040\000c\000o\000m\000m\000u\000t\000a\000t\000o\000r}{chapter.13}% 69
\BOOKMARK [1][-]{section.13.3}{\376\377\000M\000o\000n\000o\000t\000o\000n\000i\000c\000i\000t\000y\000\040\000o\000f\000\040\000e\000n\000t\000r\000o\000p\000y\000\040\000d\000e\000f\000e\000c\000t}{chapter.13}% 70
\BOOKMARK [1][-]{section.13.4}{\376\377\000F\000i\000x\000e\000d\000\040\000p\000o\000i\000n\000t\000s\000\040\000a\000n\000d\000\040\000e\000q\000u\000i\000l\000i\000b\000r\000i\000u\000m\000\040\000d\000e\000f\000e\000c\000t}{chapter.13}% 71
\BOOKMARK [0][-]{chapter.14}{\376\377\000D\000e\000f\000e\000c\000t\040\023\000D\000y\000n\000a\000m\000i\000c\000s\000\040\000C\000o\000r\000r\000e\000s\000p\000o\000n\000d\000e\000n\000c\000e}{}% 72
\BOOKMARK [1][-]{section.14.1}{\376\377\000T\000h\000e\000\040\000b\000r\000i\000d\000g\000e\000\040\000p\000r\000o\000b\000l\000e\000m}{chapter.14}% 73
\BOOKMARK [1][-]{section.14.2}{\376\377\000P\000a\000t\000h\000-\000l\000e\000v\000e\000l\000\040\000d\000e\000f\000e\000c\000t\000\040\000i\000n\000\040\000t\000h\000e\000\040\000r\000e\000d\000u\000c\000e\000d\000\040\000l\000a\000t\000t\000i\000c\000e}{chapter.14}% 74
\BOOKMARK [1][-]{section.14.3}{\376\377\000T\000h\000e\000\040\000c\000o\000r\000r\000e\000s\000p\000o\000n\000d\000e\000n\000c\000e\000\040\000t\000h\000e\000o\000r\000e\000m}{chapter.14}% 75
\BOOKMARK [0][-]{chapter.15}{\376\377\000D\000y\000n\000a\000m\000i\000c\000a\000l\000\040\000R\000e\000g\000i\000m\000e\000s\000\040\000a\000n\000d\000\040\000P\000h\000a\000s\000e\000\040\000S\000t\000r\000u\000c\000t\000u\000r\000e}{}% 76
\BOOKMARK [1][-]{section.15.1}{\376\377\000T\000h\000r\000e\000e\000\040\000o\000p\000e\000r\000a\000t\000i\000o\000n\000a\000l\000\040\000m\000o\000d\000e\000s}{chapter.15}% 77
\BOOKMARK [1][-]{section.15.2}{\376\377\000M\000o\000d\000e\000\040\000t\000r\000a\000n\000s\000i\000t\000i\000o\000n\000s\000\040\000a\000s\000\040\000t\000h\000r\000e\000s\000h\000o\000l\000d\000\040\000c\000r\000o\000s\000s\000i\000n\000g\000s}{chapter.15}% 78
\BOOKMARK [0][-]{chapter.16}{\376\377\000S\000t\000a\000t\000i\000s\000t\000i\000c\000a\000l\000\040\000S\000i\000g\000n\000a\000t\000u\000r\000e\000s\000:\000\040\000T\000h\000e\000\040\000T\000a\000i\000l\040\023\000D\000e\000f\000e\000c\000t\000\040\000C\000o\000n\000j\000e\000c\000t\000u\000r\000e}{}% 79
\BOOKMARK [1][-]{section.16.1}{\376\377\000L\000\351\000v\000y\000-\000t\000a\000i\000l\000e\000d\000\040\000s\000t\000a\000t\000i\000s\000t\000i\000c\000s\000\040\000i\000n\000\040\000t\000h\000e\000\040\000c\000r\000u\000c\000i\000b\000l\000e\000\040\000r\000e\000g\000i\000m\000e}{chapter.16}% 80
\BOOKMARK [1][-]{section.16.2}{\376\377\000T\000h\000e\000\040\000p\000a\000t\000h\000\040\000o\000b\000s\000e\000r\000v\000a\000b\000l\000e\000\040\000a\000n\000d\000\040\000d\000e\000f\000e\000c\000t}{chapter.16}% 81
\BOOKMARK [1][-]{section.16.3}{\376\377\000T\000h\000e\000\040\000s\000c\000a\000l\000i\000n\000g\000\040\000c\000o\000n\000j\000e\000c\000t\000u\000r\000e}{chapter.16}% 82
\BOOKMARK [0][-]{chapter.17}{\376\377\000H\000i\000s\000t\000o\000r\000y\000-\000D\000e\000p\000e\000n\000d\000e\000n\000t\000\040\000P\000r\000o\000j\000e\000c\000t\000i\000o\000n}{}% 83
\BOOKMARK [1][-]{section.17.1}{\376\377\000S\000t\000a\000t\000e\000-\000b\000a\000s\000e\000d\000\040\000v\000e\000r\000s\000u\000s\000\040\000h\000i\000s\000t\000o\000r\000y\000-\000b\000a\000s\000e\000d\000\040\000o\000b\000s\000e\000r\000v\000a\000b\000l\000e\000s}{chapter.17}% 84
\BOOKMARK [1][-]{section.17.2}{\376\377\000W\000e\000a\000k\000\040\000h\000i\000s\000t\000o\000r\000y\000-\000d\000e\000p\000e\000n\000d\000e\000n\000c\000e}{chapter.17}% 85
\BOOKMARK [1][-]{section.17.3}{\376\377\000S\000t\000r\000o\000n\000g\000\040\000h\000i\000s\000t\000o\000r\000y\000-\000d\000e\000p\000e\000n\000d\000e\000n\000c\000e}{chapter.17}% 86
\BOOKMARK [1][-]{section.17.4}{\376\377\000P\000a\000t\000h\000\040\000c\000a\000t\000e\000g\000o\000r\000i\000e\000s\000\040\000a\000n\000d\000\040\000s\000h\000e\000a\000f\000-\000t\000h\000e\000o\000r\000e\000t\000i\000c\000\040\000f\000o\000r\000m\000u\000l\000a\000t\000i\000o\000n}{chapter.17}% 87
\BOOKMARK [1][-]{section.17.5}{\376\377\000T\000h\000e\000\040\000s\000t\000r\000o\000n\000g\000\040\000c\000o\000n\000j\000e\000c\000t\000u\000r\000e}{chapter.17}% 88
\BOOKMARK [0][-]{chapter.18}{\376\377\000T\000h\000e\000\040\000E\000x\000p\000l\000i\000c\000i\000t\000\040\000C\000o\000u\000p\000l\000e\000d\000\040\000H\000i\000s\000t\000o\000r\000y\000-\000S\000p\000l\000i\000t\000\040\000C\000o\000n\000s\000t\000r\000u\000c\000t\000i\000o\000n}{}% 89
\BOOKMARK [1][-]{section.18.1}{\376\377\000O\000b\000j\000e\000c\000t\000i\000v\000e\000\040\000a\000n\000d\000\040\000s\000e\000t\000u\000p}{chapter.18}% 90
\BOOKMARK [1][-]{section.18.2}{\376\377\000T\000h\000e\000\040\000t\000w\000o\000\040\000b\000r\000a\000n\000c\000h\000e\000s}{chapter.18}% 91
\BOOKMARK [1][-]{section.18.3}{\376\377\000B\000r\000a\000n\000c\000h\000\040\0002\000\040\000t\000r\000a\000j\000e\000c\000t\000o\000r\000y}{chapter.18}% 92
\BOOKMARK [1][-]{section.18.4}{\376\377\000F\000i\000n\000a\000l\000-\000s\000t\000a\000t\000e\000\040\000m\000a\000t\000c\000h\000i\000n\000g\000\040\000a\000n\000d\000\040\000e\000x\000i\000s\000t\000e\000n\000c\000e\000\040\000o\000f\000\040\000c\000o\000m\000p\000e\000n\000s\000a\000t\000i\000o\000n\000\040\000p\000u\000l\000s\000e\000s}{chapter.18}% 93
\BOOKMARK [1][-]{section.18.5}{\376\377\000T\000h\000e\000\040\000p\000a\000t\000h\000-\000d\000e\000p\000e\000n\000d\000e\000n\000t\000\040\000o\000b\000s\000e\000r\000v\000a\000b\000l\000e}{chapter.18}% 94
\BOOKMARK [1][-]{section.18.6}{\376\377\000W\000h\000a\000t\000\040\000t\000h\000i\000s\000\040\000e\000s\000t\000a\000b\000l\000i\000s\000h\000e\000s\000\040\000a\000n\000d\000\040\000w\000h\000a\000t\000\040\000i\000t\000\040\000d\000o\000e\000s\000\040\000n\000o\000t}{chapter.18}% 95
\BOOKMARK [0][-]{chapter.19}{\376\377\000T\000h\000e\000\040\000P\000D\000E\000\040\000B\000o\000u\000n\000d\000a\000r\000y\000-\000V\000a\000l\000u\000e\000\040\000P\000r\000o\000b\000l\000e\000m}{}% 96
\BOOKMARK [1][-]{section.19.1}{\376\377\000L\000i\000f\000t\000i\000n\000g\000\040\000t\000h\000e\000\040\000l\000a\000t\000t\000i\000c\000e\000\040\000c\000o\000n\000s\000t\000r\000u\000c\000t\000i\000o\000n}{chapter.19}% 97
\BOOKMARK [1][-]{section.19.2}{\376\377\000T\000h\000e\000\040\000b\000o\000u\000n\000d\000a\000r\000y\000-\000v\000a\000l\000u\000e\000\040\000p\000r\000o\000b\000l\000e\000m}{chapter.19}% 98
\BOOKMARK [1][-]{section.19.3}{\376\377\000E\000x\000p\000e\000c\000t\000e\000d\000\040\000s\000t\000r\000u\000c\000t\000u\000r\000e\000\040\000o\000f\000\040\000t\000h\000e\000\040\000a\000r\000g\000u\000m\000e\000n\000t}{chapter.19}% 99
\BOOKMARK [0][-]{chapter.20}{\376\377\000C\000o\000m\000p\000a\000r\000i\000s\000o\000n\000\040\000w\000i\000t\000h\000\040\000T\000h\000e\000r\000m\000o\000d\000y\000n\000a\000m\000i\000c\000\040\000A\000n\000a\000l\000o\000g\000y\000\040\000F\000r\000a\000m\000e\000w\000o\000r\000k\000s}{}% 100
\BOOKMARK [1][-]{section.20.1}{\376\377\000T\000h\000e\000\040\000f\000u\000n\000d\000a\000m\000e\000n\000t\000a\000l\000\040\000d\000i\000s\000t\000i\000n\000c\000t\000i\000o\000n}{chapter.20}% 101
\BOOKMARK [1][-]{section.20.2}{\376\377\000S\000p\000e\000c\000i\000f\000i\000c\000\040\000f\000a\000i\000l\000u\000r\000e\000s\000\040\000i\000n\000\040\000C\000o\000h\000e\000r\000e\000n\000c\000e\000\040\000T\000h\000e\000r\000m\000o\000d\000y\000n\000a\000m\000i\000c\000s}{chapter.20}% 102
\BOOKMARK [1][-]{section.20.3}{\376\377\000R\000e\000l\000a\000t\000i\000o\000n\000\040\000t\000o\000\040\000t\000h\000e\000\040\000F\000r\000e\000e\000\040\000E\000n\000e\000r\000g\000y\000\040\000P\000r\000i\000n\000c\000i\000p\000l\000e}{chapter.20}% 103
\BOOKMARK [0][-]{chapter.21}{\376\377\000I\000n\000f\000o\000r\000m\000a\000t\000i\000o\000n\000\040\000G\000e\000o\000m\000e\000t\000r\000y\000\040\000o\000f\000\040\000t\000h\000e\000\040\000D\000e\000f\000e\000c\000t\000\040\000F\000u\000n\000c\000t\000i\000o\000n\000a\000l}{}% 104
\BOOKMARK [1][-]{section.21.1}{\376\377\000T\000h\000e\000\040\000F\000i\000s\000h\000e\000r\040\023\000R\000a\000o\000\040\000m\000e\000t\000r\000i\000c\000\040\000o\000n\000\040\000t\000h\000e\000\040\000c\000o\000n\000f\000i\000g\000u\000r\000a\000t\000i\000o\000n\000\040\000s\000p\000a\000c\000e}{chapter.21}% 105
\BOOKMARK [1][-]{section.21.2}{\376\377\000T\000h\000e\000\040\000d\000e\000f\000e\000c\000t\000\040\000a\000s\000\040\000a\000\040\000F\000i\000s\000h\000e\000r\000\040\000i\000n\000f\000o\000r\000m\000a\000t\000i\000o\000n\000\040\000b\000o\000u\000n\000d}{chapter.21}% 106
\BOOKMARK [1][-]{section.21.3}{\376\377\000T\000h\000e\000\040\000r\000e\000c\000o\000n\000s\000t\000r\000u\000c\000t\000i\000o\000n\000\040\000o\000p\000e\000r\000a\000t\000o\000r\000\040\000a\000s\000\040\000a\000n\000\040\000e\000x\000p\000o\000n\000e\000n\000t\000i\000a\000l\000\040\000f\000a\000m\000i\000l\000y\000\040\000p\000r\000o\000j\000e\000c\000t\000i\000o\000n}{chapter.21}% 107
\BOOKMARK [1][-]{section.21.4}{\376\377\000C\000r\000a\000m\000\351\000r\040\023\000R\000a\000o\000\040\000b\000o\000u\000n\000d\000\040\000f\000o\000r\000\040\000t\000h\000e\000\040\000r\000e\000c\000o\000n\000s\000t\000r\000u\000c\000t\000i\000o\000n}{chapter.21}% 108
\BOOKMARK [1][-]{section.21.5}{\376\377\000C\000u\000r\000v\000a\000t\000u\000r\000e\000\040\000o\000f\000\040\000t\000h\000e\000\040\000d\000e\000f\000e\000c\000t\000\040\000f\000u\000n\000c\000t\000i\000o\000n\000a\000l}{chapter.21}% 109
\BOOKMARK [0][-]{chapter.22}{\376\377\000C\000a\000t\000e\000g\000o\000r\000i\000c\000a\000l\000\040\000S\000t\000r\000u\000c\000t\000u\000r\000e\000\040\000a\000n\000d\000\040\000t\000h\000e\000\040\000P\000a\000t\000h\000\040\000G\000r\000o\000u\000p\000o\000i\000d}{}% 110
\BOOKMARK [1][-]{section.22.1}{\376\377\000F\000r\000o\000m\000\040\000p\000a\000t\000h\000\040\000s\000p\000a\000c\000e\000\040\000t\000o\000\040\000p\000a\000t\000h\000\040\000g\000r\000o\000u\000p\000o\000i\000d}{chapter.22}% 111
\BOOKMARK [1][-]{section.22.2}{\376\377\000F\000u\000n\000c\000t\000o\000r\000s\000\040\000o\000u\000t\000\040\000o\000f\000\040\000t\000h\000e\000\040\000p\000a\000t\000h\000\040\000g\000r\000o\000u\000p\000o\000i\000d}{chapter.22}% 112
\BOOKMARK [1][-]{section.22.3}{\376\377\000T\000h\000e\000\040\000f\000u\000n\000d\000a\000m\000e\000n\000t\000a\000l\000\040\000g\000r\000o\000u\000p\000o\000i\000d\000\040\000a\000n\000d\000\040\000h\000o\000m\000o\000t\000o\000p\000y\000\040\000c\000l\000a\000s\000s\000e\000s}{chapter.22}% 113
\BOOKMARK [1][-]{section.22.4}{\376\377\000T\000h\000e\000\040\000a\000d\000j\000u\000n\000c\000t\000i\000o\000n\000\040\000a\000s\000\040\000a\000\040\000n\000a\000t\000u\000r\000a\000l\000\040\000t\000r\000a\000n\000s\000f\000o\000r\000m\000a\000t\000i\000o\000n}{chapter.22}% 114
\BOOKMARK [1][-]{section.22.5}{\376\377\000S\000h\000e\000a\000f\000-\000t\000h\000e\000o\000r\000e\000t\000i\000c\000\040\000f\000o\000r\000m\000u\000l\000a\000t\000i\000o\000n\000\040\000o\000f\000\040\000h\000i\000s\000t\000o\000r\000y\000-\000s\000e\000n\000s\000i\000t\000i\000v\000e\000\040\000s\000t\000a\000t\000e\000s}{chapter.22}% 115
\BOOKMARK [1][-]{section.22.6}{\376\377\000D\000e\000r\000i\000v\000e\000d\000\040\000f\000u\000n\000c\000t\000o\000r\000s\000\040\000a\000n\000d\000\040\000h\000i\000g\000h\000e\000r\000\040\000h\000i\000s\000t\000o\000r\000y}{chapter.22}% 116
\BOOKMARK [1][-]{section.22.7}{\376\377\000T\000h\000e\000\040\000m\000o\000n\000o\000i\000d\000a\000l\000\040\000s\000t\000r\000u\000c\000t\000u\000r\000e\000\040\000o\000n\000\040\000a\000d\000m\000i\000s\000s\000i\000b\000l\000e\000\040\000c\000o\000n\000f\000i\000g\000u\000r\000a\000t\000i\000o\000n\000s}{chapter.22}% 117
\BOOKMARK [1][-]{section.22.8}{\376\377\000C\000o\000h\000e\000r\000e\000n\000c\000e\000\040\000m\000a\000p\000s\000\040\000a\000n\000d\000\040\000t\000h\000e\000\040\000p\000e\000n\000t\000a\000g\000o\000n\000\040\000i\000d\000e\000n\000t\000i\000t\000y}{chapter.22}% 118
\BOOKMARK [0][-]{chapter.23}{\376\377\000S\000i\000m\000u\000l\000a\000t\000i\000o\000n\000\040\000P\000r\000o\000t\000o\000c\000o\000l\000\040\000a\000n\000d\000\040\000N\000u\000m\000e\000r\000i\000c\000a\000l\000\040\000E\000v\000i\000d\000e\000n\000c\000e}{}% 119
\BOOKMARK [1][-]{section.23.1}{\376\377\000O\000v\000e\000r\000v\000i\000e\000w\000\040\000o\000f\000\040\000t\000h\000e\000\040\000R\000S\000V\000P\000\040\000l\000a\000t\000t\000i\000c\000e\000\040\000s\000i\000m\000u\000l\000a\000t\000o\000r}{chapter.23}% 120
\BOOKMARK [1][-]{section.23.2}{\376\377\000P\000a\000r\000a\000m\000e\000t\000e\000r\000\040\000s\000p\000a\000c\000e\000\040\000a\000n\000d\000\040\000p\000h\000a\000s\000e\000\040\000d\000i\000a\000g\000r\000a\000m}{chapter.23}% 121
\BOOKMARK [1][-]{section.23.3}{\376\377\000M\000e\000a\000s\000u\000r\000e\000m\000e\000n\000t\000\040\000o\000f\000\040\000t\000h\000e\000\040\000t\000a\000i\000l\000\040\000i\000n\000d\000e\000x}{chapter.23}% 122
\BOOKMARK [1][-]{section.23.4}{\376\377\000D\000e\000f\000e\000c\000t\000\040\000m\000e\000a\000s\000u\000r\000e\000m\000e\000n\000t\000\040\000p\000r\000o\000t\000o\000c\000o\000l}{chapter.23}% 123
\BOOKMARK [1][-]{section.23.5}{\376\377\000P\000r\000e\000l\000i\000m\000i\000n\000a\000r\000y\000\040\000c\000a\000l\000i\000b\000r\000a\000t\000i\000o\000n\000\040\000o\000f\000\040\000t\000h\000e\000\040\000t\000a\000i\000l\040\023\000d\000e\000f\000e\000c\000t\000\040\000c\000o\000n\000j\000e\000c\000t\000u\000r\000e}{chapter.23}% 124
\BOOKMARK [1][-]{section.23.6}{\376\377\000R\000e\000g\000i\000m\000e\000\040\000d\000e\000t\000e\000c\000t\000i\000o\000n\000\040\000a\000l\000g\000o\000r\000i\000t\000h\000m}{chapter.23}% 125
\BOOKMARK [0][-]{chapter.24}{\376\377\000P\000h\000i\000l\000o\000s\000o\000p\000h\000i\000c\000a\000l\000\040\000I\000m\000p\000l\000i\000c\000a\000t\000i\000o\000n\000s}{}% 126
\BOOKMARK [1][-]{section.24.1}{\376\377\000I\000r\000r\000e\000v\000e\000r\000s\000i\000b\000i\000l\000i\000t\000y\000\040\000a\000s\000\040\000s\000t\000r\000u\000c\000t\000u\000r\000a\000l\000,\000\040\000n\000o\000t\000\040\000t\000e\000m\000p\000o\000r\000a\000l}{chapter.24}% 127
\BOOKMARK [1][-]{section.24.2}{\376\377\000I\000d\000e\000n\000t\000i\000t\000y\000\040\000a\000s\000\040\000h\000i\000s\000t\000o\000r\000y}{chapter.24}% 128
\BOOKMARK [1][-]{section.24.3}{\376\377\000M\000e\000a\000n\000i\000n\000g\000\040\000a\000s\000\040\000c\000o\000n\000s\000t\000r\000a\000i\000n\000t\000\040\000r\000e\000s\000o\000l\000u\000t\000i\000o\000n}{chapter.24}% 129
\BOOKMARK [1][-]{section.24.4}{\376\377\000I\000n\000t\000e\000l\000l\000i\000g\000e\000n\000c\000e\000\040\000a\000s\000\040\000s\000y\000n\000t\000r\000o\000p\000i\000c\000\040\000t\000h\000r\000o\000u\000g\000h\000p\000u\000t}{chapter.24}% 130
\BOOKMARK [1][-]{section.24.5}{\376\377\000T\000h\000e\000\040\000h\000a\000r\000d\000\040\000p\000r\000o\000b\000l\000e\000m\000\040\000r\000e\000v\000i\000s\000i\000t\000e\000d}{chapter.24}% 131
\BOOKMARK [1][-]{section.24.6}{\376\377\000C\000o\000s\000m\000o\000l\000o\000g\000i\000c\000a\000l\000\040\000i\000m\000p\000l\000i\000c\000a\000t\000i\000o\000n\000s}{chapter.24}% 132
\BOOKMARK [1][-]{section.24.7}{\376\377\000L\000o\000n\000g\000-\000r\000a\000n\000g\000e\000\040\000a\000t\000t\000r\000a\000c\000t\000o\000r\000\040\000s\000t\000a\000t\000e\000s\000\040\000a\000n\000d\000\040\000t\000h\000e\000\040\000t\000o\000p\000o\000l\000o\000g\000y\000\040\000o\000f\000\040\000c\000i\000v\000i\000l\000i\000z\000a\000t\000i\000o\000n\000a\000l\000\040\000t\000r\000a\000j\000e\000c\000t\000o\000r\000i\000e\000s}{chapter.24}% 133
\BOOKMARK [1][-]{section.24.8}{\376\377\000P\000h\000y\000s\000i\000c\000a\000l\000i\000s\000t\000\040\000t\000i\000e\000r\000i\000n\000g\000\040\000o\000f\000\040\000s\000y\000s\000t\000e\000m\000s\000\040\000a\000n\000d\000\040\000t\000h\000e\000\040\000b\000o\000u\000n\000d\000a\000r\000y\000-\000m\000a\000k\000i\000n\000g\000\040\000c\000o\000n\000d\000i\000t\000i\000o\000n}{chapter.24}% 134
\BOOKMARK [1][-]{section.24.9}{\376\377\000T\000h\000e\000\040\000v\000a\000l\000u\000e\000\040\000s\000t\000r\000u\000c\000t\000u\000r\000e\000\040\000o\000f\000\040\000c\000o\000n\000s\000t\000r\000a\000i\000n\000t\000\040\000r\000e\000s\000o\000l\000u\000t\000i\000o\000n}{chapter.24}% 135
\BOOKMARK [1][-]{section.24.10}{\376\377\000P\000a\000t\000h\000\040\000d\000e\000p\000e\000n\000d\000e\000n\000c\000e\000,\000\040\000a\000l\000i\000g\000n\000m\000e\000n\000t\000,\000\040\000a\000n\000d\000\040\000t\000h\000e\000\040\000w\000i\000n\000d\000o\000w\000\040\000o\000f\000\040\000s\000t\000r\000u\000c\000t\000u\000r\000a\000l\000\040\000c\000h\000o\000i\000c\000e}{chapter.24}% 136
\BOOKMARK [1][-]{section.24.11}{\376\377\000S\000e\000l\000f\000-\000s\000e\000a\000l\000i\000n\000g\000\040\000k\000n\000o\000w\000l\000e\000d\000g\000e\000\040\000b\000a\000s\000e\000s\000\040\000a\000n\000d\000\040\000t\000h\000e\000\040\000t\000o\000p\000o\000l\000o\000g\000y\000\040\000o\000f\000\040\000e\000p\000i\000s\000t\000e\000m\000i\000c\000\040\000f\000o\000r\000e\000c\000l\000o\000s\000u\000r\000e}{chapter.24}% 137
\BOOKMARK [1][-]{section.24.12}{\376\377\000S\000y\000m\000m\000e\000t\000r\000i\000c\000\040\000a\000n\000d\000\040\000a\000s\000y\000m\000m\000e\000t\000r\000i\000c\000\040\000c\000o\000u\000p\000l\000i\000n\000g\000:\000\040\000i\000n\000t\000e\000r\000n\000a\000l\000\040\000c\000o\000h\000e\000r\000e\000n\000c\000e\000\040\000a\000n\000d\000\040\000t\000h\000e\000\040\000t\000e\000x\000t\000u\000r\000e\000\040\000o\000f\000\040\000s\000t\000a\000t\000e\000s}{chapter.24}% 138
\BOOKMARK [1][-]{section.24.13}{\376\377\000K\000n\000o\000w\000l\000e\000d\000g\000e\000\040\000b\000a\000s\000i\000s\000\040\000a\000s\000\040\000c\000o\000n\000f\000i\000g\000u\000r\000a\000t\000i\000o\000n\000-\000s\000p\000a\000c\000e\000\040\000s\000e\000e\000d\000:\000\040\000e\000x\000p\000o\000n\000e\000n\000t\000i\000a\000l\000\040\000i\000m\000p\000l\000i\000c\000a\000t\000i\000o\000n\000s\000\040\000o\000f\000\040\000a\000x\000i\000s\000-\000e\000x\000p\000a\000n\000s\000i\000o\000n}{chapter.24}% 139
\BOOKMARK [1][-]{section.24.14}{\376\377\000T\000h\000e\000\040\000b\000o\000o\000t\000s\000t\000r\000a\000p\000p\000i\000n\000g\000\040\000c\000o\000n\000s\000t\000r\000a\000i\000n\000t\000:\000\040\000m\000i\000n\000i\000m\000a\000l\000\040\000b\000a\000s\000e\000\040\000s\000t\000a\000t\000e\000s\000\040\000f\000o\000r\000\040\000i\000n\000t\000e\000g\000r\000a\000t\000e\000d\000\040\000d\000y\000n\000a\000m\000i\000c\000s}{chapter.24}% 140
\BOOKMARK [1][-]{section.24.15}{\376\377\000M\000e\000t\000a\000-\000r\000e\000p\000r\000e\000s\000e\000n\000t\000a\000t\000i\000o\000n\000\040\000a\000s\000\040\000s\000e\000c\000o\000n\000d\000-\000o\000r\000d\000e\000r\000\040\000r\000e\000c\000o\000n\000s\000t\000r\000u\000c\000t\000i\000o\000n}{chapter.24}% 141
\BOOKMARK [1][-]{section.24.16}{\376\377\000T\000h\000e\000\040\000t\000h\000r\000e\000e\000\040\000l\000o\000o\000p\000s\000\040\000a\000s\000\040\000R\000S\000V\000P\000\040\000f\000e\000e\000d\000b\000a\000c\000k\000\040\000c\000h\000a\000n\000n\000e\000l\000s}{chapter.24}% 142
\BOOKMARK [1][-]{section.24.17}{\376\377\000T\000h\000e\000\040\000i\000m\000p\000l\000i\000c\000i\000t\000-\000e\000x\000p\000l\000i\000c\000i\000t\000-\000a\000u\000t\000o\000m\000a\000t\000i\000c\000\040\000s\000p\000e\000c\000t\000r\000u\000m\000\040\000a\000s\000\040\000d\000e\000f\000e\000c\000t\000-\000r\000e\000g\000i\000m\000e\000\040\000c\000l\000a\000s\000s\000i\000f\000i\000c\000a\000t\000i\000o\000n}{chapter.24}% 143
\BOOKMARK [1][-]{section.24.18}{\376\377\000P\000h\000e\000n\000o\000m\000e\000n\000a\000l\000\040\000s\000t\000a\000t\000e\000s\000\040\000a\000s\000\040\000d\000y\000n\000a\000m\000i\000c\000a\000l\000l\000y\000\040\000e\000f\000f\000i\000c\000a\000c\000i\000o\000u\000s\000:\000\040\000r\000e\000j\000e\000c\000t\000i\000n\000g\000\040\000f\000u\000n\000c\000t\000i\000o\000n\000a\000l\000\040\000r\000e\000d\000u\000n\000d\000a\000n\000c\000y}{chapter.24}% 144
\BOOKMARK [0][-]{chapter.25}{\376\377\000T\000o\000w\000a\000r\000d\000\040\000t\000h\000e\000\040\000P\000D\000E\000\040\000T\000h\000e\000o\000r\000y\000:\000\040\000C\000o\000n\000t\000r\000o\000l\000l\000a\000b\000i\000l\000i\000t\000y\000\040\000a\000n\000d\000\040\000O\000b\000s\000e\000r\000v\000a\000b\000i\000l\000i\000t\000y}{}% 145
\BOOKMARK [1][-]{section.25.1}{\376\377\000T\000h\000e\000\040\000c\000o\000n\000t\000r\000o\000l\000l\000a\000b\000i\000l\000i\000t\000y\000\040\000p\000r\000o\000b\000l\000e\000m}{chapter.25}% 146
\BOOKMARK [1][-]{section.25.2}{\376\377\000T\000h\000e\000\040\000a\000d\000j\000o\000i\000n\000t\000\040\000R\000S\000V\000P\000\040\000s\000y\000s\000t\000e\000m}{chapter.25}% 147
\BOOKMARK [1][-]{section.25.3}{\376\377\000T\000h\000e\000\040\000o\000b\000s\000e\000r\000v\000a\000b\000i\000l\000i\000t\000y\000\040\000i\000n\000e\000q\000u\000a\000l\000i\000t\000y}{chapter.25}% 148
\BOOKMARK [1][-]{section.25.4}{\376\377\000A\000p\000p\000r\000o\000x\000i\000m\000a\000t\000e\000\040\000c\000o\000n\000t\000r\000o\000l\000l\000a\000b\000i\000l\000i\000t\000y}{chapter.25}% 149
\BOOKMARK [1][-]{section.25.5}{\376\377\000U\000n\000i\000q\000u\000e\000\040\000c\000o\000n\000t\000i\000n\000u\000a\000t\000i\000o\000n\000\040\000a\000n\000d\000\040\000t\000h\000e\000\040\000R\000u\000n\000g\000e\000\040\000a\000p\000p\000r\000o\000x\000i\000m\000a\000t\000i\000o\000n\000\040\000p\000r\000o\000p\000e\000r\000t\000y}{chapter.25}% 150
\BOOKMARK [1][-]{section.25.6}{\376\377\000T\000h\000e\000\040\000f\000i\000n\000i\000t\000e\000-\000d\000i\000m\000e\000n\000s\000i\000o\000n\000a\000l\000\040\000e\000v\000i\000d\000e\000n\000c\000e}{chapter.25}% 151
\BOOKMARK [0][-]{chapter.26}{\376\377\000E\000x\000t\000e\000n\000s\000i\000o\000n\000s\000\040\000a\000n\000d\000\040\000F\000u\000t\000u\000r\000e\000\040\000D\000i\000r\000e\000c\000t\000i\000o\000n\000s}{}% 152
\BOOKMARK [1][-]{section.26.1}{\376\377\000N\000o\000n\000l\000i\000n\000e\000a\000r\000\040\000R\000S\000V\000P\000\040\000d\000y\000n\000a\000m\000i\000c\000s}{chapter.26}% 153
\BOOKMARK [1][-]{section.26.2}{\376\377\000S\000t\000o\000c\000h\000a\000s\000t\000i\000c\000\040\000R\000S\000V\000P}{chapter.26}% 154
\BOOKMARK [1][-]{section.26.3}{\376\377\000I\000n\000f\000i\000n\000i\000t\000e\000-\000d\000i\000m\000e\000n\000s\000i\000o\000n\000a\000l\000\040\000p\000a\000t\000h\000\040\000g\000r\000o\000u\000p\000o\000i\000d\000s}{chapter.26}% 155
\BOOKMARK [1][-]{section.26.4}{\376\377\000C\000o\000n\000n\000e\000c\000t\000i\000o\000n\000s\000\040\000t\000o\000\040\000o\000p\000t\000i\000m\000a\000l\000\040\000t\000r\000a\000n\000s\000p\000o\000r\000t}{chapter.26}% 156
\BOOKMARK [1][-]{section.26.5}{\376\377\000R\000S\000V\000P\000\040\000a\000n\000d\000\040\000t\000h\000e\000\040\000a\000m\000p\000l\000i\000t\000u\000h\000e\000d\000r\000o\000n}{chapter.26}% 157
\BOOKMARK [0][-]{chapter.27}{\376\377\000T\000h\000e\000\040\000S\000p\000h\000e\000r\000e\000p\000o\000p\000\040\000C\000a\000l\000c\000u\000l\000u\000s\000:\000\040\000O\000p\000e\000r\000a\000t\000i\000o\000n\000a\000l\000\040\000S\000e\000m\000a\000n\000t\000i\000c\000s}{}% 158
\BOOKMARK [1][-]{section.27.1}{\376\377\000O\000v\000e\000r\000v\000i\000e\000w}{chapter.27}% 159
\BOOKMARK [1][-]{section.27.2}{\376\377\000T\000h\000e\000\040\000e\000v\000e\000n\000t\000\040\000a\000l\000p\000h\000a\000b\000e\000t\000\040\000a\000n\000d\000\040\000c\000o\000n\000f\000i\000g\000u\000r\000a\000t\000i\000o\000n\000s}{chapter.27}% 160
\BOOKMARK [1][-]{section.27.3}{\376\377\000T\000r\000a\000n\000s\000i\000t\000i\000o\000n\000\040\000r\000u\000l\000e\000s}{chapter.27}% 161
\BOOKMARK [1][-]{section.27.4}{\376\377\000R\000e\000d\000u\000c\000t\000i\000o\000n\000\040\000s\000e\000q\000u\000e\000n\000c\000e\000s\000\040\000a\000n\000d\000\040\000n\000o\000r\000m\000a\000l\000\040\000f\000o\000r\000m\000s}{chapter.27}% 162
\BOOKMARK [1][-]{section.27.5}{\376\377\000T\000h\000e\000\040\000S\000p\000h\000e\000r\000e\000p\000o\000p\000\040\000r\000e\000w\000r\000i\000t\000i\000n\000g\000\040\000s\000y\000s\000t\000e\000m\000\040\000a\000n\000d\000\040\000c\000o\000n\000f\000l\000u\000e\000n\000c\000e}{chapter.27}% 163
\BOOKMARK [1][-]{section.27.6}{\376\377\000S\000p\000h\000e\000r\000e\000p\000o\000p\000\040\000a\000s\000\040\000a\000\040\000t\000r\000a\000c\000e\000d\000\040\000m\000o\000n\000o\000i\000d\000a\000l\000\040\000c\000a\000t\000e\000g\000o\000r\000y}{chapter.27}% 164
\BOOKMARK [0][-]{chapter.28}{\376\377\000K\000E\000S\000\040\000I\000n\000t\000e\000g\000r\000a\000t\000i\000o\000n\000:\000\040\000K\000i\000n\000e\000t\000i\000c\000-\000E\000v\000e\000n\000t\000\040\000S\000y\000n\000t\000h\000e\000s\000i\000s\000\040\000a\000n\000d\000\040\000t\000h\000e\000\040\000R\000S\000V\000P\000\040\000A\000d\000j\000u\000n\000c\000t\000i\000o\000n}{}% 165
\BOOKMARK [1][-]{section.28.1}{\376\377\000T\000h\000e\000\040\000K\000E\000S\000\040\000o\000n\000t\000o\000l\000o\000g\000i\000c\000a\000l\000\040\000k\000e\000r\000n\000e\000l}{chapter.28}% 166
\BOOKMARK [1][-]{section.28.2}{\376\377\000K\000E\000S\000\040\000r\000e\000d\000u\000c\000t\000i\000o\000n\000\040\000a\000s\000\040\000a\000\040\000s\000t\000e\000p\000\040\000o\000f\000\040\000t\000h\000e\000\040\000a\000d\000j\000u\000n\000c\000t\000i\000o\000n}{chapter.28}% 167
\BOOKMARK [1][-]{section.28.3}{\376\377\000T\000h\000e\000\040\000K\000E\000S\000\040\000r\000e\000c\000u\000r\000s\000i\000o\000n\000\040\000a\000n\000d\000\040\000f\000i\000x\000e\000d\000-\000p\000o\000i\000n\000t\000\040\000s\000t\000r\000u\000c\000t\000u\000r\000e}{chapter.28}% 168
\BOOKMARK [1][-]{section.28.4}{\376\377\000R\000e\000c\000u\000r\000s\000i\000v\000e\000\040\000m\000a\000s\000s\000\040\000a\000n\000d\000\040\000t\000h\000e\000\040\000c\000r\000u\000c\000i\000b\000l\000e}{chapter.28}% 169
\BOOKMARK [1][-]{section.28.5}{\376\377\000I\000d\000e\000n\000t\000i\000t\000y\000\040\000a\000s\000\040\000r\000e\000c\000u\000r\000s\000i\000v\000e\000\040\000h\000i\000s\000t\000o\000r\000y\000:\000\040\000t\000h\000e\000\040\000K\000E\000S\000\040\000f\000i\000x\000e\000d\000\040\000p\000o\000i\000n\000t}{chapter.28}% 170
\BOOKMARK [1][-]{section.28.6}{\376\377\000K\000E\000S\000\040\000a\000n\000d\000\040\000t\000h\000e\000\040\000a\000d\000j\000u\000n\000c\000t\000i\000o\000n\000\040\000t\000r\000i\000a\000n\000g\000l\000e}{chapter.28}% 171
\BOOKMARK [1][-]{section.28.7}{\376\377\000T\000h\000e\000\040\000c\000o\000n\000t\000r\000a\000c\000t\000i\000o\000n\000\040\000c\000o\000n\000d\000i\000t\000i\000o\000n\000\040\000a\000n\000d\000\040\000s\000e\000m\000a\000n\000t\000i\000c\000\040\000t\000e\000m\000p\000e\000r\000a\000t\000u\000r\000e}{chapter.28}% 172
\BOOKMARK [1][-]{section.28.8}{\376\377\000E\000n\000t\000r\000o\000p\000y\000\040\000b\000u\000d\000g\000e\000t\000\040\000o\000f\000\040\000t\000h\000e\000\040\000K\000E\000S\000\040\000c\000o\000m\000p\000u\000t\000a\000t\000i\000o\000n}{chapter.28}% 173
\BOOKMARK [1][-]{section.28.9}{\376\377\000T\000h\000e\000\040\000K\000E\000S\000\040\000b\000r\000a\000c\000k\000e\000t\000\040\000a\000n\000d\000\040\000P\000o\000i\000s\000s\000o\000n\000\040\000s\000t\000r\000u\000c\000t\000u\000r\000e}{chapter.28}% 174
\BOOKMARK [0][-]{chapter.29}{\376\377\000W\000o\000r\000k\000e\000d\000\040\000E\000x\000a\000m\000p\000l\000e\000s\000:\000\040\000H\000i\000s\000t\000o\000r\000y\000-\000S\000p\000l\000i\000t\000\040\000C\000o\000m\000p\000u\000t\000a\000t\000i\000o\000n\000s}{}% 175
\BOOKMARK [1][-]{section.29.1}{\376\377\000O\000v\000e\000r\000v\000i\000e\000w}{chapter.29}% 176
\BOOKMARK [1][-]{section.29.2}{\376\377\000E\000x\000a\000m\000p\000l\000e\000\040\0001\000:\000\040\000T\000h\000e\000\040\000m\000i\000n\000i\000m\000a\000l\000\040\000e\000n\000t\000r\000o\000p\000y\000-\000o\000n\000l\000y\000\040\000s\000p\000l\000i\000t\000\040\000\050\000N\000=\0003\000,\000\040\000T\000=\0002\000\051}{chapter.29}% 177
\BOOKMARK [1][-]{section.29.3}{\376\377\000E\000x\000a\000m\000p\000l\000e\000\040\0002\000:\000\040\000T\000h\000e\000\040\000f\000u\000l\000l\000y\000\040\000c\000o\000u\000p\000l\000e\000d\000\040\000s\000p\000l\000i\000t\000\040\000\050\000N\000=\0003\000,\000\040\000T\000=\0004\000\051}{chapter.29}% 178
\BOOKMARK [1][-]{section.29.4}{\376\377\000E\000x\000a\000m\000p\000l\000e\000\040\0003\000:\000\040\000T\000w\000o\000\040\000s\000i\000m\000u\000l\000t\000a\000n\000e\000o\000u\000s\000\040\000R\000e\000f\000u\000s\000e\000\040\000p\000u\000l\000s\000e\000s\000\040\000\050\000N\000=\0005\000,\000\040\000T\000=\0005\000\051}{chapter.29}% 179
\BOOKMARK [1][-]{section.29.5}{\376\377\000E\000x\000a\000m\000p\000l\000e\000\040\0004\000:\000\040\000S\000e\000q\000u\000e\000n\000t\000i\000a\000l\000\040\000R\000e\000f\000u\000s\000e\000\040\000e\000v\000e\000n\000t\000s\000\040\000a\000n\000d\000\040\000m\000e\000m\000o\000r\000y\000\040\000d\000e\000p\000t\000h}{chapter.29}% 180
\BOOKMARK [1][-]{section.29.6}{\376\377\000E\000x\000a\000m\000p\000l\000e\000\040\0005\000:\000\040\000T\000h\000e\000\040\000K\000E\000S\000\040\000c\000o\000m\000p\000u\000t\000a\000t\000i\000o\000n\000\040\000a\000s\000\040\000a\000\040\000h\000i\000s\000t\000o\000r\000y\000-\000s\000p\000l\000i\000t}{chapter.29}% 181
\BOOKMARK [1][-]{section.29.7}{\376\377\000T\000a\000b\000u\000l\000a\000t\000i\000o\000n\000\040\000o\000f\000\040\000h\000i\000s\000t\000o\000r\000y\000-\000s\000p\000l\000i\000t\000\040\000p\000a\000r\000a\000m\000e\000t\000e\000r\000s}{chapter.29}% 182
\BOOKMARK [1][-]{section.29.8}{\376\377\000E\000x\000a\000m\000p\000l\000e\000\040\0006\000:\000\040\000A\000\040\000f\000a\000m\000i\000l\000y\000\040\000o\000f\000\040\000p\000a\000t\000h\000\040\000o\000b\000s\000e\000r\000v\000a\000b\000l\000e\000s\000\040\000a\000n\000d\000\040\000t\000h\000e\000i\000r\000\040\000l\000i\000n\000e\000a\000r\000\040\000i\000n\000d\000e\000p\000e\000n\000d\000e\000n\000c\000e}{chapter.29}% 183
\BOOKMARK [1][-]{section.29.9}{\376\377\000F\000u\000l\000l\000\040\000a\000l\000g\000e\000b\000r\000a\000i\000c\000\040\000v\000e\000r\000i\000f\000i\000c\000a\000t\000i\000o\000n\000\040\000o\000f\000\040\000t\000h\000e\000\040\000N\000=\0003\000,\000\040\000T\000=\0004\000\040\000e\000x\000a\000m\000p\000l\000e}{chapter.29}% 184
\BOOKMARK [0][-]{chapter.30}{\376\377\000C\000o\000n\000c\000l\000u\000s\000i\000o\000n\000\040\000a\000n\000d\000\040\000O\000p\000e\000n\000\040\000P\000r\000o\000b\000l\000e\000m\000s}{}% 185
\BOOKMARK [1][-]{section.30.1}{\376\377\000S\000u\000m\000m\000a\000r\000y}{chapter.30}% 186
\BOOKMARK [1][-]{section.30.2}{\376\377\000O\000p\000e\000n\000\040\000p\000r\000o\000b\000l\000e\000m\000s}{chapter.30}% 187
\BOOKMARK [1][-]{section.30.3}{\376\377\000C\000l\000o\000s\000i\000n\000g\000\040\000r\000e\000m\000a\000r\000k}{chapter.30}% 188
\BOOKMARK [0][-]{appendix.A}{\376\377\000C\000a\000t\000e\000g\000o\000r\000y\000-\000T\000h\000e\000o\000r\000e\000t\000i\000c\000\040\000P\000r\000e\000l\000i\000m\000i\000n\000a\000r\000i\000e\000s}{}% 189
\BOOKMARK [1][-]{section.A.1}{\376\377\000F\000u\000n\000c\000t\000o\000r\000s\000\040\000a\000n\000d\000\040\000n\000a\000t\000u\000r\000a\000l\000\040\000t\000r\000a\000n\000s\000f\000o\000r\000m\000a\000t\000i\000o\000n\000s}{appendix.A}% 190
\BOOKMARK [1][-]{section.A.2}{\376\377\000A\000d\000j\000u\000n\000c\000t\000i\000o\000n\000s}{appendix.A}% 191
\BOOKMARK [1][-]{section.A.3}{\376\377\000G\000r\000o\000u\000p\000o\000i\000d\000s}{appendix.A}% 192
\BOOKMARK [1][-]{section.A.4}{\376\377\000S\000h\000e\000a\000v\000e\000s\000\040\000o\000n\000\040\000c\000a\000t\000e\000g\000o\000r\000i\000e\000s}{appendix.A}% 193
\BOOKMARK [0][-]{appendix.B}{\376\377\000F\000u\000n\000c\000t\000i\000o\000n\000a\000l\000-\000A\000n\000a\000l\000y\000t\000i\000c\000\040\000B\000a\000c\000k\000g\000r\000o\000u\000n\000d}{}% 194
\BOOKMARK [1][-]{section.B.1}{\376\377\000S\000o\000b\000o\000l\000e\000v\000\040\000s\000p\000a\000c\000e\000s}{appendix.B}% 195
\BOOKMARK [1][-]{section.B.2}{\376\377\000T\000h\000e\000\040\000d\000i\000r\000e\000c\000t\000\040\000m\000e\000t\000h\000o\000d\000\040\000o\000f\000\040\000t\000h\000e\000\040\000c\000a\000l\000c\000u\000l\000u\000s\000\040\000o\000f\000\040\000v\000a\000r\000i\000a\000t\000i\000o\000n\000s}{appendix.B}% 196
\BOOKMARK [1][-]{section.B.3}{\376\377\000C\000o\000m\000p\000a\000c\000t\000\040\000o\000p\000e\000r\000a\000t\000o\000r\000s\000\040\000a\000n\000d\000\040\000f\000i\000n\000i\000t\000e\000-\000r\000a\000n\000k\000\040\000r\000e\000g\000u\000l\000a\000r\000i\000z\000a\000t\000i\000o\000n}{appendix.B}% 197
\BOOKMARK [1][-]{section.B.4}{\376\377\000C\000o\000e\000r\000c\000i\000v\000e\000\040\000e\000l\000l\000i\000p\000t\000i\000c\000\040\000o\000p\000e\000r\000a\000t\000o\000r\000s}{appendix.B}% 198
\BOOKMARK [0][-]{appendix.C}{\376\377\000I\000n\000f\000o\000r\000m\000a\000t\000i\000o\000n\000-\000T\000h\000e\000o\000r\000e\000t\000i\000c\000\040\000B\000a\000c\000k\000g\000r\000o\000u\000n\000d}{}% 199
\BOOKMARK [1][-]{section.C.1}{\376\377\000S\000h\000a\000n\000n\000o\000n\000\040\000e\000n\000t\000r\000o\000p\000y\000\040\000a\000n\000d\000\040\000m\000u\000t\000u\000a\000l\000\040\000i\000n\000f\000o\000r\000m\000a\000t\000i\000o\000n}{appendix.C}% 200
\BOOKMARK [1][-]{section.C.2}{\376\377\000J\000e\000n\000s\000e\000n\040\023\000S\000h\000a\000n\000n\000o\000n\000\040\000d\000i\000v\000e\000r\000g\000e\000n\000c\000e}{appendix.C}% 201
\BOOKMARK [1][-]{section.C.3}{\376\377\000T\000h\000e\000\040\000d\000a\000t\000a\000-\000p\000r\000o\000c\000e\000s\000s\000i\000n\000g\000\040\000i\000n\000e\000q\000u\000a\000l\000i\000t\000y}{appendix.C}% 202
\BOOKMARK [1][-]{section.C.4}{\376\377\000T\000h\000e\000\040\000H\000i\000l\000l\000\040\000e\000s\000t\000i\000m\000a\000t\000o\000r\000\040\000f\000o\000r\000\040\000h\000e\000a\000v\000y\000\040\000t\000a\000i\000l\000s}{appendix.C}% 203
\BOOKMARK [0][-]{appendix.D}{\376\377\000P\000D\000E\000\040\000A\000n\000a\000l\000y\000s\000i\000s\000:\000\040\000E\000x\000i\000s\000t\000e\000n\000c\000e\000,\000\040\000R\000e\000g\000u\000l\000a\000r\000i\000t\000y\000,\000\040\000a\000n\000d\000\040\000C\000a\000r\000l\000e\000m\000a\000n\000\040\000E\000s\000t\000i\000m\000a\000t\000e\000s}{}% 204
\BOOKMARK [1][-]{section.D.1}{\376\377\000W\000e\000a\000k\000\040\000s\000o\000l\000u\000t\000i\000o\000n\000s\000\040\000t\000o\000\040\000t\000h\000e\000\040\000R\000S\000V\000P\000\040\000s\000y\000s\000t\000e\000m}{appendix.D}% 205
\BOOKMARK [1][-]{section.D.2}{\376\377\000R\000e\000g\000u\000l\000a\000r\000i\000t\000y\000\040\000o\000f\000\040\000t\000h\000e\000\040\000r\000e\000c\000o\000n\000s\000t\000r\000u\000c\000t\000i\000o\000n\000\040\000o\000p\000e\000r\000a\000t\000o\000r}{appendix.D}% 206
\BOOKMARK [1][-]{section.D.3}{\376\377\000C\000a\000r\000l\000e\000m\000a\000n\000\040\000e\000s\000t\000i\000m\000a\000t\000e\000s\000\040\000f\000o\000r\000\040\000t\000h\000e\000\040\000a\000d\000j\000o\000i\000n\000t\000\040\000s\000y\000s\000t\000e\000m}{appendix.D}% 207
\BOOKMARK [1][-]{section.D.4}{\376\377\000E\000n\000e\000r\000g\000y\000\040\000e\000s\000t\000i\000m\000a\000t\000e\000s\000\040\000f\000o\000r\000\040\000t\000h\000e\000\040\000l\000a\000t\000t\000i\000c\000e\000\040\000s\000y\000s\000t\000e\000m}{appendix.D}% 208
\BOOKMARK [0][-]{appendix.E}{\376\377\000L\000a\000t\000t\000i\000c\000e\000\040\000A\000l\000g\000o\000r\000i\000t\000h\000m\000s\000\040\000a\000n\000d\000\040\000I\000m\000p\000l\000e\000m\000e\000n\000t\000a\000t\000i\000o\000n\000\040\000N\000o\000t\000e\000s}{}% 209
\BOOKMARK [1][-]{section.E.1}{\376\377\000T\000h\000e\000\040\000R\000S\000V\000P\000\040\000l\000a\000t\000t\000i\000c\000e\000\040\000u\000p\000d\000a\000t\000e\000\040\000k\000e\000r\000n\000e\000l}{appendix.E}% 210
\BOOKMARK [1][-]{section.E.2}{\376\377\000T\000h\000e\000\040\000r\000e\000c\000o\000n\000s\000t\000r\000u\000c\000t\000i\000o\000n\000\040\000o\000p\000e\000r\000a\000t\000o\000r\000\040\000k\000e\000r\000n\000e\000l}{appendix.E}% 211
\BOOKMARK [1][-]{section.E.3}{\376\377\000P\000h\000a\000s\000e\000\040\000d\000e\000t\000e\000c\000t\000i\000o\000n\000\040\000i\000m\000p\000l\000e\000m\000e\000n\000t\000a\000t\000i\000o\000n}{appendix.E}% 212
\BOOKMARK [1][-]{section.E.4}{\376\377\000D\000e\000f\000e\000c\000t\000\040\000c\000o\000m\000p\000u\000t\000a\000t\000i\000o\000n}{appendix.E}% 213
\BOOKMARK [1][-]{section.E.5}{\376\377\000T\000a\000i\000l\000\040\000i\000n\000d\000e\000x\000\040\000e\000s\000t\000i\000m\000a\000t\000i\000o\000n\000\040\000p\000r\000o\000t\000o\000c\000o\000l}{appendix.E}% 214
\BOOKMARK [0][-]{appendix*.8}{\376\377\000R\000e\000f\000e\000r\000e\000n\000c\000e\000s}{}% 215
