\BOOKMARK [0][-]{chapter*.1}{\376\377\000A\000b\000s\000t\000r\000a\000c\000t}{}% 1
\BOOKMARK [-1][-]{part.1}{\376\377\000P\000a\000r\000t\000\040\0001\000.\000\040\000\040\000G\000r\000o\000u\000n\000d\000i\000n\000g\000:\000\040\000M\000a\000k\000i\000n\000g\000\040\000E\000v\000a\000l\000u\000a\000t\000i\000o\000n\000\040\000V\000i\000s\000i\000b\000l\000e}{}% 2
\BOOKMARK [0][-]{chapter.1}{\376\377\000C\000h\000a\000p\000t\000e\000r\000\040\0001\000.\000\040\000I\000n\000t\000r\000o\000d\000u\000c\000t\000i\000o\000n\000:\000\040\000F\000r\000o\000m\000\040\000E\000v\000a\000l\000u\000a\000t\000i\000o\000n\000\040\000t\000o\000\040\000I\000r\000r\000e\000v\000e\000r\000s\000i\000b\000i\000l\000i\000t\000y}{part.1}% 3
\BOOKMARK [0][-]{chapter.2}{\376\377\000C\000h\000a\000p\000t\000e\000r\000\040\0002\000.\000\040\000M\000a\000k\000i\000n\000g\000\040\000E\000v\000a\000l\000u\000a\000t\000i\000o\000n\000\040\000V\000i\000s\000i\000b\000l\000e}{part.1}% 4
\BOOKMARK [1][-]{section*.3}{\376\377\000P\000r\000e\000r\000e\000q\000u\000i\000s\000i\000t\000e\000s}{chapter.2}% 5
\BOOKMARK [1][-]{section*.4}{\376\377\000T\000r\000a\000c\000e\000s\000\040\000a\000n\000d\000\040\000t\000h\000e\000\040\000p\000o\000p\000*\000\040\000N\000o\000t\000a\000t\000i\000o\000n}{chapter.2}% 6
\BOOKMARK [1][-]{section*.5}{\376\377\000L\000e\000f\000t\000-\000G\000r\000o\000u\000p\000e\000d\000\040\000E\000v\000a\000l\000u\000a\000t\000i\000o\000n}{chapter.2}% 7
\BOOKMARK [1][-]{section*.6}{\376\377\000E\000v\000a\000l\000u\000a\000t\000i\000o\000n\000\040\000a\000s\000\040\000C\000o\000n\000s\000t\000r\000u\000c\000t\000\040\000a\000n\000d\000\040\000E\000r\000a\000s\000e}{chapter.2}% 8
\BOOKMARK [1][-]{section*.7}{\376\377\000I\000r\000r\000e\000v\000e\000r\000s\000i\000b\000i\000l\000i\000t\000y\000\040\000i\000n\000\040\000O\000r\000d\000i\000n\000a\000r\000y\000\040\000C\000o\000m\000p\000u\000t\000a\000t\000i\000o\000n}{chapter.2}% 9
\BOOKMARK [1][-]{section*.8}{\376\377\000T\000h\000e\000\040\000T\000r\000a\000c\000e\000\040\000a\000s\000\040\000R\000e\000s\000i\000d\000u\000a\000l\000\040\000S\000t\000r\000u\000c\000t\000u\000r\000e}{chapter.2}% 10
\BOOKMARK [1][-]{section*.9}{\376\377\000T\000r\000a\000n\000s\000i\000t\000i\000o\000n\000\040\000t\000o\000\040\000F\000o\000r\000m\000a\000l\000i\000s\000a\000t\000i\000o\000n}{chapter.2}% 11
\BOOKMARK [0][-]{chapter.3}{\376\377\000C\000h\000a\000p\000t\000e\000r\000\040\0003\000.\000\040\000S\000p\000h\000e\000r\000e\000p\000o\000p\000\040\000a\000s\000\040\000a\000n\000\040\000I\000r\000r\000e\000v\000e\000r\000s\000i\000b\000l\000e\000\040\000C\000a\000l\000c\000u\000l\000u\000s}{part.1}% 12
\BOOKMARK [1][-]{section*.10}{\376\377\000P\000r\000e\000r\000e\000q\000u\000i\000s\000i\000t\000e\000s}{chapter.3}% 13
\BOOKMARK [1][-]{section*.11}{\376\377\000T\000o\000k\000e\000n\000s\000\040\000a\000n\000d\000\040\000B\000u\000b\000b\000l\000e\000s}{chapter.3}% 14
\BOOKMARK [1][-]{section*.12}{\376\377\000R\000e\000d\000u\000c\000t\000i\000o\000n\000\040\000R\000u\000l\000e\000s\000\040\000a\000n\000d\000\040\000S\000e\000q\000u\000e\000n\000c\000e\000s}{chapter.3}% 15
\BOOKMARK [1][-]{section*.13}{\376\377\000N\000o\000r\000m\000a\000l\000\040\000F\000o\000r\000m\000s\000\040\000a\000n\000d\000\040\000t\000h\000e\000\040\000E\000v\000a\000l\000u\000a\000t\000i\000o\000n\000\040\000M\000a\000p}{chapter.3}% 16
\BOOKMARK [1][-]{section*.14}{\376\377\000A\000p\000p\000e\000n\000d\000-\000O\000n\000l\000y\000\040\000D\000y\000n\000a\000m\000i\000c\000s}{chapter.3}% 17
\BOOKMARK [1][-]{section*.16}{\376\377\000F\000r\000o\000m\000\040\000E\000x\000p\000r\000e\000s\000s\000i\000o\000n\000s\000\040\000t\000o\000\040\000H\000i\000s\000t\000o\000r\000i\000e\000s}{chapter.3}% 18
\BOOKMARK [1][-]{section*.17}{\376\377\000E\000q\000u\000i\000v\000a\000l\000e\000n\000c\000e\000\040\000t\000o\000\040\000t\000h\000e\000\040\000L\000a\000m\000b\000d\000a\000\040\000C\000a\000l\000c\000u\000l\000u\000s\000\040\000a\000n\000d\000\040\000T\000u\000r\000i\000n\000g\000\040\000C\000o\000m\000p\000l\000e\000t\000e\000n\000e\000s\000s}{chapter.3}% 19
\BOOKMARK [2][-]{subsection*.18}{\376\377\000T\000r\000a\000n\000s\000l\000a\000t\000i\000n\000g\000\040\000L\000a\000m\000b\000d\000a\000\040\000T\000e\000r\000m\000s\000\040\000i\000n\000t\000o\000\040\000S\000p\000h\000e\000r\000e\000p\000o\000p}{section*.17}% 20
\BOOKMARK [2][-]{subsection*.19}{\376\377\000T\000r\000a\000n\000s\000l\000a\000t\000i\000n\000g\000\040\000S\000p\000h\000e\000r\000e\000p\000o\000p\000\040\000i\000n\000t\000o\000\040\000t\000h\000e\000\040\000L\000a\000m\000b\000d\000a\000\040\000C\000a\000l\000c\000u\000l\000u\000s}{section*.17}% 21
\BOOKMARK [2][-]{subsection*.20}{\376\377\000C\000o\000n\000f\000l\000u\000e\000n\000c\000e\000\040\000a\000n\000d\000\040\000N\000o\000r\000m\000a\000l\000\040\000F\000o\000r\000m\000s}{section*.17}% 22
\BOOKMARK [2][-]{subsection*.21}{\376\377\000W\000h\000a\000t\000\040\000T\000u\000r\000i\000n\000g\000\040\000C\000o\000m\000p\000l\000e\000t\000e\000n\000e\000s\000s\000\040\000D\000o\000e\000s\000\040\000a\000n\000d\000\040\000D\000o\000e\000s\000\040\000N\000o\000t\000\040\000E\000s\000t\000a\000b\000l\000i\000s\000h}{section*.17}% 23
\BOOKMARK [-1][-]{part.2}{\376\377\000P\000a\000r\000t\000\040\0002\000.\000\040\000\040\000T\000h\000e\000\040\000H\000i\000n\000g\000e\000:\000\040\000C\000o\000l\000l\000a\000p\000s\000e\000\040\000a\000n\000d\000\040\000I\000t\000s\000\040\000C\000o\000n\000s\000e\000q\000u\000e\000n\000c\000e\000s}{}% 24
\BOOKMARK [0][-]{chapter.4}{\376\377\000C\000h\000a\000p\000t\000e\000r\000\040\0004\000.\000\040\000C\000o\000l\000l\000a\000p\000s\000e\000\040\000a\000n\000d\000\040\000t\000h\000e\000\040\000L\000o\000s\000s\000\040\000o\000f\000\040\000P\000r\000e\000i\000m\000a\000g\000e}{part.2}% 25
\BOOKMARK [1][-]{section*.22}{\376\377\000P\000r\000e\000r\000e\000q\000u\000i\000s\000i\000t\000e\000s}{chapter.4}% 26
\BOOKMARK [1][-]{section*.23}{\376\377\000T\000h\000e\000\040\000A\000b\000s\000e\000n\000c\000e\000\040\000o\000f\000\040\000a\000\040\000R\000i\000g\000h\000t\000\040\000I\000n\000v\000e\000r\000s\000e}{chapter.4}% 27
\BOOKMARK [1][-]{section*.24}{\376\377\000P\000r\000e\000i\000m\000a\000g\000e\000\040\000a\000n\000d\000\040\000T\000r\000a\000c\000e}{chapter.4}% 28
\BOOKMARK [1][-]{section*.25}{\376\377\000T\000h\000e\000\040\000Q\000u\000o\000t\000i\000e\000n\000t\000\040\000S\000t\000r\000u\000c\000t\000u\000r\000e\000\040\000o\000f\000\040\000C\000o\000l\000l\000a\000p\000s\000e}{chapter.4}% 29
\BOOKMARK [1][-]{section*.27}{\376\377\000I\000r\000r\000e\000v\000e\000r\000s\000i\000b\000i\000l\000i\000t\000y\000\040\000a\000s\000\040\000S\000t\000r\000u\000c\000t\000u\000r\000a\000l\000\040\000A\000s\000y\000m\000m\000e\000t\000r\000y}{chapter.4}% 30
\BOOKMARK [0][-]{chapter.5}{\376\377\000C\000h\000a\000p\000t\000e\000r\000\040\0005\000.\000\040\000I\000d\000e\000n\000t\000i\000t\000y\000\040\000a\000s\000\040\000E\000v\000e\000n\000t\000\040\000H\000i\000s\000t\000o\000r\000y}{part.2}% 31
\BOOKMARK [1][-]{section*.28}{\376\377\000P\000r\000e\000r\000e\000q\000u\000i\000s\000i\000t\000e\000s}{chapter.5}% 32
\BOOKMARK [1][-]{section*.29}{\376\377\000T\000h\000e\000\040\000F\000a\000i\000l\000u\000r\000e\000\040\000o\000f\000\040\000S\000t\000a\000t\000e\000-\000B\000a\000s\000e\000d\000\040\000I\000d\000e\000n\000t\000i\000t\000y}{chapter.5}% 33
\BOOKMARK [1][-]{section*.30}{\376\377\000E\000v\000e\000n\000t\000\040\000W\000o\000r\000d\000s}{chapter.5}% 34
\BOOKMARK [1][-]{section*.31}{\376\377\000T\000r\000a\000c\000e\000\040\000a\000n\000d\000\040\000I\000d\000e\000n\000t\000i\000t\000y}{chapter.5}% 35
\BOOKMARK [1][-]{section*.33}{\376\377\000E\000v\000e\000n\000t\000\040\000H\000i\000s\000t\000o\000r\000y\000\040\000a\000n\000d\000\040\000I\000n\000v\000a\000r\000i\000a\000n\000c\000e}{chapter.5}% 36
\BOOKMARK [1][-]{section*.34}{\376\377\000M\000e\000r\000e\000o\000l\000o\000g\000i\000c\000a\000l\000\040\000I\000n\000c\000l\000u\000s\000i\000o\000n}{chapter.5}% 37
\BOOKMARK [1][-]{section*.35}{\376\377\000I\000d\000e\000n\000t\000i\000t\000y\000\040\000A\000f\000t\000e\000r\000\040\000C\000o\000l\000l\000a\000p\000s\000e}{chapter.5}% 38
\BOOKMARK [1][-]{section*.36}{\376\377\000R\000e\000g\000i\000o\000n\000s\000\040\000a\000s\000\040\000P\000o\000s\000s\000i\000b\000l\000e\000\040\000W\000o\000r\000l\000d\000s\000:\000\040\000T\000h\000e\000\040\000C\000a\000t\000e\000g\000o\000r\000i\000c\000a\000l\000\040\000G\000e\000o\000m\000e\000t\000r\000y\000\040\000o\000f\000\040\000S\000c\000o\000p\000e}{chapter.5}% 39
\BOOKMARK [2][-]{subsection*.37}{\376\377\000B\000u\000b\000b\000l\000e\000s\000\040\000a\000s\000\040\000O\000b\000j\000e\000c\000t\000s\000\040\000i\000n\000\040\000a\000\040\000P\000r\000e\000s\000h\000e\000a\000f\000\040\000C\000a\000t\000e\000g\000o\000r\000y}{section*.36}% 40
\BOOKMARK [2][-]{subsection*.38}{\376\377\000S\000c\000o\000p\000e\000\040\000O\000r\000d\000e\000r\000\040\000a\000s\000\040\000a\000\040\000M\000o\000d\000e\000l\000\040\000o\000f\000\040\000t\000h\000e\000\040\000W\000o\000r\000l\000d}{section*.36}% 41
\BOOKMARK [2][-]{subsection*.39}{\376\377\000H\000u\000m\000a\000n\000s\000\040\000a\000s\000\040\000S\000c\000o\000p\000e\000-\000E\000s\000t\000a\000b\000l\000i\000s\000h\000i\000n\000g\000\040\000A\000g\000e\000n\000t\000s}{section*.36}% 42
\BOOKMARK [2][-]{subsection*.40}{\376\377\000R\000e\000g\000i\000o\000n\000s\000\040\000i\000n\000\040\000C\000a\000t\000e\000g\000o\000r\000i\000c\000a\000l\000\040\000S\000e\000m\000a\000n\000t\000i\000c\000s}{section*.36}% 43
\BOOKMARK [2][-]{subsection*.41}{\376\377\000S\000c\000o\000p\000e\000,\000\040\000C\000o\000m\000m\000i\000t\000m\000e\000n\000t\000,\000\040\000a\000n\000d\000\040\000t\000h\000e\000\040\000A\000r\000r\000o\000w\000\040\000o\000f\000\040\000T\000i\000m\000e}{section*.36}% 44
\BOOKMARK [0][-]{chapter.6}{\376\377\000C\000h\000a\000p\000t\000e\000r\000\040\0006\000.\000\040\000L\000o\000g\000i\000c\000a\000l\000\040\000S\000t\000r\000a\000t\000i\000f\000i\000c\000a\000t\000i\000o\000n\000\040\000U\000n\000d\000e\000r\000\040\000C\000o\000l\000l\000a\000p\000s\000e}{part.2}% 45
\BOOKMARK [1][-]{section*.42}{\376\377\000P\000r\000e\000r\000e\000q\000u\000i\000s\000i\000t\000e\000s}{chapter.6}% 46
\BOOKMARK [1][-]{section*.43}{\376\377\000P\000r\000i\000e\000s\000t\000'\000s\000\040\000T\000r\000i\000p\000a\000r\000t\000i\000t\000e\000\040\000D\000i\000s\000t\000i\000n\000c\000t\000i\000o\000n}{chapter.6}% 47
\BOOKMARK [1][-]{section*.44}{\376\377\000T\000h\000e\000\040\000S\000p\000h\000e\000r\000e\000p\000o\000p\000\040\000C\000o\000r\000r\000e\000s\000p\000o\000n\000d\000e\000n\000c\000e}{chapter.6}% 48
\BOOKMARK [1][-]{section*.46}{\376\377\000D\000i\000v\000e\000r\000g\000e\000n\000c\000e\000\040\000U\000n\000d\000e\000r\000\040\000I\000r\000r\000e\000v\000e\000r\000s\000i\000b\000i\000l\000i\000t\000y}{chapter.6}% 49
\BOOKMARK [1][-]{section*.47}{\376\377\000V\000a\000l\000i\000d\000i\000t\000y\000\040\000a\000s\000\040\000T\000r\000a\000c\000e\000\040\000S\000t\000a\000b\000i\000l\000i\000t\000y}{chapter.6}% 50
\BOOKMARK [-1][-]{part.3}{\376\377\000P\000a\000r\000t\000\040\0003\000.\000\040\000\040\000F\000i\000x\000e\000d\000\040\000P\000o\000i\000n\000t\000s\000:\000\040\000S\000e\000l\000f\000-\000R\000e\000f\000e\000r\000e\000n\000c\000e\000\040\000W\000i\000t\000h\000o\000u\000t\000\040\000I\000n\000v\000e\000r\000s\000e\000s}{}% 51
\BOOKMARK [0][-]{chapter.7}{\376\377\000C\000h\000a\000p\000t\000e\000r\000\040\0007\000.\000\040\000F\000r\000o\000m\000\040\000V\000a\000l\000u\000e\000s\000\040\000t\000o\000\040\000A\000c\000t\000i\000o\000n\000s}{part.3}% 52
\BOOKMARK [1][-]{section*.48}{\376\377\000P\000r\000e\000r\000e\000q\000u\000i\000s\000i\000t\000e\000s}{chapter.7}% 53
\BOOKMARK [1][-]{section*.49}{\376\377\000A\000c\000t\000i\000o\000n\000\040\000T\000o\000k\000e\000n\000s\000\040\000a\000n\000d\000\040\000T\000e\000r\000m\000i\000n\000a\000t\000o\000r\000s}{chapter.7}% 54
\BOOKMARK [1][-]{section*.50}{\376\377\000T\000h\000e\000\040\000p\000l\000a\000y\000\040\000P\000r\000o\000g\000r\000a\000m}{chapter.7}% 55
\BOOKMARK [1][-]{section*.51}{\376\377\000C\000o\000m\000p\000u\000t\000a\000t\000i\000o\000n\000\040\000a\000s\000\040\000R\000e\000s\000o\000l\000v\000e\000-\000t\000h\000e\000n\000-\000D\000i\000s\000c\000a\000r\000d}{chapter.7}% 56
\BOOKMARK [0][-]{chapter.8}{\376\377\000C\000h\000a\000p\000t\000e\000r\000\040\0008\000.\000\040\000N\000o\000r\000m\000a\000l\000-\000F\000o\000r\000m\000\040\000F\000i\000x\000e\000d\000\040\000P\000o\000i\000n\000t\000s\000\040\000a\000n\000d\000\040\000t\000h\000e\000\040\000S\000p\000h\000e\000r\000e\000p\000o\000p\000\040\000Q\000u\000i\000n\000e}{part.3}% 57
\BOOKMARK [1][-]{section*.53}{\376\377\000P\000r\000e\000r\000e\000q\000u\000i\000s\000i\000t\000e\000s}{chapter.8}% 58
\BOOKMARK [1][-]{section*.54}{\376\377\000F\000i\000x\000e\000d\000\040\000P\000o\000i\000n\000t\000s\000\040\000o\000f\000\040\000t\000h\000e\000\040\000E\000v\000a\000l\000u\000a\000t\000i\000o\000n\000\040\000M\000a\000p}{chapter.8}% 59
\BOOKMARK [1][-]{section*.55}{\376\377\000T\000h\000e\000\040\000C\000l\000a\000s\000s\000i\000c\000a\000l\000\040\000Q\000u\000i\000n\000e\000\040\000a\000n\000d\000\040\000I\000t\000s\000\040\000L\000i\000m\000i\000t\000a\000t\000i\000o\000n}{chapter.8}% 60
\BOOKMARK [1][-]{section*.56}{\376\377\000T\000h\000e\000\040\000S\000p\000h\000e\000r\000e\000p\000o\000p\000\040\000Q\000u\000i\000n\000e}{chapter.8}% 61
\BOOKMARK [1][-]{section*.58}{\376\377\000C\000o\000l\000l\000a\000p\000s\000e\000\040\000o\000f\000\040\000P\000r\000o\000g\000r\000a\000m\000\040\000a\000n\000d\000\040\000O\000u\000t\000p\000u\000t}{chapter.8}% 62
\BOOKMARK [1][-]{section*.59}{\376\377\000S\000e\000l\000f\000-\000R\000e\000f\000e\000r\000e\000n\000c\000e\000\040\000W\000i\000t\000h\000o\000u\000t\000\040\000R\000e\000c\000o\000n\000s\000t\000r\000u\000c\000t\000i\000o\000n}{chapter.8}% 63
\BOOKMARK [0][-]{chapter.9}{\376\377\000C\000h\000a\000p\000t\000e\000r\000\040\0009\000.\000\040\000P\000r\000o\000g\000r\000a\000m\000,\000\040\000E\000x\000e\000c\000u\000t\000i\000o\000n\000,\000\040\000a\000n\000d\000\040\000D\000e\000s\000c\000r\000i\000p\000t\000i\000o\000n\000\040\000C\000o\000l\000l\000a\000p\000s\000e}{part.3}% 64
\BOOKMARK [1][-]{section*.60}{\376\377\000P\000r\000e\000r\000e\000q\000u\000i\000s\000i\000t\000e\000s}{chapter.9}% 65
\BOOKMARK [1][-]{section*.61}{\376\377\000T\000h\000e\000\040\000V\000a\000n\000i\000s\000h\000i\000n\000g\000\040\000o\000f\000\040\000t\000h\000e\000\040\000P\000r\000o\000g\000r\000a\000m\040\023\000E\000x\000e\000c\000u\000t\000i\000o\000n\000\040\000B\000o\000u\000n\000d\000a\000r\000y}{chapter.9}% 66
\BOOKMARK [1][-]{section*.62}{\376\377\000T\000h\000e\000\040\000T\000r\000a\000c\000e\000\040\000a\000s\000\040\000S\000e\000l\000f\000-\000D\000e\000s\000c\000r\000i\000p\000t\000i\000o\000n}{chapter.9}% 67
\BOOKMARK [1][-]{section*.63}{\376\377\000R\000e\000a\000d\000a\000b\000i\000l\000i\000t\000y\000\040\000a\000s\000\040\000T\000r\000a\000c\000e\000\040\000A\000l\000i\000g\000n\000m\000e\000n\000t}{chapter.9}% 68
\BOOKMARK [1][-]{section*.65}{\376\377\000T\000h\000e\000\040\000C\000o\000l\000l\000a\000p\000s\000e\000\040\000o\000f\000\040\000R\000e\000p\000r\000e\000s\000e\000n\000t\000a\000t\000i\000o\000n\000a\000l\000\040\000L\000a\000y\000e\000r\000s}{chapter.9}% 69
\BOOKMARK [-1][-]{part.4}{\376\377\000P\000a\000r\000t\000\040\0004\000.\000\040\000\040\000L\000i\000n\000g\000u\000i\000s\000t\000i\000c\000\040\000E\000x\000t\000e\000n\000s\000i\000o\000n\000:\000\040\000H\000i\000s\000t\000o\000r\000i\000c\000a\000l\000\040\000L\000F\000G}{}% 70
\BOOKMARK [0][-]{chapter.10}{\376\377\000C\000h\000a\000p\000t\000e\000r\000\040\0001\0000\000.\000\040\000H\000i\000s\000t\000o\000r\000i\000c\000a\000l\000\040\000L\000e\000x\000i\000c\000a\000l\000-\000F\000u\000n\000c\000t\000i\000o\000n\000a\000l\000\040\000G\000r\000a\000m\000m\000a\000r}{part.4}% 71
\BOOKMARK [1][-]{section*.66}{\376\377\000P\000r\000e\000r\000e\000q\000u\000i\000s\000i\000t\000e\000s}{chapter.10}% 72
\BOOKMARK [1][-]{section*.67}{\376\377\000O\000v\000e\000r\000v\000i\000e\000w}{chapter.10}% 73
\BOOKMARK [1][-]{section*.68}{\376\377\000H\000i\000s\000t\000o\000r\000i\000c\000a\000l\000\040\000L\000e\000x\000i\000c\000a\000l\000\040\000E\000n\000t\000r\000i\000e\000s}{chapter.10}% 74
\BOOKMARK [1][-]{section*.69}{\376\377\000C\000o\000n\000s\000t\000i\000t\000u\000e\000n\000t\000\040\000S\000t\000r\000u\000c\000t\000u\000r\000e\000\040\000a\000s\000\040\000B\000u\000b\000b\000l\000e\000\040\000H\000i\000s\000t\000o\000r\000y}{chapter.10}% 75
\BOOKMARK [1][-]{section*.70}{\376\377\000F\000u\000n\000c\000t\000i\000o\000n\000a\000l\000\040\000S\000t\000r\000u\000c\000t\000u\000r\000e\000\040\000a\000s\000\040\000N\000o\000r\000m\000a\000l\000\040\000F\000o\000r\000m}{chapter.10}% 76
\BOOKMARK [1][-]{section*.71}{\376\377\000C\000o\000n\000s\000t\000r\000a\000i\000n\000t\000\040\000M\000o\000n\000o\000t\000o\000n\000i\000c\000i\000t\000y\000\040\000a\000n\000d\000\040\000I\000r\000r\000e\000v\000e\000r\000s\000i\000b\000l\000e\000\040\000B\000i\000n\000d\000i\000n\000g}{chapter.10}% 77
\BOOKMARK [1][-]{section*.72}{\376\377\000P\000r\000o\000j\000e\000c\000t\000i\000o\000n\000\040\000a\000s\000\040\000Q\000u\000o\000t\000i\000e\000n\000t\000\040\000C\000o\000l\000l\000a\000p\000s\000e}{chapter.10}% 78
\BOOKMARK [1][-]{section*.73}{\376\377\000L\000F\000G\000\040\000C\000o\000n\000c\000e\000p\000t\000s\000\040\000R\000e\000c\000o\000v\000e\000r\000e\000d}{chapter.10}% 79
\BOOKMARK [0][-]{chapter.11}{\376\377\000C\000h\000a\000p\000t\000e\000r\000\040\0001\0001\000.\000\040\000A\000\040\000W\000o\000r\000k\000e\000d\000\040\000P\000a\000r\000s\000e}{part.4}% 80
\BOOKMARK [1][-]{section*.74}{\376\377\000P\000r\000e\000r\000e\000q\000u\000i\000s\000i\000t\000e\000s}{chapter.11}% 81
\BOOKMARK [1][-]{section*.75}{\376\377\000T\000o\000k\000e\000n\000\040\000E\000v\000e\000n\000t\000s\000\040\000a\000n\000d\000\040\000L\000e\000x\000i\000c\000a\000l\000\040\000E\000n\000t\000r\000i\000e\000s}{chapter.11}% 82
\BOOKMARK [1][-]{section*.76}{\376\377\000P\000h\000a\000s\000e\000\040\0001\000:\000\040\000F\000i\000r\000s\000t\000\040\000N\000o\000m\000i\000n\000a\000l\000\040\000B\000u\000b\000b\000l\000e}{chapter.11}% 83
\BOOKMARK [1][-]{section*.77}{\376\377\000P\000h\000a\000s\000e\000\040\0002\000:\000\040\000V\000e\000r\000b\000a\000l\000\040\000C\000o\000m\000m\000i\000t\000m\000e\000n\000t}{chapter.11}% 84
\BOOKMARK [1][-]{section*.78}{\376\377\000P\000h\000a\000s\000e\000\040\0003\000:\000\040\000S\000e\000c\000o\000n\000d\000\040\000N\000o\000m\000i\000n\000a\000l\000\040\000a\000n\000d\000\040\000F\000i\000n\000a\000l\000\040\000B\000i\000n\000d\000i\000n\000g}{chapter.11}% 85
\BOOKMARK [1][-]{section*.79}{\376\377\000T\000e\000r\000m\000i\000n\000a\000l\000\040\000T\000r\000a\000c\000e}{chapter.11}% 86
\BOOKMARK [1][-]{section*.80}{\376\377\000G\000r\000a\000m\000m\000a\000t\000i\000c\000a\000l\000i\000t\000y\000\040\000a\000n\000d\000\040\000U\000n\000g\000r\000a\000m\000m\000a\000t\000i\000c\000a\000l\000i\000t\000y}{chapter.11}% 87
\BOOKMARK [1][-]{section*.81}{\376\377\000D\000e\000r\000i\000v\000a\000t\000i\000o\000n\000\040\000a\000s\000\040\000S\000e\000q\000u\000e\000n\000t\000i\000a\000l\000\040\000C\000o\000n\000t\000r\000a\000c\000t\000i\000o\000n}{chapter.11}% 88
\BOOKMARK [0][-]{chapter.12}{\376\377\000C\000h\000a\000p\000t\000e\000r\000\040\0001\0002\000.\000\040\000P\000a\000r\000a\000c\000o\000n\000s\000i\000s\000t\000e\000n\000c\000y\000\040\000a\000n\000d\000\040\000N\000u\000l\000l\000\040\000C\000o\000l\000l\000a\000p\000s\000e}{part.4}% 89
\BOOKMARK [1][-]{section*.83}{\376\377\000P\000r\000e\000r\000e\000q\000u\000i\000s\000i\000t\000e\000s}{chapter.12}% 90
\BOOKMARK [1][-]{section*.84}{\376\377\000N\000u\000l\000l\000\040\000C\000o\000l\000l\000a\000p\000s\000e}{chapter.12}% 91
\BOOKMARK [1][-]{section*.86}{\376\377\000N\000u\000l\000l\000\040\000C\000o\000n\000v\000e\000n\000t\000i\000o\000n\000\040\000a\000n\000d\000\040\000P\000a\000r\000a\000c\000o\000n\000s\000i\000s\000t\000e\000n\000c\000y}{chapter.12}% 92
\BOOKMARK [1][-]{section*.87}{\376\377\000S\000t\000r\000a\000t\000i\000f\000i\000c\000a\000t\000i\000o\000n\000\040\000R\000e\000v\000i\000s\000i\000t\000e\000d}{chapter.12}% 93
\BOOKMARK [1][-]{section*.88}{\376\377\000W\000a\000v\000e\000f\000r\000o\000n\000t\000s\000,\000\040\000T\000r\000a\000c\000e\000s\000,\000\040\000a\000n\000d\000\040\000F\000i\000e\000l\000d\000s}{chapter.12}% 94
\BOOKMARK [0][-]{chapter.13}{\376\377\000C\000h\000a\000p\000t\000e\000r\000\040\0001\0003\000.\000\040\000A\000\040\000C\000a\000t\000e\000g\000o\000r\000y\000\040\000o\000f\000\040\000C\000o\000n\000s\000t\000r\000a\000i\000n\000t\000\040\000S\000y\000s\000t\000e\000m\000s}{part.4}% 95
\BOOKMARK [1][-]{section*.89}{\376\377\000P\000r\000e\000r\000e\000q\000u\000i\000s\000i\000t\000e\000s}{chapter.13}% 96
\BOOKMARK [1][-]{section*.90}{\376\377\000C\000o\000n\000s\000t\000r\000a\000i\000n\000t\000\040\000S\000y\000s\000t\000e\000m\000s}{chapter.13}% 97
\BOOKMARK [1][-]{section*.91}{\376\377\000T\000h\000e\000\040\000C\000a\000t\000e\000g\000o\000r\000y\000\040\000C\000o\000n\000s\000t\000r}{chapter.13}% 98
\BOOKMARK [1][-]{section*.92}{\376\377\000T\000h\000r\000e\000e\000\040\000F\000u\000n\000c\000t\000o\000r\000i\000a\000l\000\040\000R\000e\000a\000l\000i\000s\000a\000t\000i\000o\000n\000s}{chapter.13}% 99
\BOOKMARK [1][-]{section*.93}{\376\377\000U\000n\000i\000v\000e\000r\000s\000a\000l\000i\000t\000y}{chapter.13}% 100
\BOOKMARK [1][-]{section*.94}{\376\377\000I\000d\000e\000n\000t\000i\000t\000y\000\040\000a\000s\000\040\000F\000i\000x\000e\000d\000\040\000P\000o\000i\000n\000t}{chapter.13}% 101
\BOOKMARK [0][-]{chapter.14}{\376\377\000C\000h\000a\000p\000t\000e\000r\000\040\0001\0004\000.\000\040\000V\000a\000r\000i\000a\000t\000i\000o\000n\000a\000l\000\040\000P\000r\000i\000n\000c\000i\000p\000l\000e\000s\000\040\000a\000n\000d\000\040\000C\000a\000r\000t\000e\000s\000i\000a\000n\000\040\000C\000l\000o\000s\000u\000r\000e}{part.4}% 102
\BOOKMARK [1][-]{section*.95}{\376\377\000P\000r\000e\000r\000e\000q\000u\000i\000s\000i\000t\000e\000s}{chapter.14}% 103
\BOOKMARK [1][-]{section*.96}{\376\377\000E\000n\000e\000r\000g\000y\000\040\000a\000s\000\040\000I\000n\000c\000o\000m\000p\000a\000t\000i\000b\000i\000l\000i\000t\000y}{chapter.14}% 104
\BOOKMARK [1][-]{section*.97}{\376\377\000V\000a\000r\000i\000a\000t\000i\000o\000n\000a\000l\000\040\000F\000o\000r\000m\000u\000l\000a\000t\000i\000o\000n\000\040\000o\000f\000\040\000I\000d\000e\000n\000t\000i\000t\000y}{chapter.14}% 105
\BOOKMARK [1][-]{section*.98}{\376\377\000C\000u\000r\000r\000y\000i\000n\000g\000\040\000a\000n\000d\000\040\000C\000a\000r\000t\000e\000s\000i\000a\000n\000\040\000C\000l\000o\000s\000u\000r\000e\000\040\000v\000i\000a\000\040\000C\000o\000n\000s\000t\000r\000a\000i\000n\000t\000\040\000P\000r\000o\000p\000a\000g\000a\000t\000i\000o\000n}{chapter.14}% 106
\BOOKMARK [1][-]{section*.99}{\376\377\000E\000x\000p\000o\000n\000e\000n\000t\000i\000a\000l\000s\000\040\000a\000s\000\040\000C\000o\000n\000d\000i\000t\000i\000o\000n\000a\000l\000\040\000E\000n\000e\000r\000g\000y\000\040\000L\000a\000n\000d\000s\000c\000a\000p\000e\000s}{chapter.14}% 107
\BOOKMARK [-1][-]{part.5}{\376\377\000P\000a\000r\000t\000\040\0005\000.\000\040\000\040\000E\000m\000p\000i\000r\000i\000c\000a\000l\000\040\000C\000o\000n\000s\000e\000q\000u\000e\000n\000c\000e\000s\000\040\000a\000n\000d\000\040\000C\000o\000n\000c\000l\000u\000s\000i\000o\000n}{}% 108
\BOOKMARK [0][-]{chapter.15}{\376\377\000C\000h\000a\000p\000t\000e\000r\000\040\0001\0005\000.\000\040\000E\000m\000p\000i\000r\000i\000c\000a\000l\000\040\000S\000i\000g\000n\000a\000t\000u\000r\000e\000s\000\040\000o\000f\000\040\000I\000r\000r\000e\000v\000e\000r\000s\000i\000b\000l\000e\000\040\000S\000t\000r\000u\000c\000t\000u\000r\000e}{part.5}% 109
\BOOKMARK [1][-]{section*.100}{\376\377\000P\000r\000e\000r\000e\000q\000u\000i\000s\000i\000t\000e\000s}{chapter.15}% 110
\BOOKMARK [1][-]{section*.101}{\376\377\000A\000s\000y\000m\000m\000e\000t\000r\000y\000\040\000i\000n\000\040\000R\000e\000c\000o\000n\000s\000t\000r\000u\000c\000t\000i\000o\000n}{chapter.15}% 111
\BOOKMARK [1][-]{section*.102}{\376\377\000E\000n\000t\000r\000o\000p\000y\000\040\000a\000s\000\040\000R\000e\000s\000i\000d\000u\000a\000l\000\040\000C\000o\000n\000s\000t\000r\000a\000i\000n\000t}{chapter.15}% 112
\BOOKMARK [1][-]{section*.103}{\376\377\000F\000i\000e\000l\000d\000\040\000R\000e\000p\000r\000e\000s\000e\000n\000t\000a\000t\000i\000o\000n\000\040\000a\000n\000d\000\040\000T\000r\000a\000c\000e\000\040\000S\000t\000a\000b\000i\000l\000i\000t\000y}{chapter.15}% 113
\BOOKMARK [1][-]{section*.104}{\376\377\000P\000e\000r\000s\000i\000s\000t\000e\000n\000c\000e\000\040\000W\000i\000t\000h\000o\000u\000t\000\040\000R\000e\000c\000o\000n\000s\000t\000r\000u\000c\000t\000i\000o\000n}{chapter.15}% 114
\BOOKMARK [1][-]{section*.105}{\376\377\000A\000m\000b\000i\000g\000u\000i\000t\000y\000\040\000a\000s\000\040\000R\000e\000s\000i\000d\000u\000a\000l\000\040\000B\000r\000a\000n\000c\000h\000i\000n\000g}{chapter.15}% 115
\BOOKMARK [1][-]{section*.106}{\376\377\000I\000r\000r\000e\000v\000e\000r\000s\000i\000b\000i\000l\000i\000t\000y\000\040\000a\000n\000d\000\040\000O\000b\000s\000e\000r\000v\000a\000t\000i\000o\000n\000a\000l\000\040\000L\000i\000m\000i\000t\000s}{chapter.15}% 116
\BOOKMARK [1][-]{section*.107}{\376\377\000S\000y\000n\000t\000h\000e\000s\000i\000s}{chapter.15}% 117
\BOOKMARK [0][-]{chapter.16}{\376\377\000C\000h\000a\000p\000t\000e\000r\000\040\0001\0006\000.\000\040\000C\000o\000n\000c\000l\000u\000s\000i\000o\000n\000:\000\040\000S\000e\000l\000f\000-\000R\000e\000f\000e\000r\000e\000n\000c\000e\000\040\000W\000i\000t\000h\000o\000u\000t\000\040\000I\000n\000v\000e\000r\000s\000e\000s}{part.5}% 118
\BOOKMARK [1][-]{section*.108}{\376\377\000P\000r\000e\000r\000e\000q\000u\000i\000s\000i\000t\000e\000s}{chapter.16}% 119
\BOOKMARK [1][-]{section*.109}{\376\377\000T\000h\000e\000\040\000T\000r\000a\000c\000e\000\040\000a\000s\000\040\000L\000o\000g\000i\000c\000a\000\040\000E\000n\000s}{chapter.16}% 120
\BOOKMARK [1][-]{section*.110}{\376\377\000T\000h\000e\000\040\000R\000e\000d\000e\000f\000i\000n\000i\000t\000i\000o\000n\000\040\000o\000f\000\040\000S\000e\000l\000f\000-\000R\000e\000f\000e\000r\000e\000n\000c\000e}{chapter.16}% 121
\BOOKMARK [1][-]{section*.111}{\376\377\000L\000a\000n\000g\000u\000a\000g\000e\000\040\000a\000s\000\040\000I\000r\000r\000e\000v\000e\000r\000s\000i\000b\000l\000e\000\040\000C\000o\000m\000p\000u\000t\000a\000t\000i\000o\000n}{chapter.16}% 122
\BOOKMARK [1][-]{section*.112}{\376\377\000T\000h\000e\000\040\000I\000r\000r\000e\000d\000u\000c\000i\000b\000i\000l\000i\000t\000y\000\040\000o\000f\000\040\000t\000h\000e\000\040\000T\000r\000a\000c\000e}{chapter.16}% 123
\BOOKMARK [1][-]{section*.113}{\376\377\000I\000d\000e\000n\000t\000i\000t\000y\000\040\000a\000s\000\040\000T\000e\000r\000m\000i\000n\000a\000l\000\040\000T\000r\000a\000c\000e}{chapter.16}% 124
\BOOKMARK [1][-]{section*.114}{\376\377\000T\000e\000m\000p\000o\000r\000a\000l\000\040\000F\000i\000n\000a\000l\000i\000t\000y}{chapter.16}% 125
\BOOKMARK [1][-]{section*.115}{\376\377\000I\000d\000e\000n\000t\000i\000t\000y\000\040\000W\000i\000t\000h\000o\000u\000t\000\040\000O\000r\000i\000g\000i\000n}{chapter.16}% 126
\BOOKMARK [1][-]{section*.116}{\376\377\000F\000i\000n\000a\000l\000\040\000I\000m\000p\000l\000i\000c\000a\000t\000i\000o\000n}{chapter.16}% 127
\BOOKMARK [0][-]{chapter.17}{\376\377\000C\000h\000a\000p\000t\000e\000r\000\040\0001\0007\000.\000\040\000S\000u\000m\000m\000a\000r\000y\000\040\000a\000n\000d\000\040\000E\000v\000e\000r\000y\000d\000a\000y\000\040\000A\000n\000a\000l\000o\000g\000i\000e\000s}{part.5}% 128
\BOOKMARK [1][-]{section*.117}{\376\377\000P\000r\000e\000r\000e\000q\000u\000i\000s\000i\000t\000e\000s}{chapter.17}% 129
\BOOKMARK [1][-]{section*.118}{\376\377\000T\000h\000e\000\040\000C\000e\000n\000t\000r\000a\000l\000\040\000A\000r\000g\000u\000m\000e\000n\000t\000\040\000i\000n\000\040\000B\000r\000i\000e\000f}{chapter.17}% 130
\BOOKMARK [1][-]{section*.119}{\376\377\000T\000h\000e\000\040\000D\000e\000n\000o\000u\000e\000m\000e\000n\000t\000\040\000A\000n\000a\000l\000o\000g\000y}{chapter.17}% 131
\BOOKMARK [1][-]{section*.120}{\376\377\000A\000d\000a\000p\000t\000a\000t\000i\000o\000n\000\040\000a\000s\000\040\000P\000r\000e\000m\000a\000t\000u\000r\000e\000\040\000C\000o\000l\000l\000a\000p\000s\000e}{chapter.17}% 132
\BOOKMARK [1][-]{section*.121}{\376\377\000C\000o\000o\000k\000i\000n\000g\000\040\000a\000s\000\040\000I\000r\000r\000e\000v\000e\000r\000s\000i\000b\000l\000e\000\040\000C\000o\000n\000s\000t\000r\000a\000i\000n\000t\000\040\000R\000e\000s\000o\000l\000u\000t\000i\000o\000n}{chapter.17}% 133
\BOOKMARK [1][-]{section*.122}{\376\377\000M\000e\000m\000o\000r\000y\000\040\000a\000s\000\040\000T\000r\000a\000c\000e\000\040\000W\000i\000t\000h\000o\000u\000t\000\040\000P\000r\000e\000i\000m\000a\000g\000e}{chapter.17}% 134
\BOOKMARK [1][-]{section*.123}{\376\377\000L\000a\000w\000\040\000a\000n\000d\000\040\000t\000h\000e\000\040\000A\000c\000c\000u\000m\000u\000l\000a\000t\000i\000o\000n\000\040\000o\000f\000\040\000I\000r\000r\000e\000v\000e\000r\000s\000i\000b\000l\000e\000\040\000C\000o\000m\000m\000i\000t\000m\000e\000n\000t}{chapter.17}% 135
\BOOKMARK [1][-]{section*.124}{\376\377\000M\000u\000s\000i\000c\000a\000l\000\040\000P\000e\000r\000f\000o\000r\000m\000a\000n\000c\000e\000\040\000a\000s\000\040\000O\000r\000d\000e\000r\000e\000d\000\040\000C\000o\000l\000l\000a\000p\000s\000e}{chapter.17}% 136
\BOOKMARK [1][-]{section*.125}{\376\377\000C\000l\000o\000s\000i\000n\000g\000\040\000S\000t\000a\000t\000e\000m\000e\000n\000t}{chapter.17}% 137
\BOOKMARK [0][-]{appendix.A}{\376\377\000A\000p\000p\000e\000n\000d\000i\000x\000\040\000A\000.\000\040\000A\000\040\000C\000a\000t\000e\000g\000o\000r\000i\000c\000a\000l\000\040\000F\000o\000r\000m\000u\000l\000a\000t\000i\000o\000n\000\040\000o\000f\000\040\000T\000r\000a\000c\000e\000\040\000a\000n\000d\000\040\000C\000o\000l\000l\000a\000p\000s\000e}{part.5}% 138
\BOOKMARK [1][-]{section*.126}{\376\377\000T\000h\000e\000\040\000C\000a\000t\000e\000g\000o\000r\000y\000\040\000o\000f\000\040\000H\000i\000s\000t\000o\000r\000i\000e\000s}{appendix.A}% 139
\BOOKMARK [1][-]{section*.127}{\376\377\000T\000h\000e\000\040\000C\000o\000l\000l\000a\000p\000s\000e\000\040\000F\000u\000n\000c\000t\000o\000r}{appendix.A}% 140
\BOOKMARK [1][-]{section*.128}{\376\377\000T\000r\000a\000c\000e\000s\000\040\000a\000s\000\040\000T\000e\000r\000m\000i\000n\000a\000l\000\040\000O\000b\000j\000e\000c\000t\000s}{appendix.A}% 141
\BOOKMARK [1][-]{section*.129}{\376\377\000I\000d\000e\000m\000p\000o\000t\000e\000n\000c\000e\000\040\000a\000n\000d\000\040\000P\000r\000o\000j\000e\000c\000t\000i\000o\000n}{appendix.A}% 142
\BOOKMARK [1][-]{section*.130}{\376\377\000I\000d\000e\000n\000t\000i\000t\000y\000\040\000a\000s\000\040\000a\000\040\000U\000n\000i\000v\000e\000r\000s\000a\000l\000\040\000P\000r\000o\000p\000e\000r\000t\000y}{appendix.A}% 143
\BOOKMARK [1][-]{section*.131}{\376\377\000T\000h\000e\000\040\000T\000r\000i\000p\000a\000r\000t\000i\000t\000e\000\040\000C\000o\000r\000r\000e\000s\000p\000o\000n\000d\000e\000n\000c\000e\000\040\000a\000s\000\040\000a\000\040\000C\000o\000m\000m\000u\000t\000i\000n\000g\000\040\000T\000r\000i\000a\000n\000g\000l\000e}{appendix.A}% 144
\BOOKMARK [0][-]{appendix.B}{\376\377\000A\000p\000p\000e\000n\000d\000i\000x\000\040\000B\000.\000\040\000F\000i\000b\000e\000r\000e\000d\000\040\000S\000t\000r\000u\000c\000t\000u\000r\000e\000\040\000o\000f\000\040\000H\000i\000s\000t\000o\000r\000i\000e\000s}{part.5}% 145
\BOOKMARK [1][-]{section*.132}{\376\377\000P\000r\000e\000r\000e\000q\000u\000i\000s\000i\000t\000e\000s}{appendix.B}% 146
\BOOKMARK [1][-]{section*.133}{\376\377\000F\000i\000b\000e\000r\000s\000\040\000a\000s\000\040\000S\000p\000a\000c\000e\000s\000\040\000o\000f\000\040\000C\000o\000m\000p\000a\000t\000i\000b\000l\000e\000\040\000H\000i\000s\000t\000o\000r\000i\000e\000s}{appendix.B}% 147
\BOOKMARK [1][-]{section*.134}{\376\377\000S\000e\000c\000t\000i\000o\000n\000s\000\040\000a\000s\000\040\000C\000o\000n\000s\000i\000s\000t\000e\000n\000t\000\040\000I\000n\000t\000e\000r\000p\000r\000e\000t\000a\000t\000i\000o\000n\000s}{appendix.B}% 148
\BOOKMARK [0][-]{appendix.C}{\376\377\000A\000p\000p\000e\000n\000d\000i\000x\000\040\000C\000.\000\040\000A\000\040\000S\000h\000e\000a\000f\000\040\000o\000f\000\040\000H\000i\000s\000t\000o\000r\000i\000e\000s\000\040\000o\000v\000e\000r\000\040\000t\000h\000e\000\040\000S\000p\000a\000c\000e\000\040\000o\000f\000\040\000P\000a\000r\000t\000i\000a\000l\000\040\000T\000r\000a\000c\000e\000s}{part.5}% 149
\BOOKMARK [1][-]{section*.135}{\376\377\000P\000r\000e\000r\000e\000q\000u\000i\000s\000i\000t\000e\000s}{appendix.C}% 150
\BOOKMARK [1][-]{section*.136}{\376\377\000T\000h\000e\000\040\000P\000o\000s\000e\000t\000\040\000o\000f\000\040\000P\000a\000r\000t\000i\000a\000l\000\040\000T\000r\000a\000c\000e\000s}{appendix.C}% 151
\BOOKMARK [1][-]{section*.137}{\376\377\000T\000h\000e\000\040\000P\000r\000e\000s\000h\000e\000a\000f\000\040\000o\000f\000\040\000H\000i\000s\000t\000o\000r\000i\000e\000s}{appendix.C}% 152
\BOOKMARK [1][-]{section*.138}{\376\377\000L\000o\000c\000a\000l\000\040\000C\000o\000m\000p\000a\000t\000i\000b\000i\000l\000i\000t\000y\000\040\000a\000n\000d\000\040\000t\000h\000e\000\040\000G\000l\000u\000i\000n\000g\000\040\000C\000o\000n\000d\000i\000t\000i\000o\000n}{appendix.C}% 153
\BOOKMARK [1][-]{section*.139}{\376\377\000F\000a\000i\000l\000u\000r\000e\000\040\000o\000f\000\040\000G\000l\000u\000i\000n\000g\000\040\000a\000n\000d\000\040\000U\000n\000g\000r\000a\000m\000m\000a\000t\000i\000c\000a\000l\000i\000t\000y}{appendix.C}% 154
\BOOKMARK [1][-]{section*.140}{\376\377\000A\000m\000b\000i\000g\000u\000i\000t\000y\000\040\000a\000s\000\040\000N\000o\000n\000-\000U\000n\000i\000q\000u\000e\000\040\000G\000l\000o\000b\000a\000l\000\040\000S\000e\000c\000t\000i\000o\000n}{appendix.C}% 155
\BOOKMARK [1][-]{section*.141}{\376\377\000C\000o\000l\000l\000a\000p\000s\000e\000\040\000a\000s\000\040\000S\000h\000e\000a\000f\000\040\000P\000r\000o\000j\000e\000c\000t\000i\000o\000n}{appendix.C}% 156
\BOOKMARK [1][-]{section*.142}{\376\377\000T\000h\000e\000\040\000C\000o\000m\000p\000l\000e\000t\000e\000\040\000S\000h\000e\000a\000f\000-\000T\000h\000e\000o\000r\000e\000t\000i\000c\000\040\000C\000o\000r\000r\000e\000s\000p\000o\000n\000d\000e\000n\000c\000e}{appendix.C}% 157
\BOOKMARK [0][-]{appendix.D}{\376\377\000A\000p\000p\000e\000n\000d\000i\000x\000\040\000D\000.\000\040\000T\000r\000a\000c\000e\000\040\000a\000s\000\040\000A\000t\000t\000r\000a\000c\000t\000o\000r\000:\000\040\000A\000\040\000F\000i\000e\000l\000d\000-\000T\000h\000e\000o\000r\000e\000t\000i\000c\000\040\000R\000e\000a\000l\000i\000s\000a\000t\000i\000o\000n\000\040\000i\000n\000\040\000R\000S\000V\000P}{part.5}% 158
\BOOKMARK [1][-]{section*.143}{\376\377\000P\000r\000e\000r\000e\000q\000u\000i\000s\000i\000t\000e\000s}{appendix.D}% 159
\BOOKMARK [1][-]{section*.144}{\376\377\000T\000h\000e\000\040\000R\000S\000V\000P\000\040\000F\000i\000e\000l\000d\000\040\000a\000s\000\040\000S\000e\000m\000a\000n\000t\000i\000c\000\040\000S\000u\000b\000s\000t\000r\000a\000t\000e}{appendix.D}% 160
\BOOKMARK [1][-]{section*.145}{\376\377\000H\000i\000s\000t\000o\000r\000i\000e\000s\000\040\000a\000s\000\040\000T\000r\000a\000j\000e\000c\000t\000o\000r\000i\000e\000s\000\040\000i\000n\000\040\000F\000i\000e\000l\000d\000\040\000C\000o\000n\000f\000i\000g\000u\000r\000a\000t\000i\000o\000n\000\040\000S\000p\000a\000c\000e}{appendix.D}% 161
\BOOKMARK [1][-]{section*.146}{\376\377\000C\000o\000l\000l\000a\000p\000s\000e\000\040\000a\000s\000\040\000E\000n\000t\000r\000o\000p\000i\000c\000\040\000D\000e\000s\000c\000e\000n\000t}{appendix.D}% 162
\BOOKMARK [1][-]{section*.147}{\376\377\000F\000i\000b\000e\000r\000s\000\040\000a\000s\000\040\000B\000a\000s\000i\000n\000s\000\040\000o\000f\000\040\000A\000t\000t\000r\000a\000c\000t\000i\000o\000n}{appendix.D}% 163
\BOOKMARK [1][-]{section*.148}{\376\377\000S\000h\000e\000a\000f\000\040\000S\000t\000r\000u\000c\000t\000u\000r\000e\000\040\000a\000s\000\040\000L\000o\000c\000a\000l\000\040\000F\000i\000e\000l\000d\000\040\000C\000o\000h\000e\000r\000e\000n\000c\000e}{appendix.D}% 164
\BOOKMARK [1][-]{section*.149}{\376\377\000T\000r\000a\000c\000e\000\040\000a\000s\000\040\000M\000i\000n\000i\000m\000a\000l\000\040\000E\000n\000t\000r\000o\000p\000y\000\040\000C\000o\000n\000f\000i\000g\000u\000r\000a\000t\000i\000o\000n}{appendix.D}% 165
\BOOKMARK [1][-]{section*.150}{\376\377\000T\000h\000e\000\040\000S\000p\000h\000e\000r\000e\000p\000o\000p\000\040\000Q\000u\000i\000n\000e\000\040\000a\000s\000\040\000a\000\040\000F\000i\000x\000e\000d\000-\000P\000o\000i\000n\000t\000\040\000A\000t\000t\000r\000a\000c\000t\000o\000r}{appendix.D}% 166
\BOOKMARK [1][-]{section*.151}{\376\377\000I\000d\000e\000n\000t\000i\000t\000y\000\040\000a\000s\000\040\000E\000n\000t\000r\000o\000p\000i\000c\000\040\000E\000n\000d\000p\000o\000i\000n\000t}{appendix.D}% 167
\BOOKMARK [1][-]{section*.152}{\376\377\000T\000h\000e\000\040\000U\000n\000i\000f\000i\000e\000d\000\040\000P\000i\000c\000t\000u\000r\000e}{appendix.D}% 168
\BOOKMARK [0][-]{appendix*.153}{\376\377\000B\000i\000b\000l\000i\000o\000g\000r\000a\000p\000h\000y}{part.5}% 169
